Loading images...
javax.imageio.IIOException: Can't read input file!
Loading images...
Loaded 93 images
Creating neural network...
Training neural network
------------------------------------------------------------------------
TRAINING NEURAL NETWORK
------------------------------------------------------------------------
Epoch:1, Time:2452ms, TrainError:0.7296313, TrainErrorChange:0.7296313, Accuracy: 0.47311828
Epoch:2, Time:2327ms, TrainError:0.6642754, TrainErrorChange:-0.0653559, Accuracy: 0.8172043
Epoch:3, Time:2429ms, TrainError:0.49194354, TrainErrorChange:-0.17233187, Accuracy: 0.9892473
Epoch:4, Time:2359ms, TrainError:0.3174807, TrainErrorChange:-0.17446283, Accuracy: 0.9892473
Epoch:5, Time:2343ms, TrainError:0.06551806, TrainErrorChange:-0.25196266, Accuracy: 0.97849464

TRAINING COMPLETED
Total Training Time: 17206ms
------------------------------------------------------------------------
Loading images...
Loaded 93 images
Creating neural network...
Training neural network
------------------------------------------------------------------------
TRAINING NEURAL NETWORK
------------------------------------------------------------------------
Epoch:1, Time:2499ms, TrainError:0.7296313, TrainErrorChange:0.7296313, Accuracy: 0.47311828
Epoch:2, Time:2327ms, TrainError:0.6642754, TrainErrorChange:-0.0653559, Accuracy: 0.8172043
Epoch:3, Time:2289ms, TrainError:0.49194354, TrainErrorChange:-0.17233187, Accuracy: 0.9892473
Epoch:4, Time:2327ms, TrainError:0.3174807, TrainErrorChange:-0.17446283, Accuracy: 0.9892473
Epoch:5, Time:2312ms, TrainError:0.06551806, TrainErrorChange:-0.25196266, Accuracy: 0.97849464

TRAINING COMPLETED
Total Training Time: 17083ms
------------------------------------------------------------------------
Loading images...
Loaded 93 images
Creating neural network...
Training neural network
------------------------------------------------------------------------
TRAINING NEURAL NETWORK
------------------------------------------------------------------------
Epoch:1, Time:2484ms, TrainError:0.7296313, TrainErrorChange:0.7296313, Accuracy: 0.47311828
Epoch:2, Time:2312ms, TrainError:0.6642754, TrainErrorChange:-0.0653559, Accuracy: 0.8172043
Epoch:3, Time:2288ms, TrainError:0.49194354, TrainErrorChange:-0.17233187, Accuracy: 0.9892473
Epoch:4, Time:2297ms, TrainError:0.3174807, TrainErrorChange:-0.17446283, Accuracy: 0.9892473
Epoch:5, Time:2452ms, TrainError:0.06551806, TrainErrorChange:-0.25196266, Accuracy: 0.97849464

TRAINING COMPLETED
Total Training Time: 17332ms
------------------------------------------------------------------------
Loading images...
Loaded 93 images
Creating neural network...
Training neural network
------------------------------------------------------------------------
TRAINING NEURAL NETWORK
------------------------------------------------------------------------
Epoch:1, Time:2499ms, TrainError:0.63269323, TrainErrorChange:0.63269323, Accuracy: 0.9569892
Epoch:2, Time:2375ms, TrainError:0.13363288, TrainErrorChange:-0.49906033, Accuracy: 0.9892473

TRAINING COMPLETED
Total Training Time: 7015ms
------------------------------------------------------------------------
Loading images...
Loaded 93 images
Creating neural network...
Training neural network
------------------------------------------------------------------------
TRAINING NEURAL NETWORK
------------------------------------------------------------------------
Epoch:1, Time:1796ms, TrainError:0.7090598, TrainErrorChange:0.7090598, Accuracy: 0.6
Epoch:2, Time:1593ms, TrainError:0.28778464, TrainErrorChange:-0.42127514, Accuracy: 0.9692308
Epoch:3, Time:1575ms, TrainError:0.1199427, TrainErrorChange:-0.16784194, Accuracy: 0.9846154

TRAINING COMPLETED
Total Training Time: 7121ms
------------------------------------------------------------------------
javax.imageio.IIOException: Can't read input file!
Loaded 472 images
------------------------------------------------------------------------
TRAINING NEURAL NETWORK
------------------------------------------------------------------------
Epoch:1, Time:3415ms, TrainError:0.18636565, TrainErrorChange:0.18636565, Accuracy: 0.9655172
Epoch:2, Time:3203ms, TrainError:0.11971265, TrainErrorChange:-0.066653, Accuracy: 0.9655172
Epoch:3, Time:3109ms, TrainError:0.10793875, TrainErrorChange:-0.011773899, Accuracy: 0.9655172
Epoch:4, Time:3140ms, TrainError:0.09088784, TrainErrorChange:-0.017050914, Accuracy: 0.9734748
Epoch:5, Time:3124ms, TrainError:0.07028364, TrainErrorChange:-0.0206042, Accuracy: 0.98673743
Epoch:6, Time:3155ms, TrainError:0.054445025, TrainErrorChange:-0.015838612, Accuracy: 0.99469495
Epoch:7, Time:3030ms, TrainError:0.04459365, TrainErrorChange:-0.009851374, Accuracy: 0.9973475
Epoch:8, Time:3042ms, TrainError:0.0384138, TrainErrorChange:-0.0061798505, Accuracy: 0.9973475
Epoch:9, Time:3047ms, TrainError:0.034161896, TrainErrorChange:-0.004251905, Accuracy: 0.9973475
Epoch:10, Time:3062ms, TrainError:0.031041335, TrainErrorChange:-0.0031205602, Accuracy: 0.9973475
Epoch:11, Time:3124ms, TrainError:0.02866228, TrainErrorChange:-0.002379056, Accuracy: 0.9973475

TRAINING COMPLETED
Total Training Time: 51393ms
------------------------------------------------------------------------
Loaded 584 images
------------------------------------------------------------------------
TRAINING NEURAL NETWORK
------------------------------------------------------------------------
Epoch:1, Time:4201ms, TrainError:0.29784906, TrainErrorChange:0.29784906, Accuracy: 0.9678801
Epoch:2, Time:3921ms, TrainError:0.11170662, TrainErrorChange:-0.18614244, Accuracy: 0.98715204
Loaded 584 images
------------------------------------------------------------------------
TRAINING NEURAL NETWORK
------------------------------------------------------------------------
Epoch:1, Time:3921ms, TrainError:0.25458783, TrainErrorChange:0.25458783, Accuracy: 0.9614561
Epoch:2, Time:3823ms, TrainError:0.12937899, TrainErrorChange:-0.12520884, Accuracy: 0.9764454
Epoch:3, Time:3827ms, TrainError:0.09786715, TrainErrorChange:-0.031511836, Accuracy: 0.97858673
Epoch:4, Time:3827ms, TrainError:0.078037016, TrainErrorChange:-0.019830137, Accuracy: 0.97858673
Epoch:5, Time:3796ms, TrainError:0.06119301, TrainErrorChange:-0.016844004, Accuracy: 0.97858673
Epoch:6, Time:3812ms, TrainError:0.0468046, TrainErrorChange:-0.014388412, Accuracy: 0.9828694
Epoch:7, Time:3780ms, TrainError:0.035530932, TrainErrorChange:-0.011273667, Accuracy: 0.98715204
Epoch:8, Time:3796ms, TrainError:0.026792666, TrainErrorChange:-0.008738266, Accuracy: 0.99785864

TRAINING COMPLETED
Total Training Time: 45532ms
------------------------------------------------------------------------
Training convolutional network with MNIST data set
Loading images...
Loaded 10000 images
Creating neural network...
Training neural network
------------------------------------------------------------------------
TRAINING NEURAL NETWORK
------------------------------------------------------------------------
Epoch:1, Time:10910ms, TrainError:0.984696, TrainErrorChange:0.984696, Accuracy: 0.9734461
Epoch:2, Time:11810ms, TrainError:0.52054846, TrainErrorChange:-0.4641475, Accuracy: 0.9816308
Epoch:3, Time:11304ms, TrainError:0.42798945, TrainErrorChange:-0.09255901, Accuracy: 0.9785846
Epoch:4, Time:11544ms, TrainError:0.36486024, TrainErrorChange:-0.06312922, Accuracy: 0.96987695
Epoch:5, Time:11544ms, TrainError:0.3071031, TrainErrorChange:-0.05775714, Accuracy: 0.98701537
Epoch:6, Time:11606ms, TrainError:0.31232646, TrainErrorChange:0.0052233636, Accuracy: 0.98495376
Epoch:7, Time:11591ms, TrainError:0.27272886, TrainErrorChange:-0.0395976, Accuracy: 0.9892
Epoch:8, Time:11404ms, TrainError:0.27025366, TrainErrorChange:-0.002475202, Accuracy: 0.98661536
Epoch:9, Time:11513ms, TrainError:0.2692296, TrainErrorChange:-0.0010240674, Accuracy: 0.9879385
Epoch:10, Time:11623ms, TrainError:0.24236752, TrainErrorChange:-0.02686207, Accuracy: 0.98944616
Epoch:11, Time:11248ms, TrainError:0.2622944, TrainErrorChange:0.01992689, Accuracy: 0.98830765
Epoch:12, Time:11544ms, TrainError:0.23593657, TrainErrorChange:-0.026357844, Accuracy: 0.9895693
Epoch:13, Time:11434ms, TrainError:0.24140687, TrainErrorChange:0.0054703057, Accuracy: 0.9856615
Epoch:14, Time:11481ms, TrainError:0.1918718, TrainErrorChange:-0.049535066, Accuracy: 0.9918462
Epoch:15, Time:11451ms, TrainError:0.1760252, TrainErrorChange:-0.01584661, Accuracy: 0.99160004
Epoch:16, Time:11466ms, TrainError:0.1828479, TrainErrorChange:0.0068227053, Accuracy: 0.9896616
Epoch:17, Time:11997ms, TrainError:0.24951422, TrainErrorChange:0.06666632, Accuracy: 0.9919385
Epoch:18, Time:11575ms, TrainError:0.24336252, TrainErrorChange:-0.006151706, Accuracy: 0.9839384
Epoch:19, Time:11685ms, TrainError:0.22518247, TrainErrorChange:-0.018180043, Accuracy: 0.9876
Epoch:20, Time:11482ms, TrainError:0.222681, TrainErrorChange:-0.0025014728, Accuracy: 0.9902461
Epoch:21, Time:11513ms, TrainError:0.2193419, TrainErrorChange:-0.003339097, Accuracy: 0.99058455
Epoch:22, Time:10701ms, TrainError:0.20421776, TrainErrorChange:-0.015124142, Accuracy: 0.99289227
Epoch:23, Time:10951ms, TrainError:0.18154952, TrainErrorChange:-0.022668242, Accuracy: 0.9915999
Epoch:24, Time:11310ms, TrainError:0.22327282, TrainErrorChange:0.041723296, Accuracy: 0.9920923
Epoch:25, Time:11263ms, TrainError:0.21166353, TrainErrorChange:-0.011609286, Accuracy: 0.99384606
Epoch:26, Time:11591ms, TrainError:0.17762384, TrainErrorChange:-0.03403969, Accuracy: 0.9927691
Epoch:27, Time:11435ms, TrainError:0.23218146, TrainErrorChange:0.05455762, Accuracy: 0.9892923
Training convolutional network with MNIST data set
Loading images...
Loaded 10000 images
Creating neural network...
Training neural network
------------------------------------------------------------------------
TRAINING NEURAL NETWORK
------------------------------------------------------------------------
Epoch:1, Time:10589ms, TrainError:0.984696, TrainErrorChange:0.984696, Accuracy: 0.9734461
Epoch:2, Time:11825ms, TrainError:0.52054846, TrainErrorChange:-0.4641475, Accuracy: 0.9816308
Epoch:3, Time:11966ms, TrainError:0.42798945, TrainErrorChange:-0.09255901, Accuracy: 0.9785846
Epoch:4, Time:12013ms, TrainError:0.36486024, TrainErrorChange:-0.06312922, Accuracy: 0.96987695
Epoch:5, Time:11907ms, TrainError:0.3071031, TrainErrorChange:-0.05775714, Accuracy: 0.98701537
Epoch:6, Time:11903ms, TrainError:0.31232646, TrainErrorChange:0.0052233636, Accuracy: 0.98495376
Epoch:7, Time:11857ms, TrainError:0.27272886, TrainErrorChange:-0.0395976, Accuracy: 0.9892
Epoch:8, Time:11435ms, TrainError:0.27025366, TrainErrorChange:-0.002475202, Accuracy: 0.98661536
Epoch:9, Time:11544ms, TrainError:0.2692296, TrainErrorChange:-0.0010240674, Accuracy: 0.9879385
Epoch:10, Time:11747ms, TrainError:0.24236752, TrainErrorChange:-0.02686207, Accuracy: 0.98944616
Epoch:11, Time:11779ms, TrainError:0.2622944, TrainErrorChange:0.01992689, Accuracy: 0.98830765
Epoch:12, Time:11701ms, TrainError:0.23593657, TrainErrorChange:-0.026357844, Accuracy: 0.9895693
Epoch:13, Time:12138ms, TrainError:0.24140687, TrainErrorChange:0.0054703057, Accuracy: 0.9856615
Epoch:14, Time:11763ms, TrainError:0.1918718, TrainErrorChange:-0.049535066, Accuracy: 0.9918462

TRAINING COMPLETED
Total Training Time: 204751ms
------------------------------------------------------------------------
------------------------------------------------
Classification performance measure

TOTAL AVERAGE
Accuracy: 0.9855429
Precision: 0.92975986
F1Score: 0.9267963
Recall: 0.9263506

By Class
Class 0:
TrueNegative: 3134.0
Accuracy: 0.99542856
FalsePositive: 4.0
FalseNegative: 12.0
Precision: 0.98870057
F1Score: 0.9776536
TruePositive: 350.0
Recall: 0.9668508

----------------
Class 1:
TrueNegative: 3092.0
Accuracy: 0.9922857
FalsePositive: 14.0
FalseNegative: 13.0
Precision: 0.96455693
F1Score: 0.9657795
TruePositive: 381.0
Recall: 0.9670051

----------------
Class 2:
TrueNegative: 3093.0
Accuracy: 0.978
FalsePositive: 57.0
FalseNegative: 20.0
Precision: 0.85271317
F1Score: 0.89552236
TruePositive: 330.0
Recall: 0.94285715

----------------
Class 3:
TrueNegative: 3121.0
Accuracy: 0.98457146
FalsePositive: 28.0
FalseNegative: 26.0
Precision: 0.92067987
F1Score: 0.92329544
TruePositive: 325.0
Recall: 0.9259259

----------------
Class 4:
TrueNegative: 3092.0
Accuracy: 0.9842857
FalsePositive: 48.0
FalseNegative: 7.0
Precision: 0.88029927
F1Score: 0.9277266
TruePositive: 353.0
Recall: 0.98055553

----------------
Class 5:
TrueNegative: 3146.0
Accuracy: 0.98485714
FalsePositive: 38.0
FalseNegative: 15.0
Precision: 0.8879056
F1Score: 0.919084
TruePositive: 301.0
Recall: 0.95253164

----------------
Class 6:
TrueNegative: 3147.0
Accuracy: 0.98885715
FalsePositive: 3.0
FalseNegative: 36.0
Precision: 0.9905363
F1Score: 0.9415292
TruePositive: 314.0
Recall: 0.8971428

----------------
Class 7:
TrueNegative: 3103.0
Accuracy: 0.9817143
FalsePositive: 29.0
FalseNegative: 35.0
Precision: 0.9198895
F1Score: 0.9123288
TruePositive: 333.0
Recall: 0.9048913

----------------
Class 8:
TrueNegative: 3156.0
Accuracy: 0.982
FalsePositive: 20.0
FalseNegative: 43.0
Precision: 0.9335548
F1Score: 0.8992
TruePositive: 281.0
Recall: 0.86728394

----------------
Class 9:
TrueNegative: 3163.0
Accuracy: 0.9834286
FalsePositive: 12.0
FalseNegative: 46.0
Precision: 0.9587629
F1Score: 0.90584415
TruePositive: 279.0
Recall: 0.85846156

----------------
Training convolutional network with MNIST data set
Loading images...
Loaded 10000 images
Training convolutional network with MNIST data set
Loading images...
Loaded 10000 images
Creating neural network...
Training neural network
------------------------------------------------------------------------
TRAINING NEURAL NETWORK
------------------------------------------------------------------------
Epoch:1, Time:8461ms, TrainError:0.8404838, TrainErrorChange:0.8404838, Accuracy: 0.9689846
Epoch:2, Time:8529ms, TrainError:0.5009377, TrainErrorChange:-0.33954608, Accuracy: 0.9839077
Epoch:3, Time:9076ms, TrainError:0.35843465, TrainErrorChange:-0.14250305, Accuracy: 0.9849846
Epoch:4, Time:8904ms, TrainError:0.29542348, TrainErrorChange:-0.06301117, Accuracy: 0.9876307

TRAINING COMPLETED
Total Training Time: 46742ms
------------------------------------------------------------------------
------------------------------------------------
Classification performance measure

TOTAL AVERAGE
Accuracy: 0.9828
Precision: 0.915064
F1Score: 0.91280204
Recall: 0.9130945

By Class
Class 0:
TrueNegative: 3133.0
Accuracy: 0.9922857
FalsePositive: 5.0
FalseNegative: 22.0
Precision: 0.98550725
F1Score: 0.96181047
TruePositive: 340.0
Recall: 0.9392265

----------------
Class 1:
TrueNegative: 3083.0
Accuracy: 0.99
FalsePositive: 23.0
FalseNegative: 12.0
Precision: 0.9432099
F1Score: 0.95619524
TruePositive: 382.0
Recall: 0.96954316

----------------
Class 2:
TrueNegative: 3124.0
Accuracy: 0.9817143
FalsePositive: 26.0
FalseNegative: 38.0
Precision: 0.9230769
F1Score: 0.9069767
TruePositive: 312.0
Recall: 0.8914286

----------------
Class 3:
TrueNegative: 3127.0
Accuracy: 0.98057145
FalsePositive: 22.0
FalseNegative: 46.0
Precision: 0.93272173
F1Score: 0.899705
TruePositive: 305.0
Recall: 0.8689459

----------------
Class 4:
TrueNegative: 3135.0
Accuracy: 0.98657143
FalsePositive: 5.0
FalseNegative: 42.0
Precision: 0.98452014
F1Score: 0.93118596
TruePositive: 318.0
Recall: 0.8833333

----------------
Class 5:
TrueNegative: 3103.0
Accuracy: 0.9714286
FalsePositive: 81.0
FalseNegative: 19.0
Precision: 0.78571427
F1Score: 0.8559078
TruePositive: 297.0
Recall: 0.9398734

----------------
Class 6:
TrueNegative: 3134.0
Accuracy: 0.98714286
FalsePositive: 16.0
FalseNegative: 29.0
Precision: 0.9525223
F1Score: 0.93449783
TruePositive: 321.0
Recall: 0.91714287

----------------
Class 7:
TrueNegative: 3100.0
Accuracy: 0.98457146
FalsePositive: 32.0
FalseNegative: 22.0
Precision: 0.91534394
F1Score: 0.927614
TruePositive: 346.0
Recall: 0.9402174

----------------
Class 8:
TrueNegative: 3129.0
Accuracy: 0.97742856
FalsePositive: 47.0
FalseNegative: 32.0
Precision: 0.8613569
F1Score: 0.88084465
TruePositive: 292.0
Recall: 0.90123457

----------------
Class 9:
TrueNegative: 3131.0
Accuracy: 0.9762857
FalsePositive: 44.0
FalseNegative: 39.0
Precision: 0.8666667
F1Score: 0.87328243
TruePositive: 286.0
Recall: 0.88

----------------
Training convolutional network with MNIST data set
Loading images...
Loaded 20000 images
Creating neural network...
Training neural network
------------------------------------------------------------------------
TRAINING NEURAL NETWORK
------------------------------------------------------------------------
Epoch:1, Time:17924ms, TrainError:0.62102693, TrainErrorChange:0.62102693, Accuracy: 0.96933854
Epoch:2, Time:15950ms, TrainError:0.35416985, TrainErrorChange:-0.2668571, Accuracy: 0.9858154
Epoch:3, Time:17808ms, TrainError:0.30694193, TrainErrorChange:-0.04722792, Accuracy: 0.98632306
Epoch:4, Time:17559ms, TrainError:0.26911008, TrainErrorChange:-0.037831843, Accuracy: 0.98890764

TRAINING COMPLETED
Total Training Time: 92875ms
------------------------------------------------------------------------
------------------------------------------------
Classification performance measure

TOTAL AVERAGE
Accuracy: 0.9860857
Precision: 0.931379
F1Score: 0.92994297
Recall: 0.9304903

By Class
Class 0:
TrueNegative: 6318.0
Accuracy: 0.9942857
FalsePositive: 20.0
FalseNegative: 20.0
Precision: 0.9697885
F1Score: 0.9697885
TruePositive: 642.0
Recall: 0.9697885

----------------
Class 1:
TrueNegative: 6198.0
Accuracy: 0.9927143
FalsePositive: 35.0
FalseNegative: 16.0
Precision: 0.95547074
F1Score: 0.9671603
TruePositive: 751.0
Recall: 0.9791395

----------------
Class 2:
TrueNegative: 6257.0
Accuracy: 0.98142856
FalsePositive: 38.0
FalseNegative: 92.0
Precision: 0.9416283
F1Score: 0.9041298
TruePositive: 613.0
Recall: 0.86950356

----------------
Class 3:
TrueNegative: 6274.0
Accuracy: 0.984
FalsePositive: 18.0
FalseNegative: 94.0
Precision: 0.971519
F1Score: 0.91641796
TruePositive: 614.0
Recall: 0.86723167

----------------
Class 4:
TrueNegative: 6261.0
Accuracy: 0.98885715
FalsePositive: 49.0
FalseNegative: 29.0
Precision: 0.9309859
F1Score: 0.9442857
TruePositive: 661.0
Recall: 0.95797104

----------------
Class 5:
TrueNegative: 6229.0
Accuracy: 0.98242855
FalsePositive: 90.0
FalseNegative: 33.0
Precision: 0.8780488
F1Score: 0.91331923
TruePositive: 648.0
Recall: 0.95154184

----------------
Class 6:
TrueNegative: 6280.0
Accuracy: 0.991
FalsePositive: 39.0
FalseNegative: 24.0
Precision: 0.9439655
F1Score: 0.95424837
TruePositive: 657.0
Recall: 0.9647577

----------------
Class 7:
TrueNegative: 6204.0
Accuracy: 0.9861429
FalsePositive: 23.0
FalseNegative: 74.0
Precision: 0.96814406
F1Score: 0.93511707
TruePositive: 699.0
Recall: 0.9042691

----------------
Class 8:
TrueNegative: 6288.0
Accuracy: 0.98057145
FalsePositive: 65.0
FalseNegative: 71.0
Precision: 0.8985959
F1Score: 0.89440995
TruePositive: 576.0
Recall: 0.8902627

----------------
Class 9:
TrueNegative: 6204.0
Accuracy: 0.9794286
FalsePositive: 110.0
FalseNegative: 34.0
Precision: 0.85564303
F1Score: 0.90055245
TruePositive: 652.0
Recall: 0.9504373

----------------
Training convolutional network with MNIST data set
Loading images...
Loaded 20000 images
Creating neural network...
Training neural network
------------------------------------------------------------------------
TRAINING NEURAL NETWORK
------------------------------------------------------------------------
Epoch:1, Time:18006ms, TrainError:0.62102693, TrainErrorChange:0.62102693, Accuracy: 0.96933854
Epoch:2, Time:15932ms, TrainError:0.35416985, TrainErrorChange:-0.2668571, Accuracy: 0.9858154
Epoch:3, Time:17886ms, TrainError:0.30694193, TrainErrorChange:-0.04722792, Accuracy: 0.98632306
Epoch:4, Time:17512ms, TrainError:0.26911008, TrainErrorChange:-0.037831843, Accuracy: 0.98890764

TRAINING COMPLETED
Total Training Time: 92831ms
------------------------------------------------------------------------
------------------------------------------------
Classification performance measure

TOTAL AVERAGE
Accuracy: 0.9860857
Precision: 0.931379
F1Score: 0.92994297
Recall: 0.9304903

By Class
Class 0:
TrueNegative: 6318.0
Accuracy: 0.9942857
FalsePositive: 20.0
FalseNegative: 20.0
Precision: 0.9697885
F1Score: 0.9697885
TruePositive: 642.0
Recall: 0.9697885

----------------
Class 1:
TrueNegative: 6198.0
Accuracy: 0.9927143
FalsePositive: 35.0
FalseNegative: 16.0
Precision: 0.95547074
F1Score: 0.9671603
TruePositive: 751.0
Recall: 0.9791395

----------------
Class 2:
TrueNegative: 6257.0
Accuracy: 0.98142856
FalsePositive: 38.0
FalseNegative: 92.0
Precision: 0.9416283
F1Score: 0.9041298
TruePositive: 613.0
Recall: 0.86950356

----------------
Class 3:
TrueNegative: 6274.0
Accuracy: 0.984
FalsePositive: 18.0
FalseNegative: 94.0
Precision: 0.971519
F1Score: 0.91641796
TruePositive: 614.0
Recall: 0.86723167

----------------
Class 4:
TrueNegative: 6261.0
Accuracy: 0.98885715
FalsePositive: 49.0
FalseNegative: 29.0
Precision: 0.9309859
F1Score: 0.9442857
TruePositive: 661.0
Recall: 0.95797104

----------------
Class 5:
TrueNegative: 6229.0
Accuracy: 0.98242855
FalsePositive: 90.0
FalseNegative: 33.0
Precision: 0.8780488
F1Score: 0.91331923
TruePositive: 648.0
Recall: 0.95154184

----------------
Class 6:
TrueNegative: 6280.0
Accuracy: 0.991
FalsePositive: 39.0
FalseNegative: 24.0
Precision: 0.9439655
F1Score: 0.95424837
TruePositive: 657.0
Recall: 0.9647577

----------------
Class 7:
TrueNegative: 6204.0
Accuracy: 0.9861429
FalsePositive: 23.0
FalseNegative: 74.0
Precision: 0.96814406
F1Score: 0.93511707
TruePositive: 699.0
Recall: 0.9042691

----------------
Class 8:
TrueNegative: 6288.0
Accuracy: 0.98057145
FalsePositive: 65.0
FalseNegative: 71.0
Precision: 0.8985959
F1Score: 0.89440995
TruePositive: 576.0
Recall: 0.8902627

----------------
Class 9:
TrueNegative: 6204.0
Accuracy: 0.9794286
FalsePositive: 110.0
FalseNegative: 34.0
Precision: 0.85564303
F1Score: 0.90055245
TruePositive: 652.0
Recall: 0.9504373

----------------
Loading images...
Loading images...
Loading images...
Loading images...
Loading images...
Loading images...
Loading images...
Loaded 2000 images
Creating neural network...
Training neural network
------------------------------------------------------------------------
TRAINING NEURAL NETWORK
------------------------------------------------------------------------
Epoch:1, Time:3148ms, TrainError:2.2653732, TrainErrorChange:2.2653732, Accuracy: 0.84783334
Epoch:2, Time:3171ms, TrainError:2.1163645, TrainErrorChange:-0.14900875, Accuracy: 0.858
Epoch:3, Time:3151ms, TrainError:1.9774593, TrainErrorChange:-0.13890517, Accuracy: 0.8673333
Epoch:4, Time:3140ms, TrainError:1.8655801, TrainErrorChange:-0.11187923, Accuracy: 0.87299997
Epoch:5, Time:3218ms, TrainError:1.794968, TrainErrorChange:-0.07061207, Accuracy: 0.87866676
Epoch:6, Time:3171ms, TrainError:1.7460462, TrainErrorChange:-0.048921824, Accuracy: 0.88150007
Epoch:7, Time:3077ms, TrainError:1.7097827, TrainErrorChange:-0.036263466, Accuracy: 0.8835
Epoch:8, Time:3187ms, TrainError:1.6799077, TrainErrorChange:-0.02987504, Accuracy: 0.886
Epoch:9, Time:3124ms, TrainError:1.6506008, TrainErrorChange:-0.029306889, Accuracy: 0.8876666
Epoch:10, Time:3124ms, TrainError:1.6268724, TrainErrorChange:-0.02372837, Accuracy: 0.89033335
Epoch:11, Time:3202ms, TrainError:1.6093383, TrainErrorChange:-0.017534137, Accuracy: 0.88916665
Epoch:12, Time:3172ms, TrainError:1.5943829, TrainErrorChange:-0.014955401, Accuracy: 0.8881667
Epoch:13, Time:3062ms, TrainError:1.5891742, TrainErrorChange:-0.0052087307, Accuracy: 0.88966674
Epoch:14, Time:3062ms, TrainError:1.5894125, TrainErrorChange:2.3829937E-4, Accuracy: 0.89049995
Epoch:15, Time:3046ms, TrainError:1.5842791, TrainErrorChange:-0.0051333904, Accuracy: 0.891
Epoch:16, Time:3062ms, TrainError:1.5760149, TrainErrorChange:-0.008264184, Accuracy: 0.8915
Epoch:17, Time:3093ms, TrainError:1.5681385, TrainErrorChange:-0.007876396, Accuracy: 0.891
Epoch:18, Time:3055ms, TrainError:1.5598987, TrainErrorChange:-0.008239746, Accuracy: 0.88949996
Epoch:19, Time:3093ms, TrainError:1.5482819, TrainErrorChange:-0.011616826, Accuracy: 0.8875
Epoch:20, Time:3093ms, TrainError:1.5380332, TrainErrorChange:-0.010248661, Accuracy: 0.88566667
Epoch:21, Time:3062ms, TrainError:1.526903, TrainErrorChange:-0.011130214, Accuracy: 0.8843333
Epoch:22, Time:3062ms, TrainError:1.5113527, TrainErrorChange:-0.015550375, Accuracy: 0.8838333
Epoch:23, Time:3265ms, TrainError:1.49427, TrainErrorChange:-0.017082691, Accuracy: 0.8845
Epoch:24, Time:3155ms, TrainError:1.4767464, TrainErrorChange:-0.017523527, Accuracy: 0.88533336
Epoch:25, Time:3296ms, TrainError:1.4579408, TrainErrorChange:-0.018805623, Accuracy: 0.8865
Epoch:26, Time:3202ms, TrainError:1.4407021, TrainErrorChange:-0.017238736, Accuracy: 0.8863333
Epoch:27, Time:3140ms, TrainError:1.4208056, TrainErrorChange:-0.019896507, Accuracy: 0.89016664
Epoch:28, Time:3109ms, TrainError:1.3973199, TrainErrorChange:-0.02348566, Accuracy: 0.8953333
Epoch:29, Time:3249ms, TrainError:1.3809605, TrainErrorChange:-0.016359448, Accuracy: 0.89833325
Epoch:30, Time:3171ms, TrainError:1.3590482, TrainErrorChange:-0.021912217, Accuracy: 0.90016663
Epoch:31, Time:3265ms, TrainError:1.3455613, TrainErrorChange:-0.013486981, Accuracy: 0.8998333
Epoch:32, Time:3218ms, TrainError:1.3203946, TrainErrorChange:-0.02516663, Accuracy: 0.8993333
Epoch:33, Time:3281ms, TrainError:1.3100401, TrainErrorChange:-0.010354519, Accuracy: 0.90216666
Epoch:34, Time:3140ms, TrainError:1.2778038, TrainErrorChange:-0.032236338, Accuracy: 0.901
Epoch:35, Time:3124ms, TrainError:1.262042, TrainErrorChange:-0.015761733, Accuracy: 0.89816666
Epoch:36, Time:3108ms, TrainError:1.2628685, TrainErrorChange:8.26478E-4, Accuracy: 0.9008333
Epoch:37, Time:3234ms, TrainError:1.2135208, TrainErrorChange:-0.04934776, Accuracy: 0.901
Epoch:38, Time:3124ms, TrainError:1.18603, TrainErrorChange:-0.027490735, Accuracy: 0.9049999
Epoch:39, Time:3109ms, TrainError:1.1613911, TrainErrorChange:-0.024638891, Accuracy: 0.9043333
Epoch:40, Time:3249ms, TrainError:1.1701577, TrainErrorChange:0.008766532, Accuracy: 0.90683335
Epoch:41, Time:3187ms, TrainError:1.1652784, TrainErrorChange:-0.004879236, Accuracy: 0.90716666
Epoch:42, Time:3281ms, TrainError:1.2067764, TrainErrorChange:0.041497946, Accuracy: 0.8991666
Epoch:43, Time:3218ms, TrainError:1.1626266, TrainErrorChange:-0.044149756, Accuracy: 0.9065
Epoch:44, Time:3281ms, TrainError:1.1328629, TrainErrorChange:-0.029763699, Accuracy: 0.90500003
Loading images...
Loaded 2000 images
Creating neural network...
Training neural network
------------------------------------------------------------------------
TRAINING NEURAL NETWORK
------------------------------------------------------------------------
Epoch:1, Time:3424ms, TrainError:2.2653732, TrainErrorChange:2.2653732, Accuracy: 0.84783334
Epoch:2, Time:3171ms, TrainError:2.1163645, TrainErrorChange:-0.14900875, Accuracy: 0.858
Epoch:3, Time:3234ms, TrainError:1.9774593, TrainErrorChange:-0.13890517, Accuracy: 0.8673333
Epoch:4, Time:3281ms, TrainError:1.8655801, TrainErrorChange:-0.11187923, Accuracy: 0.87299997
Epoch:5, Time:3296ms, TrainError:1.794968, TrainErrorChange:-0.07061207, Accuracy: 0.87866676
Epoch:6, Time:3281ms, TrainError:1.7460462, TrainErrorChange:-0.048921824, Accuracy: 0.88150007
Epoch:7, Time:3170ms, TrainError:1.7097827, TrainErrorChange:-0.036263466, Accuracy: 0.8835
Epoch:8, Time:3156ms, TrainError:1.6799077, TrainErrorChange:-0.02987504, Accuracy: 0.886
Epoch:9, Time:3156ms, TrainError:1.6506008, TrainErrorChange:-0.029306889, Accuracy: 0.8876666
Epoch:10, Time:3155ms, TrainError:1.6268724, TrainErrorChange:-0.02372837, Accuracy: 0.89033335
Epoch:11, Time:3156ms, TrainError:1.6093383, TrainErrorChange:-0.017534137, Accuracy: 0.88916665
Epoch:12, Time:3155ms, TrainError:1.5943829, TrainErrorChange:-0.014955401, Accuracy: 0.8881667
Epoch:13, Time:3156ms, TrainError:1.5891742, TrainErrorChange:-0.0052087307, Accuracy: 0.88966674
Epoch:14, Time:3171ms, TrainError:1.5894125, TrainErrorChange:2.3829937E-4, Accuracy: 0.89049995
Epoch:15, Time:3171ms, TrainError:1.5842791, TrainErrorChange:-0.0051333904, Accuracy: 0.891
Epoch:16, Time:3171ms, TrainError:1.5760149, TrainErrorChange:-0.008264184, Accuracy: 0.8915
Epoch:17, Time:3172ms, TrainError:1.5681385, TrainErrorChange:-0.007876396, Accuracy: 0.891
Epoch:18, Time:3171ms, TrainError:1.5598987, TrainErrorChange:-0.008239746, Accuracy: 0.88949996
Epoch:19, Time:3203ms, TrainError:1.5482819, TrainErrorChange:-0.011616826, Accuracy: 0.8875
Epoch:20, Time:3155ms, TrainError:1.5380332, TrainErrorChange:-0.010248661, Accuracy: 0.88566667
Epoch:21, Time:3172ms, TrainError:1.526903, TrainErrorChange:-0.011130214, Accuracy: 0.8843333
Epoch:22, Time:3155ms, TrainError:1.5113527, TrainErrorChange:-0.015550375, Accuracy: 0.8838333
Epoch:23, Time:3172ms, TrainError:1.49427, TrainErrorChange:-0.017082691, Accuracy: 0.8845

TRAINING COMPLETED
Total Training Time: 121458ms
------------------------------------------------------------------------
------------------------------------------------
Classification performance measure

TOTAL AVERAGE
Accuracy: 0.86475
Precision: 0.32460085
F1Score: 0.2880736
Recall: 0.32196817

By Class
Class 0:
TrueNegative: 645.0
Accuracy: 0.86
FalsePositive: 74.0
FalseNegative: 38.0
Precision: 0.36752138
F1Score: 0.43434343
TruePositive: 43.0
Recall: 0.5308642

----------------
Class 1:
TrueNegative: 672.0
Accuracy: 0.87625
FalsePositive: 51.0
FalseNegative: 48.0
Precision: 0.3625
F1Score: 0.36942676
TruePositive: 29.0
Recall: 0.37662336

----------------
Class 2:
TrueNegative: 680.0
Accuracy: 0.85875
FalsePositive: 20.0
FalseNegative: 93.0
Precision: 0.25925925
F1Score: 0.11023623
TruePositive: 7.0
Recall: 0.07

----------------
Class 3:
TrueNegative: 716.0
Accuracy: 0.9
FalsePositive: 8.0
FalseNegative: 72.0
Precision: 0.33333334
F1Score: 0.090909086
TruePositive: 4.0
Recall: 0.05263158

----------------
Class 4:
TrueNegative: 620.0
Accuracy: 0.81625
FalsePositive: 94.0
FalseNegative: 53.0
Precision: 0.25984251
F1Score: 0.30985916
TruePositive: 33.0
Recall: 0.38372093

----------------
Class 5:
TrueNegative: 698.0
Accuracy: 0.89125
FalsePositive: 23.0
FalseNegative: 64.0
Precision: 0.39473686
F1Score: 0.25641024
TruePositive: 15.0
Recall: 0.18987341

----------------
Class 6:
TrueNegative: 713.0
Accuracy: 0.905
FalsePositive: 19.0
FalseNegative: 57.0
Precision: 0.36666667
F1Score: 0.2244898
TruePositive: 11.0
Recall: 0.16176471

----------------
Class 7:
TrueNegative: 682.0
Accuracy: 0.87125
FalsePositive: 47.0
FalseNegative: 56.0
Precision: 0.24193548
F1Score: 0.2255639
TruePositive: 15.0
Recall: 0.2112676

----------------
Class 8:
TrueNegative: 643.0
Accuracy: 0.8525
FalsePositive: 83.0
FalseNegative: 35.0
Precision: 0.31967214
F1Score: 0.3979592
TruePositive: 39.0
Recall: 0.527027

----------------
Class 9:
TrueNegative: 590.0
Accuracy: 0.81625
FalsePositive: 122.0
FalseNegative: 25.0
Precision: 0.34054053
F1Score: 0.4615384
TruePositive: 63.0
Recall: 0.71590906

----------------
Loading images...
Loaded 784 images
Creating neural network...
Training neural network
------------------------------------------------------------------------
TRAINING NEURAL NETWORK
------------------------------------------------------------------------
Epoch:1, Time:38092ms, TrainError:1.0296584, TrainErrorChange:1.0296584, Accuracy: 0.756383
Epoch:2, Time:38616ms, TrainError:0.96769416, TrainErrorChange:-0.061964273, Accuracy: 0.7776596
Epoch:3, Time:38179ms, TrainError:0.9182651, TrainErrorChange:-0.04942906, Accuracy: 0.7882979
Loading images...
Loaded 784 images
Creating neural network...
Training neural network
------------------------------------------------------------------------
TRAINING NEURAL NETWORK
------------------------------------------------------------------------
Epoch:1, Time:40036ms, TrainError:1.077891, TrainErrorChange:1.077891, Accuracy: 0.7276596
Epoch:2, Time:39070ms, TrainError:0.9363706, TrainErrorChange:-0.14152038, Accuracy: 0.75851065
Epoch:3, Time:39975ms, TrainError:0.8847997, TrainErrorChange:-0.051570892, Accuracy: 0.78404254
