Loading images...
Loaded 2000 images
Creating neural network...
Training neural network
------------------------------------------------------------------------
TRAINING NEURAL NETWORK
------------------------------------------------------------------------
Epoch:1, Time:34309ms, TrainError:2.2386904, TrainErrorChange:2.2386904, Accuracy: 0.8526667
Epoch:2, Time:33717ms, TrainError:2.005003, TrainErrorChange:-0.2336874, Accuracy: 0.8663333
Epoch:3, Time:33632ms, TrainError:1.8316938, TrainErrorChange:-0.1733092, Accuracy: 0.87566674
Epoch:4, Time:33646ms, TrainError:1.7253006, TrainErrorChange:-0.10639322, Accuracy: 0.8820001
Epoch:5, Time:33562ms, TrainError:1.64674, TrainErrorChange:-0.07856059, Accuracy: 0.888
Epoch:6, Time:33638ms, TrainError:1.5770104, TrainErrorChange:-0.06972957, Accuracy: 0.8950001
Epoch:7, Time:33650ms, TrainError:1.5144295, TrainErrorChange:-0.06258094, Accuracy: 0.8991667
Epoch:8, Time:34140ms, TrainError:1.4622468, TrainErrorChange:-0.052182674, Accuracy: 0.90166664
Epoch:9, Time:33590ms, TrainError:1.4222757, TrainErrorChange:-0.039971113, Accuracy: 0.9028333
Epoch:10, Time:33710ms, TrainError:1.3906044, TrainErrorChange:-0.031671286, Accuracy: 0.90200007
Epoch:11, Time:33118ms, TrainError:1.3611841, TrainErrorChange:-0.029420257, Accuracy: 0.90200007
Epoch:12, Time:33135ms, TrainError:1.3349987, TrainErrorChange:-0.026185393, Accuracy: 0.90283334
Epoch:13, Time:33341ms, TrainError:1.3124421, TrainErrorChange:-0.022556663, Accuracy: 0.90316665
Epoch:14, Time:33142ms, TrainError:1.3044202, TrainErrorChange:-0.0080218315, Accuracy: 0.90116674
Epoch:15, Time:33139ms, TrainError:1.3039476, TrainErrorChange:-4.7266483E-4, Accuracy: 0.90016663
Loading images...
Loaded 2000 images
Creating neural network...
Training neural network
------------------------------------------------------------------------
TRAINING NEURAL NETWORK
------------------------------------------------------------------------
Loading images...
Loaded 2000 images
Creating neural network...
Training neural network
------------------------------------------------------------------------
TRAINING NEURAL NETWORK
------------------------------------------------------------------------
Epoch:1, Time:37694ms, TrainError:2.2386904, TrainErrorChange:2.2386904, Accuracy: 0.8526667
Epoch:2, Time:34885ms, TrainError:2.005003, TrainErrorChange:-0.2336874, Accuracy: 0.8663333
Epoch:3, Time:40323ms, TrainError:1.8316938, TrainErrorChange:-0.1733092, Accuracy: 0.87566674
Epoch:4, Time:35575ms, TrainError:1.7253006, TrainErrorChange:-0.10639322, Accuracy: 0.8820001
Epoch:5, Time:34904ms, TrainError:1.64674, TrainErrorChange:-0.07856059, Accuracy: 0.888
Epoch:6, Time:32025ms, TrainError:1.5770104, TrainErrorChange:-0.06972957, Accuracy: 0.8950001
Epoch:7, Time:31961ms, TrainError:1.5144295, TrainErrorChange:-0.06258094, Accuracy: 0.8991667
Epoch:8, Time:32256ms, TrainError:1.4622468, TrainErrorChange:-0.052182674, Accuracy: 0.90166664
Epoch:9, Time:32370ms, TrainError:1.4222757, TrainErrorChange:-0.039971113, Accuracy: 0.9028333
Epoch:10, Time:33211ms, TrainError:1.3906044, TrainErrorChange:-0.031671286, Accuracy: 0.90200007

TRAINING COMPLETED
Total Training Time: 441368ms
------------------------------------------------------------------------
------------------------------------------------
Classification performance measure

TOTAL AVERAGE
Accuracy: 0.87425005
Precision: 0.43326503
F1Score: 0.43326503
Recall: 0.43326503

By Class
Class automobile:
Accuracy: 0.9025
FalsePositive: 31.0
FalseNegative: 47.0
Precision: 0.45614034
F1Score: 0.45614034
TruePositive: 696.0
Recall: 0.45614034

----------------
Class deer:
Accuracy: 0.8325
FalsePositive: 82.0
FalseNegative: 52.0
Precision: 0.24770643
F1Score: 0.24770643
TruePositive: 639.0
Recall: 0.24770643

----------------
Class horse:
Accuracy: 0.915
FalsePositive: 8.0
FalseNegative: 60.0
Precision: 0.65217394
F1Score: 0.65217394
TruePositive: 717.0
Recall: 0.65217394

----------------
Class frog:
Accuracy: 0.75375
FalsePositive: 171.0
FalseNegative: 26.0
Precision: 0.25974026
F1Score: 0.25974026
TruePositive: 543.0
Recall: 0.25974026

----------------
Class airplane:
Accuracy: 0.9
FalsePositive: 29.0
FalseNegative: 51.0
Precision: 0.61333334
F1Score: 0.61333334
TruePositive: 674.0
Recall: 0.61333334

----------------
Class bird:
Accuracy: 0.88625
FalsePositive: 3.0
FalseNegative: 88.0
Precision: 0.625
F1Score: 0.625
TruePositive: 704.0
Recall: 0.625

----------------
Class cat:
Accuracy: 0.895
FalsePositive: 20.0
FalseNegative: 64.0
Precision: 0.2857143
F1Score: 0.2857143
TruePositive: 708.0
Recall: 0.2857143

----------------
Class truck:
Accuracy: 0.88625
FalsePositive: 54.0
FalseNegative: 37.0
Precision: 0.41304347
F1Score: 0.4130435
TruePositive: 671.0
Recall: 0.41304347

----------------
Class ship:
Accuracy: 0.87
FalsePositive: 76.0
FalseNegative: 28.0
Precision: 0.42424244
F1Score: 0.42424244
TruePositive: 640.0
Recall: 0.42424244

----------------
Class dog:
Accuracy: 0.90125
FalsePositive: 29.0
FalseNegative: 50.0
Precision: 0.35555556
F1Score: 0.35555553
TruePositive: 705.0
Recall: 0.35555556

----------------
