Training convolutional network with MNIST data set
Loading images...
Loaded 200 images
Creating neural network...
Training neural network
Epoch:1, Time:1244ms, TotalError:2.3305175, ErrorChange:2.3305175
Epoch:2, Time:1093ms, TotalError:2.2684302, ErrorChange:-0.062087297
Epoch:3, Time:1082ms, TotalError:2.1762073, ErrorChange:-0.09222293
Epoch:4, Time:1085ms, TotalError:1.9587219, ErrorChange:-0.21748543
Epoch:5, Time:1085ms, TotalError:1.4891782, ErrorChange:-0.4695437
Epoch:6, Time:1097ms, TotalError:1.1726804, ErrorChange:-0.3164978
Epoch:7, Time:1101ms, TotalError:0.87604386, ErrorChange:-0.29663652
Epoch:8, Time:1096ms, TotalError:0.6694396, ErrorChange:-0.20660424
Epoch:9, Time:1097ms, TotalError:0.47381997, ErrorChange:-0.19561964
Epoch:10, Time:1097ms, TotalError:0.31809694, ErrorChange:-0.15572304
Epoch:11, Time:1098ms, TotalError:0.2612775, ErrorChange:-0.05681944
Epoch:12, Time:1102ms, TotalError:0.16189969, ErrorChange:-0.09937781
Epoch:13, Time:1109ms, TotalError:0.1130955, ErrorChange:-0.048804186
Epoch:14, Time:1099ms, TotalError:0.09101496, ErrorChange:-0.02208054
Epoch:15, Time:1102ms, TotalError:0.08014509, ErrorChange:-0.010869868
Epoch:16, Time:1096ms, TotalError:0.069528416, ErrorChange:-0.010616675
Epoch:17, Time:1097ms, TotalError:0.06618192, ErrorChange:-0.0033464953
Epoch:18, Time:1100ms, TotalError:0.06473453, ErrorChange:-0.001447387
Epoch:19, Time:1095ms, TotalError:0.063673, ErrorChange:-0.0010615364
Epoch:20, Time:1098ms, TotalError:0.06279465, ErrorChange:-8.7834895E-4
Epoch:21, Time:1096ms, TotalError:0.06209407, ErrorChange:-7.005781E-4
Epoch:22, Time:1098ms, TotalError:0.061517693, ErrorChange:-5.763769E-4
Epoch:23, Time:1098ms, TotalError:0.06097125, ErrorChange:-5.464442E-4
Epoch:24, Time:1096ms, TotalError:0.060533214, ErrorChange:-4.3803453E-4
Epoch:25, Time:1095ms, TotalError:0.060074233, ErrorChange:-4.5898184E-4
Epoch:26, Time:1096ms, TotalError:0.05974633, ErrorChange:-3.2790378E-4
Epoch:27, Time:1103ms, TotalError:0.05944412, ErrorChange:-3.0221045E-4
Epoch:28, Time:1116ms, TotalError:0.05917793, ErrorChange:-2.661869E-4
Epoch:29, Time:1177ms, TotalError:0.058897205, ErrorChange:-2.807267E-4
Epoch:30, Time:1328ms, TotalError:0.05867611, ErrorChange:-2.2109598E-4
Epoch:31, Time:1147ms, TotalError:0.058511, ErrorChange:-1.6510859E-4
Epoch:32, Time:1099ms, TotalError:0.05828004, ErrorChange:-2.3096055E-4
Epoch:33, Time:1107ms, TotalError:0.058121923, ErrorChange:-1.5811622E-4
Epoch:34, Time:1092ms, TotalError:0.057966642, ErrorChange:-1.5528128E-4
Epoch:35, Time:1087ms, TotalError:0.057801653, ErrorChange:-1.6498938E-4
Epoch:36, Time:1091ms, TotalError:0.05763416, ErrorChange:-1.6749278E-4
Epoch:37, Time:1086ms, TotalError:0.057538558, ErrorChange:-9.5602125E-5
Epoch:38, Time:1086ms, TotalError:0.057401072, ErrorChange:-1.3748556E-4
Epoch:39, Time:1085ms, TotalError:0.057302065, ErrorChange:-9.900704E-5
Epoch:40, Time:1088ms, TotalError:0.057170935, ErrorChange:-1.3113022E-4
Epoch:41, Time:1086ms, TotalError:0.057077065, ErrorChange:-9.3869865E-5
Epoch:42, Time:1087ms, TotalError:0.056984596, ErrorChange:-9.2469156E-5
Epoch:43, Time:1089ms, TotalError:0.05688916, ErrorChange:-9.543449E-5
Epoch:44, Time:1088ms, TotalError:0.056788184, ErrorChange:-1.0097772E-4
Epoch:45, Time:1089ms, TotalError:0.056713175, ErrorChange:-7.500872E-5
Epoch:46, Time:1085ms, TotalError:0.05663682, ErrorChange:-7.635355E-5
Epoch:47, Time:1084ms, TotalError:0.056546777, ErrorChange:-9.004399E-5
Epoch:48, Time:1085ms, TotalError:0.056490783, ErrorChange:-5.599484E-5
Epoch:49, Time:1090ms, TotalError:0.056418575, ErrorChange:-7.22073E-5
Epoch:50, Time:1085ms, TotalError:0.05636116, ErrorChange:-5.7414174E-5
Epoch:51, Time:1087ms, TotalError:0.05630088, ErrorChange:-6.0282648E-5
Epoch:52, Time:1088ms, TotalError:0.056240402, ErrorChange:-6.0476363E-5
Epoch:53, Time:1087ms, TotalError:0.05616966, ErrorChange:-7.074326E-5
Epoch:54, Time:1092ms, TotalError:0.056135487, ErrorChange:-3.4172088E-5
Epoch:55, Time:1087ms, TotalError:0.056056675, ErrorChange:-7.881224E-5
Epoch:56, Time:1088ms, TotalError:0.05599399, ErrorChange:-6.268546E-5
Epoch:57, Time:1087ms, TotalError:0.055955976, ErrorChange:-3.8012862E-5
Epoch:58, Time:1087ms, TotalError:0.05588608, ErrorChange:-6.989762E-5
Epoch:59, Time:1090ms, TotalError:0.055847958, ErrorChange:-3.8120896E-5
Epoch:60, Time:1088ms, TotalError:0.055784144, ErrorChange:-6.381422E-5
Epoch:61, Time:1092ms, TotalError:0.05574718, ErrorChange:-3.696233E-5
Epoch:62, Time:1088ms, TotalError:0.055683974, ErrorChange:-6.3207E-5
Epoch:63, Time:1089ms, TotalError:0.055639867, ErrorChange:-4.4107437E-5
Epoch:64, Time:1096ms, TotalError:0.055598203, ErrorChange:-4.1663647E-5
Epoch:65, Time:1118ms, TotalError:0.05554358, ErrorChange:-5.462393E-5
Epoch:66, Time:1104ms, TotalError:0.055499606, ErrorChange:-4.3973327E-5
Epoch:67, Time:1095ms, TotalError:0.05547188, ErrorChange:-2.7727336E-5
Training convolutional network with MNIST data set
Loading images...
Loaded 200 images
Creating neural network...
Training neural network
Epoch:1, Time:1262ms, TotalError:2.3305175, ErrorChange:2.3305175
Epoch:2, Time:1105ms, TotalError:2.2684302, ErrorChange:-0.062087297
Epoch:3, Time:1122ms, TotalError:2.1762073, ErrorChange:-0.09222293
Epoch:4, Time:1118ms, TotalError:1.9587219, ErrorChange:-0.21748543
Epoch:5, Time:1110ms, TotalError:1.4891782, ErrorChange:-0.4695437
Epoch:6, Time:1087ms, TotalError:1.1726804, ErrorChange:-0.3164978
Epoch:7, Time:1094ms, TotalError:0.87604386, ErrorChange:-0.29663652
Epoch:8, Time:1086ms, TotalError:0.6694396, ErrorChange:-0.20660424
Epoch:9, Time:1085ms, TotalError:0.47381997, ErrorChange:-0.19561964
Epoch:10, Time:1118ms, TotalError:0.31809694, ErrorChange:-0.15572304
Epoch:11, Time:1089ms, TotalError:0.2612775, ErrorChange:-0.05681944
Epoch:12, Time:1086ms, TotalError:0.16189969, ErrorChange:-0.09937781
Epoch:13, Time:1098ms, TotalError:0.1130955, ErrorChange:-0.048804186
Epoch:14, Time:1088ms, TotalError:0.09101496, ErrorChange:-0.02208054
Epoch:15, Time:1092ms, TotalError:0.08014509, ErrorChange:-0.010869868
Epoch:16, Time:1087ms, TotalError:0.069528416, ErrorChange:-0.010616675
Epoch:17, Time:1087ms, TotalError:0.06618192, ErrorChange:-0.0033464953
Epoch:18, Time:1086ms, TotalError:0.06473453, ErrorChange:-0.001447387
Epoch:19, Time:1088ms, TotalError:0.063673, ErrorChange:-0.0010615364
Epoch:20, Time:1087ms, TotalError:0.06279465, ErrorChange:-8.7834895E-4
Epoch:21, Time:1088ms, TotalError:0.06209407, ErrorChange:-7.005781E-4
Epoch:22, Time:1088ms, TotalError:0.061517693, ErrorChange:-5.763769E-4
Epoch:23, Time:1085ms, TotalError:0.06097125, ErrorChange:-5.464442E-4
Epoch:24, Time:1088ms, TotalError:0.060533214, ErrorChange:-4.3803453E-4
Epoch:25, Time:1087ms, TotalError:0.060074233, ErrorChange:-4.5898184E-4
Epoch:26, Time:1089ms, TotalError:0.05974633, ErrorChange:-3.2790378E-4
Total Training Time: 28606ms
Epoch:1, Time:88ms, TotalError:0.59564865, ErrorChange:0.59564865
Epoch:2, Time:8ms, TotalError:0.73795366, ErrorChange:0.14230502
Epoch:3, Time:8ms, TotalError:0.63881886, ErrorChange:-0.0991348
Epoch:4, Time:9ms, TotalError:0.49951008, ErrorChange:-0.13930878
Epoch:5, Time:9ms, TotalError:0.3753657, ErrorChange:-0.124144375
Epoch:6, Time:8ms, TotalError:0.2995471, ErrorChange:-0.0758186
Epoch:7, Time:8ms, TotalError:0.2558481, ErrorChange:-0.043698996
Epoch:8, Time:8ms, TotalError:0.21333389, ErrorChange:-0.04251422
Epoch:9, Time:8ms, TotalError:0.17180772, ErrorChange:-0.04152617
Epoch:10, Time:5ms, TotalError:0.14063007, ErrorChange:-0.031177655
Epoch:11, Time:10ms, TotalError:0.12032153, ErrorChange:-0.02030854
Epoch:12, Time:4ms, TotalError:0.10687335, ErrorChange:-0.013448179
Epoch:13, Time:4ms, TotalError:0.097152665, ErrorChange:-0.009720683
Epoch:14, Time:4ms, TotalError:0.08948365, ErrorChange:-0.0076690167
Epoch:15, Time:4ms, TotalError:0.082945004, ErrorChange:-0.0065386444
Epoch:16, Time:2ms, TotalError:0.077139325, ErrorChange:-0.0058056787
Epoch:17, Time:1ms, TotalError:0.07191973, ErrorChange:-0.0052195936
Epoch:18, Time:1ms, TotalError:0.06722882, ErrorChange:-0.0046909153
Epoch:19, Time:1ms, TotalError:0.06302625, ErrorChange:-0.004202567
Epoch:20, Time:2ms, TotalError:0.059268314, ErrorChange:-0.003757935
Epoch:21, Time:2ms, TotalError:0.05590742, ErrorChange:-0.0033608936
Epoch:22, Time:2ms, TotalError:0.05289706, ErrorChange:-0.0030103624
Epoch:23, Time:1ms, TotalError:0.05019707, ErrorChange:-0.0026999898
Epoch:24, Time:1ms, TotalError:0.047775738, ErrorChange:-0.0024213307
Epoch:25, Time:1ms, TotalError:0.0456088, ErrorChange:-0.002166938
Epoch:26, Time:1ms, TotalError:0.04367783, ErrorChange:-0.0019309707
Epoch:27, Time:2ms, TotalError:0.041968904, ErrorChange:-0.0017089248
Epoch:28, Time:1ms, TotalError:0.04047194, ErrorChange:-0.0014969632
Epoch:29, Time:1ms, TotalError:0.039178476, ErrorChange:-0.0012934655
Epoch:30, Time:1ms, TotalError:0.038069617, ErrorChange:-0.0011088587
Epoch:31, Time:1ms, TotalError:0.037104733, ErrorChange:-9.648837E-4
Epoch:32, Time:2ms, TotalError:0.03623163, ErrorChange:-8.7310374E-4
Epoch:33, Time:1ms, TotalError:0.035408314, ErrorChange:-8.2331523E-4
Epoch:34, Time:2ms, TotalError:0.034612488, ErrorChange:-7.958263E-4
Epoch:35, Time:1ms, TotalError:0.033835966, ErrorChange:-7.7652186E-4
Epoch:36, Time:1ms, TotalError:0.03307909, ErrorChange:-7.568747E-4
Epoch:37, Time:1ms, TotalError:0.03234884, ErrorChange:-7.3025003E-4
Epoch:38, Time:1ms, TotalError:0.03165522, ErrorChange:-6.93623E-4
Epoch:39, Time:1ms, TotalError:0.031007942, ErrorChange:-6.4727664E-4
Epoch:40, Time:1ms, TotalError:0.030413074, ErrorChange:-5.948674E-4
Epoch:41, Time:1ms, TotalError:0.02986468, ErrorChange:-5.483944E-4
Epoch:42, Time:1ms, TotalError:0.02934737, ErrorChange:-5.173106E-4
Epoch:43, Time:2ms, TotalError:0.028852306, ErrorChange:-4.9506314E-4
Epoch:44, Time:1ms, TotalError:0.028393997, ErrorChange:-4.5830943E-4
Epoch:45, Time:1ms, TotalError:0.027991354, ErrorChange:-4.026424E-4
Epoch:46, Time:1ms, TotalError:0.027623896, ErrorChange:-3.674589E-4
Epoch:47, Time:1ms, TotalError:0.027253818, ErrorChange:-3.700778E-4
Epoch:48, Time:2ms, TotalError:0.0267989, ErrorChange:-4.5491755E-4
Epoch:49, Time:1ms, TotalError:0.02694251, ErrorChange:1.4360994E-4
Epoch:50, Time:1ms, TotalError:0.0268256, ErrorChange:-1.16910785E-4
Epoch:51, Time:2ms, TotalError:0.02626141, ErrorChange:-5.641896E-4
Epoch:52, Time:2ms, TotalError:0.025632637, ErrorChange:-6.287731E-4
Epoch:53, Time:2ms, TotalError:0.024831077, ErrorChange:-8.0155954E-4
Epoch:54, Time:1ms, TotalError:0.024190143, ErrorChange:-6.4093433E-4
Epoch:55, Time:1ms, TotalError:0.023748836, ErrorChange:-4.413072E-4
Epoch:56, Time:1ms, TotalError:0.023515387, ErrorChange:-2.3344904E-4
Epoch:57, Time:1ms, TotalError:0.023991806, ErrorChange:4.7641993E-4
Epoch:58, Time:2ms, TotalError:0.024031281, ErrorChange:3.947504E-5
Epoch:59, Time:2ms, TotalError:0.022391478, ErrorChange:-0.0016398039
Epoch:60, Time:2ms, TotalError:0.042241845, ErrorChange:0.019850368
Epoch:61, Time:2ms, TotalError:0.024745688, ErrorChange:-0.017496157
Epoch:62, Time:2ms, TotalError:0.042026658, ErrorChange:0.01728097
Epoch:63, Time:2ms, TotalError:0.04286662, ErrorChange:8.3996356E-4
Epoch:64, Time:1ms, TotalError:0.03961679, ErrorChange:-0.0032498315
Epoch:65, Time:1ms, TotalError:0.033393085, ErrorChange:-0.0062237047
Epoch:66, Time:1ms, TotalError:0.028953984, ErrorChange:-0.0044391006
Epoch:67, Time:1ms, TotalError:0.030239642, ErrorChange:0.0012856573
Epoch:68, Time:1ms, TotalError:0.04898901, ErrorChange:0.018749367
Epoch:69, Time:1ms, TotalError:0.041281395, ErrorChange:-0.0077076145
Epoch:70, Time:1ms, TotalError:0.03881637, ErrorChange:-0.0024650246
Epoch:71, Time:1ms, TotalError:0.060877204, ErrorChange:0.022060834
Epoch:72, Time:1ms, TotalError:0.0440673, ErrorChange:-0.016809903
Epoch:73, Time:1ms, TotalError:0.043591473, ErrorChange:-4.758276E-4
Epoch:74, Time:1ms, TotalError:0.042104468, ErrorChange:-0.0014870055
Epoch:75, Time:2ms, TotalError:0.020929264, ErrorChange:-0.021175204
Epoch:76, Time:1ms, TotalError:0.046427693, ErrorChange:0.02549843
Epoch:77, Time:1ms, TotalError:0.053184126, ErrorChange:0.0067564324
Epoch:78, Time:1ms, TotalError:0.14863685, ErrorChange:0.095452726
Epoch:79, Time:2ms, TotalError:0.05338711, ErrorChange:-0.09524974
Epoch:80, Time:2ms, TotalError:0.1660662, ErrorChange:0.112679094
Epoch:81, Time:2ms, TotalError:0.054724053, ErrorChange:-0.11134215
Epoch:82, Time:2ms, TotalError:0.026260281, ErrorChange:-0.028463772
Epoch:83, Time:2ms, TotalError:0.03921996, ErrorChange:0.01295968
Epoch:84, Time:2ms, TotalError:0.020379161, ErrorChange:-0.0188408
Epoch:85, Time:2ms, TotalError:0.0503906, ErrorChange:0.03001144
Epoch:86, Time:2ms, TotalError:0.021299124, ErrorChange:-0.029091477
Epoch:87, Time:1ms, TotalError:0.060225416, ErrorChange:0.038926292
Epoch:88, Time:2ms, TotalError:0.057589017, ErrorChange:-0.0026363991
Epoch:89, Time:2ms, TotalError:0.02140708, ErrorChange:-0.036181934
Epoch:90, Time:2ms, TotalError:0.05203522, ErrorChange:0.03062814
Epoch:91, Time:3ms, TotalError:0.2198504, ErrorChange:0.16781518
Epoch:92, Time:2ms, TotalError:0.06579143, ErrorChange:-0.15405898
Epoch:93, Time:2ms, TotalError:0.04408129, ErrorChange:-0.021710139
Epoch:94, Time:2ms, TotalError:0.044723283, ErrorChange:6.419942E-4
Epoch:95, Time:2ms, TotalError:0.03753321, ErrorChange:-0.007190075
Epoch:96, Time:2ms, TotalError:0.16236866, ErrorChange:0.12483545
Epoch:97, Time:1ms, TotalError:0.053320434, ErrorChange:-0.10904822
Epoch:98, Time:2ms, TotalError:0.02296071, ErrorChange:-0.030359725
Epoch:99, Time:2ms, TotalError:0.03981262, ErrorChange:0.016851911
Epoch:100, Time:2ms, TotalError:0.05704124, ErrorChange:0.017228618
Epoch:101, Time:1ms, TotalError:0.030834157, ErrorChange:-0.026207082
Epoch:102, Time:1ms, TotalError:0.036180828, ErrorChange:0.0053466707
Epoch:103, Time:2ms, TotalError:0.0437523, ErrorChange:0.0075714737
Epoch:104, Time:2ms, TotalError:0.05710097, ErrorChange:0.013348669
Epoch:105, Time:1ms, TotalError:0.0649888, ErrorChange:0.007887829
Epoch:106, Time:2ms, TotalError:0.04273115, ErrorChange:-0.022257648
Epoch:107, Time:1ms, TotalError:0.025370816, ErrorChange:-0.017360335
Epoch:108, Time:1ms, TotalError:0.020256372, ErrorChange:-0.0051144436
Epoch:109, Time:2ms, TotalError:0.14869036, ErrorChange:0.12843399
Epoch:110, Time:2ms, TotalError:0.196965, ErrorChange:0.048274636
Epoch:111, Time:2ms, TotalError:0.043457374, ErrorChange:-0.15350762
Epoch:112, Time:1ms, TotalError:0.039747335, ErrorChange:-0.003710039
Epoch:113, Time:1ms, TotalError:0.08518739, ErrorChange:0.045440055
Epoch:114, Time:2ms, TotalError:0.023891313, ErrorChange:-0.061296076
Epoch:115, Time:2ms, TotalError:0.01766089, ErrorChange:-0.006230423
Total Training Time: 388ms
Loading images...
Loaded 100 images
Done!
Creating neural network...
Done!
Training neural network
Epoch:1, Time:896ms, TotalError:2.365216, ErrorChange:2.365216
Epoch:2, Time:735ms, TotalError:2.344221, ErrorChange:-0.020994902
Epoch:3, Time:747ms, TotalError:2.3248637, ErrorChange:-0.019357443
Epoch:4, Time:731ms, TotalError:2.306047, ErrorChange:-0.01881671
Epoch:5, Time:734ms, TotalError:2.2874062, ErrorChange:-0.018640757
Epoch:6, Time:732ms, TotalError:2.2684522, ErrorChange:-0.018954039
Epoch:7, Time:731ms, TotalError:2.2526882, ErrorChange:-0.015763998
Epoch:8, Time:734ms, TotalError:2.2402787, ErrorChange:-0.012409449
Epoch:9, Time:734ms, TotalError:2.2303674, ErrorChange:-0.009911299
Epoch:10, Time:730ms, TotalError:2.2223012, ErrorChange:-0.008066177
Epoch:11, Time:737ms, TotalError:2.2132795, ErrorChange:-0.009021759
Epoch:12, Time:738ms, TotalError:2.198687, ErrorChange:-0.014592409
Epoch:13, Time:736ms, TotalError:2.1696205, ErrorChange:-0.029066563
Epoch:14, Time:737ms, TotalError:2.1154718, ErrorChange:-0.054148674
Epoch:15, Time:735ms, TotalError:2.045204, ErrorChange:-0.070267916
Epoch:16, Time:735ms, TotalError:1.9713324, ErrorChange:-0.07387149
Epoch:17, Time:735ms, TotalError:1.886116, ErrorChange:-0.0852164
Epoch:18, Time:735ms, TotalError:1.7970501, ErrorChange:-0.08906591
Epoch:19, Time:734ms, TotalError:1.7185534, ErrorChange:-0.078496695
Epoch:20, Time:732ms, TotalError:1.6595943, ErrorChange:-0.058959126
Epoch:21, Time:734ms, TotalError:1.5990067, ErrorChange:-0.060587645
Epoch:22, Time:734ms, TotalError:1.5274074, ErrorChange:-0.071599245
Epoch:23, Time:735ms, TotalError:1.4795816, ErrorChange:-0.047825813
Epoch:24, Time:736ms, TotalError:1.4401598, ErrorChange:-0.039421797
Epoch:25, Time:738ms, TotalError:1.4011586, ErrorChange:-0.039001226
Epoch:26, Time:734ms, TotalError:1.3639522, ErrorChange:-0.03720641
Epoch:27, Time:734ms, TotalError:1.3291144, ErrorChange:-0.034837723
Epoch:28, Time:734ms, TotalError:1.282773, ErrorChange:-0.04634142
Epoch:29, Time:734ms, TotalError:1.2394114, ErrorChange:-0.043361664
Epoch:30, Time:733ms, TotalError:1.1770424, ErrorChange:-0.06236899
Epoch:31, Time:732ms, TotalError:1.0952711, ErrorChange:-0.081771255
Epoch:32, Time:737ms, TotalError:1.0255483, ErrorChange:-0.06972277
Epoch:33, Time:733ms, TotalError:0.9998213, ErrorChange:-0.025727034
Epoch:34, Time:735ms, TotalError:0.97233206, ErrorChange:-0.027489245
Epoch:35, Time:734ms, TotalError:0.9385253, ErrorChange:-0.03380674
Epoch:36, Time:733ms, TotalError:0.91269875, ErrorChange:-0.025826573
Epoch:37, Time:733ms, TotalError:0.8815925, ErrorChange:-0.031106234
Epoch:38, Time:734ms, TotalError:0.8851019, ErrorChange:0.0035094023
Epoch:39, Time:738ms, TotalError:0.8436784, ErrorChange:-0.0414235
Epoch:40, Time:733ms, TotalError:0.8207071, ErrorChange:-0.022971332
Epoch:41, Time:734ms, TotalError:0.80467767, ErrorChange:-0.016029418
Epoch:42, Time:769ms, TotalError:0.79138666, ErrorChange:-0.013291001
Epoch:43, Time:801ms, TotalError:0.77784425, ErrorChange:-0.013542414
Epoch:44, Time:743ms, TotalError:0.76848525, ErrorChange:-0.009359002
Epoch:45, Time:734ms, TotalError:0.75571144, ErrorChange:-0.012773812
Epoch:46, Time:742ms, TotalError:0.74578965, ErrorChange:-0.009921789
Training convolutional network with MNIST data set
Loading images...
Loaded 1000 images
Creating neural network...
Training neural network
Epoch:1, Time:6063ms, TotalError:2.1186626, ErrorChange:2.1186626
Epoch:2, Time:5469ms, TotalError:1.0781605, ErrorChange:-1.0405021
Epoch:3, Time:5469ms, TotalError:0.5965188, ErrorChange:-0.4816417
Epoch:4, Time:5487ms, TotalError:0.43703845, ErrorChange:-0.15948036
Epoch:5, Time:5739ms, TotalError:0.40604153, ErrorChange:-0.030996919
Epoch:6, Time:5505ms, TotalError:0.32220322, ErrorChange:-0.083838314
Epoch:7, Time:5457ms, TotalError:0.30061072, ErrorChange:-0.021592498
Epoch:8, Time:5492ms, TotalError:0.2707391, ErrorChange:-0.029871613
Epoch:9, Time:5482ms, TotalError:0.24254985, ErrorChange:-0.028189257
Epoch:10, Time:5630ms, TotalError:0.24245848, ErrorChange:-9.137392E-5
Epoch:11, Time:5477ms, TotalError:0.20597336, ErrorChange:-0.03648512
Epoch:12, Time:5756ms, TotalError:0.2072326, ErrorChange:0.0012592375
Epoch:13, Time:5524ms, TotalError:0.18759911, ErrorChange:-0.019633487
Epoch:14, Time:5612ms, TotalError:0.18065678, ErrorChange:-0.006942332
Epoch:15, Time:5584ms, TotalError:0.17432149, ErrorChange:-0.0063352883
Epoch:16, Time:5793ms, TotalError:0.16796768, ErrorChange:-0.0063538104
Epoch:17, Time:5978ms, TotalError:0.16536358, ErrorChange:-0.0026040971
Epoch:18, Time:6382ms, TotalError:0.16132273, ErrorChange:-0.004040852
Epoch:19, Time:6293ms, TotalError:0.15920824, ErrorChange:-0.0021144897
Epoch:20, Time:5441ms, TotalError:0.15593366, ErrorChange:-0.0032745749
Epoch:21, Time:5468ms, TotalError:0.15314128, ErrorChange:-0.0027923882
Epoch:22, Time:5436ms, TotalError:0.15404916, ErrorChange:9.0788305E-4
Epoch:23, Time:5565ms, TotalError:0.15456125, ErrorChange:5.120933E-4
Epoch:24, Time:5452ms, TotalError:0.15503512, ErrorChange:4.7387183E-4
Epoch:25, Time:5465ms, TotalError:0.15542002, ErrorChange:3.84897E-4
Epoch:26, Time:5430ms, TotalError:0.15565047, ErrorChange:2.3044646E-4
Epoch:27, Time:5443ms, TotalError:0.15572383, ErrorChange:7.335842E-5
Epoch:28, Time:5432ms, TotalError:0.15562044, ErrorChange:-1.0338426E-4
Epoch:29, Time:5415ms, TotalError:0.15523708, ErrorChange:-3.8336217E-4
Epoch:30, Time:5411ms, TotalError:0.15417522, ErrorChange:-0.0010618567
Epoch:31, Time:5417ms, TotalError:0.14788751, ErrorChange:-0.006287709
Epoch:32, Time:5439ms, TotalError:0.14906164, ErrorChange:0.0011741221
Epoch:33, Time:5416ms, TotalError:0.14997476, ErrorChange:9.1312826E-4
Training convolutional network with MNIST data set
Loading images...
Loaded 1000 images
Creating neural network...
Training neural network
Epoch:1, Time:5678ms, TotalError:2.1186626, ErrorChange:2.1186626
Epoch:2, Time:5528ms, TotalError:1.0781605, ErrorChange:-1.0405021
Epoch:3, Time:5518ms, TotalError:0.5965188, ErrorChange:-0.4816417
Epoch:4, Time:5488ms, TotalError:0.43703845, ErrorChange:-0.15948036
Epoch:5, Time:5478ms, TotalError:0.40604153, ErrorChange:-0.030996919
Epoch:6, Time:5520ms, TotalError:0.32220322, ErrorChange:-0.083838314
Epoch:7, Time:5479ms, TotalError:0.30061072, ErrorChange:-0.021592498
Epoch:8, Time:5473ms, TotalError:0.2707391, ErrorChange:-0.029871613
Epoch:9, Time:5535ms, TotalError:0.24254985, ErrorChange:-0.028189257
Training convolutional network with MNIST data set
Loading images...
Loaded 1000 images
Creating neural network...
Training neural network
Epoch:1, Time:5653ms, TotalError:2.1186626, ErrorChange:2.1186626
Epoch:2, Time:5432ms, TotalError:1.0781605, ErrorChange:-1.0405021
Epoch:3, Time:5438ms, TotalError:0.5965188, ErrorChange:-0.4816417
Epoch:4, Time:5437ms, TotalError:0.43703845, ErrorChange:-0.15948036
Epoch:5, Time:5511ms, TotalError:0.40604153, ErrorChange:-0.030996919
Epoch:6, Time:5848ms, TotalError:0.32220322, ErrorChange:-0.083838314
Epoch:7, Time:6620ms, TotalError:0.30061072, ErrorChange:-0.021592498
Epoch:8, Time:6610ms, TotalError:0.2707391, ErrorChange:-0.029871613
Total Training Time: 46555ms
Training convolutional network with MNIST data set
Loading images...
Loaded 1000 images
Creating neural network...
Training neural network
Epoch:1, Time:6012ms, TotalError:2.1186626, ErrorChange:2.1186626
Epoch:2, Time:5726ms, TotalError:1.0781605, ErrorChange:-1.0405021
Epoch:3, Time:5857ms, TotalError:0.5965188, ErrorChange:-0.4816417
Epoch:4, Time:6749ms, TotalError:0.43703845, ErrorChange:-0.15948036
Epoch:5, Time:5790ms, TotalError:0.40604153, ErrorChange:-0.030996919
Epoch:6, Time:5737ms, TotalError:0.32220322, ErrorChange:-0.083838314
Epoch:7, Time:5700ms, TotalError:0.30061072, ErrorChange:-0.021592498
Epoch:8, Time:5811ms, TotalError:0.2707391, ErrorChange:-0.029871613
Total Training Time: 47385ms
Training convolutional network with MNIST data set
Loading images...
Loaded 1000 images
Creating neural network...
Training neural network
Epoch:1, Time:5972ms, TotalError:NaN, ErrorChange:NaN
Epoch:2, Time:5715ms, TotalError:NaN, ErrorChange:NaN
Training convolutional network with MNIST data set
Loading images...
Loaded 1000 images
Creating neural network...
Training neural network
Epoch:1, Time:5651ms, TotalError:NaN, ErrorChange:NaN
Epoch:2, Time:5432ms, TotalError:NaN, ErrorChange:NaN
Training convolutional network with MNIST data set
Loading images...
Loaded 1000 images
Creating neural network...
Training neural network
Epoch:1, Time:5855ms, TotalError:2.1186626, ErrorChange:2.1186626
Epoch:2, Time:5702ms, TotalError:1.0781605, ErrorChange:-1.0405021
Epoch:3, Time:5887ms, TotalError:0.5965188, ErrorChange:-0.4816417
Epoch:4, Time:6155ms, TotalError:0.43703845, ErrorChange:-0.15948036
Epoch:5, Time:6096ms, TotalError:0.40604153, ErrorChange:-0.030996919
Epoch:6, Time:6022ms, TotalError:0.32220322, ErrorChange:-0.083838314
Epoch:7, Time:5990ms, TotalError:0.30061072, ErrorChange:-0.021592498
Epoch:8, Time:5962ms, TotalError:0.2707391, ErrorChange:-0.029871613
Total Training Time: 47669ms
Loading images...
Loaded 93 images
Creating neural network...
Training neural network
Epoch:1, Time:630ms, TotalError:0.30721456, ErrorChange:0.30721456
Epoch:2, Time:462ms, TotalError:0.037225746, ErrorChange:-0.2699888
Epoch:3, Time:450ms, TotalError:0.02018183, ErrorChange:-0.017043917
Epoch:4, Time:447ms, TotalError:0.016035255, ErrorChange:-0.004146574
Total Training Time: 1992ms
Loading images...
Loaded 93 images
Creating neural network...
Training neural network
Epoch:1, Time:606ms, TotalError:NaN, ErrorChange:NaN
Epoch:2, Time:446ms, TotalError:NaN, ErrorChange:NaN
Epoch:3, Time:431ms, TotalError:NaN, ErrorChange:NaN
Epoch:4, Time:429ms, TotalError:NaN, ErrorChange:NaN
Epoch:5, Time:432ms, TotalError:NaN, ErrorChange:NaN
Epoch:6, Time:430ms, TotalError:NaN, ErrorChange:NaN
Epoch:7, Time:438ms, TotalError:NaN, ErrorChange:NaN
Epoch:8, Time:429ms, TotalError:NaN, ErrorChange:NaN
Epoch:9, Time:435ms, TotalError:NaN, ErrorChange:NaN
Epoch:10, Time:430ms, TotalError:NaN, ErrorChange:NaN
Epoch:11, Time:433ms, TotalError:NaN, ErrorChange:NaN
Epoch:12, Time:431ms, TotalError:NaN, ErrorChange:NaN
Epoch:13, Time:430ms, TotalError:NaN, ErrorChange:NaN
Epoch:14, Time:435ms, TotalError:NaN, ErrorChange:NaN
Epoch:15, Time:431ms, TotalError:NaN, ErrorChange:NaN
Epoch:16, Time:433ms, TotalError:NaN, ErrorChange:NaN
Epoch:17, Time:432ms, TotalError:NaN, ErrorChange:NaN
Epoch:18, Time:433ms, TotalError:NaN, ErrorChange:NaN
Epoch:19, Time:434ms, TotalError:NaN, ErrorChange:NaN
Epoch:20, Time:430ms, TotalError:NaN, ErrorChange:NaN
Epoch:21, Time:430ms, TotalError:NaN, ErrorChange:NaN
Epoch:22, Time:430ms, TotalError:NaN, ErrorChange:NaN
Epoch:23, Time:430ms, TotalError:NaN, ErrorChange:NaN
Epoch:24, Time:432ms, TotalError:NaN, ErrorChange:NaN
Epoch:25, Time:430ms, TotalError:NaN, ErrorChange:NaN
Epoch:26, Time:429ms, TotalError:NaN, ErrorChange:NaN
Epoch:27, Time:428ms, TotalError:NaN, ErrorChange:NaN
Epoch:28, Time:427ms, TotalError:NaN, ErrorChange:NaN
Epoch:29, Time:428ms, TotalError:NaN, ErrorChange:NaN
Epoch:30, Time:433ms, TotalError:NaN, ErrorChange:NaN
Epoch:31, Time:429ms, TotalError:NaN, ErrorChange:NaN
Epoch:32, Time:471ms, TotalError:NaN, ErrorChange:NaN
Epoch:33, Time:428ms, TotalError:NaN, ErrorChange:NaN
Epoch:34, Time:430ms, TotalError:NaN, ErrorChange:NaN
Epoch:35, Time:429ms, TotalError:NaN, ErrorChange:NaN
Epoch:36, Time:431ms, TotalError:NaN, ErrorChange:NaN
Epoch:37, Time:436ms, TotalError:NaN, ErrorChange:NaN
Epoch:38, Time:468ms, TotalError:NaN, ErrorChange:NaN
Epoch:39, Time:443ms, TotalError:NaN, ErrorChange:NaN
Epoch:40, Time:435ms, TotalError:NaN, ErrorChange:NaN
Epoch:41, Time:433ms, TotalError:NaN, ErrorChange:NaN
Epoch:42, Time:454ms, TotalError:NaN, ErrorChange:NaN
Epoch:43, Time:440ms, TotalError:NaN, ErrorChange:NaN
Epoch:44, Time:438ms, TotalError:NaN, ErrorChange:NaN
Epoch:45, Time:430ms, TotalError:NaN, ErrorChange:NaN
Epoch:46, Time:467ms, TotalError:NaN, ErrorChange:NaN
Epoch:47, Time:458ms, TotalError:NaN, ErrorChange:NaN
Epoch:48, Time:436ms, TotalError:NaN, ErrorChange:NaN
Epoch:49, Time:441ms, TotalError:NaN, ErrorChange:NaN
Epoch:50, Time:553ms, TotalError:NaN, ErrorChange:NaN
Epoch:51, Time:447ms, TotalError:NaN, ErrorChange:NaN
Epoch:52, Time:764ms, TotalError:NaN, ErrorChange:NaN
Epoch:53, Time:860ms, TotalError:NaN, ErrorChange:NaN
Epoch:54, Time:487ms, TotalError:NaN, ErrorChange:NaN
Epoch:55, Time:451ms, TotalError:NaN, ErrorChange:NaN
Epoch:56, Time:474ms, TotalError:NaN, ErrorChange:NaN
Epoch:57, Time:678ms, TotalError:NaN, ErrorChange:NaN
Epoch:58, Time:470ms, TotalError:NaN, ErrorChange:NaN
Epoch:59, Time:429ms, TotalError:NaN, ErrorChange:NaN
Epoch:60, Time:431ms, TotalError:NaN, ErrorChange:NaN
Epoch:61, Time:454ms, TotalError:NaN, ErrorChange:NaN
Epoch:62, Time:434ms, TotalError:NaN, ErrorChange:NaN
Epoch:63, Time:472ms, TotalError:NaN, ErrorChange:NaN
Epoch:64, Time:437ms, TotalError:NaN, ErrorChange:NaN
Loading images...
Loaded 93 images
Creating neural network...
Training neural network
Epoch:1, Time:578ms, TotalError:0.30721456, ErrorChange:0.30721456
Epoch:2, Time:438ms, TotalError:0.037225746, ErrorChange:-0.2699888
Epoch:3, Time:429ms, TotalError:0.02018183, ErrorChange:-0.017043917
Epoch:4, Time:426ms, TotalError:0.016035255, ErrorChange:-0.004146574
Total Training Time: 1872ms
Loading images...
Loaded 93 images
Creating neural network...
Training neural network
Epoch:1, Time:713ms, TotalError:0.30721456, ErrorChange:0.30721456
Epoch:2, Time:496ms, TotalError:0.037225746, ErrorChange:-0.2699888
Epoch:3, Time:497ms, TotalError:0.02018183, ErrorChange:-0.017043917
Epoch:4, Time:480ms, TotalError:0.016035255, ErrorChange:-0.004146574
Total Training Time: 2189ms
Loading images...
Loaded 93 images
Creating neural network...
Training neural network
Epoch:1, Time:148488ms, TotalError:NaN, ErrorChange:NaN
Epoch:2, Time:499ms, TotalError:NaN, ErrorChange:NaN
Epoch:3, Time:492ms, TotalError:NaN, ErrorChange:NaN
Epoch:4, Time:484ms, TotalError:NaN, ErrorChange:NaN
Epoch:5, Time:484ms, TotalError:NaN, ErrorChange:NaN
Epoch:6, Time:486ms, TotalError:NaN, ErrorChange:NaN
Epoch:7, Time:492ms, TotalError:NaN, ErrorChange:NaN
Epoch:8, Time:487ms, TotalError:NaN, ErrorChange:NaN
Epoch:9, Time:553ms, TotalError:NaN, ErrorChange:NaN
Epoch:10, Time:488ms, TotalError:NaN, ErrorChange:NaN
Epoch:11, Time:626ms, TotalError:NaN, ErrorChange:NaN
Epoch:12, Time:600ms, TotalError:NaN, ErrorChange:NaN
Epoch:13, Time:514ms, TotalError:NaN, ErrorChange:NaN
Epoch:14, Time:500ms, TotalError:NaN, ErrorChange:NaN
Epoch:15, Time:488ms, TotalError:NaN, ErrorChange:NaN
Epoch:16, Time:491ms, TotalError:NaN, ErrorChange:NaN
Epoch:17, Time:499ms, TotalError:NaN, ErrorChange:NaN
Epoch:18, Time:502ms, TotalError:NaN, ErrorChange:NaN
Epoch:19, Time:499ms, TotalError:NaN, ErrorChange:NaN
Epoch:20, Time:761ms, TotalError:NaN, ErrorChange:NaN
Epoch:21, Time:491ms, TotalError:NaN, ErrorChange:NaN
Epoch:22, Time:494ms, TotalError:NaN, ErrorChange:NaN
Epoch:23, Time:489ms, TotalError:NaN, ErrorChange:NaN
Epoch:24, Time:492ms, TotalError:NaN, ErrorChange:NaN
Epoch:25, Time:493ms, TotalError:NaN, ErrorChange:NaN
Epoch:26, Time:501ms, TotalError:NaN, ErrorChange:NaN
Epoch:27, Time:497ms, TotalError:NaN, ErrorChange:NaN
Epoch:28, Time:593ms, TotalError:NaN, ErrorChange:NaN
Epoch:29, Time:490ms, TotalError:NaN, ErrorChange:NaN
Epoch:30, Time:499ms, TotalError:NaN, ErrorChange:NaN
Epoch:31, Time:499ms, TotalError:NaN, ErrorChange:NaN
Epoch:32, Time:506ms, TotalError:NaN, ErrorChange:NaN
Epoch:33, Time:503ms, TotalError:NaN, ErrorChange:NaN
Epoch:34, Time:511ms, TotalError:NaN, ErrorChange:NaN
Epoch:35, Time:508ms, TotalError:NaN, ErrorChange:NaN
Epoch:36, Time:595ms, TotalError:NaN, ErrorChange:NaN
Epoch:37, Time:495ms, TotalError:NaN, ErrorChange:NaN
Epoch:38, Time:500ms, TotalError:NaN, ErrorChange:NaN
Epoch:39, Time:514ms, TotalError:NaN, ErrorChange:NaN
Epoch:40, Time:520ms, TotalError:NaN, ErrorChange:NaN
Epoch:41, Time:513ms, TotalError:NaN, ErrorChange:NaN
Epoch:42, Time:500ms, TotalError:NaN, ErrorChange:NaN
Epoch:43, Time:501ms, TotalError:NaN, ErrorChange:NaN
Epoch:44, Time:514ms, TotalError:NaN, ErrorChange:NaN
Loading images...
Loaded 93 images
Creating neural network...
Training neural network
Epoch:1, Time:627ms, TotalError:NaN, ErrorChange:NaN
Epoch:2, Time:442ms, TotalError:NaN, ErrorChange:NaN
Epoch:3, Time:440ms, TotalError:NaN, ErrorChange:NaN
Epoch:4, Time:437ms, TotalError:NaN, ErrorChange:NaN
Epoch:5, Time:436ms, TotalError:NaN, ErrorChange:NaN
Epoch:6, Time:438ms, TotalError:NaN, ErrorChange:NaN
Epoch:7, Time:440ms, TotalError:NaN, ErrorChange:NaN
Epoch:8, Time:440ms, TotalError:NaN, ErrorChange:NaN
Epoch:9, Time:441ms, TotalError:NaN, ErrorChange:NaN
Epoch:10, Time:434ms, TotalError:NaN, ErrorChange:NaN
Epoch:11, Time:432ms, TotalError:NaN, ErrorChange:NaN
Epoch:12, Time:432ms, TotalError:NaN, ErrorChange:NaN
Epoch:13, Time:618ms, TotalError:NaN, ErrorChange:NaN
Epoch:14, Time:453ms, TotalError:NaN, ErrorChange:NaN
Epoch:15, Time:434ms, TotalError:NaN, ErrorChange:NaN
Epoch:16, Time:431ms, TotalError:NaN, ErrorChange:NaN
Epoch:17, Time:432ms, TotalError:NaN, ErrorChange:NaN
Epoch:18, Time:434ms, TotalError:NaN, ErrorChange:NaN
Epoch:19, Time:435ms, TotalError:NaN, ErrorChange:NaN
Epoch:20, Time:437ms, TotalError:NaN, ErrorChange:NaN
Epoch:21, Time:432ms, TotalError:NaN, ErrorChange:NaN
Epoch:22, Time:433ms, TotalError:NaN, ErrorChange:NaN
Epoch:23, Time:433ms, TotalError:NaN, ErrorChange:NaN
Epoch:24, Time:431ms, TotalError:NaN, ErrorChange:NaN
Epoch:25, Time:433ms, TotalError:NaN, ErrorChange:NaN
Epoch:26, Time:435ms, TotalError:NaN, ErrorChange:NaN
Epoch:27, Time:432ms, TotalError:NaN, ErrorChange:NaN
Epoch:28, Time:442ms, TotalError:NaN, ErrorChange:NaN
Epoch:29, Time:434ms, TotalError:NaN, ErrorChange:NaN
Epoch:30, Time:436ms, TotalError:NaN, ErrorChange:NaN
Epoch:31, Time:440ms, TotalError:NaN, ErrorChange:NaN
Epoch:32, Time:434ms, TotalError:NaN, ErrorChange:NaN
Epoch:33, Time:444ms, TotalError:NaN, ErrorChange:NaN
Epoch:34, Time:438ms, TotalError:NaN, ErrorChange:NaN
Epoch:35, Time:432ms, TotalError:NaN, ErrorChange:NaN
Epoch:36, Time:436ms, TotalError:NaN, ErrorChange:NaN
Epoch:37, Time:431ms, TotalError:NaN, ErrorChange:NaN
Epoch:38, Time:433ms, TotalError:NaN, ErrorChange:NaN
Epoch:39, Time:431ms, TotalError:NaN, ErrorChange:NaN
Epoch:40, Time:431ms, TotalError:NaN, ErrorChange:NaN
Epoch:41, Time:432ms, TotalError:NaN, ErrorChange:NaN
Epoch:42, Time:442ms, TotalError:NaN, ErrorChange:NaN
Epoch:43, Time:439ms, TotalError:NaN, ErrorChange:NaN
Epoch:44, Time:435ms, TotalError:NaN, ErrorChange:NaN
Epoch:45, Time:435ms, TotalError:NaN, ErrorChange:NaN
Epoch:46, Time:436ms, TotalError:NaN, ErrorChange:NaN
Epoch:47, Time:437ms, TotalError:NaN, ErrorChange:NaN
Epoch:48, Time:446ms, TotalError:NaN, ErrorChange:NaN
Epoch:49, Time:444ms, TotalError:NaN, ErrorChange:NaN
Epoch:50, Time:444ms, TotalError:NaN, ErrorChange:NaN
Epoch:51, Time:497ms, TotalError:NaN, ErrorChange:NaN
Epoch:52, Time:480ms, TotalError:NaN, ErrorChange:NaN
Epoch:53, Time:466ms, TotalError:NaN, ErrorChange:NaN
Epoch:54, Time:438ms, TotalError:NaN, ErrorChange:NaN
Loading images...
Loaded 93 images
Creating neural network...
Training neural network
Epoch:1, Time:599ms, TotalError:0.30721456, ErrorChange:0.30721456
Epoch:2, Time:452ms, TotalError:0.037225746, ErrorChange:-0.2699888
Epoch:3, Time:441ms, TotalError:0.02018183, ErrorChange:-0.017043917
Epoch:4, Time:434ms, TotalError:0.016035255, ErrorChange:-0.004146574
Total Training Time: 1929ms
Loading images...
Loaded 93 images
Creating neural network...
Training neural network
Epoch:1, Time:596ms, TotalError:NaN, ErrorChange:NaN
Epoch:2, Time:440ms, TotalError:NaN, ErrorChange:NaN
Epoch:3, Time:442ms, TotalError:NaN, ErrorChange:NaN
Epoch:4, Time:459ms, TotalError:NaN, ErrorChange:NaN
Epoch:5, Time:458ms, TotalError:NaN, ErrorChange:NaN
Epoch:6, Time:454ms, TotalError:NaN, ErrorChange:NaN
Loading images...
Loaded 93 images
Creating neural network...
Training neural network
Epoch:1, Time:597ms, TotalError:0.30721456, ErrorChange:0.30721456
Epoch:2, Time:445ms, TotalError:0.037225746, ErrorChange:-0.2699888
Epoch:3, Time:440ms, TotalError:0.02018183, ErrorChange:-0.017043917
Epoch:4, Time:442ms, TotalError:0.016035255, ErrorChange:-0.004146574
Total Training Time: 1926ms
Loading images...
Loaded 93 images
Creating neural network...
Loading images...
Loaded 93 images
Creating neural network...
Training neural network
Epoch:1, Time:609ms, TotalError:0.30721456, ErrorChange:0.30721456
Epoch:2, Time:449ms, TotalError:0.037225746, ErrorChange:-0.2699888
Epoch:3, Time:432ms, TotalError:0.02018183, ErrorChange:-0.017043917
Epoch:4, Time:430ms, TotalError:0.016035255, ErrorChange:-0.004146574
Total Training Time: 1922ms
Loading images...
Loaded 93 images
Creating neural network...
Training neural network
Epoch:1, Time:619ms, TotalError:0.30721456, ErrorChange:0.30721456
Epoch:2, Time:438ms, TotalError:0.037225746, ErrorChange:-0.2699888
Epoch:3, Time:435ms, TotalError:0.02018183, ErrorChange:-0.017043917
Epoch:4, Time:435ms, TotalError:0.016035255, ErrorChange:-0.004146574
Total Training Time: 1928ms
Loaded 472 images
Epoch:1, Time:5604ms, TotalError:0.25581536, ErrorChange:0.25581536
Epoch:2, Time:5256ms, TotalError:0.08765973, ErrorChange:-0.16815563
Epoch:3, Time:5274ms, TotalError:0.070707686, ErrorChange:-0.016952045
Epoch:4, Time:5303ms, TotalError:0.059603844, ErrorChange:-0.011103842
Epoch:5, Time:5250ms, TotalError:0.05335525, ErrorChange:-0.0062485933
Epoch:6, Time:5243ms, TotalError:0.049839232, ErrorChange:-0.0035160184
Epoch:7, Time:5246ms, TotalError:0.046800356, ErrorChange:-0.0030388758
Epoch:8, Time:5241ms, TotalError:0.04482625, ErrorChange:-0.0019741058
Epoch:9, Time:5236ms, TotalError:0.042707734, ErrorChange:-0.0021185167
Epoch:10, Time:5309ms, TotalError:0.040773295, ErrorChange:-0.001934439
Epoch:11, Time:5446ms, TotalError:0.039271683, ErrorChange:-0.0015016124
Epoch:12, Time:5277ms, TotalError:0.038007256, ErrorChange:-0.0012644269
Epoch:13, Time:5241ms, TotalError:0.036690716, ErrorChange:-0.00131654
Epoch:14, Time:5242ms, TotalError:0.03521007, ErrorChange:-0.0014806464
Epoch:15, Time:5240ms, TotalError:0.03412301, ErrorChange:-0.0010870583
Epoch:16, Time:5240ms, TotalError:0.032747224, ErrorChange:-0.001375787
Epoch:17, Time:5245ms, TotalError:0.031411115, ErrorChange:-0.0013361089
Epoch:18, Time:5246ms, TotalError:0.030304732, ErrorChange:-0.0011063833
Epoch:19, Time:5238ms, TotalError:0.028932938, ErrorChange:-0.0013717934
Total Training Time: 100385ms
Training convolutional network with MNIST data set
Loading images...
Loaded 1000 images
Creating neural network...
Training neural network
Epoch:1, Time:5595ms, TotalError:NaN, ErrorChange:NaN
Epoch:2, Time:5345ms, TotalError:NaN, ErrorChange:NaN
Epoch:3, Time:5377ms, TotalError:NaN, ErrorChange:NaN
Epoch:4, Time:5370ms, TotalError:NaN, ErrorChange:NaN
Training convolutional network with MNIST data set
Loading images...
Loaded 1000 images
Creating neural network...
Training neural network
Epoch:1, Time:5622ms, TotalError:1.2498837, ErrorChange:1.2498837
Epoch:2, Time:5377ms, TotalError:0.5893498, ErrorChange:-0.66053385
Epoch:3, Time:5426ms, TotalError:0.52179635, ErrorChange:-0.06755346
Epoch:4, Time:5468ms, TotalError:0.37498733, ErrorChange:-0.14680901
Epoch:5, Time:5483ms, TotalError:0.36077204, ErrorChange:-0.014215291
Epoch:6, Time:5406ms, TotalError:0.49073142, ErrorChange:0.12995937
Epoch:7, Time:5387ms, TotalError:0.26159647, ErrorChange:-0.22913495
Total Training Time: 38173ms
Loading images...
Loaded 100 images
Done!
Creating neural network...
Done!
Training neural network
Epoch:1, Time:925ms, TotalError:2.3316002, ErrorChange:2.3316002
Epoch:2, Time:744ms, TotalError:2.1704051, ErrorChange:-0.16119504
Epoch:3, Time:745ms, TotalError:1.992461, ErrorChange:-0.17794418
Epoch:4, Time:734ms, TotalError:1.7758584, ErrorChange:-0.21660256
Epoch:5, Time:735ms, TotalError:1.493406, ErrorChange:-0.28245234
Epoch:6, Time:738ms, TotalError:1.1695935, ErrorChange:-0.3238126
Epoch:7, Time:735ms, TotalError:0.8024226, ErrorChange:-0.36717087
Epoch:8, Time:740ms, TotalError:0.51974535, ErrorChange:-0.28267723
Epoch:9, Time:734ms, TotalError:0.33190438, ErrorChange:-0.18784097
Total Training Time: 6832ms
Loading images...
Loaded 100 images
Done!
Creating neural network...
Done!
Training neural network
Epoch:1, Time:922ms, TotalError:2.3316002, ErrorChange:2.3316002
Epoch:2, Time:740ms, TotalError:2.1704051, ErrorChange:-0.16119504
Epoch:3, Time:738ms, TotalError:1.992461, ErrorChange:-0.17794418
Epoch:4, Time:743ms, TotalError:1.7758584, ErrorChange:-0.21660256
Epoch:5, Time:775ms, TotalError:1.493406, ErrorChange:-0.28245234
Epoch:6, Time:740ms, TotalError:1.1695935, ErrorChange:-0.3238126
Epoch:7, Time:737ms, TotalError:0.8024226, ErrorChange:-0.36717087
Epoch:8, Time:735ms, TotalError:0.51974535, ErrorChange:-0.28267723
Epoch:9, Time:750ms, TotalError:0.33190438, ErrorChange:-0.18784097
Epoch:10, Time:732ms, TotalError:0.20227139, ErrorChange:-0.129633
Epoch:11, Time:740ms, TotalError:0.10924932, ErrorChange:-0.09302206
Epoch:12, Time:747ms, TotalError:0.072131954, ErrorChange:-0.03711737
Total Training Time: 9102ms
Training convolutional network with MNIST data set
Loading images...
Loaded 1000 images
Creating neural network...
Training neural network
Epoch:1, Time:5640ms, TotalError:1.2498837, ErrorChange:1.2498837
Epoch:2, Time:5380ms, TotalError:0.5893498, ErrorChange:-0.66053385
Epoch:3, Time:5383ms, TotalError:0.52179635, ErrorChange:-0.06755346
Epoch:4, Time:5380ms, TotalError:0.37498733, ErrorChange:-0.14680901
Epoch:5, Time:5383ms, TotalError:0.36077204, ErrorChange:-0.014215291
Epoch:6, Time:5386ms, TotalError:0.49073142, ErrorChange:0.12995937
Epoch:7, Time:5382ms, TotalError:0.26159647, ErrorChange:-0.22913495
Total Training Time: 37937ms
Training convolutional network with MNIST data set
Loading images...
Loaded 1000 images
Creating neural network...
Training neural network
Epoch:1, Time:5613ms, TotalError:1.2498837, ErrorChange:1.2498837
Epoch:2, Time:5455ms, TotalError:0.5893498, ErrorChange:-0.66053385
Epoch:3, Time:5632ms, TotalError:0.52179635, ErrorChange:-0.06755346
Epoch:4, Time:5502ms, TotalError:0.37498733, ErrorChange:-0.14680901
Epoch:5, Time:5423ms, TotalError:0.36077204, ErrorChange:-0.014215291
Epoch:6, Time:5410ms, TotalError:0.49073142, ErrorChange:0.12995937
Epoch:7, Time:5407ms, TotalError:0.26159647, ErrorChange:-0.22913495
Epoch:8, Time:5426ms, TotalError:0.16372305, ErrorChange:-0.09787342
Epoch:9, Time:5419ms, TotalError:0.44266674, ErrorChange:0.2789437
Epoch:10, Time:5413ms, TotalError:0.32357997, ErrorChange:-0.11908677
Epoch:11, Time:5419ms, TotalError:0.24156319, ErrorChange:-0.08201678
Epoch:12, Time:5412ms, TotalError:0.22496854, ErrorChange:-0.016594648
Epoch:13, Time:5422ms, TotalError:0.27283555, ErrorChange:0.047867015
Epoch:14, Time:5414ms, TotalError:0.27999803, ErrorChange:0.0071624815
Epoch:15, Time:5430ms, TotalError:0.13152827, ErrorChange:-0.14846976
Epoch:16, Time:5425ms, TotalError:0.2656315, ErrorChange:0.13410322
Epoch:17, Time:5420ms, TotalError:1.0646911, ErrorChange:0.79905957
Epoch:18, Time:5422ms, TotalError:Infinity, ErrorChange:Infinity
Epoch:19, Time:5408ms, TotalError:1.0683154, ErrorChange:-Infinity
Epoch:20, Time:5408ms, TotalError:1.0321778, ErrorChange:-0.03613758
Epoch:21, Time:5419ms, TotalError:0.8144748, ErrorChange:-0.21770298
Epoch:22, Time:5442ms, TotalError:0.5484945, ErrorChange:-0.2659803
Epoch:23, Time:5419ms, TotalError:1.0402762, ErrorChange:0.49178165
Epoch:24, Time:5415ms, TotalError:Infinity, ErrorChange:Infinity
Epoch:25, Time:5625ms, TotalError:1.2222859, ErrorChange:-Infinity
Epoch:26, Time:5517ms, TotalError:0.9622984, ErrorChange:-0.25998747
Epoch:27, Time:5418ms, TotalError:0.92345136, ErrorChange:-0.03884703
Epoch:28, Time:5399ms, TotalError:1.1109896, ErrorChange:0.1875382
Epoch:29, Time:5407ms, TotalError:1.2503514, ErrorChange:0.13936186
Epoch:30, Time:5420ms, TotalError:1.0346948, ErrorChange:-0.21565664
Epoch:31, Time:5436ms, TotalError:1.1216497, ErrorChange:0.08695495
Epoch:32, Time:5426ms, TotalError:1.4876454, ErrorChange:0.36599565
Epoch:33, Time:5417ms, TotalError:1.7267592, ErrorChange:0.23911381
Epoch:34, Time:5417ms, TotalError:1.4807403, ErrorChange:-0.24601889
Epoch:35, Time:5426ms, TotalError:1.4185154, ErrorChange:-0.062224865
Epoch:36, Time:5424ms, TotalError:1.7015718, ErrorChange:0.28305638
Epoch:37, Time:5439ms, TotalError:1.8782347, ErrorChange:0.17666292
Epoch:38, Time:5418ms, TotalError:Infinity, ErrorChange:Infinity
Epoch:39, Time:5409ms, TotalError:1.9833916, ErrorChange:-Infinity
Epoch:40, Time:5410ms, TotalError:Infinity, ErrorChange:Infinity
Epoch:41, Time:5432ms, TotalError:Infinity, ErrorChange:NaN
Epoch:42, Time:5495ms, TotalError:2.3133256, ErrorChange:-Infinity
Epoch:43, Time:5366ms, TotalError:2.3129525, ErrorChange:-3.7312508E-4
Epoch:44, Time:5374ms, TotalError:2.3127387, ErrorChange:-2.1386147E-4
Epoch:45, Time:5373ms, TotalError:2.3125556, ErrorChange:-1.8310547E-4
Epoch:46, Time:5372ms, TotalError:2.3123915, ErrorChange:-1.6403198E-4
Epoch:47, Time:5413ms, TotalError:2.3122456, ErrorChange:-1.4591217E-4
Epoch:48, Time:5426ms, TotalError:2.3121147, ErrorChange:-1.308918E-4
Epoch:49, Time:5375ms, TotalError:2.3119974, ErrorChange:-1.1730194E-4
Epoch:50, Time:5364ms, TotalError:2.3118932, ErrorChange:-1.0418892E-4
Epoch:51, Time:5358ms, TotalError:2.3118002, ErrorChange:-9.2983246E-5
Epoch:52, Time:5366ms, TotalError:2.3117185, ErrorChange:-8.177757E-5
Epoch:53, Time:5445ms, TotalError:2.3116438, ErrorChange:-7.4625015E-5
Epoch:54, Time:5390ms, TotalError:2.311579, ErrorChange:-6.484985E-5
Epoch:55, Time:5477ms, TotalError:2.3115225, ErrorChange:-5.6505203E-5
Epoch:56, Time:5676ms, TotalError:2.3114712, ErrorChange:-5.1259995E-5
Epoch:57, Time:5574ms, TotalError:2.3114243, ErrorChange:-4.696846E-5
Epoch:58, Time:5360ms, TotalError:2.3113852, ErrorChange:-3.9100647E-5
Epoch:59, Time:5355ms, TotalError:2.311349, ErrorChange:-3.6239624E-5
Epoch:60, Time:5392ms, TotalError:2.3113177, ErrorChange:-3.1232834E-5
Epoch:61, Time:5387ms, TotalError:2.311287, ErrorChange:-3.0755997E-5
Epoch:62, Time:5385ms, TotalError:2.3112607, ErrorChange:-2.6226044E-5
Epoch:63, Time:5416ms, TotalError:2.3112376, ErrorChange:-2.3126602E-5
Epoch:64, Time:5370ms, TotalError:2.3112173, ErrorChange:-2.026558E-5
Epoch:65, Time:5398ms, TotalError:2.3111985, ErrorChange:-1.8835068E-5
Epoch:66, Time:5379ms, TotalError:2.3111806, ErrorChange:-1.7881393E-5
Epoch:67, Time:5414ms, TotalError:2.3111658, ErrorChange:-1.4781952E-5
Training convolutional network with MNIST data set
Loading images...
Loaded 1000 images
Creating neural network...
Training neural network
Epoch:1, Time:5591ms, TotalError:2.3530102, ErrorChange:2.3530102
Epoch:2, Time:5412ms, TotalError:2.3489246, ErrorChange:-0.004085541
Epoch:3, Time:5368ms, TotalError:2.3489246, ErrorChange:0.0
Epoch:4, Time:5376ms, TotalError:2.3489246, ErrorChange:0.0
Epoch:5, Time:5381ms, TotalError:2.3489246, ErrorChange:0.0
Epoch:6, Time:5389ms, TotalError:2.3489246, ErrorChange:0.0
Epoch:7, Time:5385ms, TotalError:2.3489246, ErrorChange:0.0
Epoch:8, Time:5422ms, TotalError:2.3489246, ErrorChange:0.0
Training convolutional network with MNIST data set
Loading images...
Loaded 1000 images
Creating neural network...
Training neural network
Epoch:1, Time:5700ms, TotalError:1.3823459, ErrorChange:1.3823459
Epoch:2, Time:5483ms, TotalError:0.4994255, ErrorChange:-0.8829204
Epoch:3, Time:5435ms, TotalError:0.26814646, ErrorChange:-0.23127905
Epoch:4, Time:5438ms, TotalError:0.17020492, ErrorChange:-0.09794153
Total Training Time: 22057ms
Epoch:1, Time:90ms, TotalError:0.12317552, ErrorChange:0.12317552
Epoch:2, Time:13ms, TotalError:0.18246105, ErrorChange:0.059285536
Epoch:3, Time:8ms, TotalError:0.1757343, ErrorChange:-0.0067267567
Epoch:4, Time:8ms, TotalError:0.15937907, ErrorChange:-0.016355231
Epoch:5, Time:8ms, TotalError:0.1463435, ErrorChange:-0.013035566
Epoch:6, Time:8ms, TotalError:0.13853028, ErrorChange:-0.007813215
Epoch:7, Time:8ms, TotalError:0.16732125, ErrorChange:0.028790966
Epoch:8, Time:5ms, TotalError:0.12454402, ErrorChange:-0.042777233
Epoch:9, Time:4ms, TotalError:0.1089019, ErrorChange:-0.015642114
Epoch:10, Time:4ms, TotalError:0.10110487, ErrorChange:-0.0077970326
Epoch:11, Time:4ms, TotalError:0.091636844, ErrorChange:-0.009468026
Epoch:12, Time:4ms, TotalError:0.08084552, ErrorChange:-0.010791324
Epoch:13, Time:4ms, TotalError:0.07361682, ErrorChange:-0.0072287023
Epoch:14, Time:4ms, TotalError:0.05843371, ErrorChange:-0.015183106
Epoch:15, Time:4ms, TotalError:0.06323822, ErrorChange:0.004804507
Epoch:16, Time:3ms, TotalError:0.04946109, ErrorChange:-0.013777129
Epoch:17, Time:2ms, TotalError:0.03972529, ErrorChange:-0.0097358
Epoch:18, Time:2ms, TotalError:0.028032742, ErrorChange:-0.011692546
Epoch:19, Time:3ms, TotalError:0.016384574, ErrorChange:-0.011648169
Total Training Time: 206ms
Epoch:1, Time:75ms, TotalError:0.13916187, ErrorChange:0.13916187
Epoch:2, Time:9ms, TotalError:0.1758623, ErrorChange:0.036700428
Epoch:3, Time:9ms, TotalError:0.17571217, ErrorChange:-1.501292E-4
Epoch:4, Time:9ms, TotalError:0.17495038, ErrorChange:-7.6179206E-4
Epoch:5, Time:9ms, TotalError:0.17465837, ErrorChange:-2.9200315E-4
Epoch:6, Time:9ms, TotalError:0.17482002, ErrorChange:1.616478E-4
Epoch:7, Time:9ms, TotalError:0.17523053, ErrorChange:4.105121E-4
Epoch:8, Time:3ms, TotalError:0.17569669, ErrorChange:4.6615303E-4
Epoch:9, Time:2ms, TotalError:0.17610621, ErrorChange:4.095286E-4
Epoch:10, Time:1ms, TotalError:0.1765342, ErrorChange:4.2799115E-4
Epoch:11, Time:6ms, TotalError:0.17712072, ErrorChange:5.865097E-4
Epoch:12, Time:2ms, TotalError:0.17785001, ErrorChange:7.2929263E-4
Epoch:13, Time:2ms, TotalError:0.17855783, ErrorChange:7.0782006E-4
Epoch:14, Time:1ms, TotalError:0.17908691, ErrorChange:5.2908063E-4
Epoch:15, Time:1ms, TotalError:0.17938453, ErrorChange:2.976209E-4
Epoch:16, Time:2ms, TotalError:0.17954385, ErrorChange:1.5932322E-4
Epoch:17, Time:1ms, TotalError:0.17974134, ErrorChange:1.9748509E-4
Epoch:18, Time:1ms, TotalError:0.18005332, ErrorChange:3.119856E-4
Epoch:19, Time:2ms, TotalError:0.18045227, ErrorChange:3.989488E-4
Epoch:20, Time:1ms, TotalError:0.1809112, ErrorChange:4.5892596E-4
Epoch:21, Time:1ms, TotalError:0.1814226, ErrorChange:5.1140785E-4
Epoch:22, Time:2ms, TotalError:0.18196134, ErrorChange:5.387366E-4
Epoch:23, Time:1ms, TotalError:0.1824484, ErrorChange:4.8705935E-4
Epoch:24, Time:1ms, TotalError:0.18271366, ErrorChange:2.6525557E-4
Epoch:25, Time:2ms, TotalError:0.18244106, ErrorChange:-2.7260184E-4
Epoch:26, Time:2ms, TotalError:0.18107504, ErrorChange:-0.0013660192
Epoch:27, Time:1ms, TotalError:0.1776379, ErrorChange:-0.0034371316
Epoch:28, Time:2ms, TotalError:0.17085223, ErrorChange:-0.006785676
Epoch:29, Time:1ms, TotalError:0.16180919, ErrorChange:-0.009043038
Epoch:30, Time:1ms, TotalError:0.15568171, ErrorChange:-0.0061274767
Epoch:31, Time:2ms, TotalError:0.15285826, ErrorChange:-0.0028234571
Epoch:32, Time:2ms, TotalError:0.14432785, ErrorChange:-0.008530408
Epoch:33, Time:2ms, TotalError:0.14404882, ErrorChange:-2.7902424E-4
Epoch:34, Time:3ms, TotalError:0.14509594, ErrorChange:0.0010471195
Epoch:35, Time:2ms, TotalError:0.14884856, ErrorChange:0.003752619
Epoch:36, Time:2ms, TotalError:0.14282751, ErrorChange:-0.0060210526
Epoch:37, Time:2ms, TotalError:0.13152513, ErrorChange:-0.011302382
Epoch:38, Time:3ms, TotalError:0.11513505, ErrorChange:-0.016390078
Epoch:39, Time:1ms, TotalError:0.095334, ErrorChange:-0.01980105
Epoch:40, Time:2ms, TotalError:0.07685295, ErrorChange:-0.018481053
Epoch:41, Time:1ms, TotalError:0.059816163, ErrorChange:-0.017036784
Epoch:42, Time:1ms, TotalError:0.045801077, ErrorChange:-0.014015086
Epoch:43, Time:2ms, TotalError:0.035202414, ErrorChange:-0.010598663
Epoch:44, Time:1ms, TotalError:0.02835791, ErrorChange:-0.006844504
Epoch:45, Time:1ms, TotalError:0.023675546, ErrorChange:-0.004682364
Epoch:46, Time:1ms, TotalError:0.02016016, ErrorChange:-0.003515387
Epoch:47, Time:1ms, TotalError:0.017214173, ErrorChange:-0.0029459856
Epoch:48, Time:1ms, TotalError:0.014706443, ErrorChange:-0.0025077304
Epoch:49, Time:2ms, TotalError:0.012877978, ErrorChange:-0.0018284647
Epoch:50, Time:2ms, TotalError:0.011912248, ErrorChange:-9.657303E-4
Epoch:51, Time:1ms, TotalError:0.010732712, ErrorChange:-0.0011795359
Epoch:52, Time:2ms, TotalError:0.01132089, ErrorChange:5.881777E-4
Epoch:53, Time:1ms, TotalError:0.0076022386, ErrorChange:-0.0037186514
Total Training Time: 232ms
Epoch:1, Time:83ms, TotalError:0.12317552, ErrorChange:0.12317552
Epoch:2, Time:9ms, TotalError:0.18246105, ErrorChange:0.059285536
Epoch:3, Time:10ms, TotalError:0.1757343, ErrorChange:-0.0067267567
Epoch:4, Time:9ms, TotalError:0.15937907, ErrorChange:-0.016355231
Epoch:5, Time:8ms, TotalError:0.1463435, ErrorChange:-0.013035566
Epoch:6, Time:6ms, TotalError:0.13853028, ErrorChange:-0.007813215
Epoch:7, Time:4ms, TotalError:0.16732125, ErrorChange:0.028790966
Epoch:8, Time:4ms, TotalError:0.12454402, ErrorChange:-0.042777233
Epoch:9, Time:4ms, TotalError:0.1089019, ErrorChange:-0.015642114
Epoch:10, Time:4ms, TotalError:0.10110487, ErrorChange:-0.0077970326
Epoch:11, Time:8ms, TotalError:0.091636844, ErrorChange:-0.009468026
Epoch:12, Time:1ms, TotalError:0.08084552, ErrorChange:-0.010791324
Epoch:13, Time:1ms, TotalError:0.07361682, ErrorChange:-0.0072287023
Epoch:14, Time:1ms, TotalError:0.05843371, ErrorChange:-0.015183106
Epoch:15, Time:1ms, TotalError:0.06323822, ErrorChange:0.004804507
Epoch:16, Time:1ms, TotalError:0.04946109, ErrorChange:-0.013777129
Epoch:17, Time:1ms, TotalError:0.03972529, ErrorChange:-0.0097358
Epoch:18, Time:1ms, TotalError:0.028032742, ErrorChange:-0.011692546
Epoch:19, Time:1ms, TotalError:0.016384574, ErrorChange:-0.011648169
Total Training Time: 171ms
Epoch:1, Time:74ms, TotalError:0.13916187, ErrorChange:0.13916187
Epoch:2, Time:9ms, TotalError:0.1758623, ErrorChange:0.036700428
Epoch:3, Time:9ms, TotalError:0.17571217, ErrorChange:-1.501292E-4
Epoch:4, Time:9ms, TotalError:0.17495038, ErrorChange:-7.6179206E-4
Epoch:5, Time:9ms, TotalError:0.17465837, ErrorChange:-2.9200315E-4
Epoch:6, Time:8ms, TotalError:0.17482002, ErrorChange:1.616478E-4
Epoch:7, Time:8ms, TotalError:0.17523053, ErrorChange:4.105121E-4
Epoch:8, Time:8ms, TotalError:0.17569669, ErrorChange:4.6615303E-4
Epoch:9, Time:8ms, TotalError:0.17610621, ErrorChange:4.095286E-4
Epoch:10, Time:9ms, TotalError:0.1765342, ErrorChange:4.2799115E-4
Epoch:11, Time:9ms, TotalError:0.17712072, ErrorChange:5.865097E-4
Epoch:12, Time:10ms, TotalError:0.17785001, ErrorChange:7.2929263E-4
Epoch:13, Time:6ms, TotalError:0.17855783, ErrorChange:7.0782006E-4
Epoch:14, Time:4ms, TotalError:0.17908691, ErrorChange:5.2908063E-4
Epoch:15, Time:3ms, TotalError:0.17938453, ErrorChange:2.976209E-4
Epoch:16, Time:4ms, TotalError:0.17954385, ErrorChange:1.5932322E-4
Epoch:17, Time:4ms, TotalError:0.17974134, ErrorChange:1.9748509E-4
Epoch:18, Time:1ms, TotalError:0.18005332, ErrorChange:3.119856E-4
Epoch:19, Time:1ms, TotalError:0.18045227, ErrorChange:3.989488E-4
Epoch:20, Time:2ms, TotalError:0.1809112, ErrorChange:4.5892596E-4
Epoch:21, Time:1ms, TotalError:0.1814226, ErrorChange:5.1140785E-4
Epoch:22, Time:2ms, TotalError:0.18196134, ErrorChange:5.387366E-4
Epoch:23, Time:1ms, TotalError:0.1824484, ErrorChange:4.8705935E-4
Epoch:24, Time:1ms, TotalError:0.18271366, ErrorChange:2.6525557E-4
Epoch:25, Time:2ms, TotalError:0.18244106, ErrorChange:-2.7260184E-4
Epoch:26, Time:2ms, TotalError:0.18107504, ErrorChange:-0.0013660192
Epoch:27, Time:1ms, TotalError:0.1776379, ErrorChange:-0.0034371316
Epoch:28, Time:1ms, TotalError:0.17085223, ErrorChange:-0.006785676
Epoch:29, Time:2ms, TotalError:0.16180919, ErrorChange:-0.009043038
Epoch:30, Time:1ms, TotalError:0.15568171, ErrorChange:-0.0061274767
Epoch:31, Time:2ms, TotalError:0.15285826, ErrorChange:-0.0028234571
Epoch:32, Time:3ms, TotalError:0.14432785, ErrorChange:-0.008530408
Epoch:33, Time:2ms, TotalError:0.14404882, ErrorChange:-2.7902424E-4
Epoch:34, Time:2ms, TotalError:0.14509594, ErrorChange:0.0010471195
Epoch:35, Time:2ms, TotalError:0.14884856, ErrorChange:0.003752619
Epoch:36, Time:2ms, TotalError:0.14282751, ErrorChange:-0.0060210526
Epoch:37, Time:2ms, TotalError:0.13152513, ErrorChange:-0.011302382
Epoch:38, Time:2ms, TotalError:0.11513505, ErrorChange:-0.016390078
Epoch:39, Time:2ms, TotalError:0.095334, ErrorChange:-0.01980105
Epoch:40, Time:2ms, TotalError:0.07685295, ErrorChange:-0.018481053
Epoch:41, Time:1ms, TotalError:0.059816163, ErrorChange:-0.017036784
Epoch:42, Time:1ms, TotalError:0.045801077, ErrorChange:-0.014015086
Epoch:43, Time:1ms, TotalError:0.035202414, ErrorChange:-0.010598663
Epoch:44, Time:2ms, TotalError:0.02835791, ErrorChange:-0.006844504
Epoch:45, Time:2ms, TotalError:0.023675546, ErrorChange:-0.004682364
Epoch:46, Time:2ms, TotalError:0.02016016, ErrorChange:-0.003515387
Epoch:47, Time:1ms, TotalError:0.017214173, ErrorChange:-0.0029459856
Epoch:48, Time:2ms, TotalError:0.014706443, ErrorChange:-0.0025077304
Epoch:49, Time:2ms, TotalError:0.012877978, ErrorChange:-0.0018284647
Epoch:50, Time:1ms, TotalError:0.011912248, ErrorChange:-9.657303E-4
Epoch:51, Time:2ms, TotalError:0.010732712, ErrorChange:-0.0011795359
Epoch:52, Time:1ms, TotalError:0.01132089, ErrorChange:5.881777E-4
Epoch:53, Time:1ms, TotalError:0.0076022386, ErrorChange:-0.0037186514
Total Training Time: 282ms
Epoch:1, Time:87ms, TotalError:0.12317552, ErrorChange:0.12317552
Epoch:2, Time:8ms, TotalError:0.18246105, ErrorChange:0.059285536
Epoch:3, Time:8ms, TotalError:0.1757343, ErrorChange:-0.0067267567
Epoch:4, Time:8ms, TotalError:0.15937907, ErrorChange:-0.016355231
Epoch:5, Time:8ms, TotalError:0.1463435, ErrorChange:-0.013035566
Epoch:6, Time:7ms, TotalError:0.13853028, ErrorChange:-0.007813215
Epoch:7, Time:4ms, TotalError:0.16732125, ErrorChange:0.028790966
Epoch:8, Time:3ms, TotalError:0.12454402, ErrorChange:-0.042777233
Epoch:9, Time:3ms, TotalError:0.1089019, ErrorChange:-0.015642114
Epoch:10, Time:4ms, TotalError:0.10110487, ErrorChange:-0.0077970326
Epoch:11, Time:4ms, TotalError:0.091636844, ErrorChange:-0.009468026
Epoch:12, Time:3ms, TotalError:0.08084552, ErrorChange:-0.010791324
Epoch:13, Time:4ms, TotalError:0.07361682, ErrorChange:-0.0072287023
Epoch:14, Time:4ms, TotalError:0.05843371, ErrorChange:-0.015183106
Epoch:15, Time:3ms, TotalError:0.06323822, ErrorChange:0.004804507
Epoch:16, Time:4ms, TotalError:0.04946109, ErrorChange:-0.013777129
Epoch:17, Time:2ms, TotalError:0.03972529, ErrorChange:-0.0097358
Epoch:18, Time:3ms, TotalError:0.028032742, ErrorChange:-0.011692546
Epoch:19, Time:3ms, TotalError:0.016384574, ErrorChange:-0.011648169
Epoch:20, Time:4ms, TotalError:0.02446654, ErrorChange:0.008081967
Epoch:21, Time:3ms, TotalError:0.07443464, ErrorChange:0.049968097
Epoch:22, Time:1ms, TotalError:0.020079823, ErrorChange:-0.054354817
Epoch:23, Time:1ms, TotalError:0.057171766, ErrorChange:0.03709194
Epoch:24, Time:1ms, TotalError:0.028614327, ErrorChange:-0.028557438
Epoch:25, Time:2ms, TotalError:0.01698914, ErrorChange:-0.0116251875
Epoch:26, Time:1ms, TotalError:0.041022833, ErrorChange:0.024033694
Epoch:27, Time:2ms, TotalError:0.01868346, ErrorChange:-0.022339374
Epoch:28, Time:1ms, TotalError:0.015781619, ErrorChange:-0.002901841
Epoch:29, Time:1ms, TotalError:0.03783807, ErrorChange:0.022056453
Epoch:30, Time:2ms, TotalError:0.017787514, ErrorChange:-0.020050557
Epoch:31, Time:2ms, TotalError:0.04140103, ErrorChange:0.023613514
Epoch:32, Time:2ms, TotalError:0.018023305, ErrorChange:-0.023377724
Epoch:33, Time:1ms, TotalError:0.013824919, ErrorChange:-0.0041983854
Epoch:34, Time:2ms, TotalError:0.03265616, ErrorChange:0.01883124
Epoch:35, Time:2ms, TotalError:0.015412159, ErrorChange:-0.017244
Epoch:36, Time:2ms, TotalError:0.0068150116, ErrorChange:-0.008597148
Total Training Time: 224ms
Loading images...
Loaded 100 images
Done!
Creating neural network...
Done!
Training neural network
Epoch:1, Time:894ms, TotalError:2.3316002, ErrorChange:2.3316002
Epoch:2, Time:735ms, TotalError:2.1704051, ErrorChange:-0.16119504
Epoch:3, Time:734ms, TotalError:1.992461, ErrorChange:-0.17794418
Epoch:4, Time:726ms, TotalError:1.7758584, ErrorChange:-0.21660256
Epoch:5, Time:727ms, TotalError:1.493406, ErrorChange:-0.28245234
Epoch:6, Time:724ms, TotalError:1.1695935, ErrorChange:-0.3238126
Epoch:7, Time:723ms, TotalError:0.8024226, ErrorChange:-0.36717087
Epoch:8, Time:728ms, TotalError:0.51974535, ErrorChange:-0.28267723
Epoch:9, Time:724ms, TotalError:0.33190438, ErrorChange:-0.18784097
Epoch:10, Time:729ms, TotalError:0.20227139, ErrorChange:-0.129633
Epoch:11, Time:726ms, TotalError:0.10924932, ErrorChange:-0.09302206
Epoch:12, Time:724ms, TotalError:0.072131954, ErrorChange:-0.03711737
Total Training Time: 8896ms
Loading images...
Loaded 100 images
Done!
Creating neural network...
Done!
Training neural network
Epoch:1, Time:891ms, TotalError:2.3316002, ErrorChange:2.3316002
Epoch:2, Time:743ms, TotalError:2.1704051, ErrorChange:-0.16119504
Epoch:3, Time:740ms, TotalError:1.992461, ErrorChange:-0.17794418
Epoch:4, Time:732ms, TotalError:1.7758584, ErrorChange:-0.21660256
Epoch:5, Time:734ms, TotalError:1.493406, ErrorChange:-0.28245234
Epoch:6, Time:733ms, TotalError:1.1695935, ErrorChange:-0.3238126
Epoch:7, Time:730ms, TotalError:0.8024226, ErrorChange:-0.36717087
Epoch:8, Time:742ms, TotalError:0.51974535, ErrorChange:-0.28267723
Epoch:9, Time:732ms, TotalError:0.33190438, ErrorChange:-0.18784097
Epoch:10, Time:732ms, TotalError:0.20227139, ErrorChange:-0.129633
Epoch:11, Time:739ms, TotalError:0.10924932, ErrorChange:-0.09302206
Epoch:12, Time:732ms, TotalError:0.072131954, ErrorChange:-0.03711737
Epoch:13, Time:736ms, TotalError:0.04333527, ErrorChange:-0.028796684
Epoch:14, Time:736ms, TotalError:0.02879675, ErrorChange:-0.014538521
Total Training Time: 10456ms
Loading images...
Loaded 100 images
Creating neural network...
Training neural network
Epoch:1, Time:248ms, TotalError:0.6393698, ErrorChange:0.6393698
Epoch:2, Time:126ms, TotalError:0.46417865, ErrorChange:-0.17519113
Epoch:3, Time:131ms, TotalError:0.45255515, ErrorChange:-0.011623502
Epoch:4, Time:124ms, TotalError:0.4472071, ErrorChange:-0.0053480566
Epoch:5, Time:122ms, TotalError:0.44021472, ErrorChange:-0.00699237
Epoch:6, Time:121ms, TotalError:0.43497607, ErrorChange:-0.005238652
Epoch:7, Time:121ms, TotalError:0.42781472, ErrorChange:-0.007161349
Epoch:8, Time:122ms, TotalError:0.41942596, ErrorChange:-0.008388758
Epoch:9, Time:124ms, TotalError:0.41317025, ErrorChange:-0.006255716
Epoch:10, Time:121ms, TotalError:0.4054865, ErrorChange:-0.007683754
Epoch:11, Time:122ms, TotalError:0.3990263, ErrorChange:-0.00646019
Epoch:12, Time:121ms, TotalError:0.39151466, ErrorChange:-0.0075116456
Epoch:13, Time:121ms, TotalError:0.38216713, ErrorChange:-0.009347528
Epoch:14, Time:121ms, TotalError:0.37513456, ErrorChange:-0.007032573
Epoch:15, Time:122ms, TotalError:0.36565292, ErrorChange:-0.009481639
Epoch:16, Time:121ms, TotalError:0.3566347, ErrorChange:-0.009018213
Epoch:17, Time:125ms, TotalError:0.34705815, ErrorChange:-0.009576559
Epoch:18, Time:121ms, TotalError:0.33766574, ErrorChange:-0.0093924105
Epoch:19, Time:129ms, TotalError:0.32796115, ErrorChange:-0.00970459
Epoch:20, Time:121ms, TotalError:0.31685215, ErrorChange:-0.0111089945
Epoch:21, Time:130ms, TotalError:0.30700424, ErrorChange:-0.009847909
Epoch:22, Time:124ms, TotalError:0.29862586, ErrorChange:-0.0083783865
Epoch:23, Time:126ms, TotalError:0.28894338, ErrorChange:-0.0096824765
Epoch:24, Time:121ms, TotalError:0.2802244, ErrorChange:-0.008718967
Epoch:25, Time:127ms, TotalError:0.2716009, ErrorChange:-0.008623511
Epoch:26, Time:121ms, TotalError:0.26339215, ErrorChange:-0.008208752
Epoch:27, Time:126ms, TotalError:0.25529906, ErrorChange:-0.008093089
Epoch:28, Time:121ms, TotalError:0.24633944, ErrorChange:-0.008959621
Epoch:29, Time:127ms, TotalError:0.23914307, ErrorChange:-0.007196367
Epoch:30, Time:121ms, TotalError:0.23113208, ErrorChange:-0.008010998
Epoch:31, Time:130ms, TotalError:0.22345337, ErrorChange:-0.0076787025
Epoch:32, Time:121ms, TotalError:0.21654816, ErrorChange:-0.006905213
Epoch:33, Time:127ms, TotalError:0.20931603, ErrorChange:-0.0072321296
Epoch:34, Time:121ms, TotalError:0.20261633, ErrorChange:-0.006699696
Epoch:35, Time:130ms, TotalError:0.1961971, ErrorChange:-0.0064192265
Epoch:36, Time:121ms, TotalError:0.19028263, ErrorChange:-0.0059144795
Epoch:37, Time:129ms, TotalError:0.18411356, ErrorChange:-0.006169066
Epoch:38, Time:121ms, TotalError:0.17812234, ErrorChange:-0.0059912205
Epoch:39, Time:126ms, TotalError:0.1727542, ErrorChange:-0.0053681433
Epoch:40, Time:122ms, TotalError:0.16719328, ErrorChange:-0.0055609196
Epoch:41, Time:126ms, TotalError:0.16205133, ErrorChange:-0.0051419437
Epoch:42, Time:121ms, TotalError:0.1571743, ErrorChange:-0.004877031
Epoch:43, Time:127ms, TotalError:0.15211254, ErrorChange:-0.0050617605
Epoch:44, Time:122ms, TotalError:0.14751758, ErrorChange:-0.004594967
Epoch:45, Time:128ms, TotalError:0.1432075, ErrorChange:-0.0043100715
Epoch:46, Time:122ms, TotalError:0.13877393, ErrorChange:-0.0044335723
Epoch:47, Time:126ms, TotalError:0.1345538, ErrorChange:-0.004220128
Epoch:48, Time:124ms, TotalError:0.13039705, ErrorChange:-0.0041567534
Epoch:49, Time:127ms, TotalError:0.12583701, ErrorChange:-0.0045600384
Epoch:50, Time:121ms, TotalError:0.12255359, ErrorChange:-0.0032834262
Epoch:51, Time:128ms, TotalError:0.118775204, ErrorChange:-0.0037783831
Epoch:52, Time:122ms, TotalError:0.11460562, ErrorChange:-0.0041695833
Epoch:53, Time:127ms, TotalError:0.11105779, ErrorChange:-0.0035478324
Epoch:54, Time:122ms, TotalError:0.10761646, ErrorChange:-0.0034413263
Epoch:55, Time:126ms, TotalError:0.10413344, ErrorChange:-0.0034830198
Epoch:56, Time:122ms, TotalError:0.10098843, ErrorChange:-0.0031450093
Epoch:57, Time:126ms, TotalError:0.09773783, ErrorChange:-0.0032506064
Epoch:58, Time:121ms, TotalError:0.094713934, ErrorChange:-0.0030238926
Epoch:59, Time:126ms, TotalError:0.09171254, ErrorChange:-0.003001392
Epoch:60, Time:121ms, TotalError:0.088395186, ErrorChange:-0.003317356
Epoch:61, Time:129ms, TotalError:0.085868455, ErrorChange:-0.0025267303
Epoch:62, Time:121ms, TotalError:0.08311063, ErrorChange:-0.002757825
Epoch:63, Time:126ms, TotalError:0.08008857, ErrorChange:-0.0030220598
Epoch:64, Time:121ms, TotalError:0.0776007, ErrorChange:-0.002487868
Epoch:65, Time:126ms, TotalError:0.074978985, ErrorChange:-0.0026217178
Epoch:66, Time:122ms, TotalError:0.07266042, ErrorChange:-0.0023185685
Epoch:67, Time:128ms, TotalError:0.07015903, ErrorChange:-0.0025013834
Epoch:68, Time:122ms, TotalError:0.0681575, ErrorChange:-0.0020015314
Epoch:69, Time:126ms, TotalError:0.066048056, ErrorChange:-0.0021094456
Epoch:70, Time:121ms, TotalError:0.06392576, ErrorChange:-0.0021222979
Epoch:71, Time:126ms, TotalError:0.061817616, ErrorChange:-0.0021081418
Epoch:72, Time:121ms, TotalError:0.059791297, ErrorChange:-0.0020263195
Epoch:73, Time:125ms, TotalError:0.057865478, ErrorChange:-0.0019258186
Epoch:74, Time:123ms, TotalError:0.05590352, ErrorChange:-0.0019619577
Epoch:75, Time:126ms, TotalError:0.054243308, ErrorChange:-0.0016602129
Epoch:76, Time:121ms, TotalError:0.05227839, ErrorChange:-0.0019649193
Epoch:77, Time:126ms, TotalError:0.0507564, ErrorChange:-0.0015219897
Epoch:78, Time:121ms, TotalError:0.049150914, ErrorChange:-0.0016054846
Epoch:79, Time:125ms, TotalError:0.047814723, ErrorChange:-0.0013361908
Epoch:80, Time:122ms, TotalError:0.046258178, ErrorChange:-0.0015565455
Epoch:81, Time:128ms, TotalError:0.04536256, ErrorChange:-8.956194E-4
Epoch:82, Time:124ms, TotalError:0.043724354, ErrorChange:-0.0016382039
Epoch:83, Time:125ms, TotalError:0.04235492, ErrorChange:-0.0013694353
Epoch:84, Time:121ms, TotalError:0.041287553, ErrorChange:-0.0010673665
Epoch:85, Time:124ms, TotalError:0.03989533, ErrorChange:-0.0013922229
Epoch:86, Time:122ms, TotalError:0.038797252, ErrorChange:-0.0010980777
Epoch:87, Time:126ms, TotalError:0.03729667, ErrorChange:-0.0015005805
Epoch:88, Time:129ms, TotalError:0.036196757, ErrorChange:-0.0010999143
Epoch:89, Time:126ms, TotalError:0.034985814, ErrorChange:-0.0012109429
Epoch:90, Time:123ms, TotalError:0.034194965, ErrorChange:-7.908493E-4
Epoch:91, Time:127ms, TotalError:0.03348587, ErrorChange:-7.090941E-4
Epoch:92, Time:121ms, TotalError:0.033123482, ErrorChange:-3.623888E-4
Epoch:93, Time:128ms, TotalError:0.031795498, ErrorChange:-0.001327984
Epoch:94, Time:122ms, TotalError:0.030905675, ErrorChange:-8.8982284E-4
Epoch:95, Time:125ms, TotalError:0.030119164, ErrorChange:-7.865112E-4
Epoch:96, Time:123ms, TotalError:0.029873604, ErrorChange:-2.4555996E-4
Total Training Time: 12059ms
Epoch:1, Time:86ms, TotalError:0.12317552, ErrorChange:0.12317552
Epoch:2, Time:8ms, TotalError:0.18246105, ErrorChange:0.059285536
Epoch:3, Time:8ms, TotalError:0.1757343, ErrorChange:-0.0067267567
Epoch:4, Time:7ms, TotalError:0.15937907, ErrorChange:-0.016355231
Epoch:5, Time:8ms, TotalError:0.1463435, ErrorChange:-0.013035566
Epoch:6, Time:7ms, TotalError:0.13853028, ErrorChange:-0.007813215
Epoch:7, Time:4ms, TotalError:0.16732125, ErrorChange:0.028790966
Epoch:8, Time:4ms, TotalError:0.12454402, ErrorChange:-0.042777233
Epoch:9, Time:4ms, TotalError:0.1089019, ErrorChange:-0.015642114
Epoch:10, Time:4ms, TotalError:0.10110487, ErrorChange:-0.0077970326
Epoch:11, Time:9ms, TotalError:0.091636844, ErrorChange:-0.009468026
Epoch:12, Time:2ms, TotalError:0.08084552, ErrorChange:-0.010791324
Epoch:13, Time:2ms, TotalError:0.07361682, ErrorChange:-0.0072287023
Epoch:14, Time:1ms, TotalError:0.05843371, ErrorChange:-0.015183106
Epoch:15, Time:1ms, TotalError:0.06323822, ErrorChange:0.004804507
Epoch:16, Time:1ms, TotalError:0.04946109, ErrorChange:-0.013777129
Epoch:17, Time:1ms, TotalError:0.03972529, ErrorChange:-0.0097358
Epoch:18, Time:1ms, TotalError:0.028032742, ErrorChange:-0.011692546
Epoch:19, Time:1ms, TotalError:0.016384574, ErrorChange:-0.011648169
Epoch:20, Time:1ms, TotalError:0.02446654, ErrorChange:0.008081967
Epoch:21, Time:2ms, TotalError:0.07443464, ErrorChange:0.049968097
Epoch:22, Time:2ms, TotalError:0.020079823, ErrorChange:-0.054354817
Epoch:23, Time:2ms, TotalError:0.057171766, ErrorChange:0.03709194
Epoch:24, Time:1ms, TotalError:0.028614327, ErrorChange:-0.028557438
Epoch:25, Time:1ms, TotalError:0.01698914, ErrorChange:-0.0116251875
Epoch:26, Time:2ms, TotalError:0.041022833, ErrorChange:0.024033694
Epoch:27, Time:1ms, TotalError:0.01868346, ErrorChange:-0.022339374
Epoch:28, Time:2ms, TotalError:0.015781619, ErrorChange:-0.002901841
Epoch:29, Time:1ms, TotalError:0.03783807, ErrorChange:0.022056453
Epoch:30, Time:1ms, TotalError:0.017787514, ErrorChange:-0.020050557
Epoch:31, Time:1ms, TotalError:0.04140103, ErrorChange:0.023613514
Epoch:32, Time:1ms, TotalError:0.018023305, ErrorChange:-0.023377724
Epoch:33, Time:2ms, TotalError:0.013824919, ErrorChange:-0.0041983854
Epoch:34, Time:1ms, TotalError:0.03265616, ErrorChange:0.01883124
Epoch:35, Time:1ms, TotalError:0.015412159, ErrorChange:-0.017244
Epoch:36, Time:1ms, TotalError:0.0068150116, ErrorChange:-0.008597148
Total Training Time: 202ms
Loading images...
Loaded 100 images
Done!
Creating neural network...
Done!
Training neural network
Epoch:1, Time:912ms, TotalError:2.3316002, ErrorChange:2.3316002
Epoch:2, Time:751ms, TotalError:2.1704051, ErrorChange:-0.16119504
Epoch:3, Time:741ms, TotalError:1.992461, ErrorChange:-0.17794418
Epoch:4, Time:749ms, TotalError:1.7758584, ErrorChange:-0.21660256
Epoch:5, Time:737ms, TotalError:1.493406, ErrorChange:-0.28245234
Epoch:6, Time:733ms, TotalError:1.1695935, ErrorChange:-0.3238126
Epoch:7, Time:735ms, TotalError:0.8024226, ErrorChange:-0.36717087
Epoch:8, Time:735ms, TotalError:0.51974535, ErrorChange:-0.28267723
Epoch:9, Time:733ms, TotalError:0.33190438, ErrorChange:-0.18784097
Epoch:10, Time:737ms, TotalError:0.20227139, ErrorChange:-0.129633
Epoch:11, Time:738ms, TotalError:0.10924932, ErrorChange:-0.09302206
Epoch:12, Time:734ms, TotalError:0.072131954, ErrorChange:-0.03711737
Epoch:13, Time:735ms, TotalError:0.04333527, ErrorChange:-0.028796684
Epoch:14, Time:739ms, TotalError:0.02879675, ErrorChange:-0.014538521
Total Training Time: 10514ms
Training convolutional network with MNIST data set
Loading images...
Loaded 1000 images
Creating neural network...
Training neural network
Epoch:1, Time:5742ms, TotalError:1.3823459, ErrorChange:1.3823459
Epoch:2, Time:5427ms, TotalError:0.4994255, ErrorChange:-0.8829204
Epoch:3, Time:5440ms, TotalError:0.26814646, ErrorChange:-0.23127905
Epoch:4, Time:5423ms, TotalError:0.17020492, ErrorChange:-0.09794153
Total Training Time: 22033ms
Training convolutional network with MNIST data set
Loading images...
Loaded 1000 images
Creating neural network...
Training neural network
Epoch:1, Time:5574ms, TotalError:1.3823459, ErrorChange:1.3823459
Epoch:2, Time:5374ms, TotalError:0.4994255, ErrorChange:-0.8829204
Epoch:3, Time:5365ms, TotalError:0.26814646, ErrorChange:-0.23127905
Epoch:4, Time:5368ms, TotalError:0.17020492, ErrorChange:-0.09794153
Epoch:5, Time:5381ms, TotalError:0.11896738, ErrorChange:-0.051237546
Epoch:6, Time:5376ms, TotalError:0.06676099, ErrorChange:-0.05220639
Total Training Time: 32439ms
Training convolutional network with MNIST data set
Loading images...
Loaded 1000 images
Creating neural network...
Training neural network
Epoch:1, Time:5597ms, TotalError:1.3823459, ErrorChange:1.3823459
Epoch:2, Time:5427ms, TotalError:0.4994255, ErrorChange:-0.8829204
Epoch:3, Time:5429ms, TotalError:0.26814646, ErrorChange:-0.23127905
Epoch:4, Time:5431ms, TotalError:0.17020492, ErrorChange:-0.09794153
Epoch:5, Time:5783ms, TotalError:0.11896738, ErrorChange:-0.051237546
Epoch:6, Time:5485ms, TotalError:0.06676099, ErrorChange:-0.05220639
Epoch:7, Time:5425ms, TotalError:0.09158171, ErrorChange:0.024820723
Epoch:8, Time:5426ms, TotalError:0.040266413, ErrorChange:-0.051315296
Total Training Time: 44006ms
Training convolutional network with MNIST data set
Loading images...
Loaded 1000 images
Creating neural network...
Training convolutional network with MNIST data set
Loading images...
Loaded 1000 images
Creating neural network...
Training convolutional network with MNIST data set
Loading images...
Loaded 1000 images
Creating neural network...
Training neural network
Epoch:1, Time:5656ms, TotalError:1.4523368, ErrorChange:1.4523368
Epoch:2, Time:5484ms, TotalError:0.64100903, ErrorChange:-0.81132776
Epoch:3, Time:5558ms, TotalError:0.3760317, ErrorChange:-0.26497734
Epoch:4, Time:5682ms, TotalError:0.21242493, ErrorChange:-0.16360676
Epoch:5, Time:5641ms, TotalError:0.12373962, ErrorChange:-0.08868531
Epoch:6, Time:5507ms, TotalError:0.07318271, ErrorChange:-0.050556913
Epoch:7, Time:5595ms, TotalError:0.039228614, ErrorChange:-0.033954095
Total Training Time: 39127ms
Training convolutional network with MNIST data set
Loading images...
Loaded 1000 images
Creating neural network...
Training neural network
Training convolutional network with MNIST data set
Loading images...
Loaded 1000 images
Creating neural network...
Training neural network
Epoch:1, Time:6184ms, TotalError:1.3823459, ErrorChange:1.3823459
Epoch:2, Time:6014ms, TotalError:0.4994255, ErrorChange:-0.8829204
Epoch:3, Time:6136ms, TotalError:0.26814646, ErrorChange:-0.23127905
Epoch:4, Time:5597ms, TotalError:0.17020492, ErrorChange:-0.09794153
Epoch:5, Time:6192ms, TotalError:0.11896738, ErrorChange:-0.051237546
Epoch:6, Time:6317ms, TotalError:0.06676099, ErrorChange:-0.05220639
Epoch:7, Time:6194ms, TotalError:0.09158171, ErrorChange:0.024820723
Epoch:8, Time:5878ms, TotalError:0.040266413, ErrorChange:-0.051315296
Total Training Time: 48522ms
Training convolutional network with MNIST data set
Loading images...
java.io.FileNotFoundException: /home/zoran/datasets/mnist/train.txt (No such file or directory)
Training convolutional network with MNIST data set
Loading images...
Loaded 10000 images
Creating neural network...
Training neural network
Epoch:1, Time:54661ms, TotalError:0.409297, ErrorChange:0.409297
Epoch:2, Time:54143ms, TotalError:0.16530937, ErrorChange:-0.24398762
Epoch:3, Time:54083ms, TotalError:0.11687632, ErrorChange:-0.04843305
Epoch:4, Time:54259ms, TotalError:0.0967949, ErrorChange:-0.020081416
Epoch:5, Time:54235ms, TotalError:0.080362365, ErrorChange:-0.016432539
Epoch:6, Time:54445ms, TotalError:0.058683064, ErrorChange:-0.0216793
Epoch:7, Time:54132ms, TotalError:0.06094321, ErrorChange:0.0022601448
Epoch:8, Time:54163ms, TotalError:0.058695592, ErrorChange:-0.0022476166
Epoch:9, Time:54216ms, TotalError:0.051610235, ErrorChange:-0.007085357
Epoch:10, Time:54143ms, TotalError:0.061399475, ErrorChange:0.00978924
Training convolutional network with MNIST data set
Loading images...
Loaded 10000 images
Creating neural network...
Training neural network
Epoch:1, Time:55722ms, TotalError:0.409297, ErrorChange:0.409297
Epoch:2, Time:57097ms, TotalError:0.16530937, ErrorChange:-0.24398762
Epoch:3, Time:55625ms, TotalError:0.11687632, ErrorChange:-0.04843305
Epoch:4, Time:57117ms, TotalError:0.0967949, ErrorChange:-0.020081416
Epoch:5, Time:56003ms, TotalError:0.080362365, ErrorChange:-0.016432539
Epoch:6, Time:59733ms, TotalError:0.058683064, ErrorChange:-0.0216793
Total Training Time: 341298ms
Training convolutional network with MNIST data set
Loading images...
Loaded 2000 images
Creating neural network...
Training neural network
Epoch:1, Time:7434ms, TotalError:1.1174991, ErrorChange:1.1174991
Epoch:2, Time:7185ms, TotalError:0.32633165, ErrorChange:-0.7911675
Epoch:3, Time:7317ms, TotalError:0.20008719, ErrorChange:-0.12624446
Epoch:4, Time:7190ms, TotalError:0.12246577, ErrorChange:-0.07762142
Epoch:5, Time:7175ms, TotalError:0.08336655, ErrorChange:-0.039099216
Epoch:6, Time:7186ms, TotalError:0.0721125, ErrorChange:-0.01125405
Epoch:7, Time:7178ms, TotalError:0.0586398, ErrorChange:-0.013472702
Total Training Time: 50666ms
Training convolutional network with MNIST data set
Loading images...
Loaded 3000 images
Creating neural network...
Training neural network
Epoch:1, Time:10975ms, TotalError:0.9205552, ErrorChange:0.9205552
Epoch:2, Time:10828ms, TotalError:0.290783, ErrorChange:-0.6297722
Epoch:3, Time:10794ms, TotalError:0.18172272, ErrorChange:-0.10906027
Epoch:4, Time:10758ms, TotalError:0.12378676, ErrorChange:-0.057935953
Epoch:5, Time:10806ms, TotalError:0.07600432, ErrorChange:-0.047782443
Epoch:6, Time:11116ms, TotalError:0.05773548, ErrorChange:-0.018268839
Total Training Time: 65278ms
Training convolutional network with MNIST data set
Loading images...
Loaded 1000 images
Creating neural network...
Training neural network
Epoch:1, Time:4525ms, TotalError:2.1374066, ErrorChange:2.1374066
Epoch:2, Time:4280ms, TotalError:1.0923823, ErrorChange:-1.0450243
Epoch:3, Time:4272ms, TotalError:0.6377217, ErrorChange:-0.4546606
Epoch:4, Time:4276ms, TotalError:0.3885806, ErrorChange:-0.24914113
Epoch:5, Time:4281ms, TotalError:0.30440155, ErrorChange:-0.084179044
Epoch:6, Time:4272ms, TotalError:0.20542136, ErrorChange:-0.09898019
Epoch:7, Time:4296ms, TotalError:0.19136101, ErrorChange:-0.014060348
Epoch:8, Time:4271ms, TotalError:0.1621794, ErrorChange:-0.029181615
Epoch:9, Time:4277ms, TotalError:0.13471735, ErrorChange:-0.02746205
Epoch:10, Time:4273ms, TotalError:0.07927205, ErrorChange:-0.0554453
Epoch:11, Time:4269ms, TotalError:0.11063695, ErrorChange:0.031364903
Epoch:12, Time:4278ms, TotalError:0.07851749, ErrorChange:-0.03211946
Epoch:13, Time:4268ms, TotalError:0.12302985, ErrorChange:0.04451236
Epoch:14, Time:4286ms, TotalError:0.09866539, ErrorChange:-0.024364464
Epoch:15, Time:4333ms, TotalError:0.043442138, ErrorChange:-0.05522325
Total Training Time: 64465ms
Loading images...
Loaded 1000 images
Done!
Creating neural network...
Done!
Training neural network
Epoch:1, Time:7684ms, TotalError:2.1220489, ErrorChange:2.1220489
Epoch:2, Time:7491ms, TotalError:1.8853155, ErrorChange:-0.23673332
Epoch:3, Time:7795ms, TotalError:1.6863579, ErrorChange:-0.19895768
Epoch:4, Time:7714ms, TotalError:1.4897662, ErrorChange:-0.19659162
Epoch:5, Time:7300ms, TotalError:1.2767522, ErrorChange:-0.213014
Epoch:6, Time:7345ms, TotalError:1.0304687, ErrorChange:-0.24628353
Epoch:7, Time:7300ms, TotalError:0.82152355, ErrorChange:-0.20894516
Epoch:8, Time:7385ms, TotalError:0.6591124, ErrorChange:-0.16241115
Epoch:9, Time:7615ms, TotalError:0.4896334, ErrorChange:-0.16947898
Epoch:10, Time:7709ms, TotalError:0.45517024, ErrorChange:-0.034463167
Epoch:11, Time:7737ms, TotalError:0.49830794, ErrorChange:0.0431377
Epoch:12, Time:7413ms, TotalError:0.26013422, ErrorChange:-0.23817372
Epoch:13, Time:7763ms, TotalError:0.299463, ErrorChange:0.039328784
Epoch:14, Time:7524ms, TotalError:0.28987333, ErrorChange:-0.009589672
Epoch:15, Time:8041ms, TotalError:0.18327883, ErrorChange:-0.1065945
Epoch:16, Time:7520ms, TotalError:0.094426475, ErrorChange:-0.08885235
Epoch:17, Time:7535ms, TotalError:0.09959506, ErrorChange:0.005168587
Epoch:18, Time:7600ms, TotalError:0.085879, ErrorChange:-0.013716064
Epoch:19, Time:7725ms, TotalError:0.047393322, ErrorChange:-0.038485676
Epoch:20, Time:7591ms, TotalError:0.01671338, ErrorChange:-0.030679941
Total Training Time: 151797ms
Loading images...
Loaded 1000 images
Done!
Creating neural network...
Training neural network
Epoch:1, Time:5072ms, TotalError:2.2012746, ErrorChange:2.2012746
Epoch:2, Time:4872ms, TotalError:1.897236, ErrorChange:-0.30403864
Epoch:3, Time:5133ms, TotalError:1.6934376, ErrorChange:-0.20379841
Epoch:4, Time:4823ms, TotalError:1.47933, ErrorChange:-0.21410763
Epoch:5, Time:4790ms, TotalError:1.2445191, ErrorChange:-0.23481083
Epoch:6, Time:4803ms, TotalError:0.99358445, ErrorChange:-0.25093466
Epoch:7, Time:4796ms, TotalError:0.78820986, ErrorChange:-0.2053746
Epoch:8, Time:4791ms, TotalError:0.5769705, ErrorChange:-0.21123934
Epoch:9, Time:4794ms, TotalError:0.4582138, ErrorChange:-0.11875671
Epoch:10, Time:4785ms, TotalError:0.39308116, ErrorChange:-0.06513265
Epoch:11, Time:4831ms, TotalError:0.30554882, ErrorChange:-0.08753234
Epoch:12, Time:4837ms, TotalError:0.33915246, ErrorChange:0.03360364
Epoch:13, Time:4786ms, TotalError:0.29368332, ErrorChange:-0.045469135
Epoch:14, Time:4788ms, TotalError:0.17295317, ErrorChange:-0.12073015
Epoch:15, Time:4790ms, TotalError:0.12595326, ErrorChange:-0.046999916
Epoch:16, Time:4788ms, TotalError:0.076334335, ErrorChange:-0.049618922
Epoch:17, Time:4791ms, TotalError:0.03901543, ErrorChange:-0.037318904
Epoch:18, Time:4797ms, TotalError:0.023064474, ErrorChange:-0.015950957
Total Training Time: 87074ms
Loading images...
Loaded 2000 images
Done!
Creating neural network...
Training neural network
Epoch:1, Time:10770ms, TotalError:2.1342113, ErrorChange:2.1342113
Epoch:2, Time:10137ms, TotalError:1.8397422, ErrorChange:-0.29446912
Epoch:3, Time:9810ms, TotalError:1.6130384, ErrorChange:-0.22670376
Epoch:4, Time:10184ms, TotalError:1.3969653, ErrorChange:-0.21607316
Epoch:5, Time:10068ms, TotalError:1.165411, ErrorChange:-0.23155427
Epoch:6, Time:9994ms, TotalError:0.9235567, ErrorChange:-0.24185431
Epoch:7, Time:10738ms, TotalError:0.70999146, ErrorChange:-0.21356523
Epoch:8, Time:10914ms, TotalError:0.5715185, ErrorChange:-0.13847297
Epoch:9, Time:10472ms, TotalError:0.4565543, ErrorChange:-0.11496419
Epoch:10, Time:10578ms, TotalError:0.34220332, ErrorChange:-0.114350975
Epoch:11, Time:11013ms, TotalError:0.3720289, ErrorChange:0.029825568
Epoch:12, Time:10575ms, TotalError:0.2744498, ErrorChange:-0.09757909
Epoch:13, Time:10039ms, TotalError:0.2790717, ErrorChange:0.004621893
Epoch:14, Time:9901ms, TotalError:0.30407968, ErrorChange:0.025007993
Epoch:15, Time:9823ms, TotalError:0.22553043, ErrorChange:-0.07854925
Epoch:16, Time:9826ms, TotalError:0.17790449, ErrorChange:-0.047625944
Epoch:17, Time:10239ms, TotalError:0.091885425, ErrorChange:-0.08601906
Epoch:18, Time:11152ms, TotalError:0.10878016, ErrorChange:0.016894735
Epoch:19, Time:11842ms, TotalError:0.060760193, ErrorChange:-0.048019968
Epoch:20, Time:10526ms, TotalError:0.1147898, ErrorChange:0.054029606
Epoch:21, Time:10785ms, TotalError:0.12745856, ErrorChange:0.012668759
Epoch:22, Time:10114ms, TotalError:0.09633704, ErrorChange:-0.031121515
Epoch:23, Time:10460ms, TotalError:0.10388328, ErrorChange:0.0075462386
Epoch:24, Time:9998ms, TotalError:0.093085945, ErrorChange:-0.010797337
Epoch:25, Time:10014ms, TotalError:0.10167132, ErrorChange:0.0085853785
Epoch:26, Time:9937ms, TotalError:0.037248217, ErrorChange:-0.06442311
Epoch:27, Time:10296ms, TotalError:0.07607453, ErrorChange:0.038826317
Epoch:28, Time:10432ms, TotalError:0.037893075, ErrorChange:-0.038181458
Epoch:29, Time:9951ms, TotalError:0.14898834, ErrorChange:0.111095265
Epoch:30, Time:10087ms, TotalError:0.04881379, ErrorChange:-0.100174546
Epoch:31, Time:10055ms, TotalError:0.06967558, ErrorChange:0.02086179
Epoch:32, Time:10157ms, TotalError:0.015241809, ErrorChange:-0.05443377
Total Training Time: 330903ms
Loading images...
Loaded 100 images
Done!
Creating neural network...
Training neural network
Epoch:1, Time:650ms, TotalError:2.3010902, ErrorChange:2.3010902
Epoch:2, Time:504ms, TotalError:2.119038, ErrorChange:-0.18205214
Epoch:3, Time:496ms, TotalError:1.9191914, ErrorChange:-0.19984674
Epoch:4, Time:498ms, TotalError:1.6929455, ErrorChange:-0.22624588
Epoch:5, Time:488ms, TotalError:1.419198, ErrorChange:-0.27374744
Epoch:6, Time:507ms, TotalError:1.1295257, ErrorChange:-0.28967237
Epoch:7, Time:500ms, TotalError:0.7854449, ErrorChange:-0.34408075
Epoch:8, Time:482ms, TotalError:0.45843327, ErrorChange:-0.32701164
Epoch:9, Time:508ms, TotalError:0.27559546, ErrorChange:-0.18283781
Epoch:10, Time:486ms, TotalError:0.1656253, ErrorChange:-0.10997015
Epoch:11, Time:484ms, TotalError:0.10479185, ErrorChange:-0.060833454
Epoch:12, Time:487ms, TotalError:0.06377318, ErrorChange:-0.041018672
Epoch:13, Time:493ms, TotalError:0.039882522, ErrorChange:-0.023890655
Epoch:14, Time:493ms, TotalError:0.028931597, ErrorChange:-0.010950925
Total Training Time: 7081ms
Loading images...
Loaded 100 images
Creating neural network...
Training neural network
Epoch:1, Time:1170ms, TotalError:2.3348422, ErrorChange:2.3348422
Epoch:2, Time:1020ms, TotalError:2.2770958, ErrorChange:-0.05774641
Epoch:3, Time:1017ms, TotalError:2.242434, ErrorChange:-0.03466177
Epoch:4, Time:1022ms, TotalError:2.20287, ErrorChange:-0.039564133
Epoch:5, Time:1023ms, TotalError:2.147306, ErrorChange:-0.055563927
Epoch:6, Time:1009ms, TotalError:2.0704267, ErrorChange:-0.07687926
Epoch:7, Time:1154ms, TotalError:1.9734765, ErrorChange:-0.09695017
Epoch:8, Time:1034ms, TotalError:1.8451698, ErrorChange:-0.12830675
Epoch:9, Time:1011ms, TotalError:1.7131894, ErrorChange:-0.13198042
Epoch:10, Time:979ms, TotalError:1.490591, ErrorChange:-0.22259831
Epoch:11, Time:976ms, TotalError:1.3341737, ErrorChange:-0.15641737
Epoch:12, Time:977ms, TotalError:1.1087583, ErrorChange:-0.22541535
Epoch:13, Time:983ms, TotalError:0.9133006, ErrorChange:-0.19545776
Epoch:14, Time:989ms, TotalError:0.69951814, ErrorChange:-0.21378243
Epoch:15, Time:989ms, TotalError:0.4557151, ErrorChange:-0.24380305
Epoch:16, Time:993ms, TotalError:0.24441737, ErrorChange:-0.21129772
Epoch:17, Time:979ms, TotalError:0.18701285, ErrorChange:-0.057404518
Epoch:18, Time:987ms, TotalError:0.867901, ErrorChange:0.6808882
Epoch:19, Time:975ms, TotalError:0.22941145, ErrorChange:-0.6384896
Epoch:20, Time:979ms, TotalError:0.06440155, ErrorChange:-0.1650099
Epoch:21, Time:982ms, TotalError:0.02492632, ErrorChange:-0.039475232
Total Training Time: 21252ms
