Loaded 659 images
------------------------------------------------------------------------
TRAINING NEURAL NETWORK
------------------------------------------------------------------------
Epoch:1, Time:27689ms, TrainError:0.20091322, TrainErrorChange:0.20091322, Accuracy: 0.9772296
Epoch:2, Time:27672ms, TrainError:0.09956415, TrainErrorChange:-0.10134907, Accuracy: 0.9772296
Epoch:3, Time:27305ms, TrainError:0.07771852, TrainErrorChange:-0.021845631, Accuracy: 0.9829222
Epoch:4, Time:26897ms, TrainError:0.053571068, TrainErrorChange:-0.02414745, Accuracy: 1.0
Epoch:5, Time:27202ms, TrainError:0.0340346, TrainErrorChange:-0.01953647, Accuracy: 0.9905123
Epoch:6, Time:28008ms, TrainError:0.022908665, TrainErrorChange:-0.011125933, Accuracy: 0.95066416

TRAINING COMPLETED
Total Training Time: 205037ms
------------------------------------------------------------------------
Training convolutional network with MNIST data set
Loading images...
Loaded 1000 images
Creating neural network...
Training neural network
Training convolutional network with MNIST data set
Loading images...
Loaded 1997 images
Training convolutional network with MNIST data set
Loading images...
Loaded 2000 images
Training convolutional network with MNIST data set
Loading images...
Loaded 2000 images
Training convolutional network with MNIST data set
Loading images...
Loaded 1999 images
Creating neural network...
Training neural network
------------------------------------------------------------------------
TRAINING NEURAL NETWORK
------------------------------------------------------------------------
Epoch:1, Time:1872ms, TrainError:1.3575548, TrainErrorChange:1.3575548, Accuracy: 0.9222479
Epoch:2, Time:1912ms, TrainError:0.7622395, TrainErrorChange:-0.5953153, Accuracy: 0.93887603
Epoch:3, Time:1680ms, TrainError:0.58959883, TrainErrorChange:-0.17264068, Accuracy: 0.9541186
Epoch:4, Time:1768ms, TrainError:0.47535983, TrainErrorChange:-0.11423901, Accuracy: 0.97628945
Epoch:5, Time:1790ms, TrainError:0.3962291, TrainErrorChange:-0.07913074, Accuracy: 0.9778291
Epoch:6, Time:1665ms, TrainError:0.3704927, TrainErrorChange:-0.025736392, Accuracy: 0.9822942
Epoch:7, Time:1728ms, TrainError:0.42170575, TrainErrorChange:0.051213056, Accuracy: 0.9758276
Epoch:8, Time:1686ms, TrainError:0.32844, TrainErrorChange:-0.09326574, Accuracy: 0.973518
Epoch:9, Time:1686ms, TrainError:0.342822, TrainErrorChange:0.014381975, Accuracy: 0.9904542
Epoch:10, Time:1764ms, TrainError:0.24856135, TrainErrorChange:-0.09426063, Accuracy: 0.9855274

TRAINING COMPLETED
Total Training Time: 20878ms
------------------------------------------------------------------------
------------------------------------------------
Classification performance measure

TOTAL AVERAGE
Accuracy: 0.97281826
Precision: 0.8627931
F1Score: 0.8588751
Recall: 0.8668355

By Class
Class 0:
TrueNegative: 627.0
Accuracy: 0.97711015
FalsePositive: 14.0
FalseNegative: 2.0
Precision: 0.8
F1Score: 0.875
TruePositive: 56.0
Recall: 0.9655172

----------------
Class 1:
TrueNegative: 622.0
Accuracy: 0.99427754
FalsePositive: 3.0
FalseNegative: 1.0
Precision: 0.9605263
F1Score: 0.9733333
TruePositive: 73.0
Recall: 0.9864865

----------------
Class 2:
TrueNegative: 615.0
Accuracy: 0.95994276
FalsePositive: 15.0
FalseNegative: 13.0
Precision: 0.7887324
F1Score: 0.8
TruePositive: 56.0
Recall: 0.8115942

----------------
Class 3:
TrueNegative: 630.0
Accuracy: 0.9713877
FalsePositive: 17.0
FalseNegative: 3.0
Precision: 0.74242425
F1Score: 0.83050853
TruePositive: 49.0
Recall: 0.9423077

----------------
Class 4:
TrueNegative: 617.0
Accuracy: 0.97711015
FalsePositive: 12.0
FalseNegative: 4.0
Precision: 0.84615386
F1Score: 0.8918919
TruePositive: 66.0
Recall: 0.94285715

----------------
Class 5:
TrueNegative: 623.0
Accuracy: 0.962804
FalsePositive: 8.0
FalseNegative: 18.0
Precision: 0.86206895
F1Score: 0.7936508
TruePositive: 50.0
Recall: 0.7352941

----------------
Class 6:
TrueNegative: 611.0
Accuracy: 0.981402
FalsePositive: 3.0
FalseNegative: 10.0
Precision: 0.96153843
F1Score: 0.9202454
TruePositive: 75.0
Recall: 0.88235295

----------------
Class 7:
TrueNegative: 604.0
Accuracy: 0.97424895
FalsePositive: 6.0
FalseNegative: 12.0
Precision: 0.92771083
F1Score: 0.8953488
TruePositive: 77.0
Recall: 0.8651685

----------------
Class 8:
TrueNegative: 625.0
Accuracy: 0.95994276
FalsePositive: 3.0
FalseNegative: 25.0
Precision: 0.93877554
F1Score: 0.7666667
TruePositive: 46.0
Recall: 0.64788735

----------------
Class 9:
TrueNegative: 622.0
Accuracy: 0.96995705
FalsePositive: 14.0
FalseNegative: 7.0
Precision: 0.8
F1Score: 0.84210527
TruePositive: 56.0
Recall: 0.8888889

----------------
Training convolutional network with MNIST data set
Loading images...
Loaded 1998 images
Training convolutional network with MNIST data set
Loading images...
Loaded 2000 images
Creating neural network...
Training neural network
------------------------------------------------------------------------
TRAINING NEURAL NETWORK
------------------------------------------------------------------------
Epoch:1, Time:1707ms, TrainError:1.4120859, TrainErrorChange:1.4120859, Accuracy: 0.948026
Epoch:2, Time:1885ms, TrainError:0.74943984, TrainErrorChange:-0.66264606, Accuracy: 0.93631077
Epoch:3, Time:1685ms, TrainError:0.6277742, TrainErrorChange:-0.12166566, Accuracy: 0.95251656
Epoch:4, Time:1608ms, TrainError:0.57935965, TrainErrorChange:-0.04841453, Accuracy: 0.9678375
Epoch:5, Time:1604ms, TrainError:0.517068, TrainErrorChange:-0.062291622, Accuracy: 0.9783206
Epoch:6, Time:1675ms, TrainError:0.5803489, TrainErrorChange:0.06328088, Accuracy: 0.97859335
Epoch:7, Time:1596ms, TrainError:0.4433403, TrainErrorChange:-0.1370086, Accuracy: 0.9676277
Epoch:8, Time:1729ms, TrainError:0.42374337, TrainErrorChange:-0.019596934, Accuracy: 0.97510016
Epoch:9, Time:1636ms, TrainError:0.43530998, TrainErrorChange:0.011566609, Accuracy: 0.9758836
Epoch:10, Time:1623ms, TrainError:0.33196828, TrainErrorChange:-0.1033417, Accuracy: 0.9831519
Epoch:11, Time:1732ms, TrainError:0.3581959, TrainErrorChange:0.026227623, Accuracy: 0.98627776
Epoch:12, Time:1641ms, TrainError:0.41866064, TrainErrorChange:0.06046474, Accuracy: 0.9734208
Epoch:13, Time:1689ms, TrainError:0.4328259, TrainErrorChange:0.014165252, Accuracy: 0.9834024
Epoch:14, Time:1675ms, TrainError:0.36903673, TrainErrorChange:-0.06378916, Accuracy: 0.98978263
Epoch:15, Time:1593ms, TrainError:0.30586424, TrainErrorChange:-0.06317249, Accuracy: 0.98419744
Epoch:16, Time:1595ms, TrainError:0.27910906, TrainErrorChange:-0.026755184, Accuracy: 0.99078333

TRAINING COMPLETED
Total Training Time: 31388ms
------------------------------------------------------------------------
------------------------------------------------
Classification performance measure

TOTAL AVERAGE
Accuracy: 0.9690264
Precision: 0.86425626
F1Score: 0.85971844
Recall: 0.8585321

By Class
Class 0:
TrueNegative: 539.0
Accuracy: 0.9852941
FalsePositive: 6.0
FalseNegative: 3.0
Precision: 0.9142857
F1Score: 0.93430656
TruePositive: 64.0
Recall: 0.95522386

----------------
Class 1:
TrueNegative: 542.0
Accuracy: 0.9836868
FalsePositive: 1.0
FalseNegative: 9.0
Precision: 0.983871
F1Score: 0.92424244
TruePositive: 61.0
Recall: 0.87142855

----------------
Class 2:
TrueNegative: 554.0
Accuracy: 0.9678973
FalsePositive: 10.0
FalseNegative: 10.0
Precision: 0.8305085
F1Score: 0.8305084
TruePositive: 49.0
Recall: 0.8305085

----------------
Class 3:
TrueNegative: 550.0
Accuracy: 0.9601911
FalsePositive: 10.0
FalseNegative: 15.0
Precision: 0.84126985
F1Score: 0.8091603
TruePositive: 53.0
Recall: 0.7794118

----------------
Class 4:
TrueNegative: 533.0
Accuracy: 0.9852941
FalsePositive: 2.0
FalseNegative: 7.0
Precision: 0.9722222
F1Score: 0.93959737
TruePositive: 70.0
Recall: 0.90909094

----------------
Class 5:
TrueNegative: 558.0
Accuracy: 0.9451411
FalsePositive: 16.0
FalseNegative: 19.0
Precision: 0.73770493
F1Score: 0.7199999
TruePositive: 45.0
Recall: 0.703125

----------------
Class 6:
TrueNegative: 542.0
Accuracy: 0.9820847
FalsePositive: 4.0
FalseNegative: 7.0
Precision: 0.93846154
F1Score: 0.91729325
TruePositive: 61.0
Recall: 0.89705884

----------------
Class 7:
TrueNegative: 527.0
Accuracy: 0.9526066
FalsePositive: 24.0
FalseNegative: 6.0
Precision: 0.76
F1Score: 0.8351648
TruePositive: 76.0
Recall: 0.9268293

----------------
Class 8:
TrueNegative: 553.0
Accuracy: 0.96634614
FalsePositive: 13.0
FalseNegative: 8.0
Precision: 0.7936508
F1Score: 0.82644624
TruePositive: 50.0
Recall: 0.86206895

----------------
Class 9:
TrueNegative: 529.0
Accuracy: 0.9617225
FalsePositive: 11.0
FalseNegative: 13.0
Precision: 0.87058824
F1Score: 0.8604651
TruePositive: 74.0
Recall: 0.85057473

----------------
Training convolutional network with MNIST data set
Loading images...
Loaded 1998 images
Training convolutional network with MNIST data set
Loading images...
Loaded 1999 images
Training convolutional network with MNIST data set
Loading images...
Loaded 1999 images
Training convolutional network with MNIST data set
Loading images...
Loaded 2000 images
Creating neural network...
Training neural network
------------------------------------------------------------------------
TRAINING NEURAL NETWORK
------------------------------------------------------------------------
Epoch:1, Time:1946ms, TrainError:1.4168571, TrainErrorChange:1.4168571, Accuracy: 0.9516923
Epoch:2, Time:1807ms, TrainError:0.87580633, TrainErrorChange:-0.5410508, Accuracy: 0.9633846
Epoch:3, Time:1671ms, TrainError:0.58936465, TrainErrorChange:-0.28644168, Accuracy: 0.96353847
Epoch:4, Time:1759ms, TrainError:0.5223576, TrainErrorChange:-0.067007065, Accuracy: 0.9658462
Epoch:5, Time:1753ms, TrainError:0.52366376, TrainErrorChange:0.0013061762, Accuracy: 0.97276914
Epoch:6, Time:1862ms, TrainError:0.40501314, TrainErrorChange:-0.118650615, Accuracy: 0.98292315
Epoch:7, Time:1812ms, TrainError:0.38139537, TrainErrorChange:-0.023617774, Accuracy: 0.98123074
Epoch:8, Time:1871ms, TrainError:0.3784493, TrainErrorChange:-0.0029460788, Accuracy: 0.9798462
Epoch:9, Time:1833ms, TrainError:0.33120513, TrainErrorChange:-0.04724416, Accuracy: 0.98369235
Epoch:10, Time:1847ms, TrainError:0.26694822, TrainErrorChange:-0.06425691, Accuracy: 0.98307693

TRAINING COMPLETED
Total Training Time: 21554ms
------------------------------------------------------------------------
------------------------------------------------
Classification performance measure

TOTAL AVERAGE
Accuracy: 0.96857136
Precision: 0.85254365
F1Score: 0.85254365
Recall: 0.85254365

By Class
Class 0:
TrueNegative: 630.0
Accuracy: 0.98714286
FalsePositive: 3.0
FalseNegative: 6.0
Precision: 0.953125
F1Score: 0.953125
TruePositive: 61.0
Recall: 0.953125

----------------
Class 1:
TrueNegative: 628.0
Accuracy: 0.98571426
FalsePositive: 3.0
FalseNegative: 7.0
Precision: 0.95384616
F1Score: 0.95384616
TruePositive: 62.0
Recall: 0.95384616

----------------
Class 2:
TrueNegative: 629.0
Accuracy: 0.9714286
FalsePositive: 12.0
FalseNegative: 8.0
Precision: 0.8095238
F1Score: 0.8095238
TruePositive: 51.0
Recall: 0.8095238

----------------
Class 3:
TrueNegative: 615.0
Accuracy: 0.97
FalsePositive: 17.0
FalseNegative: 4.0
Precision: 0.79012346
F1Score: 0.7901235
TruePositive: 64.0
Recall: 0.79012346

----------------
Class 4:
TrueNegative: 613.0
Accuracy: 0.9671429
FalsePositive: 10.0
FalseNegative: 13.0
Precision: 0.8648649
F1Score: 0.8648649
TruePositive: 64.0
Recall: 0.8648649

----------------
Class 5:
TrueNegative: 619.0
Accuracy: 0.9514286
FalsePositive: 16.0
FalseNegative: 18.0
Precision: 0.74603176
F1Score: 0.74603176
TruePositive: 47.0
Recall: 0.74603176

----------------
Class 6:
TrueNegative: 631.0
Accuracy: 0.98285717
FalsePositive: 1.0
FalseNegative: 11.0
Precision: 0.98275864
F1Score: 0.98275864
TruePositive: 57.0
Recall: 0.98275864

----------------
Class 7:
TrueNegative: 618.0
Accuracy: 0.9714286
FalsePositive: 0.0
FalseNegative: 20.0
Precision: 1.0
F1Score: 1.0
TruePositive: 62.0
Recall: 1.0

----------------
Class 8:
TrueNegative: 610.0
Accuracy: 0.94142854
FalsePositive: 32.0
FalseNegative: 9.0
Precision: 0.60493827
F1Score: 0.60493827
TruePositive: 49.0
Recall: 0.60493827

----------------
Class 9:
TrueNegative: 597.0
Accuracy: 0.95714283
FalsePositive: 16.0
FalseNegative: 14.0
Precision: 0.8202247
F1Score: 0.82022464
TruePositive: 73.0
Recall: 0.8202247

----------------
Training convolutional network with MNIST data set
Loading images...
Loaded 2000 images
Training convolutional network with MNIST data set
Loading images...
Loaded 1999 images
Training convolutional network with MNIST data set
Loading images...
Loaded 1999 images
Training convolutional network with MNIST data set
Loading images...
Loaded 1996 images
Training convolutional network with MNIST data set
Loading images...
Loaded 2000 images
Creating neural network...
Training neural network
------------------------------------------------------------------------
TRAINING NEURAL NETWORK
------------------------------------------------------------------------
Epoch:1, Time:1857ms, TrainError:2.0549748, TrainErrorChange:2.0549748, Accuracy: 0.9107693
Epoch:2, Time:1826ms, TrainError:1.0769182, TrainErrorChange:-0.97805655, Accuracy: 0.9550769
Epoch:3, Time:2194ms, TrainError:0.77756125, TrainErrorChange:-0.299357, Accuracy: 0.9632307
Epoch:4, Time:2230ms, TrainError:0.63127184, TrainErrorChange:-0.14628941, Accuracy: 0.96707696
Epoch:5, Time:2203ms, TrainError:0.5415706, TrainErrorChange:-0.089701235, Accuracy: 0.98261535
Epoch:6, Time:2202ms, TrainError:0.4292844, TrainErrorChange:-0.11228621, Accuracy: 0.9804616
Epoch:7, Time:2014ms, TrainError:0.3411037, TrainErrorChange:-0.08818069, Accuracy: 0.98292315
Epoch:8, Time:2018ms, TrainError:0.3532569, TrainErrorChange:0.012153208, Accuracy: 0.9830769
Epoch:9, Time:2045ms, TrainError:0.33314887, TrainErrorChange:-0.020108044, Accuracy: 0.9832307
Epoch:10, Time:1932ms, TrainError:0.25032017, TrainErrorChange:-0.0828287, Accuracy: 0.98630774

TRAINING COMPLETED
Total Training Time: 24011ms
------------------------------------------------------------------------
------------------------------------------------
Classification performance measure

TOTAL AVERAGE
Accuracy: 0.9745714
Precision: 0.8778388
F1Score: 0.8778388
Recall: 0.8778388

By Class
Class 0:
TrueNegative: 632.0
Accuracy: 0.99
FalsePositive: 1.0
FalseNegative: 6.0
Precision: 0.983871
F1Score: 0.983871
TruePositive: 61.0
Recall: 0.983871

----------------
Class 1:
TrueNegative: 627.0
Accuracy: 0.99
FalsePositive: 4.0
FalseNegative: 3.0
Precision: 0.94285715
F1Score: 0.94285715
TruePositive: 66.0
Recall: 0.94285715

----------------
Class 2:
TrueNegative: 634.0
Accuracy: 0.96428573
FalsePositive: 7.0
FalseNegative: 18.0
Precision: 0.8541667
F1Score: 0.8541667
TruePositive: 41.0
Recall: 0.8541667

----------------
Class 3:
TrueNegative: 612.0
Accuracy: 0.9628571
FalsePositive: 20.0
FalseNegative: 6.0
Precision: 0.75609756
F1Score: 0.75609756
TruePositive: 62.0
Recall: 0.75609756

----------------
Class 4:
TrueNegative: 612.0
Accuracy: 0.97571427
FalsePositive: 10.0
FalseNegative: 7.0
Precision: 0.8765432
F1Score: 0.8765432
TruePositive: 71.0
Recall: 0.8765432

----------------
Class 5:
TrueNegative: 629.0
Accuracy: 0.9714286
FalsePositive: 7.0
FalseNegative: 13.0
Precision: 0.87931037
F1Score: 0.87931037
TruePositive: 51.0
Recall: 0.87931037

----------------
Class 6:
TrueNegative: 628.0
Accuracy: 0.9885714
FalsePositive: 4.0
FalseNegative: 4.0
Precision: 0.9411765
F1Score: 0.9411765
TruePositive: 64.0
Recall: 0.9411765

----------------
Class 7:
TrueNegative: 607.0
Accuracy: 0.9742857
FalsePositive: 11.0
FalseNegative: 7.0
Precision: 0.872093
F1Score: 0.8720931
TruePositive: 75.0
Recall: 0.872093

----------------
Class 8:
TrueNegative: 635.0
Accuracy: 0.9728571
FalsePositive: 7.0
FalseNegative: 12.0
Precision: 0.8679245
F1Score: 0.8679245
TruePositive: 46.0
Recall: 0.8679245

----------------
Class 9:
TrueNegative: 595.0
Accuracy: 0.9557143
FalsePositive: 18.0
FalseNegative: 13.0
Precision: 0.8043478
F1Score: 0.8043478
TruePositive: 74.0
Recall: 0.8043478

----------------
Loaded 659 images
------------------------------------------------------------------------
TRAINING NEURAL NETWORK
------------------------------------------------------------------------
Epoch:1, Time:27115ms, TrainError:0.20091322, TrainErrorChange:0.20091322, Accuracy: 0.9772296
Epoch:2, Time:26565ms, TrainError:0.09956415, TrainErrorChange:-0.10134907, Accuracy: 0.9772296
Epoch:3, Time:26313ms, TrainError:0.07771852, TrainErrorChange:-0.021845631, Accuracy: 0.9829222
Epoch:4, Time:26379ms, TrainError:0.053571068, TrainErrorChange:-0.02414745, Accuracy: 1.0
Epoch:5, Time:26408ms, TrainError:0.0340346, TrainErrorChange:-0.01953647, Accuracy: 0.9905123
Epoch:6, Time:26397ms, TrainError:0.022908665, TrainErrorChange:-0.011125933, Accuracy: 0.95066416

TRAINING COMPLETED
Total Training Time: 197676ms
------------------------------------------------------------------------
Training convolutional network with MNIST data set
Loading images...
Loaded 2000 images
Creating neural network...
Training neural network
------------------------------------------------------------------------
TRAINING NEURAL NETWORK
------------------------------------------------------------------------
Training convolutional network with MNIST data set
Loading images...
Loaded 1997 images
Creating neural network...
Training neural network
------------------------------------------------------------------------
TRAINING NEURAL NETWORK
------------------------------------------------------------------------
Epoch:1, Time:2283ms, TrainError:1.922623, TrainErrorChange:1.922623, Accuracy: 0.91800755
Epoch:2, Time:2229ms, TrainError:1.2568495, TrainErrorChange:-0.6657735, Accuracy: 0.92507493
Epoch:3, Time:3508ms, TrainError:0.95246613, TrainErrorChange:-0.3043834, Accuracy: 0.95761836
Epoch:4, Time:2851ms, TrainError:0.7903691, TrainErrorChange:-0.16209704, Accuracy: 0.9434519
Epoch:5, Time:3033ms, TrainError:0.6968504, TrainErrorChange:-0.093518674, Accuracy: 0.9581667
Epoch:6, Time:3114ms, TrainError:0.5793923, TrainErrorChange:-0.117458105, Accuracy: 0.9675497
Epoch:7, Time:2860ms, TrainError:0.56079304, TrainErrorChange:-0.018599272, Accuracy: 0.9696223
Epoch:8, Time:2457ms, TrainError:0.55436736, TrainErrorChange:-0.0064256787, Accuracy: 0.967831
Epoch:9, Time:2498ms, TrainError:0.4778607, TrainErrorChange:-0.076506674, Accuracy: 0.9600674
Epoch:10, Time:3091ms, TrainError:0.4991224, TrainErrorChange:0.021261722, Accuracy: 0.96460044
Epoch:11, Time:3080ms, TrainError:0.42387176, TrainErrorChange:-0.075250655, Accuracy: 0.9676282
Epoch:12, Time:3227ms, TrainError:0.4390374, TrainErrorChange:0.015165657, Accuracy: 0.95278215
Epoch:13, Time:3311ms, TrainError:0.40341794, TrainErrorChange:-0.035619467, Accuracy: 0.97312707
Epoch:14, Time:5193ms, TrainError:0.41373062, TrainErrorChange:0.010312676, Accuracy: 0.9848846
Epoch:15, Time:5279ms, TrainError:0.40297005, TrainErrorChange:-0.0107605755, Accuracy: 0.9836408
Epoch:16, Time:4979ms, TrainError:0.348041, TrainErrorChange:-0.054929048, Accuracy: 0.9832808
Epoch:17, Time:5287ms, TrainError:0.37963486, TrainErrorChange:0.03159386, Accuracy: 0.9868274
Epoch:18, Time:5086ms, TrainError:0.3570338, TrainErrorChange:-0.022601068, Accuracy: 0.9875205
Epoch:19, Time:4687ms, TrainError:0.40249628, TrainErrorChange:0.04546249, Accuracy: 0.9908947
Epoch:20, Time:5236ms, TrainError:0.32943755, TrainErrorChange:-0.073058724, Accuracy: 0.99531496
Epoch:21, Time:3746ms, TrainError:0.24053255, TrainErrorChange:-0.08890501, Accuracy: 0.9895488

TRAINING COMPLETED
Total Training Time: 88101ms
------------------------------------------------------------------------
------------------------------------------------
Classification performance measure

TOTAL AVERAGE
Accuracy: 0.9756316
Precision: 0.8919628
F1Score: 0.8919628
Recall: 0.8919628

By Class
Class 0:
Accuracy: 0.99405646
FalsePositive: 1.0
FalseNegative: 3.0
Precision: 0.9830508
F1Score: 0.9830508
TruePositive: 611.0
Recall: 0.9830508

----------------
Class 1:
Accuracy: 0.9791976
FalsePositive: 12.0
FalseNegative: 2.0
Precision: 0.85882354
F1Score: 0.85882354
TruePositive: 586.0
Recall: 0.85882354

----------------
Class 2:
Accuracy: 0.97771174
FalsePositive: 4.0
FalseNegative: 11.0
Precision: 0.92
F1Score: 0.92
TruePositive: 612.0
Recall: 0.92

----------------
Class 3:
Accuracy: 0.97473997
FalsePositive: 10.0
FalseNegative: 7.0
Precision: 0.8333333
F1Score: 0.8333333
TruePositive: 606.0
Recall: 0.8333333

----------------
Class 4:
Accuracy: 0.9791976
FalsePositive: 5.0
FalseNegative: 9.0
Precision: 0.921875
F1Score: 0.921875
TruePositive: 600.0
Recall: 0.921875

----------------
Class 5:
Accuracy: 0.9702823
FalsePositive: 9.0
FalseNegative: 11.0
Precision: 0.859375
F1Score: 0.859375
TruePositive: 598.0
Recall: 0.859375

----------------
Class 6:
Accuracy: 0.98662704
FalsePositive: 2.0
FalseNegative: 7.0
Precision: 0.9705882
F1Score: 0.9705882
TruePositive: 598.0
Recall: 0.9705882

----------------
Class 7:
Accuracy: 0.9732541
FalsePositive: 1.0
FalseNegative: 17.0
Precision: 0.9859155
F1Score: 0.9859155
TruePositive: 585.0
Recall: 0.9859155

----------------
Class 8:
Accuracy: 0.97771174
FalsePositive: 4.0
FalseNegative: 11.0
Precision: 0.92
F1Score: 0.92
TruePositive: 612.0
Recall: 0.92

----------------
Class 9:
Accuracy: 0.9435364
FalsePositive: 34.0
FalseNegative: 4.0
Precision: 0.6666667
F1Score: 0.6666667
TruePositive: 567.0
Recall: 0.6666667

----------------
Loading images...
Loaded 2000 images
Creating neural network...
Training neural network
------------------------------------------------------------------------
TRAINING NEURAL NETWORK
------------------------------------------------------------------------
Epoch:1, Time:2090ms, TrainError:2.3079624, TrainErrorChange:2.3079624, Accuracy: NaN
Epoch:2, Time:2189ms, TrainError:2.2747197, TrainErrorChange:-0.033242702, Accuracy: NaN
Epoch:3, Time:1999ms, TrainError:2.2205012, TrainErrorChange:-0.05421853, Accuracy: NaN
Epoch:4, Time:2161ms, TrainError:2.1646671, TrainErrorChange:-0.055834055, Accuracy: NaN
Epoch:5, Time:1918ms, TrainError:2.1314044, TrainErrorChange:-0.03326273, Accuracy: NaN
Epoch:6, Time:1935ms, TrainError:2.1085432, TrainErrorChange:-0.022861242, Accuracy: NaN
Epoch:7, Time:2010ms, TrainError:2.0909693, TrainErrorChange:-0.017573833, Accuracy: 1.0
Epoch:8, Time:1989ms, TrainError:2.076758, TrainErrorChange:-0.014211416, Accuracy: 0.9
Epoch:9, Time:2156ms, TrainError:2.0648777, TrainErrorChange:-0.011880159, Accuracy: 0.9200001
Epoch:10, Time:2014ms, TrainError:2.0550387, TrainErrorChange:-0.009839058, Accuracy: 0.9
Epoch:11, Time:1956ms, TrainError:2.0489616, TrainErrorChange:-0.006077051, Accuracy: 0.88888884
Epoch:12, Time:1883ms, TrainError:2.045799, TrainErrorChange:-0.0031626225, Accuracy: 0.8705882
Epoch:13, Time:1930ms, TrainError:2.0452664, TrainErrorChange:-5.326271E-4, Accuracy: 0.8736842
Epoch:14, Time:1889ms, TrainError:2.0490303, TrainErrorChange:0.003763914, Accuracy: 0.8833334
Epoch:15, Time:1853ms, TrainError:2.0544767, TrainErrorChange:0.005446434, Accuracy: 0.8933333
Epoch:16, Time:2020ms, TrainError:2.0606735, TrainErrorChange:0.0061967373, Accuracy: 0.8827586
Epoch:17, Time:1887ms, TrainError:2.0652175, TrainErrorChange:0.0045440197, Accuracy: 0.8846153
Epoch:18, Time:1961ms, TrainError:2.066273, TrainErrorChange:0.001055479, Accuracy: 0.88571435
Epoch:19, Time:1983ms, TrainError:2.0700104, TrainErrorChange:0.0037374496, Accuracy: 0.8842106
Epoch:20, Time:1822ms, TrainError:2.0718205, TrainErrorChange:0.0018100739, Accuracy: 0.9
Epoch:21, Time:2097ms, TrainError:2.0699224, TrainErrorChange:-0.0018980503, Accuracy: 0.90666664
Epoch:22, Time:1928ms, TrainError:2.063593, TrainErrorChange:-0.0063295364, Accuracy: 0.925
Epoch:23, Time:1851ms, TrainError:2.0570288, TrainErrorChange:-0.0065641403, Accuracy: 0.9333333
Epoch:24, Time:1899ms, TrainError:2.0502908, TrainErrorChange:-0.0067379475, Accuracy: 0.9333333
Epoch:25, Time:2208ms, TrainError:2.0433784, TrainErrorChange:-0.00691247, Accuracy: 0.95
Epoch:26, Time:2072ms, TrainError:2.0365484, TrainErrorChange:-0.006829977, Accuracy: 0.94736844
Epoch:27, Time:1829ms, TrainError:2.0296485, TrainErrorChange:-0.0068998337, Accuracy: 0.94285715
Epoch:28, Time:2061ms, TrainError:2.023219, TrainErrorChange:-0.006429434, Accuracy: 0.952
Epoch:29, Time:1739ms, TrainError:2.0163019, TrainErrorChange:-0.0069172382, Accuracy: 0.93999994
Epoch:30, Time:1848ms, TrainError:2.0089054, TrainErrorChange:-0.0073964596, Accuracy: 0.94375
Epoch:31, Time:2000ms, TrainError:2.001497, TrainErrorChange:-0.0074083805, Accuracy: 0.94594586
Epoch:32, Time:1991ms, TrainError:1.994396, TrainErrorChange:-0.007101059, Accuracy: 0.9414635
Epoch:33, Time:1718ms, TrainError:1.9873995, TrainErrorChange:-0.0069965124, Accuracy: 0.9291666
Epoch:34, Time:1791ms, TrainError:1.9794859, TrainErrorChange:-0.0079135895, Accuracy: 0.9254902
Epoch:35, Time:1955ms, TrainError:1.9721556, TrainErrorChange:-0.0073302984, Accuracy: 0.91785717
Epoch:36, Time:1824ms, TrainError:1.9652321, TrainErrorChange:-0.006923437, Accuracy: 0.9206897
Epoch:37, Time:1931ms, TrainError:1.9579588, TrainErrorChange:-0.0072733164, Accuracy: 0.9125
Epoch:38, Time:1779ms, TrainError:1.9503995, TrainErrorChange:-0.0075592995, Accuracy: 0.9164179
Epoch:39, Time:1879ms, TrainError:1.942333, TrainErrorChange:-0.008066535, Accuracy: 0.9178082
Epoch:40, Time:2119ms, TrainError:1.933628, TrainErrorChange:-0.00870502, Accuracy: 0.9189874
Epoch:41, Time:1963ms, TrainError:1.9240434, TrainErrorChange:-0.009584546, Accuracy: 0.9204545
Epoch:42, Time:1893ms, TrainError:1.913679, TrainErrorChange:-0.010364413, Accuracy: 0.91752565
Epoch:43, Time:1851ms, TrainError:1.9024316, TrainErrorChange:-0.0112473965, Accuracy: 0.91400003
Epoch:44, Time:2008ms, TrainError:1.8906264, TrainErrorChange:-0.011805177, Accuracy: 0.9174312
Epoch:45, Time:1991ms, TrainError:1.8782227, TrainErrorChange:-0.012403727, Accuracy: 0.9109243
Epoch:46, Time:2333ms, TrainError:1.8657417, TrainErrorChange:-0.012480974, Accuracy: 0.9144927
Epoch:47, Time:1760ms, TrainError:1.8538225, TrainErrorChange:-0.01191926, Accuracy: 0.91320765
Epoch:48, Time:1861ms, TrainError:1.8424435, TrainErrorChange:-0.0113790035, Accuracy: 0.91411763
Epoch:49, Time:2139ms, TrainError:1.8314227, TrainErrorChange:-0.01102078, Accuracy: 0.9141305
Epoch:50, Time:1849ms, TrainError:1.8201083, TrainErrorChange:-0.011314392, Accuracy: 0.919598
Epoch:51, Time:1836ms, TrainError:1.8084564, TrainErrorChange:-0.011651874, Accuracy: 0.92200005
Epoch:52, Time:1810ms, TrainError:1.796556, TrainErrorChange:-0.011900425, Accuracy: 0.92112684
Epoch:53, Time:1897ms, TrainError:1.783349, TrainErrorChange:-0.013206959, Accuracy: 0.92227066
Epoch:54, Time:1880ms, TrainError:1.7701843, TrainErrorChange:-0.013164759, Accuracy: 0.92066115
Epoch:55, Time:1878ms, TrainError:1.7596799, TrainErrorChange:-0.010504365, Accuracy: 0.9204918
Epoch:56, Time:1775ms, TrainError:1.755459, TrainErrorChange:-0.0042209625, Accuracy: 0.91472864
Epoch:57, Time:1878ms, TrainError:1.7534565, TrainErrorChange:-0.0020024776, Accuracy: 0.9177866
Epoch:58, Time:1929ms, TrainError:1.7506294, TrainErrorChange:-0.0028270483, Accuracy: 0.9193548
Epoch:59, Time:1963ms, TrainError:1.7455508, TrainErrorChange:-0.0050786734, Accuracy: 0.9177865
Epoch:60, Time:1911ms, TrainError:1.7421377, TrainErrorChange:-0.0034130812, Accuracy: 0.9243029
Epoch:61, Time:1979ms, TrainError:1.7500106, TrainErrorChange:0.007872939, Accuracy: 0.91633475
Epoch:62, Time:2031ms, TrainError:1.7516845, TrainErrorChange:0.0016739368, Accuracy: 0.9124032
Epoch:63, Time:1891ms, TrainError:1.7459605, TrainErrorChange:-0.0057240725, Accuracy: 0.9126865
