Training convolutional network with MNIST data set
Loading images...
Loaded 2000 images
Creating neural network...
Training neural network
------------------------------------------------------------------------
TRAINING NEURAL NETWORK
------------------------------------------------------------------------
Epoch:1, Time:1773ms, TrainError:1.4661422, TrainErrorChange:1.4661422, Accuracy: 0.9463078
Epoch:2, Time:1690ms, TrainError:0.86808556, TrainErrorChange:-0.5980566, Accuracy: 0.9550769
Epoch:3, Time:1672ms, TrainError:0.6823074, TrainErrorChange:-0.18577814, Accuracy: 0.968923
Epoch:4, Time:1656ms, TrainError:0.5189193, TrainErrorChange:-0.16338813, Accuracy: 0.9735385
Epoch:5, Time:1654ms, TrainError:0.5437508, TrainErrorChange:0.024831533, Accuracy: 0.9756924
Epoch:6, Time:1665ms, TrainError:0.5130519, TrainErrorChange:-0.030698895, Accuracy: 0.9721538
Epoch:7, Time:1681ms, TrainError:0.44483605, TrainErrorChange:-0.06821588, Accuracy: 0.9716924
Epoch:8, Time:1689ms, TrainError:0.34778866, TrainErrorChange:-0.09704739, Accuracy: 0.98323077
Epoch:9, Time:1741ms, TrainError:0.4523276, TrainErrorChange:0.10453895, Accuracy: 0.9756924
Epoch:10, Time:1802ms, TrainError:0.34747165, TrainErrorChange:-0.104855955, Accuracy: 0.98769236
Training convolutional network with MNIST data set
Loading images...
Loaded 2000 images
Creating neural network...
Training neural network
------------------------------------------------------------------------
TRAINING NEURAL NETWORK
------------------------------------------------------------------------
Epoch:1, Time:1836ms, TrainError:2.3304617, TrainErrorChange:2.3304617, Accuracy: 0.821077
Epoch:2, Time:2590ms, TrainError:2.328, TrainErrorChange:-0.0024616718, Accuracy: 0.8207693
Epoch:3, Time:2741ms, TrainError:2.3265934, TrainErrorChange:-0.0014066696, Accuracy: 0.82092315
Epoch:4, Time:2696ms, TrainError:2.3261707, TrainErrorChange:-4.2271614E-4, Accuracy: 0.821077
Epoch:5, Time:2685ms, TrainError:2.3247845, TrainErrorChange:-0.0013861656, Accuracy: 0.822
Epoch:6, Time:2706ms, TrainError:2.325672, TrainErrorChange:8.8739395E-4, Accuracy: 0.8230769
Epoch:7, Time:2710ms, TrainError:2.3225412, TrainErrorChange:-0.0031306744, Accuracy: 0.8206154
Epoch:8, Time:2768ms, TrainError:2.321117, TrainErrorChange:-0.0014243126, Accuracy: 0.8263078
Epoch:9, Time:2800ms, TrainError:2.3155046, TrainErrorChange:-0.0056123734, Accuracy: 0.82738465
Epoch:10, Time:2833ms, TrainError:2.2959712, TrainErrorChange:-0.019533396, Accuracy: 0.83030766
Training convolutional network with MNIST data set
Loading images...
Loaded 2000 images
Creating neural network...
Training neural network
------------------------------------------------------------------------
TRAINING NEURAL NETWORK
------------------------------------------------------------------------
Epoch:1, Time:1826ms, TrainError:1.4661422, TrainErrorChange:1.4661422, Accuracy: 0.9463078
Epoch:2, Time:1736ms, TrainError:0.86808556, TrainErrorChange:-0.5980566, Accuracy: 0.9550769
Epoch:3, Time:1748ms, TrainError:0.6823074, TrainErrorChange:-0.18577814, Accuracy: 0.968923
Epoch:4, Time:1758ms, TrainError:0.5189193, TrainErrorChange:-0.16338813, Accuracy: 0.9735385
Epoch:5, Time:1656ms, TrainError:0.5437508, TrainErrorChange:0.024831533, Accuracy: 0.9756924
Epoch:6, Time:1664ms, TrainError:0.5130519, TrainErrorChange:-0.030698895, Accuracy: 0.9721538
Training convolutional network with MNIST data set
Loading images...
Loaded 1999 images
Creating neural network...
Training neural network
------------------------------------------------------------------------
TRAINING NEURAL NETWORK
------------------------------------------------------------------------
Epoch:1, Time:1813ms, TrainError:1.3485706, TrainErrorChange:1.3485706, Accuracy: 0.9301001
