Training convolutional network with MNIST data set
Creating image data set...
Loaded 10 labels
Loaded 3000 images
Number of images by label/class
0 : 275
1 : 329
2 : 304
3 : 312
4 : 305
5 : 252
6 : 293
7 : 316
8 : 309
9 : 295
Splitting data set: [0.7, 0.3]
------------------------------------------------
CREATING NEURAL NETWORK
------------------------------------------------
Input Layer { width:28, height:28, depth:3 }
Convolutional Layer { filter width:3, filter height: 3, channels: 6, stride: 1, activation: LEAKY_RELU}
Max Pooling Layer { filter width:2, filter height: 2, stride:2}
Convolutional Layer { filter width:3, filter height: 3, channels: 12, stride: 1, activation: LEAKY_RELU}
Max Pooling Layer { filter width:2, filter height: 2, stride:2}
Fully Connected Layer { width:40 activation:LEAKY_RELU}
Fully Connected Layer { width:30 activation:LEAKY_RELU}
Fully Connected Layer { width:20 activation:LEAKY_RELU}
Output Layer { width:10, activation:SOFTMAX}

Splitting data set: [0.8, 0.2]
------------------------------------------------------------------------------------------------------------------------------------------------
TRAINING NEURAL NETWORK
------------------------------------------------------------------------------------------------------------------------------------------------
Epoch:1, Time:2987ms, TrainError:2.0265079, TrainErrorChange:2.0265079, TrainAccuracy: 0.089553714, ValError:2.3029687, ValAccuracy: 0.07850741
Epoch:2, Time:2697ms, TrainError:1.2370573, TrainErrorChange:-0.7894505, TrainAccuracy: 0.37594157, ValError:1.2488757, ValAccuracy: 0.37334692
Epoch:3, Time:2709ms, TrainError:0.8922692, TrainErrorChange:-0.34478813, TrainAccuracy: 0.58570397, ValError:0.76257825, ValAccuracy: 0.57221174
Epoch:4, Time:2684ms, TrainError:0.695422, TrainErrorChange:-0.1968472, TrainAccuracy: 0.7136715, ValError:0.5158446, ValAccuracy: 0.7034798
Epoch:5, Time:2688ms, TrainError:0.5709113, TrainErrorChange:-0.124510705, TrainAccuracy: 0.7661746, ValError:0.41250426, ValAccuracy: 0.78150785
Epoch:6, Time:3130ms, TrainError:0.47041866, TrainErrorChange:-0.10049263, TrainAccuracy: 0.7816485, ValError:0.40401593, ValAccuracy: 0.76960987
Epoch:7, Time:3154ms, TrainError:0.39406714, TrainErrorChange:-0.07635152, TrainAccuracy: 0.8205587, ValError:0.33134672, ValAccuracy: 0.802376
Epoch:8, Time:3156ms, TrainError:0.3377969, TrainErrorChange:-0.05627024, TrainAccuracy: 0.8267298, ValError:0.327033, ValAccuracy: 0.7963108
Epoch:9, Time:3139ms, TrainError:0.28882983, TrainErrorChange:-0.048967063, TrainAccuracy: 0.86414737, ValError:0.29176077, ValAccuracy: 0.8372593
Epoch:10, Time:3126ms, TrainError:0.24368593, TrainErrorChange:-0.045143902, TrainAccuracy: 0.84072274, ValError:0.35761246, ValAccuracy: 0.7936432
Epoch:11, Time:3161ms, TrainError:0.20809703, TrainErrorChange:-0.035588905, TrainAccuracy: 0.8843106, ValError:0.2983918, ValAccuracy: 0.83066404
Epoch:12, Time:3222ms, TrainError:0.16870947, TrainErrorChange:-0.039387554, TrainAccuracy: 0.8939474, ValError:0.28035477, ValAccuracy: 0.83116496
Epoch:13, Time:3141ms, TrainError:0.14359654, TrainErrorChange:-0.025112927, TrainAccuracy: 0.9006092, ValError:0.33480707, ValAccuracy: 0.80932397
Epoch:14, Time:3162ms, TrainError:0.14357013, TrainErrorChange:-2.6419759E-5, TrainAccuracy: 0.8928949, ValError:0.3728851, ValAccuracy: 0.8130784
Epoch:15, Time:3132ms, TrainError:0.14837834, TrainErrorChange:0.0048082173, TrainAccuracy: 0.8910077, ValError:0.3828186, ValAccuracy: 0.82166606
Epoch:16, Time:3165ms, TrainError:0.117669754, TrainErrorChange:-0.030708589, TrainAccuracy: 0.9141453, ValError:0.34571734, ValAccuracy: 0.8349392
Epoch:17, Time:2765ms, TrainError:0.10398367, TrainErrorChange:-0.013686083, TrainAccuracy: 0.93188286, ValError:0.32868117, ValAccuracy: 0.8411865
Epoch:18, Time:2838ms, TrainError:0.07713446, TrainErrorChange:-0.02684921, TrainAccuracy: 0.92053366, ValError:0.39240757, ValAccuracy: 0.83928174
Epoch:19, Time:2757ms, TrainError:0.088673025, TrainErrorChange:0.011538565, TrainAccuracy: 0.9617154, ValError:0.3308941, ValAccuracy: 0.85395086
Epoch:20, Time:2736ms, TrainError:0.076809764, TrainErrorChange:-0.011863261, TrainAccuracy: 0.9336386, ValError:0.41349968, ValAccuracy: 0.8194438
Epoch:21, Time:2765ms, TrainError:0.05225264, TrainErrorChange:-0.024557125, TrainAccuracy: 0.95154667, ValError:0.3683412, ValAccuracy: 0.8479417
Epoch:22, Time:2735ms, TrainError:0.055354726, TrainErrorChange:0.0031020865, TrainAccuracy: 0.95426494, ValError:0.3223057, ValAccuracy: 0.8442918
Loading images...
Loaded 1 labels
javax.imageio.IIOException: Unsupported Image Type
Loading images...
Loaded 10 labels
Loaded 1000 images
Splitting data set: [0.66, 0.34]
Creating neural network...
Training neural network
------------------------------------------------------------------------------------------------------------------------------------------------
TRAINING NEURAL NETWORK
------------------------------------------------------------------------------------------------------------------------------------------------
Epoch:1, Time:13151ms, TrainError:2.3260057, TrainErrorChange:2.3260057, TrainAccuracy: 0.004400166
Epoch:2, Time:12791ms, TrainError:2.0853746, TrainErrorChange:-0.2406311, TrainAccuracy: 0.013442658
Epoch:3, Time:12765ms, TrainError:1.959176, TrainErrorChange:-0.12619865, TrainAccuracy: 0.036710463
Epoch:4, Time:12575ms, TrainError:1.8704052, TrainErrorChange:-0.08877075, TrainAccuracy: 0.07928064
Epoch:5, Time:14638ms, TrainError:1.7896075, TrainErrorChange:-0.08079767, TrainAccuracy: 0.13304955
Epoch:6, Time:13362ms, TrainError:1.7110214, TrainErrorChange:-0.0785861, TrainAccuracy: 0.17360295
Epoch:7, Time:13440ms, TrainError:1.628932, TrainErrorChange:-0.082089424, TrainAccuracy: 0.22818398
Epoch:8, Time:13247ms, TrainError:1.5437787, TrainErrorChange:-0.08515334, TrainAccuracy: 0.295688
Epoch:9, Time:14438ms, TrainError:1.4517895, TrainErrorChange:-0.09198916, TrainAccuracy: 0.3496185
Epoch:10, Time:13357ms, TrainError:1.3487357, TrainErrorChange:-0.10305381, TrainAccuracy: 0.40456986
Epoch:11, Time:13317ms, TrainError:1.235494, TrainErrorChange:-0.11324167, TrainAccuracy: 0.45877242
Epoch:12, Time:14060ms, TrainError:1.1069704, TrainErrorChange:-0.12852359, TrainAccuracy: 0.51805276
Epoch:13, Time:14265ms, TrainError:0.96052045, TrainErrorChange:-0.14644998, TrainAccuracy: 0.5700223
Loading images...
Loaded 1 labels
javax.imageio.IIOException: Unsupported Image Type
Loading images...
Loaded 1 labels
javax.imageio.IIOException: Unsupported Image Type
Loading images...
Loaded 1 labels
javax.imageio.IIOException: Unsupported Image Type
Loading images...
Loaded 1 labels
javax.imageio.IIOException: Unsupported Image Type
Loading images...
Loaded 1 labels
javax.imageio.IIOException: Unsupported Image Type
Loading images...
Loaded 1 labels
javax.imageio.IIOException: Unsupported Image Type
Loading images...
Loaded 1 labels
javax.imageio.IIOException: Unsupported Image Type
Loading images...
Loaded 1 labels
Loaded 73 images
Creating neural network...
Training neural network
------------------------------------------------------------------------------------------------------------------------------------------------
TRAINING NEURAL NETWORK
------------------------------------------------------------------------------------------------------------------------------------------------
Epoch:1, Time:880ms, TrainError:0.6977058, TrainErrorChange:0.6977058, TrainAccuracy: 0.6712329
Epoch:2, Time:694ms, TrainError:0.65215665, TrainErrorChange:-0.045549154, TrainAccuracy: 0.84931505
Epoch:3, Time:710ms, TrainError:0.6617068, TrainErrorChange:0.009550154, TrainAccuracy: 0.60273975
Epoch:4, Time:683ms, TrainError:0.6655179, TrainErrorChange:0.003811121, TrainAccuracy: 0.84931505
Epoch:5, Time:708ms, TrainError:0.6428219, TrainErrorChange:-0.022696018, TrainAccuracy: 0.6712329
Epoch:6, Time:643ms, TrainError:0.6368084, TrainErrorChange:-0.0060135126, TrainAccuracy: 0.8082192
Epoch:7, Time:632ms, TrainError:0.657275, TrainErrorChange:0.020466626, TrainAccuracy: 0.6712329
Epoch:8, Time:629ms, TrainError:0.6378404, TrainErrorChange:-0.01943463, TrainAccuracy: 0.6712329
Epoch:9, Time:618ms, TrainError:0.64099735, TrainErrorChange:0.00315696, TrainAccuracy: 0.6712329
Epoch:10, Time:630ms, TrainError:0.5720991, TrainErrorChange:-0.06889826, TrainAccuracy: 0.6712329
Epoch:11, Time:649ms, TrainError:0.3115742, TrainErrorChange:-0.2605249, TrainAccuracy: 0.9589041
Epoch:12, Time:657ms, TrainError:0.57614946, TrainErrorChange:0.26457527, TrainAccuracy: 0.6712329
Epoch:13, Time:629ms, TrainError:0.6511182, TrainErrorChange:0.074968755, TrainAccuracy: 0.6712329
Epoch:14, Time:639ms, TrainError:0.61491144, TrainErrorChange:-0.036206782, TrainAccuracy: 0.6712329
Epoch:15, Time:657ms, TrainError:0.3461201, TrainErrorChange:-0.26879135, TrainAccuracy: 0.9041096
Epoch:16, Time:689ms, TrainError:0.39912242, TrainErrorChange:0.053002328, TrainAccuracy: 0.6712329
Epoch:17, Time:691ms, TrainError:0.31792322, TrainErrorChange:-0.0811992, TrainAccuracy: 0.8082192
Epoch:18, Time:701ms, TrainError:0.25158215, TrainErrorChange:-0.06634107, TrainAccuracy: 0.84931505
Epoch:19, Time:687ms, TrainError:0.08979169, TrainErrorChange:-0.16179046, TrainAccuracy: 1.0
Epoch:20, Time:694ms, TrainError:0.014078792, TrainErrorChange:-0.075712904, TrainAccuracy: 1.0

TRAINING COMPLETED
Total Training Time: 17761ms
------------------------------------------------------------------------
