Training convolutional network with MNIST data set
Loading images...
Could not find labels file: D:\datasets\mnist\train\labels.txt
java.io.FileNotFoundException: D:\datasets\mnist\train\labels.txt (The system cannot find the path specified)
	at java.io.FileInputStream.open0(Native Method) ~[?:1.8.0_151]
	at java.io.FileInputStream.open(FileInputStream.java:195) ~[?:1.8.0_151]
	at java.io.FileInputStream.<init>(FileInputStream.java:138) ~[?:1.8.0_151]
	at java.io.FileReader.<init>(FileReader.java:72) ~[?:1.8.0_151]
	at deepnetts.data.ImageSet.loadLabels(ImageSet.java:281) [classes/:?]
	at deepnetts.examples.Mnist.run(Mnist.java:66) [classes/:?]
	at deepnetts.examples.Mnist.main(Mnist.java:117) [classes/:?]
Loading images...
javax.imageio.IIOException: Can't read input file!
Loading images...
javax.imageio.IIOException: Can't read input file!
Epoch:1, Time:79ms, TotalError:0.13581543, ErrorChange:0.13581543
Epoch:2, Time:0ms, TotalError:0.13623594, ErrorChange:4.2051077E-4
Epoch:3, Time:0ms, TotalError:0.12513548, ErrorChange:-0.011100456
Epoch:4, Time:15ms, TotalError:0.09432187, ErrorChange:-0.030813612
Epoch:5, Time:0ms, TotalError:0.097670265, ErrorChange:0.0033483952
Epoch:6, Time:16ms, TotalError:0.07379445, ErrorChange:-0.023875818
Epoch:7, Time:0ms, TotalError:0.13318807, ErrorChange:0.059393622
Epoch:8, Time:0ms, TotalError:0.09188888, ErrorChange:-0.041299187
Epoch:9, Time:16ms, TotalError:0.07357362, ErrorChange:-0.018315263
Epoch:10, Time:0ms, TotalError:0.053181313, ErrorChange:-0.020392306
Epoch:11, Time:0ms, TotalError:0.05478895, ErrorChange:0.0016076379
Epoch:12, Time:0ms, TotalError:0.05286505, ErrorChange:-0.0019239001
Epoch:13, Time:0ms, TotalError:0.053439673, ErrorChange:5.746223E-4
Epoch:14, Time:0ms, TotalError:0.044396445, ErrorChange:-0.009043228
Epoch:15, Time:0ms, TotalError:0.04625287, ErrorChange:0.0018564239
Epoch:16, Time:0ms, TotalError:0.039971843, ErrorChange:-0.0062810257
Epoch:17, Time:0ms, TotalError:0.033533305, ErrorChange:-0.0064385384
Epoch:18, Time:0ms, TotalError:0.03163968, ErrorChange:-0.0018936247
Epoch:19, Time:0ms, TotalError:0.01635612, ErrorChange:-0.01528356
Epoch:20, Time:0ms, TotalError:0.021003937, ErrorChange:0.0046478175
Epoch:21, Time:0ms, TotalError:0.07015966, ErrorChange:0.04915572
Epoch:22, Time:0ms, TotalError:0.018045064, ErrorChange:-0.052114595
Epoch:23, Time:0ms, TotalError:0.045785308, ErrorChange:0.027740244
Epoch:24, Time:15ms, TotalError:0.014883121, ErrorChange:-0.030902188
Epoch:25, Time:0ms, TotalError:0.04534679, ErrorChange:0.03046367
Epoch:26, Time:0ms, TotalError:0.010335175, ErrorChange:-0.035011612
Epoch:27, Time:0ms, TotalError:0.015152944, ErrorChange:0.004817769
Epoch:28, Time:0ms, TotalError:0.009008956, ErrorChange:-0.006143988
Total Training Time: 141ms
Epoch:1, Time:32ms, TotalError:1.1418246, ErrorChange:1.1418246
Epoch:2, Time:0ms, TotalError:0.9200789, ErrorChange:-0.22174573
Epoch:3, Time:0ms, TotalError:0.5849198, ErrorChange:-0.33515906
Epoch:4, Time:15ms, TotalError:0.44952244, ErrorChange:-0.13539737
Epoch:5, Time:0ms, TotalError:0.37809408, ErrorChange:-0.07142836
Epoch:6, Time:0ms, TotalError:0.32890514, ErrorChange:-0.04918894
Epoch:7, Time:0ms, TotalError:0.29464898, ErrorChange:-0.03425616
Epoch:8, Time:0ms, TotalError:0.2703631, ErrorChange:-0.024285883
Epoch:9, Time:0ms, TotalError:0.25262257, ErrorChange:-0.017740518
Epoch:10, Time:0ms, TotalError:0.2393154, ErrorChange:-0.013307169
Epoch:11, Time:0ms, TotalError:0.22898026, ErrorChange:-0.010335147
Epoch:12, Time:0ms, TotalError:0.22060339, ErrorChange:-0.008376867
Epoch:13, Time:0ms, TotalError:0.21352024, ErrorChange:-0.0070831478
Epoch:14, Time:0ms, TotalError:0.207328, ErrorChange:-0.006192237
Epoch:15, Time:0ms, TotalError:0.2017943, ErrorChange:-0.00553371
Epoch:16, Time:0ms, TotalError:0.1967661, ErrorChange:-0.005028203
Epoch:17, Time:0ms, TotalError:0.1921183, ErrorChange:-0.0046477914
Epoch:18, Time:0ms, TotalError:0.18775661, ErrorChange:-0.004361689
Epoch:19, Time:0ms, TotalError:0.18363221, ErrorChange:-0.004124403
Epoch:20, Time:0ms, TotalError:0.17973801, ErrorChange:-0.003894195
Epoch:21, Time:0ms, TotalError:0.17608592, ErrorChange:-0.0036520958
Epoch:22, Time:0ms, TotalError:0.17268546, ErrorChange:-0.00340046
Epoch:23, Time:0ms, TotalError:0.16953395, ErrorChange:-0.0031515062
Epoch:24, Time:0ms, TotalError:0.1666176, ErrorChange:-0.002916351
Epoch:25, Time:0ms, TotalError:0.16391596, ErrorChange:-0.0027016401
Epoch:26, Time:0ms, TotalError:0.16140696, ErrorChange:-0.002508998
Epoch:27, Time:0ms, TotalError:0.15906991, ErrorChange:-0.0023370534
Epoch:28, Time:0ms, TotalError:0.15688583, ErrorChange:-0.002184078
Epoch:29, Time:0ms, TotalError:0.15483879, ErrorChange:-0.002047047
Epoch:30, Time:0ms, TotalError:0.15291539, ErrorChange:-0.0019233972
Epoch:31, Time:0ms, TotalError:0.15110365, ErrorChange:-0.0018117428
Epoch:32, Time:0ms, TotalError:0.14939414, ErrorChange:-0.0017095059
Epoch:33, Time:0ms, TotalError:0.14777838, ErrorChange:-0.0016157627
Epoch:34, Time:0ms, TotalError:0.14624941, ErrorChange:-0.0015289634
Epoch:35, Time:16ms, TotalError:0.14480045, ErrorChange:-0.0014489591
Epoch:36, Time:0ms, TotalError:0.14342593, ErrorChange:-0.0013745278
Epoch:37, Time:0ms, TotalError:0.14212047, ErrorChange:-0.0013054609
Epoch:38, Time:0ms, TotalError:0.14087924, ErrorChange:-0.001241222
Epoch:39, Time:0ms, TotalError:0.1396979, ErrorChange:-0.0011813492
Epoch:40, Time:0ms, TotalError:0.1385721, ErrorChange:-0.0011257976
Epoch:41, Time:0ms, TotalError:0.13749813, ErrorChange:-0.0010739714
Epoch:42, Time:0ms, TotalError:0.13647228, ErrorChange:-0.0010258406
Epoch:43, Time:0ms, TotalError:0.13549142, ErrorChange:-9.808689E-4
Epoch:44, Time:0ms, TotalError:0.13455233, ErrorChange:-9.390861E-4
Epoch:45, Time:0ms, TotalError:0.13365236, ErrorChange:-8.9997053E-4
Epoch:46, Time:0ms, TotalError:0.13278879, ErrorChange:-8.63567E-4
Epoch:47, Time:0ms, TotalError:0.13195932, ErrorChange:-8.2947314E-4
Epoch:48, Time:0ms, TotalError:0.13116193, ErrorChange:-7.9739094E-4
Epoch:49, Time:0ms, TotalError:0.13039438, ErrorChange:-7.675439E-4
Epoch:50, Time:0ms, TotalError:0.12965512, ErrorChange:-7.392615E-4
Epoch:51, Time:0ms, TotalError:0.1289423, ErrorChange:-7.1282685E-4
Epoch:52, Time:0ms, TotalError:0.12825426, ErrorChange:-6.880313E-4
Epoch:53, Time:0ms, TotalError:0.12758985, ErrorChange:-6.64413E-4
Epoch:54, Time:0ms, TotalError:0.12694749, ErrorChange:-6.4235926E-4
Epoch:55, Time:0ms, TotalError:0.12632607, ErrorChange:-6.214231E-4
Epoch:56, Time:0ms, TotalError:0.12572472, ErrorChange:-6.0135126E-4
Epoch:57, Time:0ms, TotalError:0.12514198, ErrorChange:-5.827397E-4
Epoch:58, Time:0ms, TotalError:0.124577165, ErrorChange:-5.648136E-4
Epoch:59, Time:0ms, TotalError:0.12402943, ErrorChange:-5.477369E-4
Epoch:60, Time:0ms, TotalError:0.12349768, ErrorChange:-5.3174794E-4
Epoch:61, Time:0ms, TotalError:0.1229814, ErrorChange:-5.1628053E-4
Epoch:62, Time:0ms, TotalError:0.12247968, ErrorChange:-5.017221E-4
Epoch:63, Time:0ms, TotalError:0.121992275, ErrorChange:-4.8740208E-4
Epoch:64, Time:0ms, TotalError:0.12151793, ErrorChange:-4.7434866E-4
Epoch:65, Time:0ms, TotalError:0.12105655, ErrorChange:-4.613772E-4
Epoch:66, Time:0ms, TotalError:0.12060737, ErrorChange:-4.491806E-4
Epoch:67, Time:0ms, TotalError:0.12016982, ErrorChange:-4.3755025E-4
Epoch:68, Time:0ms, TotalError:0.119743586, ErrorChange:-4.2623281E-4
Epoch:69, Time:0ms, TotalError:0.11932807, ErrorChange:-4.1551888E-4
Epoch:70, Time:0ms, TotalError:0.118922934, ErrorChange:-4.0513277E-4
Epoch:71, Time:0ms, TotalError:0.11852753, ErrorChange:-3.954023E-4
Epoch:72, Time:0ms, TotalError:0.118141875, ErrorChange:-3.8565695E-4
Epoch:73, Time:0ms, TotalError:0.11776516, ErrorChange:-3.7671626E-4
Epoch:74, Time:0ms, TotalError:0.11739722, ErrorChange:-3.6793947E-4
Epoch:75, Time:0ms, TotalError:0.11703775, ErrorChange:-3.5946816E-4
Epoch:76, Time:0ms, TotalError:0.11668641, ErrorChange:-3.5133958E-4
Epoch:77, Time:0ms, TotalError:0.11634283, ErrorChange:-3.4358352E-4
Epoch:78, Time:0ms, TotalError:0.11600651, ErrorChange:-3.363192E-4
Epoch:79, Time:0ms, TotalError:0.11567767, ErrorChange:-3.2883883E-4
Epoch:80, Time:0ms, TotalError:0.11535544, ErrorChange:-3.2223016E-4
Epoch:81, Time:0ms, TotalError:0.11503995, ErrorChange:-3.1548738E-4
Epoch:82, Time:0ms, TotalError:0.11473087, ErrorChange:-3.090799E-4
Epoch:83, Time:0ms, TotalError:0.11442765, ErrorChange:-3.0322373E-4
Epoch:84, Time:0ms, TotalError:0.11413067, ErrorChange:-2.9698014E-4
Epoch:85, Time:0ms, TotalError:0.11383899, ErrorChange:-2.9167533E-4
Epoch:86, Time:0ms, TotalError:0.11355287, ErrorChange:-2.8612465E-4
Epoch:87, Time:0ms, TotalError:0.11327189, ErrorChange:-2.809763E-4
Epoch:88, Time:0ms, TotalError:0.11299602, ErrorChange:-2.7587265E-4
Epoch:89, Time:0ms, TotalError:0.11272502, ErrorChange:-2.7099997E-4
Epoch:90, Time:0ms, TotalError:0.11245844, ErrorChange:-2.6658177E-4
Epoch:91, Time:0ms, TotalError:0.11219635, ErrorChange:-2.6208907E-4
Epoch:92, Time:0ms, TotalError:0.11193867, ErrorChange:-2.5767833E-4
Epoch:93, Time:0ms, TotalError:0.1116851, ErrorChange:-2.5357306E-4
Epoch:94, Time:0ms, TotalError:0.1114354, ErrorChange:-2.4969876E-4
Epoch:95, Time:0ms, TotalError:0.11118959, ErrorChange:-2.4580956E-4
Epoch:96, Time:0ms, TotalError:0.11094759, ErrorChange:-2.4200231E-4
Epoch:97, Time:0ms, TotalError:0.11070901, ErrorChange:-2.3857504E-4
Epoch:98, Time:0ms, TotalError:0.110474035, ErrorChange:-2.3497641E-4
Epoch:99, Time:0ms, TotalError:0.11024227, ErrorChange:-2.3176521E-4
Epoch:100, Time:0ms, TotalError:0.11001374, ErrorChange:-2.2853166E-4
Epoch:101, Time:0ms, TotalError:0.10978834, ErrorChange:-2.2539496E-4
Epoch:102, Time:0ms, TotalError:0.109565824, ErrorChange:-2.2251904E-4
Epoch:103, Time:0ms, TotalError:0.1093465, ErrorChange:-2.1932274E-4
Epoch:104, Time:0ms, TotalError:0.10912968, ErrorChange:-2.1681935E-4
Epoch:105, Time:0ms, TotalError:0.10891589, ErrorChange:-2.1379441E-4
Epoch:106, Time:0ms, TotalError:0.10870476, ErrorChange:-2.111271E-4
Epoch:107, Time:0ms, TotalError:0.10849592, ErrorChange:-2.0883977E-4
Epoch:108, Time:0ms, TotalError:0.108289786, ErrorChange:-2.0613521E-4
Epoch:109, Time:0ms, TotalError:0.10808609, ErrorChange:-2.0369887E-4
Epoch:110, Time:0ms, TotalError:0.10788466, ErrorChange:-2.0142645E-4
Epoch:111, Time:0ms, TotalError:0.10768547, ErrorChange:-1.9919127E-4
Epoch:112, Time:0ms, TotalError:0.107488476, ErrorChange:-1.9699335E-4
Epoch:113, Time:0ms, TotalError:0.10729378, ErrorChange:-1.9469857E-4
Epoch:114, Time:0ms, TotalError:0.10710077, ErrorChange:-1.9300729E-4
Epoch:115, Time:0ms, TotalError:0.1069099, ErrorChange:-1.9086897E-4
Epoch:116, Time:0ms, TotalError:0.106720895, ErrorChange:-1.8900633E-4
Epoch:117, Time:0ms, TotalError:0.10653364, ErrorChange:-1.8725544E-4
Epoch:118, Time:0ms, TotalError:0.10634801, ErrorChange:-1.8563122E-4
Epoch:119, Time:0ms, TotalError:0.106164046, ErrorChange:-1.8396229E-4
Epoch:120, Time:0ms, TotalError:0.10598162, ErrorChange:-1.8242747E-4
Epoch:121, Time:0ms, TotalError:0.10580042, ErrorChange:-1.8119812E-4
Epoch:122, Time:0ms, TotalError:0.1056205, ErrorChange:-1.7991662E-4
Epoch:123, Time:0ms, TotalError:0.10544195, ErrorChange:-1.7855316E-4
Epoch:124, Time:0ms, TotalError:0.10526414, ErrorChange:-1.778081E-4
Epoch:125, Time:0ms, TotalError:0.10508765, ErrorChange:-1.7648935E-4
Epoch:126, Time:0ms, TotalError:0.104911536, ErrorChange:-1.7611682E-4
Epoch:127, Time:0ms, TotalError:0.10473645, ErrorChange:-1.7508864E-4
Epoch:128, Time:0ms, TotalError:0.10456149, ErrorChange:-1.7495453E-4
Epoch:129, Time:0ms, TotalError:0.10438715, ErrorChange:-1.7434359E-4
Epoch:130, Time:0ms, TotalError:0.10421282, ErrorChange:-1.7432868E-4
Epoch:131, Time:0ms, TotalError:0.10403879, ErrorChange:-1.7403066E-4
Epoch:132, Time:0ms, TotalError:0.1038646, ErrorChange:-1.7418712E-4
Epoch:133, Time:0ms, TotalError:0.10368998, ErrorChange:-1.7461926E-4
Epoch:134, Time:0ms, TotalError:0.103514805, ErrorChange:-1.7517805E-4
Epoch:135, Time:0ms, TotalError:0.10333948, ErrorChange:-1.7532706E-4
Epoch:136, Time:0ms, TotalError:0.10316306, ErrorChange:-1.7641485E-4
Epoch:137, Time:0ms, TotalError:0.102985896, ErrorChange:-1.7716736E-4
Epoch:138, Time:0ms, TotalError:0.10280819, ErrorChange:-1.777038E-4
Epoch:139, Time:0ms, TotalError:0.10262935, ErrorChange:-1.7884374E-4
Epoch:140, Time:0ms, TotalError:0.10244924, ErrorChange:-1.8011034E-4
Epoch:141, Time:0ms, TotalError:0.102268, ErrorChange:-1.8123537E-4
Epoch:142, Time:0ms, TotalError:0.10208587, ErrorChange:-1.8212944E-4
Epoch:143, Time:0ms, TotalError:0.10190287, ErrorChange:-1.8300116E-4
Epoch:144, Time:0ms, TotalError:0.10171847, ErrorChange:-1.8440187E-4
Epoch:145, Time:0ms, TotalError:0.10153334, ErrorChange:-1.8513203E-4
Epoch:146, Time:0ms, TotalError:0.10134705, ErrorChange:-1.8628687E-4
Epoch:147, Time:0ms, TotalError:0.10116079, ErrorChange:-1.8626451E-4
Epoch:148, Time:0ms, TotalError:0.10097369, ErrorChange:-1.8709898E-4
Epoch:149, Time:0ms, TotalError:0.100786276, ErrorChange:-1.874119E-4
Epoch:150, Time:0ms, TotalError:0.10059934, ErrorChange:-1.8693507E-4
Epoch:151, Time:0ms, TotalError:0.10041226, ErrorChange:-1.8708408E-4
Epoch:152, Time:0ms, TotalError:0.10022572, ErrorChange:-1.8654019E-4
Epoch:153, Time:0ms, TotalError:0.1000403, ErrorChange:-1.8541515E-4
Epoch:154, Time:0ms, TotalError:0.099855766, ErrorChange:-1.8453598E-4
Total Training Time: 94ms
Epoch:1, Time:31ms, TotalError:1.1467679, ErrorChange:1.1467679
Epoch:2, Time:0ms, TotalError:0.8854842, ErrorChange:-0.26128364
Epoch:3, Time:16ms, TotalError:0.5603749, ErrorChange:-0.3251093
Epoch:4, Time:0ms, TotalError:0.44331628, ErrorChange:-0.117058635
Epoch:5, Time:0ms, TotalError:0.37708175, ErrorChange:-0.06623453
Epoch:6, Time:0ms, TotalError:0.3264849, ErrorChange:-0.050596863
Epoch:7, Time:0ms, TotalError:0.28748983, ErrorChange:-0.038995057
Epoch:8, Time:0ms, TotalError:0.25754142, ErrorChange:-0.029948413
Epoch:9, Time:0ms, TotalError:0.2338979, ErrorChange:-0.023643523
Epoch:10, Time:0ms, TotalError:0.2145179, ErrorChange:-0.019379988
Epoch:11, Time:0ms, TotalError:0.19815123, ErrorChange:-0.016366675
Epoch:12, Time:0ms, TotalError:0.18405196, ErrorChange:-0.01409927
Epoch:13, Time:0ms, TotalError:0.17175066, ErrorChange:-0.012301296
Epoch:14, Time:0ms, TotalError:0.16094944, ErrorChange:-0.010801226
Epoch:15, Time:0ms, TotalError:0.15148781, ErrorChange:-0.009461626
Epoch:16, Time:0ms, TotalError:0.14332157, ErrorChange:-0.008166239
Epoch:17, Time:0ms, TotalError:0.13647106, ErrorChange:-0.006850511
Epoch:18, Time:0ms, TotalError:0.13094385, ErrorChange:-0.005527213
Epoch:19, Time:0ms, TotalError:0.12667668, ErrorChange:-0.004267171
Epoch:20, Time:0ms, TotalError:0.12351908, ErrorChange:-0.0031576008
Epoch:21, Time:0ms, TotalError:0.12123792, ErrorChange:-0.0022811592
Epoch:22, Time:0ms, TotalError:0.11950102, ErrorChange:-0.0017369017
Epoch:23, Time:0ms, TotalError:0.11789047, ErrorChange:-0.0016105473
Epoch:24, Time:0ms, TotalError:0.1160678, ErrorChange:-0.0018226728
Epoch:25, Time:0ms, TotalError:0.11391113, ErrorChange:-0.0021566674
Epoch:26, Time:0ms, TotalError:0.11144708, ErrorChange:-0.0024640486
Epoch:27, Time:0ms, TotalError:0.10872288, ErrorChange:-0.0027242005
Epoch:28, Time:0ms, TotalError:0.105757736, ErrorChange:-0.0029651448
Epoch:29, Time:0ms, TotalError:0.10255552, ErrorChange:-0.0032022148
Epoch:30, Time:0ms, TotalError:0.09913313, ErrorChange:-0.0034223944
Total Training Time: 47ms
Epoch:1, Time:32ms, TotalError:1.1467679, ErrorChange:1.1467679
Epoch:2, Time:0ms, TotalError:0.8854842, ErrorChange:-0.26128364
Epoch:3, Time:15ms, TotalError:0.5603749, ErrorChange:-0.3251093
Epoch:4, Time:0ms, TotalError:0.44331628, ErrorChange:-0.117058635
Epoch:5, Time:0ms, TotalError:0.37708175, ErrorChange:-0.06623453
Epoch:6, Time:0ms, TotalError:0.3264849, ErrorChange:-0.050596863
Epoch:7, Time:0ms, TotalError:0.28748983, ErrorChange:-0.038995057
Epoch:8, Time:0ms, TotalError:0.25754142, ErrorChange:-0.029948413
Epoch:9, Time:0ms, TotalError:0.2338979, ErrorChange:-0.023643523
Epoch:10, Time:0ms, TotalError:0.2145179, ErrorChange:-0.019379988
Epoch:11, Time:0ms, TotalError:0.19815123, ErrorChange:-0.016366675
Epoch:12, Time:0ms, TotalError:0.18405196, ErrorChange:-0.01409927
Epoch:13, Time:0ms, TotalError:0.17175066, ErrorChange:-0.012301296
Epoch:14, Time:0ms, TotalError:0.16094944, ErrorChange:-0.010801226
Epoch:15, Time:0ms, TotalError:0.15148781, ErrorChange:-0.009461626
Epoch:16, Time:0ms, TotalError:0.14332157, ErrorChange:-0.008166239
Epoch:17, Time:0ms, TotalError:0.13647106, ErrorChange:-0.006850511
Epoch:18, Time:0ms, TotalError:0.13094385, ErrorChange:-0.005527213
Epoch:19, Time:0ms, TotalError:0.12667668, ErrorChange:-0.004267171
Epoch:20, Time:0ms, TotalError:0.12351908, ErrorChange:-0.0031576008
Epoch:21, Time:0ms, TotalError:0.12123792, ErrorChange:-0.0022811592
Epoch:22, Time:0ms, TotalError:0.11950102, ErrorChange:-0.0017369017
Epoch:23, Time:0ms, TotalError:0.11789047, ErrorChange:-0.0016105473
Epoch:24, Time:0ms, TotalError:0.1160678, ErrorChange:-0.0018226728
Epoch:25, Time:0ms, TotalError:0.11391113, ErrorChange:-0.0021566674
Epoch:26, Time:0ms, TotalError:0.11144708, ErrorChange:-0.0024640486
Epoch:27, Time:0ms, TotalError:0.10872288, ErrorChange:-0.0027242005
Epoch:28, Time:0ms, TotalError:0.105757736, ErrorChange:-0.0029651448
Epoch:29, Time:0ms, TotalError:0.10255552, ErrorChange:-0.0032022148
Epoch:30, Time:16ms, TotalError:0.09913313, ErrorChange:-0.0034223944
Total Training Time: 63ms
Training convolutional network with MNIST data set
Loading images...
javax.imageio.IIOException: Can't read input file!
Training convolutional network with MNIST data set
Loading images...
javax.imageio.IIOException: Can't read input file!
Training convolutional network with MNIST data set
Loading images...
javax.imageio.IIOException: Can't read input file!
Training convolutional network with MNIST data set
Loading images...
Loaded 10000 images
Creating neural network...
Training neural network
Epoch:1, Time:38219ms, TotalError:2.0343444, ErrorChange:2.0343444
Epoch:2, Time:37712ms, TotalError:0.83649415, ErrorChange:-1.1978502
Epoch:3, Time:37713ms, TotalError:0.49989876, ErrorChange:-0.3365954
Epoch:4, Time:37963ms, TotalError:0.3577573, ErrorChange:-0.14214146
Epoch:5, Time:39986ms, TotalError:0.27992427, ErrorChange:-0.07783303
Epoch:6, Time:40394ms, TotalError:0.23014466, ErrorChange:-0.04977961
Epoch:7, Time:40976ms, TotalError:0.19597241, ErrorChange:-0.03417225
Epoch:8, Time:39029ms, TotalError:0.172806, ErrorChange:-0.023166418
Epoch:9, Time:41093ms, TotalError:0.15343556, ErrorChange:-0.019370437
Epoch:10, Time:39783ms, TotalError:0.13675487, ErrorChange:-0.016680688
Epoch:11, Time:38931ms, TotalError:0.12291028, ErrorChange:-0.013844587
Epoch:12, Time:38764ms, TotalError:0.11136195, ErrorChange:-0.011548333
Epoch:13, Time:38735ms, TotalError:0.10144392, ErrorChange:-0.009918034
Epoch:14, Time:38744ms, TotalError:0.09332828, ErrorChange:-0.008115634
Epoch:15, Time:38477ms, TotalError:0.08580672, ErrorChange:-0.0075215623
Epoch:16, Time:38503ms, TotalError:0.07766402, ErrorChange:-0.008142702
Epoch:17, Time:38531ms, TotalError:0.069286495, ErrorChange:-0.008377522
Epoch:18, Time:38462ms, TotalError:0.06444691, ErrorChange:-0.004839584
Epoch:19, Time:38423ms, TotalError:0.060359377, ErrorChange:-0.004087534
Epoch:20, Time:38423ms, TotalError:0.054583456, ErrorChange:-0.005775921
Total Training Time: 778866ms
Loading images...
javax.imageio.IIOException: Can't read input file!
Loading images...
javax.imageio.IIOException: Can't read input file!
Loading images...
javax.imageio.IIOException: Can't read input file!
Loading images...
javax.imageio.IIOException: Can't read input file!
Loading images...
Loaded 100 images
Creating neural network...
Training neural network
Epoch:1, Time:735ms, TotalError:2.3745437, ErrorChange:2.3745437
Epoch:2, Time:687ms, TotalError:2.3023102, ErrorChange:-0.07223344
Epoch:3, Time:641ms, TotalError:2.2667162, ErrorChange:-0.035593987
Epoch:4, Time:656ms, TotalError:2.238612, ErrorChange:-0.028104305
Epoch:5, Time:641ms, TotalError:2.2103798, ErrorChange:-0.028232098
Epoch:6, Time:641ms, TotalError:2.1823044, ErrorChange:-0.028075457
Epoch:7, Time:656ms, TotalError:2.1504347, ErrorChange:-0.03186965
Epoch:8, Time:703ms, TotalError:2.113392, ErrorChange:-0.037042618
Epoch:9, Time:672ms, TotalError:2.0745053, ErrorChange:-0.038886786
Epoch:10, Time:688ms, TotalError:2.0250971, ErrorChange:-0.049408197
Epoch:11, Time:656ms, TotalError:1.9604217, ErrorChange:-0.06467545
Epoch:12, Time:641ms, TotalError:1.8898301, ErrorChange:-0.07059157
Epoch:13, Time:625ms, TotalError:1.8071575, ErrorChange:-0.082672596
Epoch:14, Time:625ms, TotalError:1.7154206, ErrorChange:-0.09173691
Epoch:15, Time:630ms, TotalError:1.6127918, ErrorChange:-0.10262883
Epoch:16, Time:641ms, TotalError:1.5022768, ErrorChange:-0.110515
Epoch:17, Time:672ms, TotalError:1.3831621, ErrorChange:-0.11911464
Epoch:18, Time:687ms, TotalError:1.258316, ErrorChange:-0.1248461
Epoch:19, Time:672ms, TotalError:1.1284566, ErrorChange:-0.12985945
Epoch:20, Time:719ms, TotalError:1.0119454, ErrorChange:-0.116511226
Epoch:21, Time:703ms, TotalError:0.8989193, ErrorChange:-0.11302608
Epoch:22, Time:688ms, TotalError:0.7906477, ErrorChange:-0.1082716
Epoch:23, Time:672ms, TotalError:0.6696418, ErrorChange:-0.12100589
Epoch:24, Time:797ms, TotalError:0.57546556, ErrorChange:-0.09417623
Epoch:25, Time:703ms, TotalError:0.4938422, ErrorChange:-0.081623346
Epoch:26, Time:688ms, TotalError:0.4098765, ErrorChange:-0.08396572
Epoch:27, Time:640ms, TotalError:0.33773145, ErrorChange:-0.072145045
Epoch:28, Time:641ms, TotalError:0.28711873, ErrorChange:-0.050612718
Epoch:29, Time:640ms, TotalError:0.23200212, ErrorChange:-0.05511661
Epoch:30, Time:625ms, TotalError:0.1927989, ErrorChange:-0.039203227
Epoch:31, Time:657ms, TotalError:0.15951838, ErrorChange:-0.03328052
Epoch:32, Time:625ms, TotalError:0.13258077, ErrorChange:-0.026937604
Epoch:33, Time:657ms, TotalError:0.111352816, ErrorChange:-0.021227956
Epoch:34, Time:625ms, TotalError:0.09504478, ErrorChange:-0.01630804
Epoch:35, Time:625ms, TotalError:0.08197513, ErrorChange:-0.013069645
Epoch:36, Time:641ms, TotalError:0.07034101, ErrorChange:-0.011634119
Epoch:37, Time:625ms, TotalError:0.060148444, ErrorChange:-0.010192569
Epoch:38, Time:609ms, TotalError:0.05265831, ErrorChange:-0.0074901357
Epoch:39, Time:625ms, TotalError:0.046298362, ErrorChange:-0.006359946
Epoch:40, Time:610ms, TotalError:0.040350825, ErrorChange:-0.0059475377
Epoch:41, Time:625ms, TotalError:0.036063105, ErrorChange:-0.0042877197
Epoch:42, Time:625ms, TotalError:0.032176815, ErrorChange:-0.00388629
Epoch:43, Time:609ms, TotalError:0.029202312, ErrorChange:-0.0029745027
Total Training Time: 28274ms
Loading images...
Loaded 100 images
Creating neural network...
Training neural network
Epoch:1, Time:1501ms, TotalError:2.3650897, ErrorChange:2.3650897
Epoch:2, Time:1439ms, TotalError:2.3268576, ErrorChange:-0.038232088
Epoch:3, Time:1437ms, TotalError:2.3076181, ErrorChange:-0.019239426
Epoch:4, Time:1422ms, TotalError:2.2950447, ErrorChange:-0.012573481
Epoch:5, Time:1391ms, TotalError:2.2858539, ErrorChange:-0.009190798
Epoch:6, Time:1391ms, TotalError:2.2787514, ErrorChange:-0.0071024895
Epoch:7, Time:1453ms, TotalError:2.2736254, ErrorChange:-0.0051259995
Epoch:8, Time:1513ms, TotalError:2.270096, ErrorChange:-0.0035293102
Epoch:9, Time:1531ms, TotalError:2.267048, ErrorChange:-0.0030481815
Epoch:10, Time:1532ms, TotalError:2.264614, ErrorChange:-0.0024337769
Epoch:11, Time:1468ms, TotalError:2.262782, ErrorChange:-0.0018320084
Epoch:12, Time:1469ms, TotalError:2.260716, ErrorChange:-0.0020661354
Epoch:13, Time:1610ms, TotalError:2.25909, ErrorChange:-0.0016260147
Epoch:14, Time:1531ms, TotalError:2.25696, ErrorChange:-0.0021300316
Epoch:15, Time:1422ms, TotalError:2.2548468, ErrorChange:-0.0021131039
Epoch:16, Time:1579ms, TotalError:2.2538643, ErrorChange:-9.82523E-4
Epoch:17, Time:1659ms, TotalError:2.2514622, ErrorChange:-0.0024020672
Epoch:18, Time:1780ms, TotalError:2.2495518, ErrorChange:-0.0019104481
Epoch:19, Time:1888ms, TotalError:2.2478962, ErrorChange:-0.0016555786
Epoch:20, Time:1692ms, TotalError:2.245148, ErrorChange:-0.002748251
Epoch:21, Time:1624ms, TotalError:2.2430418, ErrorChange:-0.0021061897
Epoch:22, Time:1569ms, TotalError:2.240427, ErrorChange:-0.0026147366
Epoch:23, Time:1475ms, TotalError:2.2379222, ErrorChange:-0.0025048256
Epoch:24, Time:1500ms, TotalError:2.2354002, ErrorChange:-0.0025219917
Epoch:25, Time:1469ms, TotalError:2.2329862, ErrorChange:-0.002413988
Epoch:26, Time:1531ms, TotalError:2.230443, ErrorChange:-0.002543211
Epoch:27, Time:1641ms, TotalError:2.226664, ErrorChange:-0.0037789345
Epoch:28, Time:1578ms, TotalError:2.2231185, ErrorChange:-0.0035455227
Epoch:29, Time:1704ms, TotalError:2.2202363, ErrorChange:-0.0028822422
Epoch:30, Time:1984ms, TotalError:2.2163532, ErrorChange:-0.0038831234
Epoch:31, Time:1938ms, TotalError:2.212169, ErrorChange:-0.004184246
Epoch:32, Time:1766ms, TotalError:2.207095, ErrorChange:-0.005074024
Epoch:33, Time:1656ms, TotalError:2.2022166, ErrorChange:-0.0048782825
Epoch:34, Time:1782ms, TotalError:2.196299, ErrorChange:-0.005917549
Epoch:35, Time:1999ms, TotalError:2.190205, ErrorChange:-0.006093979
Epoch:36, Time:1809ms, TotalError:2.1833785, ErrorChange:-0.006826639
Epoch:37, Time:1874ms, TotalError:2.1754556, ErrorChange:-0.007922888
Epoch:38, Time:1771ms, TotalError:2.1670952, ErrorChange:-0.008360386
Epoch:39, Time:1971ms, TotalError:2.1576707, ErrorChange:-0.009424448
Epoch:40, Time:1678ms, TotalError:2.146769, ErrorChange:-0.0109016895
Epoch:41, Time:1656ms, TotalError:2.136183, ErrorChange:-0.010586023
Epoch:42, Time:1626ms, TotalError:2.123435, ErrorChange:-0.012748003
Epoch:43, Time:1515ms, TotalError:2.1094854, ErrorChange:-0.013949633
Epoch:44, Time:1547ms, TotalError:2.093552, ErrorChange:-0.015933275
Epoch:45, Time:1594ms, TotalError:2.0771253, ErrorChange:-0.016426802
Epoch:46, Time:1610ms, TotalError:2.0548973, ErrorChange:-0.022228003
Epoch:47, Time:1516ms, TotalError:2.0365496, ErrorChange:-0.01834774
Epoch:48, Time:1484ms, TotalError:2.0127583, ErrorChange:-0.023791313
Epoch:49, Time:1703ms, TotalError:1.9856954, ErrorChange:-0.027062893
Epoch:50, Time:1719ms, TotalError:1.9586674, ErrorChange:-0.027027965
Epoch:51, Time:1579ms, TotalError:1.9272422, ErrorChange:-0.031425238
Epoch:52, Time:1859ms, TotalError:1.8931388, ErrorChange:-0.034103394
Epoch:53, Time:1735ms, TotalError:1.8622699, ErrorChange:-0.030868888
Epoch:54, Time:1437ms, TotalError:1.8260559, ErrorChange:-0.036213994
Epoch:55, Time:1454ms, TotalError:1.7919955, ErrorChange:-0.03406036
Epoch:56, Time:1469ms, TotalError:1.7513088, ErrorChange:-0.040686727
Epoch:57, Time:1453ms, TotalError:1.711237, ErrorChange:-0.040071845
Epoch:58, Time:1438ms, TotalError:1.6693561, ErrorChange:-0.041880846
Epoch:59, Time:1562ms, TotalError:1.6272199, ErrorChange:-0.042136192
Epoch:60, Time:1453ms, TotalError:1.5837812, ErrorChange:-0.043438673
Epoch:61, Time:1532ms, TotalError:1.5396811, ErrorChange:-0.044100165
Epoch:62, Time:1483ms, TotalError:1.4916548, ErrorChange:-0.048026323
Epoch:63, Time:1422ms, TotalError:1.4466597, ErrorChange:-0.04499507
Epoch:64, Time:1516ms, TotalError:1.4032688, ErrorChange:-0.04339087
Epoch:65, Time:1532ms, TotalError:1.3555652, ErrorChange:-0.047703624
Epoch:66, Time:1547ms, TotalError:1.3104887, ErrorChange:-0.04507649
Epoch:67, Time:1422ms, TotalError:1.2610604, ErrorChange:-0.049428344
Epoch:68, Time:1375ms, TotalError:1.2186364, ErrorChange:-0.042423964
Epoch:69, Time:1375ms, TotalError:1.1767404, ErrorChange:-0.041895986
Epoch:70, Time:1375ms, TotalError:1.128144, ErrorChange:-0.048596382
Epoch:71, Time:1391ms, TotalError:1.0864341, ErrorChange:-0.0417099
Epoch:72, Time:1375ms, TotalError:1.0425295, ErrorChange:-0.043904662
Epoch:73, Time:1391ms, TotalError:0.9954818, ErrorChange:-0.047047675
Epoch:74, Time:1391ms, TotalError:0.94382346, ErrorChange:-0.051658332
Epoch:75, Time:1406ms, TotalError:0.89930236, ErrorChange:-0.044521093
Epoch:76, Time:1391ms, TotalError:0.8503637, ErrorChange:-0.04893869
Epoch:77, Time:1375ms, TotalError:0.79813105, ErrorChange:-0.052232623
Epoch:78, Time:1359ms, TotalError:0.7595609, ErrorChange:-0.038570166
Epoch:79, Time:1376ms, TotalError:0.7064217, ErrorChange:-0.05313921
Epoch:80, Time:1359ms, TotalError:0.6556771, ErrorChange:-0.050744593
Epoch:81, Time:1375ms, TotalError:0.6081906, ErrorChange:-0.047486484
Epoch:82, Time:1360ms, TotalError:0.57639664, ErrorChange:-0.031793952
Epoch:83, Time:1375ms, TotalError:0.5266192, ErrorChange:-0.04977745
Epoch:84, Time:1359ms, TotalError:0.48474184, ErrorChange:-0.04187736
Epoch:85, Time:1360ms, TotalError:0.4531962, ErrorChange:-0.03154564
Epoch:86, Time:1375ms, TotalError:0.43751386, ErrorChange:-0.01568234
Epoch:87, Time:1375ms, TotalError:0.3975666, ErrorChange:-0.03994727
Epoch:88, Time:1391ms, TotalError:0.36398226, ErrorChange:-0.033584327
Epoch:89, Time:1375ms, TotalError:0.3374066, ErrorChange:-0.026575655
Epoch:90, Time:1360ms, TotalError:0.3156304, ErrorChange:-0.0217762
Epoch:91, Time:1390ms, TotalError:0.29649565, ErrorChange:-0.01913476
Epoch:92, Time:1360ms, TotalError:0.28135952, ErrorChange:-0.015136123
Epoch:93, Time:1375ms, TotalError:0.2572715, ErrorChange:-0.024088025
Epoch:94, Time:1360ms, TotalError:0.24222705, ErrorChange:-0.015044451
Epoch:95, Time:1375ms, TotalError:0.23189548, ErrorChange:-0.010331571
Epoch:96, Time:1375ms, TotalError:0.2122552, ErrorChange:-0.019640282
Epoch:97, Time:1359ms, TotalError:0.19507158, ErrorChange:-0.017183617
Epoch:98, Time:1360ms, TotalError:0.19181722, ErrorChange:-0.003254354
Epoch:99, Time:1375ms, TotalError:1.0944248, ErrorChange:0.9026076
Epoch:100, Time:1375ms, TotalError:1.9731709, ErrorChange:0.87874603
Epoch:101, Time:1375ms, TotalError:1.0719136, ErrorChange:-0.9012573
Epoch:102, Time:1376ms, TotalError:0.59417117, ErrorChange:-0.47774243
Epoch:103, Time:1359ms, TotalError:0.31920195, ErrorChange:-0.27496922
Epoch:104, Time:1375ms, TotalError:0.23698786, ErrorChange:-0.08221409
Epoch:105, Time:1360ms, TotalError:0.21947873, ErrorChange:-0.017509133
Epoch:106, Time:1375ms, TotalError:0.17576501, ErrorChange:-0.04371372
Epoch:107, Time:1359ms, TotalError:0.15372482, ErrorChange:-0.022040188
Epoch:108, Time:1375ms, TotalError:0.13671029, ErrorChange:-0.017014533
Epoch:109, Time:1360ms, TotalError:0.1281962, ErrorChange:-0.008514091
Epoch:110, Time:1375ms, TotalError:0.1139347, ErrorChange:-0.014261492
Epoch:111, Time:1375ms, TotalError:0.099510685, ErrorChange:-0.014424019
Epoch:112, Time:1375ms, TotalError:0.08995968, ErrorChange:-0.009551004
Epoch:113, Time:1360ms, TotalError:0.08064255, ErrorChange:-0.00931713
Epoch:114, Time:1359ms, TotalError:0.07105456, ErrorChange:-0.009587988
Epoch:115, Time:1376ms, TotalError:0.06294913, ErrorChange:-0.0081054345
Epoch:116, Time:1390ms, TotalError:0.056204267, ErrorChange:-0.0067448616
Epoch:117, Time:1360ms, TotalError:0.05086192, ErrorChange:-0.0053423457
Epoch:118, Time:1375ms, TotalError:0.046781328, ErrorChange:-0.0040805936
Epoch:119, Time:1360ms, TotalError:0.043277625, ErrorChange:-0.0035037026
Epoch:120, Time:1375ms, TotalError:0.040083755, ErrorChange:-0.0031938702
Epoch:121, Time:1375ms, TotalError:0.037144247, ErrorChange:-0.0029395074
Epoch:122, Time:1359ms, TotalError:0.0346682, ErrorChange:-0.0024760477
Epoch:123, Time:1360ms, TotalError:0.0322443, ErrorChange:-0.002423901
Epoch:124, Time:1359ms, TotalError:0.030596942, ErrorChange:-0.0016473569
Epoch:125, Time:1391ms, TotalError:0.028501257, ErrorChange:-0.0020956844
Total Training Time: 186525ms
Loading images...
Loaded 100 images
Creating neural network...
Training neural network
Epoch:1, Time:2922ms, TotalError:2.3470294, ErrorChange:2.3470294
Epoch:2, Time:2812ms, TotalError:2.3127806, ErrorChange:-0.03424883
Epoch:3, Time:2719ms, TotalError:2.2997704, ErrorChange:-0.013010263
Epoch:4, Time:2672ms, TotalError:2.2919157, ErrorChange:-0.0078547
Epoch:5, Time:2747ms, TotalError:2.2868032, ErrorChange:-0.0051124096
Epoch:6, Time:2751ms, TotalError:2.2819064, ErrorChange:-0.004896879
Epoch:7, Time:2781ms, TotalError:2.278294, ErrorChange:-0.00361228
Epoch:8, Time:2688ms, TotalError:2.276316, ErrorChange:-0.001978159
Epoch:9, Time:2828ms, TotalError:2.2748234, ErrorChange:-0.0014925003
Epoch:10, Time:2844ms, TotalError:2.2733076, ErrorChange:-0.0015158653
Epoch:11, Time:2798ms, TotalError:2.2720284, ErrorChange:-0.0012791157
Epoch:12, Time:2687ms, TotalError:2.2711515, ErrorChange:-8.7690353E-4
Epoch:13, Time:2782ms, TotalError:2.2705724, ErrorChange:-5.791187E-4
Epoch:14, Time:2875ms, TotalError:2.2696967, ErrorChange:-8.7571144E-4
Epoch:15, Time:2735ms, TotalError:2.269145, ErrorChange:-5.517006E-4
Epoch:16, Time:2703ms, TotalError:2.268663, ErrorChange:-4.8208237E-4
Epoch:17, Time:2703ms, TotalError:2.2683482, ErrorChange:-3.1471252E-4
Epoch:18, Time:2829ms, TotalError:2.267925, ErrorChange:-4.2319298E-4
Epoch:19, Time:2797ms, TotalError:2.2677574, ErrorChange:-1.6760826E-4
Epoch:20, Time:2922ms, TotalError:2.2673995, ErrorChange:-3.578663E-4
Epoch:21, Time:2797ms, TotalError:2.2671702, ErrorChange:-2.2935867E-4
Epoch:22, Time:2938ms, TotalError:2.267109, ErrorChange:-6.1273575E-5
Epoch:23, Time:2875ms, TotalError:2.2667923, ErrorChange:-3.1661987E-4
Epoch:24, Time:2798ms, TotalError:2.2666557, ErrorChange:-1.3661385E-4
Epoch:25, Time:2875ms, TotalError:2.2664983, ErrorChange:-1.5735626E-4
Epoch:26, Time:2735ms, TotalError:2.2663996, ErrorChange:-9.870529E-5
Epoch:27, Time:3547ms, TotalError:2.2662046, ErrorChange:-1.950264E-4
Epoch:28, Time:3125ms, TotalError:2.2660537, ErrorChange:-1.5091896E-4
Epoch:29, Time:2875ms, TotalError:2.2659981, ErrorChange:-5.555153E-5
Epoch:30, Time:2970ms, TotalError:2.265963, ErrorChange:-3.504753E-5
Epoch:31, Time:3062ms, TotalError:2.2657135, ErrorChange:-2.4962425E-4
Epoch:32, Time:2766ms, TotalError:2.2657583, ErrorChange:4.4822693E-5
Epoch:33, Time:2688ms, TotalError:2.2655966, ErrorChange:-1.616478E-4
Epoch:34, Time:2672ms, TotalError:2.265505, ErrorChange:-9.1552734E-5
Epoch:35, Time:2891ms, TotalError:2.2653844, ErrorChange:-1.206398E-4
Epoch:36, Time:2766ms, TotalError:2.2652707, ErrorChange:-1.1372566E-4
Epoch:37, Time:2688ms, TotalError:2.2651913, ErrorChange:-7.939339E-5
Epoch:38, Time:2766ms, TotalError:2.2650847, ErrorChange:-1.06573105E-4
Epoch:39, Time:2766ms, TotalError:2.2649713, ErrorChange:-1.13487244E-4
Epoch:40, Time:2828ms, TotalError:2.2648978, ErrorChange:-7.343292E-5
Epoch:41, Time:2813ms, TotalError:2.2647746, ErrorChange:-1.232624E-4
Epoch:42, Time:2985ms, TotalError:2.2646637, ErrorChange:-1.1086464E-4
Epoch:43, Time:2953ms, TotalError:2.2645957, ErrorChange:-6.7949295E-5
Epoch:44, Time:3063ms, TotalError:2.2644866, ErrorChange:-1.0919571E-4
Epoch:45, Time:2750ms, TotalError:2.2643962, ErrorChange:-9.036064E-5
Epoch:46, Time:2891ms, TotalError:2.2642763, ErrorChange:-1.19924545E-4
Epoch:47, Time:2875ms, TotalError:2.2641792, ErrorChange:-9.703636E-5
Epoch:48, Time:2766ms, TotalError:2.2640479, ErrorChange:-1.3136864E-4
Epoch:49, Time:2719ms, TotalError:2.2639678, ErrorChange:-8.010864E-5
Epoch:50, Time:2969ms, TotalError:2.2638557, ErrorChange:-1.1205673E-4
Epoch:51, Time:2985ms, TotalError:2.263748, ErrorChange:-1.077652E-4
Epoch:52, Time:2750ms, TotalError:2.2636688, ErrorChange:-7.915497E-5
Epoch:53, Time:2688ms, TotalError:2.2635884, ErrorChange:-8.034706E-5
Epoch:54, Time:2719ms, TotalError:2.263438, ErrorChange:-1.5044212E-4
Epoch:55, Time:2844ms, TotalError:2.2633297, ErrorChange:-1.08242035E-4
Epoch:56, Time:2981ms, TotalError:2.2632203, ErrorChange:-1.0943413E-4
Epoch:57, Time:2907ms, TotalError:2.2631447, ErrorChange:-7.557869E-5
Epoch:58, Time:3016ms, TotalError:2.2629766, ErrorChange:-1.680851E-4
Epoch:59, Time:2953ms, TotalError:2.2629132, ErrorChange:-6.341934E-5
Epoch:60, Time:3110ms, TotalError:2.262832, ErrorChange:-8.1300735E-5
Epoch:61, Time:2969ms, TotalError:2.2627144, ErrorChange:-1.1754036E-4
Epoch:62, Time:2985ms, TotalError:2.2626266, ErrorChange:-8.773804E-5
Epoch:63, Time:2890ms, TotalError:2.2624779, ErrorChange:-1.487732E-4
Epoch:64, Time:3063ms, TotalError:2.2623596, ErrorChange:-1.18255615E-4
Epoch:65, Time:3032ms, TotalError:2.2622397, ErrorChange:-1.19924545E-4
Epoch:66, Time:3047ms, TotalError:2.26213, ErrorChange:-1.0967255E-4
