------------------------------------------------------------------------
TRAINING NEURAL NETWORK
------------------------------------------------------------------------
Epoch:1, Time:7ms, TrainError:0.9763314, TrainErrorChange:0.9763314, ValidationError:0.43907732, Accuracy: 0.8666666
Epoch:2, Time:2ms, TrainError:0.47067362, TrainErrorChange:-0.5056578, ValidationError:0.37073946, Accuracy: 0.9111111
Epoch:3, Time:3ms, TrainError:0.49539366, TrainErrorChange:0.024720043, ValidationError:0.278544, Accuracy: 0.9111111
Epoch:4, Time:3ms, TrainError:0.43132287, TrainErrorChange:-0.06407079, ValidationError:0.28967083, Accuracy: 0.9111111
Epoch:5, Time:2ms, TrainError:0.36382285, TrainErrorChange:-0.067500025, ValidationError:0.31063426, Accuracy: 0.9111111
Epoch:6, Time:2ms, TrainError:0.44214097, TrainErrorChange:0.07831812, ValidationError:0.26514015, Accuracy: 0.9111111
Epoch:7, Time:2ms, TrainError:0.4447734, TrainErrorChange:0.0026324391, ValidationError:0.22568493, Accuracy: 1.0
Epoch:8, Time:2ms, TrainError:0.4128746, TrainErrorChange:-0.031898797, ValidationError:0.34389964, Accuracy: 0.8666666
Epoch:9, Time:2ms, TrainError:0.44265196, TrainErrorChange:0.029777348, ValidationError:0.2591203, Accuracy: 0.9111111
Epoch:10, Time:2ms, TrainError:0.36864036, TrainErrorChange:-0.074011594, ValidationError:0.22149144, Accuracy: 0.9111111
Epoch:11, Time:2ms, TrainError:0.4357827, TrainErrorChange:0.06714234, ValidationError:0.14485374, Accuracy: 0.9555556
Epoch:12, Time:2ms, TrainError:0.2185176, TrainErrorChange:-0.2172651, ValidationError:0.18905649, Accuracy: 0.9111111
Epoch:13, Time:3ms, TrainError:0.27003002, TrainErrorChange:0.05151242, ValidationError:0.17456602, Accuracy: 0.9111111
Epoch:14, Time:2ms, TrainError:0.34336352, TrainErrorChange:0.0733335, ValidationError:0.1689416, Accuracy: 0.9111111
Epoch:15, Time:15ms, TrainError:0.2851372, TrainErrorChange:-0.058226317, ValidationError:0.11419351, Accuracy: 1.0
Epoch:16, Time:2ms, TrainError:0.17966679, TrainErrorChange:-0.10547042, ValidationError:0.12494824, Accuracy: 0.9111111
Epoch:17, Time:2ms, TrainError:0.19787034, TrainErrorChange:0.018203557, ValidationError:0.12101221, Accuracy: 0.9555556
Epoch:18, Time:1ms, TrainError:0.14459442, TrainErrorChange:-0.053275928, ValidationError:0.14562495, Accuracy: 0.9111111
Epoch:19, Time:2ms, TrainError:0.18782261, TrainErrorChange:0.043228194, ValidationError:0.13401411, Accuracy: 0.9111111
Epoch:20, Time:2ms, TrainError:0.43961313, TrainErrorChange:0.25179052, ValidationError:0.2754846, Accuracy: 0.8666666
Epoch:21, Time:2ms, TrainError:0.16324255, TrainErrorChange:-0.27637058, ValidationError:0.13438544, Accuracy: 0.9111111
Epoch:22, Time:1ms, TrainError:0.32655638, TrainErrorChange:0.16331384, ValidationError:0.12909481, Accuracy: 0.9555556
Epoch:23, Time:0ms, TrainError:0.1700742, TrainErrorChange:-0.15648219, ValidationError:0.11844183, Accuracy: 1.0
Epoch:24, Time:1ms, TrainError:0.16366528, TrainErrorChange:-0.006408915, ValidationError:0.120571926, Accuracy: 1.0
Epoch:25, Time:1ms, TrainError:0.13860036, TrainErrorChange:-0.025064915, ValidationError:0.13116783, Accuracy: 0.9555556
Epoch:26, Time:0ms, TrainError:0.18493086, TrainErrorChange:0.046330497, ValidationError:0.11915477, Accuracy: 0.9555556
Epoch:27, Time:0ms, TrainError:0.2164288, TrainErrorChange:0.03149794, ValidationError:0.111256406, Accuracy: 1.0
Epoch:28, Time:1ms, TrainError:0.1621639, TrainErrorChange:-0.054264903, ValidationError:0.28491393, Accuracy: 0.9111111
Epoch:29, Time:1ms, TrainError:0.24218012, TrainErrorChange:0.080016226, ValidationError:0.24792308, Accuracy: 0.9111111
Epoch:30, Time:0ms, TrainError:0.24235079, TrainErrorChange:1.70663E-4, ValidationError:0.13346982, Accuracy: 1.0
Epoch:31, Time:0ms, TrainError:0.18791696, TrainErrorChange:-0.054433823, ValidationError:0.09740923, Accuracy: 1.0
Epoch:32, Time:0ms, TrainError:0.17463997, TrainErrorChange:-0.013276994, ValidationError:0.103613935, Accuracy: 1.0
Epoch:33, Time:1ms, TrainError:0.16509116, TrainErrorChange:-0.009548813, ValidationError:0.09753178, Accuracy: 1.0
Epoch:34, Time:1ms, TrainError:0.19393894, TrainErrorChange:0.028847784, ValidationError:0.21706553, Accuracy: 0.9111111
Epoch:35, Time:1ms, TrainError:0.26061642, TrainErrorChange:0.06667748, ValidationError:0.25184786, Accuracy: 0.8666666
Epoch:36, Time:0ms, TrainError:0.21953827, TrainErrorChange:-0.04107815, ValidationError:0.24521826, Accuracy: 0.9111111
Epoch:37, Time:0ms, TrainError:0.15885332, TrainErrorChange:-0.06068495, ValidationError:0.22845636, Accuracy: 0.9111111
Epoch:38, Time:1ms, TrainError:0.227707, TrainErrorChange:0.06885368, ValidationError:0.24977495, Accuracy: 0.9111111
Epoch:39, Time:1ms, TrainError:0.15428798, TrainErrorChange:-0.07341902, ValidationError:0.49060142, Accuracy: 0.9111111
Epoch:40, Time:0ms, TrainError:0.18644558, TrainErrorChange:0.0321576, ValidationError:0.12580602, Accuracy: 0.9111111
Epoch:41, Time:0ms, TrainError:0.15185688, TrainErrorChange:-0.034588695, ValidationError:0.4903192, Accuracy: 0.9111111
Epoch:42, Time:0ms, TrainError:0.13649327, TrainErrorChange:-0.015363619, ValidationError:0.48093274, Accuracy: 0.9111111
Epoch:43, Time:1ms, TrainError:0.21576218, TrainErrorChange:0.07926892, ValidationError:0.46011016, Accuracy: 0.9111111
Epoch:44, Time:1ms, TrainError:0.22570883, TrainErrorChange:0.009946644, ValidationError:0.20954734, Accuracy: 0.9111111
Epoch:45, Time:1ms, TrainError:0.12499058, TrainErrorChange:-0.100718245, ValidationError:0.37847564, Accuracy: 0.9111111
Epoch:46, Time:0ms, TrainError:0.15575217, TrainErrorChange:0.030761585, ValidationError:0.48951674, Accuracy: 0.9111111
Epoch:47, Time:1ms, TrainError:0.2223587, TrainErrorChange:0.06660654, ValidationError:0.35886964, Accuracy: 0.9111111
Epoch:48, Time:1ms, TrainError:0.28118628, TrainErrorChange:0.05882758, ValidationError:0.27672657, Accuracy: 0.9111111
Epoch:49, Time:1ms, TrainError:0.15533714, TrainErrorChange:-0.12584914, ValidationError:0.30708, Accuracy: 0.9111111
Epoch:50, Time:1ms, TrainError:0.13062471, TrainErrorChange:-0.024712428, ValidationError:0.3073259, Accuracy: 0.9111111
Epoch:51, Time:1ms, TrainError:0.19486442, TrainErrorChange:0.06423971, ValidationError:0.48956716, Accuracy: 0.9111111
Epoch:52, Time:1ms, TrainError:0.19881439, TrainErrorChange:0.00394997, ValidationError:0.14645483, Accuracy: 0.9111111
Epoch:53, Time:1ms, TrainError:0.20287278, TrainErrorChange:0.004058391, ValidationError:0.33982277, Accuracy: 0.9111111
Epoch:54, Time:1ms, TrainError:0.17099404, TrainErrorChange:-0.03187874, ValidationError:0.18975721, Accuracy: 0.9111111
Epoch:55, Time:0ms, TrainError:0.13730955, TrainErrorChange:-0.033684492, ValidationError:0.29180282, Accuracy: 0.9111111
Epoch:56, Time:0ms, TrainError:0.18230514, TrainErrorChange:0.04499559, ValidationError:0.27274022, Accuracy: 0.9111111
Epoch:57, Time:0ms, TrainError:0.14738046, TrainErrorChange:-0.034924686, ValidationError:0.29594845, Accuracy: 0.9111111
Epoch:58, Time:0ms, TrainError:0.14093153, TrainErrorChange:-0.0064489245, ValidationError:0.2910011, Accuracy: 0.9111111
Epoch:59, Time:0ms, TrainError:0.15186639, TrainErrorChange:0.0109348595, ValidationError:0.28584138, Accuracy: 0.9111111
Epoch:60, Time:0ms, TrainError:0.1434431, TrainErrorChange:-0.008423299, ValidationError:0.276528, Accuracy: 0.9111111
Epoch:61, Time:1ms, TrainError:0.14391504, TrainErrorChange:4.7194958E-4, ValidationError:0.2800009, Accuracy: 0.9111111
Epoch:62, Time:1ms, TrainError:0.1267616, TrainErrorChange:-0.017153442, ValidationError:0.2461071, Accuracy: 0.9111111
Epoch:63, Time:1ms, TrainError:0.13845566, TrainErrorChange:0.011694059, ValidationError:0.35936955, Accuracy: 0.9111111
Epoch:64, Time:1ms, TrainError:0.1411776, TrainErrorChange:0.0027219355, ValidationError:0.28875956, Accuracy: 0.9111111
Epoch:65, Time:1ms, TrainError:0.102596335, TrainErrorChange:-0.03858126, ValidationError:0.2584136, Accuracy: 0.9111111
Epoch:66, Time:1ms, TrainError:0.14392398, TrainErrorChange:0.041327648, ValidationError:0.27841598, Accuracy: 0.9111111
Epoch:67, Time:0ms, TrainError:0.13551281, TrainErrorChange:-0.008411169, ValidationError:0.23042038, Accuracy: 0.9111111
Epoch:68, Time:0ms, TrainError:0.079016306, TrainErrorChange:-0.05649651, ValidationError:0.31565952, Accuracy: 0.9111111
Epoch:69, Time:0ms, TrainError:0.18405773, TrainErrorChange:0.10504142, ValidationError:0.41858295, Accuracy: 0.9111111
Epoch:70, Time:1ms, TrainError:0.12579657, TrainErrorChange:-0.058261156, ValidationError:0.24407414, Accuracy: 0.9111111
Epoch:71, Time:0ms, TrainError:0.08818737, TrainErrorChange:-0.037609205, ValidationError:0.123399, Accuracy: 0.9555556
Epoch:72, Time:0ms, TrainError:0.07988419, TrainErrorChange:-0.00830318, ValidationError:0.11536432, Accuracy: 0.9555556
Epoch:73, Time:1ms, TrainError:0.07784572, TrainErrorChange:-0.002038464, ValidationError:0.23946181, Accuracy: 0.9111111
Epoch:74, Time:1ms, TrainError:0.0645002, TrainErrorChange:-0.013345525, ValidationError:0.12744497, Accuracy: 0.9555556
Epoch:75, Time:0ms, TrainError:0.060896777, TrainErrorChange:-0.0036034212, ValidationError:0.10147241, Accuracy: 0.9555556
Epoch:76, Time:1ms, TrainError:0.083536744, TrainErrorChange:0.022639968, ValidationError:0.21451144, Accuracy: 0.9111111
Epoch:77, Time:0ms, TrainError:0.07915738, TrainErrorChange:-0.004379362, ValidationError:0.34166792, Accuracy: 0.9111111
Epoch:78, Time:0ms, TrainError:0.26000357, TrainErrorChange:0.18084618, ValidationError:0.34772313, Accuracy: 0.9111111
Epoch:79, Time:1ms, TrainError:0.08777341, TrainErrorChange:-0.17223015, ValidationError:0.21023026, Accuracy: 0.9111111
Epoch:80, Time:0ms, TrainError:0.058056552, TrainErrorChange:-0.02971686, ValidationError:0.1995577, Accuracy: 0.9111111
Epoch:81, Time:0ms, TrainError:0.059893597, TrainErrorChange:0.001837045, ValidationError:0.2834159, Accuracy: 0.9111111
Epoch:82, Time:1ms, TrainError:0.07393858, TrainErrorChange:0.014044981, ValidationError:0.22183095, Accuracy: 0.9111111
Epoch:83, Time:0ms, TrainError:0.25268883, TrainErrorChange:0.17875025, ValidationError:0.08487662, Accuracy: 1.0
Epoch:84, Time:0ms, TrainError:0.10091892, TrainErrorChange:-0.1517699, ValidationError:0.13316311, Accuracy: 0.9111111
Epoch:85, Time:1ms, TrainError:0.065964796, TrainErrorChange:-0.034954123, ValidationError:0.17913157, Accuracy: 0.9111111
Epoch:86, Time:0ms, TrainError:0.07929199, TrainErrorChange:0.013327196, ValidationError:0.26510993, Accuracy: 0.9111111
Epoch:87, Time:0ms, TrainError:0.092856124, TrainErrorChange:0.013564132, ValidationError:0.15699439, Accuracy: 0.9111111
Epoch:88, Time:0ms, TrainError:0.07579988, TrainErrorChange:-0.017056242, ValidationError:0.33723944, Accuracy: 0.9111111
Epoch:89, Time:0ms, TrainError:0.07685347, TrainErrorChange:0.0010535866, ValidationError:0.11200927, Accuracy: 0.9555556
Epoch:90, Time:1ms, TrainError:0.06563413, TrainErrorChange:-0.011219338, ValidationError:0.3736072, Accuracy: 0.9111111
Epoch:91, Time:0ms, TrainError:0.07777512, TrainErrorChange:0.012140989, ValidationError:0.49119726, Accuracy: 0.9111111
Epoch:92, Time:1ms, TrainError:0.36309662, TrainErrorChange:0.2853215, ValidationError:0.2208271, Accuracy: 0.9111111
Epoch:93, Time:0ms, TrainError:0.11061093, TrainErrorChange:-0.2524857, ValidationError:0.45699152, Accuracy: 0.9111111
Epoch:94, Time:1ms, TrainError:0.12897213, TrainErrorChange:0.018361196, ValidationError:0.17065538, Accuracy: 0.9555556
Epoch:95, Time:0ms, TrainError:0.32486215, TrainErrorChange:0.19589002, ValidationError:0.20669277, Accuracy: 0.9111111
Epoch:96, Time:1ms, TrainError:0.08715238, TrainErrorChange:-0.23770978, ValidationError:0.3074652, Accuracy: 0.9111111
Epoch:97, Time:0ms, TrainError:0.05625175, TrainErrorChange:-0.030900627, ValidationError:0.29905123, Accuracy: 0.9111111
Epoch:98, Time:0ms, TrainError:0.057299957, TrainErrorChange:0.0010482073, ValidationError:0.105098985, Accuracy: 0.9555556
Epoch:99, Time:1ms, TrainError:0.048421964, TrainErrorChange:-0.008877993, ValidationError:0.29659918, Accuracy: 0.9111111
Epoch:100, Time:0ms, TrainError:0.27134317, TrainErrorChange:0.22292121, ValidationError:0.2510059, Accuracy: 0.9111111
Epoch:101, Time:1ms, TrainError:0.16238774, TrainErrorChange:-0.10895543, ValidationError:0.44071972, Accuracy: 0.9111111
Epoch:102, Time:0ms, TrainError:0.15944396, TrainErrorChange:-0.002943784, ValidationError:0.42843634, Accuracy: 0.9111111
Epoch:103, Time:1ms, TrainError:0.16756892, TrainErrorChange:0.008124962, ValidationError:0.553162, Accuracy: 0.9111111
Epoch:104, Time:0ms, TrainError:0.2978258, TrainErrorChange:0.13025689, ValidationError:0.46349907, Accuracy: 0.9111111
Epoch:105, Time:1ms, TrainError:0.37211978, TrainErrorChange:0.07429397, ValidationError:0.28696898, Accuracy: 0.9111111
Epoch:106, Time:0ms, TrainError:0.16286482, TrainErrorChange:-0.20925497, ValidationError:0.47408718, Accuracy: 0.9111111
Epoch:107, Time:1ms, TrainError:0.23077585, TrainErrorChange:0.06791103, ValidationError:0.32520667, Accuracy: 0.9111111
Epoch:108, Time:1ms, TrainError:0.066275805, TrainErrorChange:-0.16450004, ValidationError:0.14082228, Accuracy: 0.9555556
Epoch:109, Time:0ms, TrainError:0.19389206, TrainErrorChange:0.12761626, ValidationError:0.2318326, Accuracy: 0.9111111
Epoch:110, Time:1ms, TrainError:0.09085568, TrainErrorChange:-0.10303638, ValidationError:0.58768004, Accuracy: 0.9111111
Epoch:111, Time:1ms, TrainError:0.07318653, TrainErrorChange:-0.017669149, ValidationError:0.38671577, Accuracy: 0.9111111
Epoch:112, Time:0ms, TrainError:0.0631748, TrainErrorChange:-0.010011733, ValidationError:0.4750339, Accuracy: 0.9111111
Epoch:113, Time:1ms, TrainError:0.3858474, TrainErrorChange:0.3226726, ValidationError:0.28552824, Accuracy: 0.9111111
Epoch:114, Time:1ms, TrainError:0.42295527, TrainErrorChange:0.037107885, ValidationError:0.27998555, Accuracy: 0.9111111
Epoch:115, Time:0ms, TrainError:0.3303911, TrainErrorChange:-0.092564166, ValidationError:0.28614622, Accuracy: 0.9111111
Epoch:116, Time:1ms, TrainError:0.3758237, TrainErrorChange:0.045432597, ValidationError:0.31347105, Accuracy: 0.9111111
Epoch:117, Time:0ms, TrainError:0.5097475, TrainErrorChange:0.1339238, ValidationError:0.31731686, Accuracy: 0.9111111
Epoch:118, Time:0ms, TrainError:0.49845046, TrainErrorChange:-0.011297047, ValidationError:0.31571022, Accuracy: 0.9111111
Epoch:119, Time:0ms, TrainError:0.46744716, TrainErrorChange:-0.031003296, ValidationError:0.29852337, Accuracy: 0.9111111
Epoch:120, Time:0ms, TrainError:0.19673863, TrainErrorChange:-0.27070853, ValidationError:0.4257992, Accuracy: 0.9111111
Epoch:121, Time:1ms, TrainError:0.59968275, TrainErrorChange:0.40294412, ValidationError:0.44564533, Accuracy: 0.9111111
Epoch:122, Time:0ms, TrainError:0.111062884, TrainErrorChange:-0.48861986, ValidationError:0.41569826, Accuracy: 0.9111111
Epoch:123, Time:1ms, TrainError:0.58361477, TrainErrorChange:0.47255188, ValidationError:0.3199856, Accuracy: 0.9111111
Epoch:124, Time:0ms, TrainError:0.48615393, TrainErrorChange:-0.097460836, ValidationError:0.32353735, Accuracy: 0.9111111
Epoch:125, Time:1ms, TrainError:0.48237196, TrainErrorChange:-0.0037819743, ValidationError:0.32163897, Accuracy: 0.9111111
Epoch:126, Time:1ms, TrainError:0.37949213, TrainErrorChange:-0.10287982, ValidationError:0.29970714, Accuracy: 0.8666666
Epoch:127, Time:0ms, TrainError:0.14158498, TrainErrorChange:-0.23790716, ValidationError:0.41882938, Accuracy: 0.9111111
Epoch:128, Time:1ms, TrainError:0.06571593, TrainErrorChange:-0.075869046, ValidationError:0.48682448, Accuracy: 0.9111111
Epoch:129, Time:0ms, TrainError:0.30903983, TrainErrorChange:0.24332389, ValidationError:0.20021452, Accuracy: 0.9111111
Epoch:130, Time:1ms, TrainError:0.096228145, TrainErrorChange:-0.21281168, ValidationError:0.22071096, Accuracy: 0.9111111
Epoch:131, Time:0ms, TrainError:0.06752298, TrainErrorChange:-0.028705165, ValidationError:0.1611559, Accuracy: 0.9111111
Epoch:132, Time:1ms, TrainError:0.13627052, TrainErrorChange:0.06874754, ValidationError:0.17261012, Accuracy: 0.9555556
Epoch:133, Time:0ms, TrainError:0.6183332, TrainErrorChange:0.4820627, ValidationError:0.36549017, Accuracy: 0.8666666
Epoch:134, Time:1ms, TrainError:0.45676363, TrainErrorChange:-0.1615696, ValidationError:0.19415922, Accuracy: 0.9555556
Epoch:135, Time:0ms, TrainError:0.12520982, TrainErrorChange:-0.33155382, ValidationError:0.21754448, Accuracy: 0.9111111
Epoch:136, Time:0ms, TrainError:0.054919653, TrainErrorChange:-0.07029017, ValidationError:0.16215281, Accuracy: 0.9111111
Epoch:137, Time:0ms, TrainError:0.14250398, TrainErrorChange:0.087584324, ValidationError:0.13807173, Accuracy: 0.9555556
Epoch:138, Time:0ms, TrainError:0.1361127, TrainErrorChange:-0.006391272, ValidationError:0.39418572, Accuracy: 0.9111111
Epoch:139, Time:0ms, TrainError:0.15267573, TrainErrorChange:0.016563028, ValidationError:0.122860774, Accuracy: 0.9555556
Epoch:140, Time:0ms, TrainError:0.06567628, TrainErrorChange:-0.08699945, ValidationError:0.45467532, Accuracy: 0.9111111
Epoch:141, Time:0ms, TrainError:0.13181968, TrainErrorChange:0.0661434, ValidationError:0.1465178, Accuracy: 0.9555556
Epoch:142, Time:0ms, TrainError:0.08184919, TrainErrorChange:-0.049970493, ValidationError:0.13370308, Accuracy: 0.9555556
Epoch:143, Time:0ms, TrainError:0.10565172, TrainErrorChange:0.023802534, ValidationError:0.15580001, Accuracy: 0.9555556
Epoch:144, Time:0ms, TrainError:0.28413174, TrainErrorChange:0.17848001, ValidationError:0.37305492, Accuracy: 0.9111111
Epoch:145, Time:1ms, TrainError:0.24640085, TrainErrorChange:-0.037730888, ValidationError:0.14490093, Accuracy: 0.9111111
Epoch:146, Time:0ms, TrainError:0.09116029, TrainErrorChange:-0.15524057, ValidationError:0.18314151, Accuracy: 0.9111111
Epoch:147, Time:1ms, TrainError:0.18357985, TrainErrorChange:0.09241956, ValidationError:0.1127655, Accuracy: 0.9555556
Epoch:148, Time:0ms, TrainError:0.2532531, TrainErrorChange:0.069673255, ValidationError:0.28360337, Accuracy: 0.9111111
Epoch:149, Time:1ms, TrainError:0.13149752, TrainErrorChange:-0.121755585, ValidationError:0.33725375, Accuracy: 0.9111111
Epoch:150, Time:0ms, TrainError:0.066840425, TrainErrorChange:-0.06465709, ValidationError:0.4474426, Accuracy: 0.9111111
Epoch:151, Time:1ms, TrainError:0.30643937, TrainErrorChange:0.23959894, ValidationError:0.29665846, Accuracy: 0.9111111
Epoch:152, Time:0ms, TrainError:0.35622916, TrainErrorChange:0.049789786, ValidationError:0.18914087, Accuracy: 0.9111111
Epoch:153, Time:0ms, TrainError:0.066392705, TrainErrorChange:-0.28983647, ValidationError:0.41111526, Accuracy: 0.9111111
Epoch:154, Time:1ms, TrainError:0.072096154, TrainErrorChange:0.0057034492, ValidationError:0.1606129, Accuracy: 0.9555556
Epoch:155, Time:0ms, TrainError:0.06480827, TrainErrorChange:-0.0072878823, ValidationError:0.46537822, Accuracy: 0.9111111
Epoch:156, Time:1ms, TrainError:0.33786157, TrainErrorChange:0.2730533, ValidationError:0.30855528, Accuracy: 0.9111111
Epoch:157, Time:0ms, TrainError:0.35978848, TrainErrorChange:0.02192691, ValidationError:0.18135037, Accuracy: 0.9111111
Epoch:158, Time:1ms, TrainError:0.06708196, TrainErrorChange:-0.29270652, ValidationError:0.35592312, Accuracy: 0.9111111
Epoch:159, Time:0ms, TrainError:0.062098693, TrainErrorChange:-0.004983265, ValidationError:0.43294182, Accuracy: 0.9111111
Epoch:160, Time:1ms, TrainError:0.25367135, TrainErrorChange:0.19157265, ValidationError:0.28510812, Accuracy: 0.9111111
Epoch:161, Time:0ms, TrainError:0.14101584, TrainErrorChange:-0.112655506, ValidationError:0.19613051, Accuracy: 0.9555556
Epoch:162, Time:1ms, TrainError:0.27713183, TrainErrorChange:0.13611598, ValidationError:0.78589326, Accuracy: 0.82222223
Epoch:163, Time:0ms, TrainError:0.32005307, TrainErrorChange:0.042921245, ValidationError:0.5356505, Accuracy: 0.9111111
Epoch:164, Time:0ms, TrainError:0.1409456, TrainErrorChange:-0.17910747, ValidationError:0.20970811, Accuracy: 0.9111111
Epoch:165, Time:0ms, TrainError:0.15821464, TrainErrorChange:0.017269045, ValidationError:0.18547858, Accuracy: 0.9555556
Epoch:166, Time:0ms, TrainError:0.07399364, TrainErrorChange:-0.084221005, ValidationError:0.21480909, Accuracy: 0.9555556
Epoch:167, Time:1ms, TrainError:0.20771112, TrainErrorChange:0.13371748, ValidationError:0.25240156, Accuracy: 0.9555556
Epoch:168, Time:0ms, TrainError:0.19729309, TrainErrorChange:-0.010418028, ValidationError:0.38032958, Accuracy: 0.9111111
Epoch:169, Time:1ms, TrainError:0.43494305, TrainErrorChange:0.23764996, ValidationError:0.2287088, Accuracy: 0.9111111
Epoch:170, Time:0ms, TrainError:0.08148754, TrainErrorChange:-0.3534555, ValidationError:0.3562523, Accuracy: 0.9111111
Epoch:171, Time:0ms, TrainError:0.20153062, TrainErrorChange:0.120043084, ValidationError:0.46953818, Accuracy: 0.9111111
Epoch:172, Time:1ms, TrainError:0.21926863, TrainErrorChange:0.017738014, ValidationError:0.23807184, Accuracy: 0.9111111
Epoch:173, Time:0ms, TrainError:0.13591899, TrainErrorChange:-0.083349645, ValidationError:0.21982612, Accuracy: 0.9555556
Epoch:174, Time:1ms, TrainError:0.06681016, TrainErrorChange:-0.06910883, ValidationError:0.27319807, Accuracy: 0.9555556
Epoch:175, Time:5ms, TrainError:0.16042136, TrainErrorChange:0.093611196, ValidationError:0.27586636, Accuracy: 0.9555556
Epoch:176, Time:1ms, TrainError:0.16308914, TrainErrorChange:0.0026677847, ValidationError:0.14667907, Accuracy: 0.9111111
Epoch:177, Time:0ms, TrainError:0.16268528, TrainErrorChange:-4.0386617E-4, ValidationError:0.53192246, Accuracy: 0.9111111
Epoch:178, Time:1ms, TrainError:0.16321374, TrainErrorChange:5.284697E-4, ValidationError:0.18977891, Accuracy: 0.9555556
Epoch:179, Time:1ms, TrainError:0.10546814, TrainErrorChange:-0.057745606, ValidationError:0.42875186, Accuracy: 0.9111111
Epoch:180, Time:0ms, TrainError:0.31968468, TrainErrorChange:0.21421655, ValidationError:0.3091896, Accuracy: 0.9111111
Epoch:181, Time:0ms, TrainError:0.41516778, TrainErrorChange:0.095483094, ValidationError:0.27623713, Accuracy: 0.9111111
Epoch:182, Time:1ms, TrainError:0.12437469, TrainErrorChange:-0.2907931, ValidationError:0.39208877, Accuracy: 0.9111111
Epoch:183, Time:1ms, TrainError:0.11934554, TrainErrorChange:-0.0050291494, ValidationError:0.29715502, Accuracy: 0.9111111
Epoch:184, Time:0ms, TrainError:0.10446431, TrainErrorChange:-0.014881231, ValidationError:0.03924574, Accuracy: 1.0
Epoch:185, Time:0ms, TrainError:0.086410955, TrainErrorChange:-0.018053353, ValidationError:0.097959235, Accuracy: 0.9555556
Epoch:186, Time:1ms, TrainError:0.32637683, TrainErrorChange:0.23996587, ValidationError:0.30091748, Accuracy: 0.9111111
Epoch:187, Time:0ms, TrainError:0.3759154, TrainErrorChange:0.049538583, ValidationError:0.2764007, Accuracy: 0.9111111
Epoch:188, Time:0ms, TrainError:0.12414679, TrainErrorChange:-0.25176862, ValidationError:0.059940625, Accuracy: 1.0
Epoch:189, Time:1ms, TrainError:0.064896114, TrainErrorChange:-0.059250675, ValidationError:0.1871181, Accuracy: 0.9111111
Epoch:190, Time:1ms, TrainError:0.067086175, TrainErrorChange:0.002190061, ValidationError:0.2203502, Accuracy: 0.9111111
Epoch:191, Time:0ms, TrainError:0.050633058, TrainErrorChange:-0.016453117, ValidationError:0.25991935, Accuracy: 0.9111111
Epoch:192, Time:1ms, TrainError:0.3727793, TrainErrorChange:0.32214624, ValidationError:0.25554043, Accuracy: 0.9111111
Epoch:193, Time:1ms, TrainError:0.116653524, TrainErrorChange:-0.25612578, ValidationError:0.35948688, Accuracy: 0.9111111
Epoch:194, Time:0ms, TrainError:0.18077444, TrainErrorChange:0.06412091, ValidationError:0.21277495, Accuracy: 0.9555556
Epoch:195, Time:0ms, TrainError:0.07647372, TrainErrorChange:-0.104300715, ValidationError:0.4025799, Accuracy: 0.9111111
Epoch:196, Time:0ms, TrainError:0.36489946, TrainErrorChange:0.28842574, ValidationError:0.2888456, Accuracy: 0.9111111
Epoch:197, Time:1ms, TrainError:0.4135219, TrainErrorChange:0.04862243, ValidationError:0.2817078, Accuracy: 0.9111111
Epoch:198, Time:0ms, TrainError:0.28865886, TrainErrorChange:-0.12486303, ValidationError:0.31060746, Accuracy: 0.9111111
Epoch:199, Time:0ms, TrainError:0.13954836, TrainErrorChange:-0.1491105, ValidationError:0.13865365, Accuracy: 0.9555556
Epoch:200, Time:0ms, TrainError:0.060269848, TrainErrorChange:-0.079278514, ValidationError:0.4853018, Accuracy: 0.9111111
Epoch:201, Time:1ms, TrainError:0.09239381, TrainErrorChange:0.03212396, ValidationError:0.20751022, Accuracy: 0.9555556
Epoch:202, Time:1ms, TrainError:0.40985733, TrainErrorChange:0.31746352, ValidationError:0.14828824, Accuracy: 0.9555556
Epoch:203, Time:1ms, TrainError:0.18362878, TrainErrorChange:-0.22622855, ValidationError:0.4293383, Accuracy: 0.9111111
Epoch:204, Time:0ms, TrainError:0.26891762, TrainErrorChange:0.08528884, ValidationError:0.08890788, Accuracy: 1.0
Epoch:205, Time:1ms, TrainError:0.093351185, TrainErrorChange:-0.17556643, ValidationError:0.28442422, Accuracy: 0.9111111
Epoch:206, Time:1ms, TrainError:0.09374872, TrainErrorChange:3.9753318E-4, ValidationError:0.47583872, Accuracy: 0.9111111
Epoch:207, Time:0ms, TrainError:0.18056032, TrainErrorChange:0.0868116, ValidationError:0.1330127, Accuracy: 0.9555556
Epoch:208, Time:0ms, TrainError:0.086164646, TrainErrorChange:-0.094395675, ValidationError:0.44952592, Accuracy: 0.9111111
Epoch:209, Time:0ms, TrainError:0.27764732, TrainErrorChange:0.19148266, ValidationError:0.2850195, Accuracy: 0.9111111
Epoch:210, Time:1ms, TrainError:0.32604286, TrainErrorChange:0.048395544, ValidationError:0.17291044, Accuracy: 0.9555556
Epoch:211, Time:1ms, TrainError:0.13635872, TrainErrorChange:-0.18968414, ValidationError:0.05260643, Accuracy: 1.0
Epoch:212, Time:0ms, TrainError:0.118017025, TrainErrorChange:-0.018341698, ValidationError:0.145971, Accuracy: 0.9111111
Epoch:213, Time:0ms, TrainError:0.07223026, TrainErrorChange:-0.04578677, ValidationError:0.6431382, Accuracy: 0.9111111
Epoch:214, Time:1ms, TrainError:0.12945475, TrainErrorChange:0.05722449, ValidationError:0.21407342, Accuracy: 0.9111111
Epoch:215, Time:0ms, TrainError:0.053134628, TrainErrorChange:-0.07632012, ValidationError:0.19194879, Accuracy: 0.9111111
Epoch:216, Time:1ms, TrainError:0.037023317, TrainErrorChange:-0.01611131, ValidationError:0.24890134, Accuracy: 0.9111111
Epoch:217, Time:1ms, TrainError:0.06220677, TrainErrorChange:0.025183454, ValidationError:0.22389625, Accuracy: 0.9111111
Epoch:218, Time:0ms, TrainError:0.39976683, TrainErrorChange:0.33756006, ValidationError:0.29730877, Accuracy: 0.9111111
Epoch:219, Time:1ms, TrainError:0.14090537, TrainErrorChange:-0.25886148, ValidationError:0.42665467, Accuracy: 0.9111111
Epoch:220, Time:1ms, TrainError:0.19510385, TrainErrorChange:0.05419849, ValidationError:0.2702219, Accuracy: 0.9111111
Epoch:221, Time:1ms, TrainError:0.152601, TrainErrorChange:-0.04250285, ValidationError:0.5232948, Accuracy: 0.9111111
Epoch:222, Time:1ms, TrainError:0.1636195, TrainErrorChange:0.0110185, ValidationError:0.04399444, Accuracy: 1.0
Epoch:223, Time:0ms, TrainError:0.08754727, TrainErrorChange:-0.07607223, ValidationError:0.49575296, Accuracy: 0.9111111
Epoch:224, Time:0ms, TrainError:0.09330384, TrainErrorChange:0.0057565644, ValidationError:0.4280495, Accuracy: 0.9111111
Epoch:225, Time:0ms, TrainError:0.1195831, TrainErrorChange:0.026279263, ValidationError:0.10041666, Accuracy: 0.9555556
Epoch:226, Time:0ms, TrainError:0.07535737, TrainErrorChange:-0.04422573, ValidationError:0.116323516, Accuracy: 0.9555556
Epoch:227, Time:1ms, TrainError:0.22556576, TrainErrorChange:0.15020838, ValidationError:0.43554837, Accuracy: 0.82222223
Epoch:228, Time:1ms, TrainError:0.06963015, TrainErrorChange:-0.15593562, ValidationError:0.30475077, Accuracy: 0.9111111
Epoch:229, Time:1ms, TrainError:0.07397331, TrainErrorChange:0.0043431595, ValidationError:0.23517972, Accuracy: 0.9111111
Epoch:230, Time:1ms, TrainError:0.059963226, TrainErrorChange:-0.014010087, ValidationError:0.34260625, Accuracy: 0.9111111
Epoch:231, Time:0ms, TrainError:0.19687663, TrainErrorChange:0.1369134, ValidationError:0.3563805, Accuracy: 0.9111111
Epoch:232, Time:1ms, TrainError:0.09469529, TrainErrorChange:-0.10218134, ValidationError:0.22958618, Accuracy: 0.9555556
Epoch:233, Time:1ms, TrainError:0.27351028, TrainErrorChange:0.17881498, ValidationError:0.27933973, Accuracy: 0.9111111
Epoch:234, Time:1ms, TrainError:0.2679478, TrainErrorChange:-0.0055624843, ValidationError:0.526927, Accuracy: 0.9111111
Epoch:235, Time:1ms, TrainError:0.15377997, TrainErrorChange:-0.114167824, ValidationError:0.45166022, Accuracy: 0.9111111
Epoch:236, Time:0ms, TrainError:0.22223453, TrainErrorChange:0.06845456, ValidationError:0.22602306, Accuracy: 0.9111111
Epoch:237, Time:1ms, TrainError:0.10004923, TrainErrorChange:-0.122185305, ValidationError:0.4505148, Accuracy: 0.9111111
Epoch:238, Time:0ms, TrainError:0.12424782, TrainErrorChange:0.024198592, ValidationError:0.20914696, Accuracy: 0.9555556
Epoch:239, Time:0ms, TrainError:0.15297821, TrainErrorChange:0.028730392, ValidationError:0.030170538, Accuracy: 1.0
Epoch:240, Time:1ms, TrainError:0.12139321, TrainErrorChange:-0.031585, ValidationError:0.4000907, Accuracy: 0.9111111
Epoch:241, Time:1ms, TrainError:0.19074857, TrainErrorChange:0.06935536, ValidationError:0.045217827, Accuracy: 1.0
Epoch:242, Time:0ms, TrainError:0.1920964, TrainErrorChange:0.0013478249, ValidationError:0.5009987, Accuracy: 0.9111111
Epoch:243, Time:0ms, TrainError:0.1557208, TrainErrorChange:-0.036375597, ValidationError:0.2735473, Accuracy: 0.9111111
Epoch:244, Time:1ms, TrainError:0.08630263, TrainErrorChange:-0.06941817, ValidationError:0.3924915, Accuracy: 0.9111111
Epoch:245, Time:1ms, TrainError:0.2052622, TrainErrorChange:0.11895957, ValidationError:0.15716973, Accuracy: 0.9555556
Epoch:246, Time:0ms, TrainError:0.16784637, TrainErrorChange:-0.037415832, ValidationError:0.466244, Accuracy: 0.9111111
Epoch:247, Time:1ms, TrainError:0.3040342, TrainErrorChange:0.13618784, ValidationError:0.5885003, Accuracy: 0.9111111
Epoch:248, Time:0ms, TrainError:0.08088706, TrainErrorChange:-0.22314715, ValidationError:0.5567858, Accuracy: 0.9111111
Epoch:249, Time:0ms, TrainError:0.049602773, TrainErrorChange:-0.031284284, ValidationError:0.5713905, Accuracy: 0.9111111
Epoch:250, Time:1ms, TrainError:0.04494136, TrainErrorChange:-0.004661415, ValidationError:0.6034395, Accuracy: 0.9111111
Epoch:251, Time:1ms, TrainError:0.042094775, TrainErrorChange:-0.0028465837, ValidationError:0.5655211, Accuracy: 0.9111111
Epoch:252, Time:1ms, TrainError:0.6896311, TrainErrorChange:0.64753634, ValidationError:0.3050386, Accuracy: 0.8666666
Epoch:253, Time:1ms, TrainError:0.27422166, TrainErrorChange:-0.41540945, ValidationError:0.023213144, Accuracy: 1.0
Epoch:254, Time:1ms, TrainError:0.11898579, TrainErrorChange:-0.15523587, ValidationError:0.3634817, Accuracy: 0.9111111
Epoch:255, Time:0ms, TrainError:0.3235727, TrainErrorChange:0.20458691, ValidationError:0.3605427, Accuracy: 0.9111111
Epoch:256, Time:0ms, TrainError:0.33516535, TrainErrorChange:0.011592656, ValidationError:0.15803517, Accuracy: 0.9111111
Epoch:257, Time:1ms, TrainError:0.078093104, TrainErrorChange:-0.25707224, ValidationError:0.2396261, Accuracy: 0.9111111
Epoch:258, Time:1ms, TrainError:0.056578062, TrainErrorChange:-0.021515042, ValidationError:0.26521987, Accuracy: 0.9111111
Epoch:259, Time:1ms, TrainError:0.079588324, TrainErrorChange:0.023010261, ValidationError:0.16217619, Accuracy: 0.9111111
Epoch:260, Time:1ms, TrainError:0.08783238, TrainErrorChange:0.0082440525, ValidationError:0.6015512, Accuracy: 0.9111111
Epoch:261, Time:1ms, TrainError:0.14919873, TrainErrorChange:0.06136635, ValidationError:0.057913426, Accuracy: 1.0
Epoch:262, Time:1ms, TrainError:0.08149091, TrainErrorChange:-0.067707814, ValidationError:0.4608649, Accuracy: 0.9111111
Epoch:263, Time:1ms, TrainError:0.09572671, TrainErrorChange:0.014235802, ValidationError:0.4666217, Accuracy: 0.9111111
Epoch:264, Time:1ms, TrainError:0.09493777, TrainErrorChange:-7.88942E-4, ValidationError:0.4428759, Accuracy: 0.9111111
Epoch:265, Time:1ms, TrainError:0.08968464, TrainErrorChange:-0.0052531287, ValidationError:0.45530313, Accuracy: 0.9111111
Epoch:266, Time:1ms, TrainError:0.08779359, TrainErrorChange:-0.0018910542, ValidationError:0.46381348, Accuracy: 0.9111111
Epoch:267, Time:1ms, TrainError:0.086851954, TrainErrorChange:-9.416342E-4, ValidationError:0.46883917, Accuracy: 0.9111111
Epoch:268, Time:1ms, TrainError:0.086400464, TrainErrorChange:-4.5149028E-4, ValidationError:0.47339028, Accuracy: 0.9111111
Epoch:269, Time:1ms, TrainError:0.08406682, TrainErrorChange:-0.002333641, ValidationError:0.47875613, Accuracy: 0.9111111
Epoch:270, Time:1ms, TrainError:0.08950979, TrainErrorChange:0.0054429695, ValidationError:0.46141428, Accuracy: 0.9111111
Epoch:271, Time:1ms, TrainError:0.07911164, TrainErrorChange:-0.0103981495, ValidationError:0.42833763, Accuracy: 0.9111111
Epoch:272, Time:1ms, TrainError:0.082336895, TrainErrorChange:0.003225252, ValidationError:0.4619169, Accuracy: 0.9111111
Epoch:273, Time:0ms, TrainError:0.092810206, TrainErrorChange:0.010473311, ValidationError:0.32769692, Accuracy: 0.9111111
Epoch:274, Time:1ms, TrainError:0.15849167, TrainErrorChange:0.065681465, ValidationError:0.28110474, Accuracy: 0.9111111
Epoch:275, Time:1ms, TrainError:0.06534944, TrainErrorChange:-0.093142234, ValidationError:0.25925577, Accuracy: 0.9111111
Epoch:276, Time:1ms, TrainError:0.085221976, TrainErrorChange:0.019872539, ValidationError:0.4025785, Accuracy: 0.9111111
Epoch:277, Time:1ms, TrainError:0.07559884, TrainErrorChange:-0.009623133, ValidationError:0.4189605, Accuracy: 0.9111111
Epoch:278, Time:1ms, TrainError:0.08203728, TrainErrorChange:0.006438434, ValidationError:0.3010268, Accuracy: 0.9111111
Epoch:279, Time:1ms, TrainError:0.07095829, TrainErrorChange:-0.011078991, ValidationError:0.29168013, Accuracy: 0.9111111
Epoch:280, Time:1ms, TrainError:0.057774708, TrainErrorChange:-0.013183579, ValidationError:0.42293563, Accuracy: 0.9111111
Epoch:281, Time:1ms, TrainError:0.06307387, TrainErrorChange:0.005299166, ValidationError:0.22045596, Accuracy: 0.9111111
Epoch:282, Time:1ms, TrainError:0.11240061, TrainErrorChange:0.04932674, ValidationError:0.07028933, Accuracy: 0.9555556
Epoch:283, Time:1ms, TrainError:0.16357218, TrainErrorChange:0.051171564, ValidationError:0.009846311, Accuracy: 1.0
Epoch:284, Time:1ms, TrainError:0.113145225, TrainErrorChange:-0.050426953, ValidationError:0.13295725, Accuracy: 0.9555556
Epoch:285, Time:1ms, TrainError:0.06926297, TrainErrorChange:-0.04388226, ValidationError:0.26771978, Accuracy: 0.9111111
Epoch:286, Time:1ms, TrainError:0.1292303, TrainErrorChange:0.05996734, ValidationError:0.10627372, Accuracy: 1.0
Epoch:287, Time:1ms, TrainError:0.03972364, TrainErrorChange:-0.08950667, ValidationError:0.48393252, Accuracy: 0.9111111
Epoch:288, Time:1ms, TrainError:0.19314569, TrainErrorChange:0.15342206, ValidationError:0.12367236, Accuracy: 0.9111111
Epoch:289, Time:1ms, TrainError:0.13440199, TrainErrorChange:-0.0587437, ValidationError:0.55446213, Accuracy: 0.9111111
Epoch:290, Time:1ms, TrainError:0.26683635, TrainErrorChange:0.13243435, ValidationError:0.25836238, Accuracy: 0.9111111
Epoch:291, Time:1ms, TrainError:0.25590956, TrainErrorChange:-0.010926783, ValidationError:0.28463802, Accuracy: 0.9111111
Epoch:292, Time:0ms, TrainError:0.13827457, TrainErrorChange:-0.117635, ValidationError:0.21739785, Accuracy: 0.9111111
Epoch:293, Time:1ms, TrainError:0.102284834, TrainErrorChange:-0.03598973, ValidationError:0.019903602, Accuracy: 1.0
Epoch:294, Time:1ms, TrainError:0.065507665, TrainErrorChange:-0.03677717, ValidationError:0.4809471, Accuracy: 0.9111111
Epoch:295, Time:1ms, TrainError:0.11302704, TrainErrorChange:0.04751938, ValidationError:0.15627114, Accuracy: 0.9111111
Epoch:296, Time:1ms, TrainError:0.07488103, TrainErrorChange:-0.03814601, ValidationError:0.5493507, Accuracy: 0.9111111
Epoch:297, Time:1ms, TrainError:0.07404733, TrainErrorChange:-8.3370507E-4, ValidationError:0.47754753, Accuracy: 0.9111111
Epoch:298, Time:1ms, TrainError:0.0969226, TrainErrorChange:0.022875272, ValidationError:0.35209858, Accuracy: 0.9111111
Epoch:299, Time:1ms, TrainError:0.09818197, TrainErrorChange:0.0012593716, ValidationError:0.032621585, Accuracy: 1.0
Epoch:300, Time:1ms, TrainError:0.07988033, TrainErrorChange:-0.018301643, ValidationError:0.116024524, Accuracy: 0.9555556
Epoch:301, Time:1ms, TrainError:0.06437668, TrainErrorChange:-0.015503645, ValidationError:0.1392065, Accuracy: 0.9555556
Epoch:302, Time:1ms, TrainError:0.05479504, TrainErrorChange:-0.00958164, ValidationError:0.3055811, Accuracy: 0.9111111
Epoch:303, Time:0ms, TrainError:0.050855137, TrainErrorChange:-0.0039399043, ValidationError:0.18233915, Accuracy: 0.9111111
Epoch:304, Time:0ms, TrainError:0.05850712, TrainErrorChange:0.007651981, ValidationError:0.3812826, Accuracy: 0.9111111
Epoch:305, Time:0ms, TrainError:0.08679983, TrainErrorChange:0.028292712, ValidationError:0.10067778, Accuracy: 0.9555556
Epoch:306, Time:1ms, TrainError:0.052258953, TrainErrorChange:-0.034540877, ValidationError:0.369, Accuracy: 0.9111111
Epoch:307, Time:1ms, TrainError:0.11787021, TrainErrorChange:0.06561126, ValidationError:0.2908068, Accuracy: 0.9111111
Epoch:308, Time:1ms, TrainError:0.0643118, TrainErrorChange:-0.05355841, ValidationError:0.17392835, Accuracy: 0.9111111
Epoch:309, Time:0ms, TrainError:0.113729544, TrainErrorChange:0.04941774, ValidationError:0.26211712, Accuracy: 0.9111111
Epoch:310, Time:1ms, TrainError:0.07933272, TrainErrorChange:-0.034396827, ValidationError:0.3725301, Accuracy: 0.9111111
Epoch:311, Time:0ms, TrainError:0.10868406, TrainErrorChange:0.029351346, ValidationError:0.17134874, Accuracy: 0.9111111
Epoch:312, Time:0ms, TrainError:0.23211153, TrainErrorChange:0.123427466, ValidationError:0.25845, Accuracy: 0.9111111
Epoch:313, Time:1ms, TrainError:0.0722885, TrainErrorChange:-0.15982303, ValidationError:0.5145552, Accuracy: 0.9111111
Epoch:314, Time:0ms, TrainError:0.19456166, TrainErrorChange:0.12227316, ValidationError:0.30556822, Accuracy: 0.9111111
Epoch:315, Time:0ms, TrainError:0.11283846, TrainErrorChange:-0.0817232, ValidationError:0.45565632, Accuracy: 0.9111111
Epoch:316, Time:1ms, TrainError:0.088685796, TrainErrorChange:-0.024152666, ValidationError:0.4524624, Accuracy: 0.9111111
Epoch:317, Time:1ms, TrainError:0.04318526, TrainErrorChange:-0.045500536, ValidationError:0.5394182, Accuracy: 0.9111111
Epoch:318, Time:1ms, TrainError:0.07353316, TrainErrorChange:0.030347902, ValidationError:0.56042635, Accuracy: 0.9111111
Epoch:319, Time:1ms, TrainError:0.09241887, TrainErrorChange:0.01888571, ValidationError:0.45464754, Accuracy: 0.9111111
Epoch:320, Time:1ms, TrainError:0.11793696, TrainErrorChange:0.02551809, ValidationError:0.33901402, Accuracy: 0.9111111
Epoch:321, Time:1ms, TrainError:0.2568344, TrainErrorChange:0.13889742, ValidationError:0.36129722, Accuracy: 0.9111111
Epoch:322, Time:1ms, TrainError:0.12736835, TrainErrorChange:-0.12946604, ValidationError:0.4094491, Accuracy: 0.9111111
Epoch:323, Time:1ms, TrainError:0.1251848, TrainErrorChange:-0.0021835417, ValidationError:0.17744392, Accuracy: 0.9111111
Epoch:324, Time:1ms, TrainError:0.04607253, TrainErrorChange:-0.07911228, ValidationError:0.3277174, Accuracy: 0.9111111
Epoch:325, Time:1ms, TrainError:0.034811363, TrainErrorChange:-0.011261169, ValidationError:0.3510894, Accuracy: 0.9111111
Epoch:326, Time:0ms, TrainError:0.07452212, TrainErrorChange:0.03971076, ValidationError:0.28310835, Accuracy: 0.9111111
Epoch:327, Time:1ms, TrainError:0.18395746, TrainErrorChange:0.109435335, ValidationError:0.28198537, Accuracy: 0.9111111
Epoch:328, Time:1ms, TrainError:0.17187813, TrainErrorChange:-0.012079328, ValidationError:0.0824663, Accuracy: 1.0
Epoch:329, Time:0ms, TrainError:0.1102205, TrainErrorChange:-0.06165763, ValidationError:0.10016118, Accuracy: 1.0
Epoch:330, Time:0ms, TrainError:0.20517606, TrainErrorChange:0.094955556, ValidationError:0.3200525, Accuracy: 0.9111111
Epoch:331, Time:0ms, TrainError:0.13049227, TrainErrorChange:-0.074683785, ValidationError:0.112561084, Accuracy: 0.9555556
Epoch:332, Time:0ms, TrainError:0.047546715, TrainErrorChange:-0.082945555, ValidationError:0.24000974, Accuracy: 0.9111111
Epoch:333, Time:0ms, TrainError:0.13654234, TrainErrorChange:0.08899562, ValidationError:0.4650454, Accuracy: 0.9111111
Epoch:334, Time:0ms, TrainError:0.21859524, TrainErrorChange:0.0820529, ValidationError:0.0648351, Accuracy: 1.0
Epoch:335, Time:0ms, TrainError:0.09659671, TrainErrorChange:-0.121998526, ValidationError:0.086467765, Accuracy: 1.0
Epoch:336, Time:1ms, TrainError:0.06624322, TrainErrorChange:-0.030353494, ValidationError:0.2529036, Accuracy: 0.9111111
Epoch:337, Time:1ms, TrainError:0.071597174, TrainErrorChange:0.0053539574, ValidationError:0.21230184, Accuracy: 0.9111111
Epoch:338, Time:1ms, TrainError:0.057977602, TrainErrorChange:-0.013619572, ValidationError:0.3046966, Accuracy: 0.9111111
Epoch:339, Time:1ms, TrainError:0.0719702, TrainErrorChange:0.0139926, ValidationError:0.22398707, Accuracy: 0.9111111
Epoch:340, Time:1ms, TrainError:0.058804866, TrainErrorChange:-0.013165336, ValidationError:0.3106221, Accuracy: 0.9111111
Epoch:341, Time:1ms, TrainError:0.0500125, TrainErrorChange:-0.008792367, ValidationError:0.20265771, Accuracy: 0.9111111
Epoch:342, Time:1ms, TrainError:0.0503555, TrainErrorChange:3.4300238E-4, ValidationError:0.31547385, Accuracy: 0.9111111
Epoch:343, Time:1ms, TrainError:0.24895042, TrainErrorChange:0.19859493, ValidationError:0.225094, Accuracy: 0.9111111
Epoch:344, Time:1ms, TrainError:0.099023715, TrainErrorChange:-0.1499267, ValidationError:0.20119388, Accuracy: 0.9111111
Epoch:345, Time:0ms, TrainError:0.113618694, TrainErrorChange:0.01459498, ValidationError:0.49554452, Accuracy: 0.9111111
Epoch:346, Time:0ms, TrainError:0.2449236, TrainErrorChange:0.13130492, ValidationError:0.09358981, Accuracy: 0.9555556
Epoch:347, Time:0ms, TrainError:0.040977318, TrainErrorChange:-0.20394629, ValidationError:0.46139994, Accuracy: 0.9111111
Epoch:348, Time:0ms, TrainError:0.11079981, TrainErrorChange:0.06982249, ValidationError:0.26087686, Accuracy: 0.9111111
Epoch:349, Time:0ms, TrainError:0.08415704, TrainErrorChange:-0.02664277, ValidationError:0.25135434, Accuracy: 0.9111111
Epoch:350, Time:0ms, TrainError:0.04060946, TrainErrorChange:-0.043547582, ValidationError:0.45857427, Accuracy: 0.9111111
Epoch:351, Time:0ms, TrainError:0.030430099, TrainErrorChange:-0.010179361, ValidationError:0.54414076, Accuracy: 0.9111111
Epoch:352, Time:1ms, TrainError:0.043397535, TrainErrorChange:0.012967436, ValidationError:0.47785243, Accuracy: 0.9111111
Epoch:353, Time:1ms, TrainError:0.03330949, TrainErrorChange:-0.010088045, ValidationError:0.5358623, Accuracy: 0.9111111
Epoch:354, Time:0ms, TrainError:0.028908039, TrainErrorChange:-0.004401451, ValidationError:0.59241605, Accuracy: 0.9111111

TRAINING COMPLETED
Total Training Time: 373ms
------------------------------------------------------------------------
------------------------------------------------
Classification performance measure

Accuracy: 1.0
Precision: 1.0
F1Score: 1.0
Recall: 1.0

------------------------------------------------------------------------
TRAINING NEURAL NETWORK
------------------------------------------------------------------------
Epoch:1, Time:4ms, TrainError:0.82269007, TrainErrorChange:0.82269007, ValidationError:0.46097535, Accuracy: 0.8666666
Epoch:2, Time:2ms, TrainError:0.48935848, TrainErrorChange:-0.33333158, ValidationError:0.34389925, Accuracy: 0.9111111
Epoch:3, Time:1ms, TrainError:0.3811181, TrainErrorChange:-0.108240396, ValidationError:0.29553038, Accuracy: 0.9555556
Epoch:4, Time:0ms, TrainError:0.31643108, TrainErrorChange:-0.06468701, ValidationError:0.25617594, Accuracy: 0.9555556
Epoch:5, Time:0ms, TrainError:0.27140474, TrainErrorChange:-0.045026332, ValidationError:0.22642279, Accuracy: 0.9555556
Epoch:6, Time:1ms, TrainError:0.24040928, TrainErrorChange:-0.030995458, ValidationError:0.20640673, Accuracy: 0.9111111
Epoch:7, Time:0ms, TrainError:0.21796203, TrainErrorChange:-0.022447258, ValidationError:0.19263174, Accuracy: 0.9111111
Epoch:8, Time:0ms, TrainError:0.20053607, TrainErrorChange:-0.017425954, ValidationError:0.18224744, Accuracy: 0.9111111
Epoch:9, Time:1ms, TrainError:0.18635578, TrainErrorChange:-0.014180288, ValidationError:0.1736092, Accuracy: 0.9111111
Epoch:10, Time:0ms, TrainError:0.17462896, TrainErrorChange:-0.011726826, ValidationError:0.16586886, Accuracy: 0.9111111
Epoch:11, Time:0ms, TrainError:0.16505463, TrainErrorChange:-0.009574324, ValidationError:0.15862317, Accuracy: 0.9111111
Epoch:12, Time:1ms, TrainError:0.15754884, TrainErrorChange:-0.0075057894, ValidationError:0.15169726, Accuracy: 0.9555556
Epoch:13, Time:1ms, TrainError:0.15207963, TrainErrorChange:-0.005469218, ValidationError:0.14501303, Accuracy: 0.9555556
Epoch:14, Time:1ms, TrainError:0.14855963, TrainErrorChange:-0.003519997, ValidationError:0.13853057, Accuracy: 0.9555556
Epoch:15, Time:1ms, TrainError:0.14671887, TrainErrorChange:-0.0018407553, ValidationError:0.13226774, Accuracy: 0.9555556
Epoch:16, Time:1ms, TrainError:0.14592566, TrainErrorChange:-7.932186E-4, ValidationError:0.1263603, Accuracy: 0.9555556
Epoch:17, Time:1ms, TrainError:0.14512178, TrainErrorChange:-8.0387294E-4, ValidationError:0.12107303, Accuracy: 0.9555556
Epoch:18, Time:1ms, TrainError:0.14324513, TrainErrorChange:-0.0018766522, ValidationError:0.116745435, Accuracy: 1.0
Epoch:19, Time:1ms, TrainError:0.1401573, TrainErrorChange:-0.0030878335, ValidationError:0.113757685, Accuracy: 1.0
Epoch:20, Time:1ms, TrainError:0.13702242, TrainErrorChange:-0.0031348765, ValidationError:0.11246498, Accuracy: 1.0
Epoch:21, Time:1ms, TrainError:0.13527198, TrainErrorChange:-0.0017504394, ValidationError:0.11302272, Accuracy: 0.9555556
Epoch:22, Time:1ms, TrainError:0.1353975, TrainErrorChange:1.2551248E-4, ValidationError:0.11554453, Accuracy: 0.9555556
Epoch:23, Time:1ms, TrainError:0.13726, TrainErrorChange:0.001862511, ValidationError:0.12035636, Accuracy: 0.9555556
Epoch:24, Time:1ms, TrainError:0.14072551, TrainErrorChange:0.0034655035, ValidationError:0.12779374, Accuracy: 0.9555556
Epoch:25, Time:1ms, TrainError:0.14557855, TrainErrorChange:0.00485304, ValidationError:0.13781627, Accuracy: 0.9111111
Epoch:26, Time:1ms, TrainError:0.15133697, TrainErrorChange:0.0057584196, ValidationError:0.14970616, Accuracy: 0.9111111
Epoch:27, Time:1ms, TrainError:0.15721631, TrainErrorChange:0.0058793426, ValidationError:0.16260736, Accuracy: 0.9111111
Epoch:28, Time:1ms, TrainError:0.16237056, TrainErrorChange:0.005154252, ValidationError:0.17649491, Accuracy: 0.9111111
Epoch:29, Time:4ms, TrainError:0.16627714, TrainErrorChange:0.003906578, ValidationError:0.19184032, Accuracy: 0.9111111
Epoch:30, Time:1ms, TrainError:0.16883585, TrainErrorChange:0.0025587082, ValidationError:0.20850049, Accuracy: 0.9111111
Epoch:31, Time:1ms, TrainError:0.17017213, TrainErrorChange:0.0013362765, ValidationError:0.2255257, Accuracy: 0.9111111
Epoch:32, Time:0ms, TrainError:0.17045437, TrainErrorChange:2.822429E-4, ValidationError:0.24162754, Accuracy: 0.9111111
Epoch:33, Time:1ms, TrainError:0.16978973, TrainErrorChange:-6.646365E-4, ValidationError:0.25563005, Accuracy: 0.9111111
Epoch:34, Time:1ms, TrainError:0.16823018, TrainErrorChange:-0.0015595555, ValidationError:0.26680928, Accuracy: 0.9111111
Epoch:35, Time:0ms, TrainError:0.16588157, TrainErrorChange:-0.0023486018, ValidationError:0.27510124, Accuracy: 0.9111111
Epoch:36, Time:0ms, TrainError:0.16297285, TrainErrorChange:-0.0029087216, ValidationError:0.28100047, Accuracy: 0.9111111
Epoch:37, Time:0ms, TrainError:0.15978807, TrainErrorChange:-0.0031847805, ValidationError:0.2851763, Accuracy: 0.9111111
Epoch:38, Time:1ms, TrainError:0.15654118, TrainErrorChange:-0.0032468885, ValidationError:0.2881463, Accuracy: 0.9111111
Epoch:39, Time:0ms, TrainError:0.15332496, TrainErrorChange:-0.003216222, ValidationError:0.29020235, Accuracy: 0.9111111
Epoch:40, Time:1ms, TrainError:0.15014929, TrainErrorChange:-0.0031756759, ValidationError:0.29149055, Accuracy: 0.9111111
Epoch:41, Time:0ms, TrainError:0.14699824, TrainErrorChange:-0.0031510442, ValidationError:0.29209417, Accuracy: 0.9111111
Epoch:42, Time:0ms, TrainError:0.1438604, TrainErrorChange:-0.0031378418, ValidationError:0.29208273, Accuracy: 0.9111111
Epoch:43, Time:1ms, TrainError:0.14073534, TrainErrorChange:-0.0031250566, ValidationError:0.29152086, Accuracy: 0.9111111
Epoch:44, Time:10ms, TrainError:0.13763, TrainErrorChange:-0.0031053424, ValidationError:0.29047155, Accuracy: 0.9111111
Epoch:45, Time:0ms, TrainError:0.1345548, TrainErrorChange:-0.0030751973, ValidationError:0.28899446, Accuracy: 0.9111111
Epoch:46, Time:1ms, TrainError:0.13152044, TrainErrorChange:-0.0030343682, ValidationError:0.28714478, Accuracy: 0.9111111
Epoch:47, Time:0ms, TrainError:0.1285378, TrainErrorChange:-0.0029826313, ValidationError:0.2849744, Accuracy: 0.9111111
Epoch:48, Time:1ms, TrainError:0.12561655, TrainErrorChange:-0.0029212534, ValidationError:0.282528, Accuracy: 0.9111111
Epoch:49, Time:0ms, TrainError:0.12276447, TrainErrorChange:-0.0028520823, ValidationError:0.2798479, Accuracy: 0.9111111
Epoch:50, Time:0ms, TrainError:0.11998734, TrainErrorChange:-0.0027771294, ValidationError:0.27696964, Accuracy: 0.9111111
Epoch:51, Time:1ms, TrainError:0.117290944, TrainErrorChange:-0.002696395, ValidationError:0.27392706, Accuracy: 0.9111111
Epoch:52, Time:0ms, TrainError:0.11467808, TrainErrorChange:-0.0026128665, ValidationError:0.2707482, Accuracy: 0.9111111
Epoch:53, Time:0ms, TrainError:0.11215094, TrainErrorChange:-0.00252714, ValidationError:0.26745838, Accuracy: 0.9111111
Epoch:54, Time:1ms, TrainError:0.109711066, TrainErrorChange:-0.0024398714, ValidationError:0.264083, Accuracy: 0.9111111
Epoch:55, Time:0ms, TrainError:0.10735941, TrainErrorChange:-0.0023516566, ValidationError:0.26064202, Accuracy: 0.9111111
Epoch:56, Time:1ms, TrainError:0.10509591, TrainErrorChange:-0.0022635013, ValidationError:0.2571563, Accuracy: 0.9111111
Epoch:57, Time:0ms, TrainError:0.10291971, TrainErrorChange:-0.0021761954, ValidationError:0.2536454, Accuracy: 0.9111111
Epoch:58, Time:0ms, TrainError:0.10083115, TrainErrorChange:-0.0020885617, ValidationError:0.2501269, Accuracy: 0.9111111
Epoch:59, Time:0ms, TrainError:0.09882864, TrainErrorChange:-0.0020025074, ValidationError:0.2466183, Accuracy: 0.9111111
Epoch:60, Time:0ms, TrainError:0.096911535, TrainErrorChange:-0.0019171089, ValidationError:0.2431356, Accuracy: 0.9111111
Epoch:61, Time:0ms, TrainError:0.095077895, TrainErrorChange:-0.00183364, ValidationError:0.23969306, Accuracy: 0.9111111
Epoch:62, Time:0ms, TrainError:0.09332654, TrainErrorChange:-0.0017513558, ValidationError:0.23630391, Accuracy: 0.9111111
Epoch:63, Time:1ms, TrainError:0.09165475, TrainErrorChange:-0.0016717911, ValidationError:0.23298107, Accuracy: 0.9111111
Epoch:64, Time:0ms, TrainError:0.090060055, TrainErrorChange:-0.0015946925, ValidationError:0.22973013, Accuracy: 0.9111111
Epoch:65, Time:0ms, TrainError:0.088539705, TrainErrorChange:-0.0015203506, ValidationError:0.22656155, Accuracy: 0.9111111
Epoch:66, Time:0ms, TrainError:0.087090455, TrainErrorChange:-0.0014492497, ValidationError:0.22347862, Accuracy: 0.9111111
Epoch:67, Time:0ms, TrainError:0.085708514, TrainErrorChange:-0.0013819411, ValidationError:0.22048424, Accuracy: 0.9111111
Epoch:68, Time:0ms, TrainError:0.084390424, TrainErrorChange:-0.0013180897, ValidationError:0.21758156, Accuracy: 0.9111111
Epoch:69, Time:1ms, TrainError:0.08313274, TrainErrorChange:-0.0012576878, ValidationError:0.21477157, Accuracy: 0.9111111
Epoch:70, Time:0ms, TrainError:0.08193171, TrainErrorChange:-0.0012010261, ValidationError:0.21205299, Accuracy: 0.9111111
Epoch:71, Time:0ms, TrainError:0.08078393, TrainErrorChange:-0.0011477768, ValidationError:0.20942576, Accuracy: 0.9111111
Epoch:72, Time:0ms, TrainError:0.07968581, TrainErrorChange:-0.0010981262, ValidationError:0.20688799, Accuracy: 0.9111111
Epoch:73, Time:1ms, TrainError:0.07863432, TrainErrorChange:-0.0010514855, ValidationError:0.20443769, Accuracy: 0.9111111
Epoch:74, Time:0ms, TrainError:0.07762638, TrainErrorChange:-0.0010079443, ValidationError:0.2020738, Accuracy: 0.9111111
Epoch:75, Time:1ms, TrainError:0.07665931, TrainErrorChange:-9.6707046E-4, ValidationError:0.19979478, Accuracy: 0.9111111
Epoch:76, Time:0ms, TrainError:0.075730264, TrainErrorChange:-9.290427E-4, ValidationError:0.19759813, Accuracy: 0.9111111
Epoch:77, Time:1ms, TrainError:0.0748371, TrainErrorChange:-8.931607E-4, ValidationError:0.195482, Accuracy: 0.9111111
Epoch:78, Time:0ms, TrainError:0.07397761, TrainErrorChange:-8.594915E-4, ValidationError:0.19344492, Accuracy: 0.9111111
Epoch:79, Time:0ms, TrainError:0.07314943, TrainErrorChange:-8.281842E-4, ValidationError:0.19148631, Accuracy: 0.9111111
Epoch:80, Time:0ms, TrainError:0.07235102, TrainErrorChange:-7.984042E-4, ValidationError:0.18960533, Accuracy: 0.9111111
Epoch:81, Time:0ms, TrainError:0.071580626, TrainErrorChange:-7.703975E-4, ValidationError:0.18779859, Accuracy: 0.9111111
Epoch:82, Time:1ms, TrainError:0.07083665, TrainErrorChange:-7.439777E-4, ValidationError:0.18606836, Accuracy: 0.9111111
Epoch:83, Time:0ms, TrainError:0.07011761, TrainErrorChange:-7.1904063E-4, ValidationError:0.18441325, Accuracy: 0.9111111
Epoch:84, Time:1ms, TrainError:0.06942248, TrainErrorChange:-6.9512427E-4, ValidationError:0.18283261, Accuracy: 0.9111111
Epoch:85, Time:0ms, TrainError:0.0687499, TrainErrorChange:-6.7258626E-4, ValidationError:0.1813249, Accuracy: 0.9111111
Epoch:86, Time:1ms, TrainError:0.06809866, TrainErrorChange:-6.5124035E-4, ValidationError:0.17989011, Accuracy: 0.9111111
Epoch:87, Time:0ms, TrainError:0.06746787, TrainErrorChange:-6.307885E-4, ValidationError:0.178529, Accuracy: 0.9111111
Epoch:88, Time:0ms, TrainError:0.06685663, TrainErrorChange:-6.112382E-4, ValidationError:0.17724024, Accuracy: 0.9111111
Epoch:89, Time:0ms, TrainError:0.06626418, TrainErrorChange:-5.924478E-4, ValidationError:0.17602523, Accuracy: 0.9111111
Epoch:90, Time:0ms, TrainError:0.0656896, TrainErrorChange:-5.745813E-4, ValidationError:0.17488243, Accuracy: 0.9111111
Epoch:91, Time:1ms, TrainError:0.06513233, TrainErrorChange:-5.572736E-4, ValidationError:0.17381018, Accuracy: 0.9111111
Epoch:92, Time:0ms, TrainError:0.06459128, TrainErrorChange:-5.4104626E-4, ValidationError:0.1728092, Accuracy: 0.9111111
Epoch:93, Time:1ms, TrainError:0.0640661, TrainErrorChange:-5.25184E-4, ValidationError:0.17188065, Accuracy: 0.9111111
Epoch:94, Time:0ms, TrainError:0.06355655, TrainErrorChange:-5.095452E-4, ValidationError:0.17101844, Accuracy: 0.9111111
Epoch:95, Time:0ms, TrainError:0.06306115, TrainErrorChange:-4.95404E-4, ValidationError:0.17022556, Accuracy: 0.9111111
Epoch:96, Time:0ms, TrainError:0.06258021, TrainErrorChange:-4.8093498E-4, ValidationError:0.16949981, Accuracy: 0.9111111
Epoch:97, Time:0ms, TrainError:0.062112637, TrainErrorChange:-4.675761E-4, ValidationError:0.16884097, Accuracy: 0.9111111
Epoch:98, Time:0ms, TrainError:0.06165818, TrainErrorChange:-4.544556E-4, ValidationError:0.1682456, Accuracy: 0.9111111
Epoch:99, Time:0ms, TrainError:0.061216302, TrainErrorChange:-4.4187903E-4, ValidationError:0.16771379, Accuracy: 0.9111111
Epoch:100, Time:0ms, TrainError:0.0607866, TrainErrorChange:-4.2970106E-4, ValidationError:0.1672425, Accuracy: 0.9111111
Epoch:101, Time:0ms, TrainError:0.060368363, TrainErrorChange:-4.1823834E-4, ValidationError:0.16683039, Accuracy: 0.9111111
Epoch:102, Time:0ms, TrainError:0.05996132, TrainErrorChange:-4.0704384E-4, ValidationError:0.1664773, Accuracy: 0.9111111
Epoch:103, Time:0ms, TrainError:0.05956531, TrainErrorChange:-3.9600953E-4, ValidationError:0.16617806, Accuracy: 0.9111111
Epoch:104, Time:0ms, TrainError:0.059179448, TrainErrorChange:-3.8586184E-4, ValidationError:0.16593449, Accuracy: 0.9111111
Epoch:105, Time:1ms, TrainError:0.058803663, TrainErrorChange:-3.7578493E-4, ValidationError:0.1657402, Accuracy: 0.9111111
Epoch:106, Time:0ms, TrainError:0.058437183, TrainErrorChange:-3.6647916E-4, ValidationError:0.16559726, Accuracy: 0.9111111
Epoch:107, Time:0ms, TrainError:0.058080062, TrainErrorChange:-3.5712123E-4, ValidationError:0.16550072, Accuracy: 0.9111111
Epoch:108, Time:0ms, TrainError:0.05773163, TrainErrorChange:-3.4843385E-4, ValidationError:0.16544981, Accuracy: 0.9111111
Epoch:109, Time:0ms, TrainError:0.05739193, TrainErrorChange:-3.3969805E-4, ValidationError:0.16544251, Accuracy: 0.9111111
Epoch:110, Time:1ms, TrainError:0.057060327, TrainErrorChange:-3.31603E-4, ValidationError:0.16547523, Accuracy: 0.9111111
Epoch:111, Time:0ms, TrainError:0.05673649, TrainErrorChange:-3.2383576E-4, ValidationError:0.16554783, Accuracy: 0.9111111
Epoch:112, Time:1ms, TrainError:0.056420404, TrainErrorChange:-3.1608716E-4, ValidationError:0.16565749, Accuracy: 0.9111111
Epoch:113, Time:0ms, TrainError:0.056111388, TrainErrorChange:-3.0901656E-4, ValidationError:0.16580182, Accuracy: 0.9111111
Epoch:114, Time:1ms, TrainError:0.05580946, TrainErrorChange:-3.0192733E-4, ValidationError:0.16597939, Accuracy: 0.9111111
Epoch:115, Time:0ms, TrainError:0.05551431, TrainErrorChange:-2.9515103E-4, ValidationError:0.16618782, Accuracy: 0.9111111
Epoch:116, Time:0ms, TrainError:0.055225506, TrainErrorChange:-2.8880313E-4, ValidationError:0.1664266, Accuracy: 0.9111111
Epoch:117, Time:0ms, TrainError:0.054943144, TrainErrorChange:-2.823621E-4, ValidationError:0.16669297, Accuracy: 0.9111111
Epoch:118, Time:0ms, TrainError:0.0546668, TrainErrorChange:-2.7634576E-4, ValidationError:0.16698581, Accuracy: 0.9111111
Epoch:119, Time:1ms, TrainError:0.054396227, TrainErrorChange:-2.7057156E-4, ValidationError:0.16730155, Accuracy: 0.9111111
Epoch:120, Time:0ms, TrainError:0.054131422, TrainErrorChange:-2.648048E-4, ValidationError:0.16764227, Accuracy: 0.9111111
Epoch:121, Time:0ms, TrainError:0.053871922, TrainErrorChange:-2.595E-4, ValidationError:0.16800393, Accuracy: 0.9111111
Epoch:122, Time:1ms, TrainError:0.05361782, TrainErrorChange:-2.5410205E-4, ValidationError:0.1683848, Accuracy: 0.9111111
Epoch:123, Time:0ms, TrainError:0.053368855, TrainErrorChange:-2.4896488E-4, ValidationError:0.16878422, Accuracy: 0.9111111
Epoch:124, Time:1ms, TrainError:0.05312478, TrainErrorChange:-2.4407357E-4, ValidationError:0.16920094, Accuracy: 0.9111111
Epoch:125, Time:0ms, TrainError:0.052885585, TrainErrorChange:-2.3919716E-4, ValidationError:0.16963576, Accuracy: 0.9111111
Epoch:126, Time:1ms, TrainError:0.05265103, TrainErrorChange:-2.3455545E-4, ValidationError:0.1700838, Accuracy: 0.9111111
Epoch:127, Time:0ms, TrainError:0.052421078, TrainErrorChange:-2.29951E-4, ValidationError:0.170548, Accuracy: 0.9111111
Epoch:128, Time:1ms, TrainError:0.052195683, TrainErrorChange:-2.2539496E-4, ValidationError:0.17102332, Accuracy: 0.9111111
Epoch:129, Time:0ms, TrainError:0.051974382, TrainErrorChange:-2.2130087E-4, ValidationError:0.17151104, Accuracy: 0.9111111
Epoch:130, Time:1ms, TrainError:0.0517573, TrainErrorChange:-2.1708384E-4, ValidationError:0.17200965, Accuracy: 0.9111111
Epoch:131, Time:0ms, TrainError:0.05154425, TrainErrorChange:-2.1304935E-4, ValidationError:0.17252032, Accuracy: 0.9111111
Epoch:132, Time:0ms, TrainError:0.051335286, TrainErrorChange:-2.0896271E-4, ValidationError:0.17303966, Accuracy: 0.9111111
Epoch:133, Time:1ms, TrainError:0.051130272, TrainErrorChange:-2.050139E-4, ValidationError:0.17356685, Accuracy: 0.9111111
Epoch:134, Time:0ms, TrainError:0.050928872, TrainErrorChange:-2.0140037E-4, ValidationError:0.17410356, Accuracy: 0.9111111
Epoch:135, Time:0ms, TrainError:0.050731223, TrainErrorChange:-1.97649E-4, ValidationError:0.17464726, Accuracy: 0.9111111
Epoch:136, Time:1ms, TrainError:0.05053722, TrainErrorChange:-1.9400194E-4, ValidationError:0.17519827, Accuracy: 0.9111111
Epoch:137, Time:0ms, TrainError:0.05034669, TrainErrorChange:-1.9052997E-4, ValidationError:0.175756, Accuracy: 0.9111111
Epoch:138, Time:0ms, TrainError:0.050159488, TrainErrorChange:-1.8720329E-4, ValidationError:0.17631958, Accuracy: 0.9111111
Epoch:139, Time:1ms, TrainError:0.04997592, TrainErrorChange:-1.835674E-4, ValidationError:0.1768881, Accuracy: 0.9111111
Epoch:140, Time:0ms, TrainError:0.049795285, TrainErrorChange:-1.806356E-4, ValidationError:0.17746207, Accuracy: 0.9111111
Epoch:141, Time:1ms, TrainError:0.04961809, TrainErrorChange:-1.7719343E-4, ValidationError:0.17804185, Accuracy: 0.9111111
Epoch:142, Time:0ms, TrainError:0.049443893, TrainErrorChange:-1.741983E-4, ValidationError:0.1786243, Accuracy: 0.9111111
Epoch:143, Time:0ms, TrainError:0.049272813, TrainErrorChange:-1.7108023E-4, ValidationError:0.17921175, Accuracy: 0.9111111
Epoch:144, Time:0ms, TrainError:0.049104623, TrainErrorChange:-1.681894E-4, ValidationError:0.17980339, Accuracy: 0.9111111
Epoch:145, Time:0ms, TrainError:0.048939403, TrainErrorChange:-1.6522035E-4, ValidationError:0.18039815, Accuracy: 0.9111111
Epoch:146, Time:1ms, TrainError:0.04877713, TrainErrorChange:-1.6227365E-4, ValidationError:0.18099588, Accuracy: 0.9111111
Epoch:147, Time:0ms, TrainError:0.048617505, TrainErrorChange:-1.5962496E-4, ValidationError:0.18159756, Accuracy: 0.9111111
Epoch:148, Time:0ms, TrainError:0.048460543, TrainErrorChange:-1.5696138E-4, ValidationError:0.18220189, Accuracy: 0.9111111
Epoch:149, Time:0ms, TrainError:0.048306327, TrainErrorChange:-1.5421584E-4, ValidationError:0.18280926, Accuracy: 0.9111111
Epoch:150, Time:0ms, TrainError:0.048154667, TrainErrorChange:-1.516603E-4, ValidationError:0.18341944, Accuracy: 0.9111111
Epoch:151, Time:0ms, TrainError:0.04800556, TrainErrorChange:-1.4910847E-4, ValidationError:0.18403088, Accuracy: 0.9111111
Epoch:152, Time:1ms, TrainError:0.047858953, TrainErrorChange:-1.4660507E-4, ValidationError:0.18464534, Accuracy: 0.9111111
Epoch:153, Time:0ms, TrainError:0.047714643, TrainErrorChange:-1.443103E-4, ValidationError:0.18526192, Accuracy: 0.9111111
Epoch:154, Time:0ms, TrainError:0.04757274, TrainErrorChange:-1.4190376E-4, ValidationError:0.18588153, Accuracy: 0.9111111
Epoch:155, Time:1ms, TrainError:0.047433127, TrainErrorChange:-1.396127E-4, ValidationError:0.1865025, Accuracy: 0.9111111
Epoch:156, Time:0ms, TrainError:0.04729573, TrainErrorChange:-1.3739616E-4, ValidationError:0.18712462, Accuracy: 0.9111111
Epoch:157, Time:0ms, TrainError:0.04716053, TrainErrorChange:-1.3520196E-4, ValidationError:0.18774934, Accuracy: 0.9111111
Epoch:158, Time:1ms, TrainError:0.04702741, TrainErrorChange:-1.3311952E-4, ValidationError:0.18837744, Accuracy: 0.9111111
Epoch:159, Time:0ms, TrainError:0.046896458, TrainErrorChange:-1.309514E-4, ValidationError:0.1890059, Accuracy: 0.9111111
Epoch:160, Time:0ms, TrainError:0.046767477, TrainErrorChange:-1.2898073E-4, ValidationError:0.1896355, Accuracy: 0.9111111
Epoch:161, Time:0ms, TrainError:0.046640344, TrainErrorChange:-1.2713298E-4, ValidationError:0.19026777, Accuracy: 0.9111111
Epoch:162, Time:0ms, TrainError:0.046515275, TrainErrorChange:-1.2506917E-4, ValidationError:0.19090231, Accuracy: 0.9111111
Epoch:163, Time:0ms, TrainError:0.04639198, TrainErrorChange:-1.2329593E-4, ValidationError:0.1915383, Accuracy: 0.9111111
Epoch:164, Time:0ms, TrainError:0.046270587, TrainErrorChange:-1.2139231E-4, ValidationError:0.19217539, Accuracy: 0.9111111
Epoch:165, Time:0ms, TrainError:0.046150956, TrainErrorChange:-1.1963025E-4, ValidationError:0.19281435, Accuracy: 0.9111111
Epoch:166, Time:0ms, TrainError:0.04603298, TrainErrorChange:-1.1797622E-4, ValidationError:0.1934541, Accuracy: 0.9111111
Epoch:167, Time:1ms, TrainError:0.045916736, TrainErrorChange:-1.1624396E-4, ValidationError:0.19409598, Accuracy: 0.9111111
Epoch:168, Time:0ms, TrainError:0.04580212, TrainErrorChange:-1.1461601E-4, ValidationError:0.1947393, Accuracy: 0.9111111
Epoch:169, Time:0ms, TrainError:0.045688972, TrainErrorChange:-1.1314824E-4, ValidationError:0.19538423, Accuracy: 0.9111111
Epoch:170, Time:0ms, TrainError:0.045577563, TrainErrorChange:-1.1140853E-4, ValidationError:0.1960302, Accuracy: 0.9111111
Epoch:171, Time:0ms, TrainError:0.04546753, TrainErrorChange:-1.100339E-4, ValidationError:0.19667865, Accuracy: 0.9111111
Epoch:172, Time:1ms, TrainError:0.045358997, TrainErrorChange:-1.0853261E-4, ValidationError:0.19732754, Accuracy: 0.9111111
Epoch:173, Time:0ms, TrainError:0.045251872, TrainErrorChange:-1.0712445E-4, ValidationError:0.19797795, Accuracy: 0.9111111
Epoch:174, Time:0ms, TrainError:0.04514611, TrainErrorChange:-1.0576099E-4, ValidationError:0.1986304, Accuracy: 0.9111111
Epoch:175, Time:0ms, TrainError:0.045041736, TrainErrorChange:-1.0437518E-4, ValidationError:0.19928342, Accuracy: 0.9111111
Epoch:176, Time:0ms, TrainError:0.04493869, TrainErrorChange:-1.03045255E-4, ValidationError:0.1999391, Accuracy: 0.9111111
Epoch:177, Time:1ms, TrainError:0.044836883, TrainErrorChange:-1.0180846E-4, ValidationError:0.20059428, Accuracy: 0.9111111
Epoch:178, Time:0ms, TrainError:0.044736225, TrainErrorChange:-1.00657344E-4, ValidationError:0.20125209, Accuracy: 0.9111111
Epoch:179, Time:1ms, TrainError:0.0446368, TrainErrorChange:-9.942427E-5, ValidationError:0.20191057, Accuracy: 0.9111111
Epoch:180, Time:0ms, TrainError:0.044538546, TrainErrorChange:-9.825453E-5, ValidationError:0.20257095, Accuracy: 0.9111111
Epoch:181, Time:0ms, TrainError:0.044441465, TrainErrorChange:-9.7081065E-5, ValidationError:0.20323211, Accuracy: 0.9111111
Epoch:182, Time:0ms, TrainError:0.04434549, TrainErrorChange:-9.5974654E-5, ValidationError:0.20389433, Accuracy: 0.9111111
Epoch:183, Time:1ms, TrainError:0.044250485, TrainErrorChange:-9.500608E-5, ValidationError:0.20455763, Accuracy: 0.9111111
Epoch:184, Time:0ms, TrainError:0.04415656, TrainErrorChange:-9.3925744E-5, ValidationError:0.20522346, Accuracy: 0.9111111
Epoch:185, Time:0ms, TrainError:0.04406359, TrainErrorChange:-9.2968345E-5, ValidationError:0.20588985, Accuracy: 0.9111111
Epoch:186, Time:0ms, TrainError:0.043971643, TrainErrorChange:-9.1947615E-5, ValidationError:0.20655636, Accuracy: 0.9111111
Epoch:187, Time:0ms, TrainError:0.04388074, TrainErrorChange:-9.0904534E-5, ValidationError:0.20722376, Accuracy: 0.9111111
Epoch:188, Time:1ms, TrainError:0.0437907, TrainErrorChange:-9.003654E-5, ValidationError:0.20789437, Accuracy: 0.9111111
Epoch:189, Time:0ms, TrainError:0.043701433, TrainErrorChange:-8.926913E-5, ValidationError:0.20856453, Accuracy: 0.9111111
Epoch:190, Time:1ms, TrainError:0.04361308, TrainErrorChange:-8.835271E-5, ValidationError:0.20923623, Accuracy: 0.9111111
Epoch:191, Time:0ms, TrainError:0.04352559, TrainErrorChange:-8.748844E-5, ValidationError:0.20991021, Accuracy: 0.9111111
Epoch:192, Time:0ms, TrainError:0.04343901, TrainErrorChange:-8.65832E-5, ValidationError:0.21058467, Accuracy: 0.9111111
Epoch:193, Time:1ms, TrainError:0.043353062, TrainErrorChange:-8.594617E-5, ValidationError:0.21126057, Accuracy: 0.9111111
Epoch:194, Time:0ms, TrainError:0.04326797, TrainErrorChange:-8.509308E-5, ValidationError:0.2119361, Accuracy: 0.9111111
Epoch:195, Time:1ms, TrainError:0.043183602, TrainErrorChange:-8.436665E-5, ValidationError:0.21261463, Accuracy: 0.9111111
Epoch:196, Time:0ms, TrainError:0.043099985, TrainErrorChange:-8.3617866E-5, ValidationError:0.2132929, Accuracy: 0.9111111
Epoch:197, Time:0ms, TrainError:0.043017067, TrainErrorChange:-8.291751E-5, ValidationError:0.21397366, Accuracy: 0.9111111
Epoch:198, Time:1ms, TrainError:0.0429348, TrainErrorChange:-8.2265586E-5, ValidationError:0.2146555, Accuracy: 0.9111111
Epoch:199, Time:0ms, TrainError:0.042853255, TrainErrorChange:-8.1546605E-5, ValidationError:0.21533807, Accuracy: 0.9111111
Epoch:200, Time:0ms, TrainError:0.042772356, TrainErrorChange:-8.0898404E-5, ValidationError:0.21602273, Accuracy: 0.9111111
Epoch:201, Time:1ms, TrainError:0.04269198, TrainErrorChange:-8.037686E-5, ValidationError:0.21670741, Accuracy: 0.9111111
Epoch:202, Time:0ms, TrainError:0.042612225, TrainErrorChange:-7.975474E-5, ValidationError:0.2173949, Accuracy: 0.9111111
Epoch:203, Time:0ms, TrainError:0.04253318, TrainErrorChange:-7.904321E-5, ValidationError:0.21808203, Accuracy: 0.9111111
Epoch:204, Time:0ms, TrainError:0.042454574, TrainErrorChange:-7.860735E-5, ValidationError:0.21877314, Accuracy: 0.9111111
Epoch:205, Time:0ms, TrainError:0.042376645, TrainErrorChange:-7.792935E-5, ValidationError:0.21946412, Accuracy: 0.9111111
Epoch:206, Time:1ms, TrainError:0.042299192, TrainErrorChange:-7.745251E-5, ValidationError:0.22015615, Accuracy: 0.9111111
Epoch:207, Time:0ms, TrainError:0.042222206, TrainErrorChange:-7.698685E-5, ValidationError:0.22085117, Accuracy: 0.9111111
Epoch:208, Time:1ms, TrainError:0.042145815, TrainErrorChange:-7.63908E-5, ValidationError:0.2215459, Accuracy: 0.9111111
Epoch:209, Time:0ms, TrainError:0.042069923, TrainErrorChange:-7.5891614E-5, ValidationError:0.22224522, Accuracy: 0.9111111
Epoch:210, Time:1ms, TrainError:0.04199459, TrainErrorChange:-7.533282E-5, ValidationError:0.2229452, Accuracy: 0.9111111
Epoch:211, Time:0ms, TrainError:0.041919686, TrainErrorChange:-7.490441E-5, ValidationError:0.22364633, Accuracy: 0.9111111
Epoch:212, Time:1ms, TrainError:0.04184517, TrainErrorChange:-7.451698E-5, ValidationError:0.22435005, Accuracy: 0.9111111
Epoch:213, Time:0ms, TrainError:0.041771173, TrainErrorChange:-7.399544E-5, ValidationError:0.22505493, Accuracy: 0.9111111
Epoch:214, Time:0ms, TrainError:0.041697536, TrainErrorChange:-7.363781E-5, ValidationError:0.22576357, Accuracy: 0.9111111
Epoch:215, Time:0ms, TrainError:0.041624382, TrainErrorChange:-7.3153526E-5, ValidationError:0.22647353, Accuracy: 0.9111111
Epoch:216, Time:0ms, TrainError:0.041551646, TrainErrorChange:-7.273629E-5, ValidationError:0.22718559, Accuracy: 0.9111111
Epoch:217, Time:0ms, TrainError:0.041479334, TrainErrorChange:-7.231161E-5, ValidationError:0.22790076, Accuracy: 0.9111111
Epoch:218, Time:0ms, TrainError:0.041407414, TrainErrorChange:-7.1920455E-5, ValidationError:0.22861952, Accuracy: 0.9111111
Epoch:219, Time:0ms, TrainError:0.041335844, TrainErrorChange:-7.157028E-5, ValidationError:0.22933893, Accuracy: 0.9111111
Epoch:220, Time:0ms, TrainError:0.041264664, TrainErrorChange:-7.117912E-5, ValidationError:0.23006202, Accuracy: 0.9111111
Epoch:221, Time:0ms, TrainError:0.041193858, TrainErrorChange:-7.080659E-5, ValidationError:0.2307882, Accuracy: 0.9111111
Epoch:222, Time:0ms, TrainError:0.041123398, TrainErrorChange:-7.046014E-5, ValidationError:0.23151742, Accuracy: 0.9111111
Epoch:223, Time:0ms, TrainError:0.04105323, TrainErrorChange:-7.016584E-5, ValidationError:0.23225047, Accuracy: 0.9111111
Epoch:224, Time:1ms, TrainError:0.040983595, TrainErrorChange:-6.963685E-5, ValidationError:0.23298654, Accuracy: 0.9111111
Epoch:225, Time:0ms, TrainError:0.040914156, TrainErrorChange:-6.943941E-5, ValidationError:0.23372635, Accuracy: 0.9111111
Epoch:226, Time:0ms, TrainError:0.040845133, TrainErrorChange:-6.902218E-5, ValidationError:0.23446909, Accuracy: 0.9111111
Epoch:227, Time:1ms, TrainError:0.04077637, TrainErrorChange:-6.876513E-5, ValidationError:0.23521714, Accuracy: 0.9111111
Epoch:228, Time:0ms, TrainError:0.04070785, TrainErrorChange:-6.8519264E-5, ValidationError:0.2359685, Accuracy: 0.9111111
Epoch:229, Time:0ms, TrainError:0.040639788, TrainErrorChange:-6.8061054E-5, ValidationError:0.23672423, Accuracy: 0.9111111
Epoch:230, Time:0ms, TrainError:0.0405721, TrainErrorChange:-6.7688525E-5, ValidationError:0.23748295, Accuracy: 0.9111111
Epoch:231, Time:0ms, TrainError:0.04050449, TrainErrorChange:-6.761029E-5, ValidationError:0.23824878, Accuracy: 0.9111111
Epoch:232, Time:0ms, TrainError:0.0404373, TrainErrorChange:-6.7189336E-5, ValidationError:0.23901908, Accuracy: 0.9111111
Epoch:233, Time:1ms, TrainError:0.040370446, TrainErrorChange:-6.685406E-5, ValidationError:0.23979348, Accuracy: 0.9111111
Epoch:234, Time:0ms, TrainError:0.040303793, TrainErrorChange:-6.6652894E-5, ValidationError:0.24057388, Accuracy: 0.9111111
Epoch:235, Time:1ms, TrainError:0.04023745, TrainErrorChange:-6.6343695E-5, ValidationError:0.24135956, Accuracy: 0.9111111
Epoch:236, Time:0ms, TrainError:0.040171497, TrainErrorChange:-6.595254E-5, ValidationError:0.2421512, Accuracy: 0.9111111
Epoch:237, Time:0ms, TrainError:0.04010574, TrainErrorChange:-6.57551E-5, ValidationError:0.24294946, Accuracy: 0.9111111
Epoch:238, Time:0ms, TrainError:0.040040236, TrainErrorChange:-6.5505505E-5, ValidationError:0.24375255, Accuracy: 0.9111111
Epoch:239, Time:0ms, TrainError:0.039974965, TrainErrorChange:-6.527081E-5, ValidationError:0.24456264, Accuracy: 0.9111111
Epoch:240, Time:1ms, TrainError:0.03991009, TrainErrorChange:-6.487593E-5, ValidationError:0.2453806, Accuracy: 0.9111111
Epoch:241, Time:0ms, TrainError:0.039845444, TrainErrorChange:-6.464496E-5, ValidationError:0.2462032, Accuracy: 0.9111111
Epoch:242, Time:1ms, TrainError:0.039781034, TrainErrorChange:-6.441027E-5, ValidationError:0.24703464, Accuracy: 0.9111111
Epoch:243, Time:0ms, TrainError:0.03971695, TrainErrorChange:-6.4082444E-5, ValidationError:0.24787216, Accuracy: 0.9111111
Epoch:244, Time:0ms, TrainError:0.039652985, TrainErrorChange:-6.396696E-5, ValidationError:0.24872018, Accuracy: 0.9111111
Epoch:245, Time:0ms, TrainError:0.039589483, TrainErrorChange:-6.35013E-5, ValidationError:0.24957366, Accuracy: 0.9111111
Epoch:246, Time:0ms, TrainError:0.03952614, TrainErrorChange:-6.3344836E-5, ValidationError:0.2504373, Accuracy: 0.9111111
Epoch:247, Time:1ms, TrainError:0.039463054, TrainErrorChange:-6.3084066E-5, ValidationError:0.25130975, Accuracy: 0.9111111
Epoch:248, Time:0ms, TrainError:0.039400328, TrainErrorChange:-6.272644E-5, ValidationError:0.2521892, Accuracy: 0.9111111
Epoch:249, Time:0ms, TrainError:0.03933771, TrainErrorChange:-6.2618405E-5, ValidationError:0.25307882, Accuracy: 0.9111111
Epoch:250, Time:0ms, TrainError:0.039275464, TrainErrorChange:-6.2245876E-5, ValidationError:0.25397936, Accuracy: 0.9111111
Epoch:251, Time:0ms, TrainError:0.03921344, TrainErrorChange:-6.202236E-5, ValidationError:0.2548898, Accuracy: 0.9111111
Epoch:252, Time:0ms, TrainError:0.039151635, TrainErrorChange:-6.180629E-5, ValidationError:0.2558089, Accuracy: 0.9111111
Epoch:253, Time:0ms, TrainError:0.039090224, TrainErrorChange:-6.141141E-5, ValidationError:0.2567394, Accuracy: 0.9111111
Epoch:254, Time:1ms, TrainError:0.039029013, TrainErrorChange:-6.1210245E-5, ValidationError:0.25768286, Accuracy: 0.9111111
Epoch:255, Time:0ms, TrainError:0.0389681, TrainErrorChange:-6.091222E-5, ValidationError:0.25863615, Accuracy: 0.9111111
Epoch:256, Time:0ms, TrainError:0.03890739, TrainErrorChange:-6.0711056E-5, ValidationError:0.25960186, Accuracy: 0.9111111
Epoch:257, Time:0ms, TrainError:0.03884705, TrainErrorChange:-6.0338527E-5, ValidationError:0.26057968, Accuracy: 0.9111111
Epoch:258, Time:0ms, TrainError:0.038786907, TrainErrorChange:-6.0144812E-5, ValidationError:0.2615712, Accuracy: 0.9111111
Epoch:259, Time:0ms, TrainError:0.03872705, TrainErrorChange:-5.9857965E-5, ValidationError:0.26257455, Accuracy: 0.9111111
Epoch:260, Time:0ms, TrainError:0.038667463, TrainErrorChange:-5.958602E-5, ValidationError:0.26359126, Accuracy: 0.9111111
Epoch:261, Time:0ms, TrainError:0.038608212, TrainErrorChange:-5.9250742E-5, ValidationError:0.26462194, Accuracy: 0.9111111
Epoch:262, Time:0ms, TrainError:0.038549226, TrainErrorChange:-5.8986247E-5, ValidationError:0.26566938, Accuracy: 0.9111111
Epoch:263, Time:0ms, TrainError:0.038490605, TrainErrorChange:-5.8621168E-5, ValidationError:0.26673058, Accuracy: 0.9111111
Epoch:264, Time:0ms, TrainError:0.038432263, TrainErrorChange:-5.834177E-5, ValidationError:0.2678076, Accuracy: 0.9111111
Epoch:265, Time:0ms, TrainError:0.038374096, TrainErrorChange:-5.8166683E-5, ValidationError:0.2689015, Accuracy: 0.9111111
Epoch:266, Time:0ms, TrainError:0.03831637, TrainErrorChange:-5.77271E-5, ValidationError:0.27001145, Accuracy: 0.9111111
Epoch:267, Time:0ms, TrainError:0.038259007, TrainErrorChange:-5.736202E-5, ValidationError:0.27113783, Accuracy: 0.9111111
Epoch:268, Time:0ms, TrainError:0.038201883, TrainErrorChange:-5.71236E-5, ValidationError:0.27228114, Accuracy: 0.9111111
Epoch:269, Time:1ms, TrainError:0.0381451, TrainErrorChange:-5.67846E-5, ValidationError:0.27344424, Accuracy: 0.9111111
Epoch:270, Time:0ms, TrainError:0.038088392, TrainErrorChange:-5.670637E-5, ValidationError:0.2746281, Accuracy: 0.9111111
Epoch:271, Time:0ms, TrainError:0.0380324, TrainErrorChange:-5.5991113E-5, ValidationError:0.2758323, Accuracy: 0.9111111
Epoch:272, Time:1ms, TrainError:0.037976693, TrainErrorChange:-5.570799E-5, ValidationError:0.2770534, Accuracy: 0.9111111
Epoch:273, Time:0ms, TrainError:0.03792126, TrainErrorChange:-5.543232E-5, ValidationError:0.27829885, Accuracy: 0.9111111
Epoch:274, Time:0ms, TrainError:0.037866313, TrainErrorChange:-5.4948032E-5, ValidationError:0.279565, Accuracy: 0.9111111
Epoch:275, Time:0ms, TrainError:0.037811548, TrainErrorChange:-5.4765493E-5, ValidationError:0.28085455, Accuracy: 0.9111111
Epoch:276, Time:0ms, TrainError:0.03775724, TrainErrorChange:-5.4307282E-5, ValidationError:0.28217003, Accuracy: 0.9111111
Epoch:277, Time:1ms, TrainError:0.03770346, TrainErrorChange:-5.3782016E-5, ValidationError:0.28350654, Accuracy: 0.9111111
Epoch:278, Time:0ms, TrainError:0.037649956, TrainErrorChange:-5.350262E-5, ValidationError:0.28487238, Accuracy: 0.9111111
Epoch:279, Time:0ms, TrainError:0.037596926, TrainErrorChange:-5.3029507E-5, ValidationError:0.28626493, Accuracy: 0.9111111
Epoch:280, Time:0ms, TrainError:0.037544467, TrainErrorChange:-5.2459538E-5, ValidationError:0.28768507, Accuracy: 0.9111111
Epoch:281, Time:0ms, TrainError:0.037492275, TrainErrorChange:-5.2191317E-5, ValidationError:0.2891364, Accuracy: 0.9111111
Epoch:282, Time:0ms, TrainError:0.03744068, TrainErrorChange:-5.159527E-5, ValidationError:0.2906155, Accuracy: 0.9111111
Epoch:283, Time:0ms, TrainError:0.0373895, TrainErrorChange:-5.1181763E-5, ValidationError:0.29213127, Accuracy: 0.9111111
Epoch:284, Time:1ms, TrainError:0.037339196, TrainErrorChange:-5.0302595E-5, ValidationError:0.29367882, Accuracy: 0.9111111
Epoch:285, Time:0ms, TrainError:0.03728893, TrainErrorChange:-5.0265342E-5, ValidationError:0.29526564, Accuracy: 0.9111111
Epoch:286, Time:0ms, TrainError:0.03723942, TrainErrorChange:-4.9509108E-5, ValidationError:0.29689214, Accuracy: 0.9111111
Epoch:287, Time:1ms, TrainError:0.037190754, TrainErrorChange:-4.8667192E-5, ValidationError:0.2985539, Accuracy: 0.9111111
Epoch:288, Time:0ms, TrainError:0.037142575, TrainErrorChange:-4.817918E-5, ValidationError:0.30026162, Accuracy: 0.9111111
Epoch:289, Time:0ms, TrainError:0.03709495, TrainErrorChange:-4.762411E-5, ValidationError:0.3020182, Accuracy: 0.9111111
Epoch:290, Time:0ms, TrainError:0.037048254, TrainErrorChange:-4.6696514E-5, ValidationError:0.3038208, Accuracy: 0.9111111
Epoch:291, Time:1ms, TrainError:0.037002232, TrainErrorChange:-4.6022236E-5, ValidationError:0.3056787, Accuracy: 0.9111111
Epoch:292, Time:0ms, TrainError:0.036957003, TrainErrorChange:-4.522875E-5, ValidationError:0.30759317, Accuracy: 0.9111111
Epoch:293, Time:0ms, TrainError:0.036912784, TrainErrorChange:-4.4219196E-5, ValidationError:0.30956757, Accuracy: 0.9111111
Epoch:294, Time:0ms, TrainError:0.03686951, TrainErrorChange:-4.3272972E-5, ValidationError:0.3116128, Accuracy: 0.9111111
Epoch:295, Time:0ms, TrainError:0.036827274, TrainErrorChange:-4.223734E-5, ValidationError:0.3137311, Accuracy: 0.9111111
Epoch:296, Time:0ms, TrainError:0.036786206, TrainErrorChange:-4.10676E-5, ValidationError:0.31593427, Accuracy: 0.9111111
Epoch:297, Time:0ms, TrainError:0.036746327, TrainErrorChange:-3.9879233E-5, ValidationError:0.31822768, Accuracy: 0.9111111
Epoch:298, Time:1ms, TrainError:0.03670796, TrainErrorChange:-3.8366765E-5, ValidationError:0.32062712, Accuracy: 0.9111111
Epoch:299, Time:0ms, TrainError:0.03667131, TrainErrorChange:-3.6649406E-5, ValidationError:0.32314375, Accuracy: 0.9111111
Epoch:300, Time:0ms, TrainError:0.036636543, TrainErrorChange:-3.4768134E-5, ValidationError:0.3257933, Accuracy: 0.9111111
Epoch:301, Time:0ms, TrainError:0.036603764, TrainErrorChange:-3.277883E-5, ValidationError:0.32860765, Accuracy: 0.9111111
Epoch:302, Time:1ms, TrainError:0.036573403, TrainErrorChange:-3.0361116E-5, ValidationError:0.33161938, Accuracy: 0.9111111
Epoch:303, Time:0ms, TrainError:0.036546305, TrainErrorChange:-2.7097762E-5, ValidationError:0.3348634, Accuracy: 0.9111111
Epoch:304, Time:0ms, TrainError:0.03652279, TrainErrorChange:-2.3514032E-5, ValidationError:0.33841026, Accuracy: 0.9111111
Epoch:305, Time:0ms, TrainError:0.036503702, TrainErrorChange:-1.9088387E-5, ValidationError:0.34235162, Accuracy: 0.9111111
Epoch:306, Time:0ms, TrainError:0.0364906, TrainErrorChange:-1.3101846E-5, ValidationError:0.3468397, Accuracy: 0.9111111
Epoch:307, Time:0ms, TrainError:0.036485888, TrainErrorChange:-4.7124922E-6, ValidationError:0.3521494, Accuracy: 0.9111111
Epoch:308, Time:1ms, TrainError:0.03649369, TrainErrorChange:7.800758E-6, ValidationError:0.35879174, Accuracy: 0.9111111
Epoch:309, Time:0ms, TrainError:0.03652229, TrainErrorChange:2.8602779E-5, ValidationError:0.3679513, Accuracy: 0.9111111
Epoch:310, Time:1ms, TrainError:0.036594443, TrainErrorChange:7.215142E-5, ValidationError:0.3830535, Accuracy: 0.9111111
Epoch:311, Time:0ms, TrainError:0.036817484, TrainErrorChange:2.2304058E-4, ValidationError:0.41924486, Accuracy: 0.9111111
Epoch:312, Time:0ms, TrainError:0.039392624, TrainErrorChange:0.0025751404, ValidationError:0.63578045, Accuracy: 0.9111111
Epoch:313, Time:0ms, TrainError:0.15364476, TrainErrorChange:0.114252135, ValidationError:0.6611717, Accuracy: 0.9111111
Epoch:314, Time:0ms, TrainError:0.13733119, TrainErrorChange:-0.016313568, ValidationError:0.4047194, Accuracy: 0.9111111
Epoch:315, Time:1ms, TrainError:0.04969547, TrainErrorChange:-0.08763572, ValidationError:0.39815527, Accuracy: 0.9111111
Epoch:316, Time:0ms, TrainError:0.040988524, TrainErrorChange:-0.008706946, ValidationError:0.36885104, Accuracy: 0.9111111
Epoch:317, Time:1ms, TrainError:0.03632978, TrainErrorChange:-0.0046587437, ValidationError:0.30893105, Accuracy: 0.9111111
Epoch:318, Time:0ms, TrainError:0.03408669, TrainErrorChange:-0.0022430904, ValidationError:0.30159712, Accuracy: 0.9111111
Epoch:319, Time:0ms, TrainError:0.033868145, TrainErrorChange:-2.1854416E-4, ValidationError:0.303381, Accuracy: 0.9111111
Epoch:320, Time:1ms, TrainError:0.03393046, TrainErrorChange:6.2316656E-5, ValidationError:0.30512714, Accuracy: 0.9111111
Epoch:321, Time:0ms, TrainError:0.03398163, TrainErrorChange:5.1166862E-5, ValidationError:0.3069359, Accuracy: 0.9111111
Epoch:322, Time:0ms, TrainError:0.03402326, TrainErrorChange:4.163012E-5, ValidationError:0.30879322, Accuracy: 0.9111111
Epoch:323, Time:1ms, TrainError:0.0340552, TrainErrorChange:3.194064E-5, ValidationError:0.3106983, Accuracy: 0.9111111
Epoch:324, Time:0ms, TrainError:0.034078024, TrainErrorChange:2.2824854E-5, ValidationError:0.31265196, Accuracy: 0.9111111
Epoch:325, Time:0ms, TrainError:0.034093007, TrainErrorChange:1.4983118E-5, ValidationError:0.31464842, Accuracy: 0.9111111
Epoch:326, Time:1ms, TrainError:0.03410101, TrainErrorChange:8.001924E-6, ValidationError:0.31669602, Accuracy: 0.9111111
Epoch:327, Time:0ms, TrainError:0.034103155, TrainErrorChange:2.1457672E-6, ValidationError:0.31879085, Accuracy: 0.9111111
Epoch:328, Time:0ms, TrainError:0.034100115, TrainErrorChange:-3.0398369E-6, ValidationError:0.32093844, Accuracy: 0.9111111
Epoch:329, Time:1ms, TrainError:0.03409277, TrainErrorChange:-7.3462725E-6, ValidationError:0.323146, Accuracy: 0.9111111
Epoch:330, Time:0ms, TrainError:0.03408206, TrainErrorChange:-1.071021E-5, ValidationError:0.32541406, Accuracy: 0.9111111
Epoch:331, Time:0ms, TrainError:0.034068294, TrainErrorChange:-1.3764948E-5, ValidationError:0.3277538, Accuracy: 0.9111111
Epoch:332, Time:1ms, TrainError:0.034052387, TrainErrorChange:-1.590699E-5, ValidationError:0.33016545, Accuracy: 0.9111111
Epoch:333, Time:0ms, TrainError:0.034034394, TrainErrorChange:-1.7993152E-5, ValidationError:0.3326573, Accuracy: 0.9111111
Epoch:334, Time:0ms, TrainError:0.034014944, TrainErrorChange:-1.944974E-5, ValidationError:0.3352444, Accuracy: 0.9111111
Epoch:335, Time:1ms, TrainError:0.033994637, TrainErrorChange:-2.0306557E-5, ValidationError:0.33793437, Accuracy: 0.9111111
Epoch:336, Time:0ms, TrainError:0.03397369, TrainErrorChange:-2.0947307E-5, ValidationError:0.3407377, Accuracy: 0.9111111
Epoch:337, Time:0ms, TrainError:0.033952497, TrainErrorChange:-2.1193177E-5, ValidationError:0.34367564, Accuracy: 0.9111111
Epoch:338, Time:0ms, TrainError:0.0339316, TrainErrorChange:-2.0895153E-5, ValidationError:0.3467671, Accuracy: 0.9111111
Epoch:339, Time:1ms, TrainError:0.0339113, TrainErrorChange:-2.0302832E-5, ValidationError:0.35003296, Accuracy: 0.9111111
Epoch:340, Time:0ms, TrainError:0.033891995, TrainErrorChange:-1.9304454E-5, ValidationError:0.35351953, Accuracy: 0.9111111
Epoch:341, Time:0ms, TrainError:0.033874415, TrainErrorChange:-1.7579645E-5, ValidationError:0.35726258, Accuracy: 0.9111111
Epoch:342, Time:1ms, TrainError:0.03385905, TrainErrorChange:-1.5363097E-5, ValidationError:0.3613381, Accuracy: 0.9111111
Epoch:343, Time:0ms, TrainError:0.033846978, TrainErrorChange:-1.2073666E-5, ValidationError:0.3658374, Accuracy: 0.9111111
Epoch:344, Time:0ms, TrainError:0.03383912, TrainErrorChange:-7.856637E-6, ValidationError:0.37091616, Accuracy: 0.9111111
Epoch:345, Time:0ms, TrainError:0.03383707, TrainErrorChange:-2.052635E-6, ValidationError:0.37685108, Accuracy: 0.9111111
Epoch:346, Time:0ms, TrainError:0.03384357, TrainErrorChange:6.5006316E-6, ValidationError:0.38414308, Accuracy: 0.9111111
Epoch:347, Time:0ms, TrainError:0.03386311, TrainErrorChange:1.9539148E-5, ValidationError:0.39394063, Accuracy: 0.9111111
Epoch:348, Time:0ms, TrainError:0.03390645, TrainErrorChange:4.3340027E-5, ValidationError:0.40948126, Accuracy: 0.9111111
Epoch:349, Time:1ms, TrainError:0.034020044, TrainErrorChange:1.1359528E-4, ValidationError:0.44505545, Accuracy: 0.9111111
Epoch:350, Time:0ms, TrainError:0.03569619, TrainErrorChange:0.0016761459, ValidationError:0.6679446, Accuracy: 0.9111111
Epoch:351, Time:0ms, TrainError:0.15509494, TrainErrorChange:0.11939874, ValidationError:0.7477344, Accuracy: 0.9111111
Epoch:352, Time:0ms, TrainError:0.14914273, TrainErrorChange:-0.0059522092, ValidationError:0.39162302, Accuracy: 0.9111111
Epoch:353, Time:1ms, TrainError:0.045156907, TrainErrorChange:-0.103985816, ValidationError:0.39222744, Accuracy: 0.9111111
Epoch:354, Time:0ms, TrainError:0.03612617, TrainErrorChange:-0.009030737, ValidationError:0.39208657, Accuracy: 0.9111111
Epoch:355, Time:0ms, TrainError:0.033309385, TrainErrorChange:-0.0028167851, ValidationError:0.35547146, Accuracy: 0.9111111
Epoch:356, Time:0ms, TrainError:0.032097533, TrainErrorChange:-0.0012118518, ValidationError:0.33372256, Accuracy: 0.9111111
Epoch:357, Time:0ms, TrainError:0.031552546, TrainErrorChange:-5.449876E-4, ValidationError:0.33492786, Accuracy: 0.9111111
Epoch:358, Time:0ms, TrainError:0.03160251, TrainErrorChange:4.9963593E-5, ValidationError:0.33756414, Accuracy: 0.9111111
Epoch:359, Time:0ms, TrainError:0.031665783, TrainErrorChange:6.3274056E-5, ValidationError:0.34028092, Accuracy: 0.9111111
Epoch:360, Time:1ms, TrainError:0.03170938, TrainErrorChange:4.3597072E-5, ValidationError:0.3430374, Accuracy: 0.9111111
Epoch:361, Time:0ms, TrainError:0.031737037, TrainErrorChange:2.7656555E-5, ValidationError:0.3458215, Accuracy: 0.9111111
Epoch:362, Time:0ms, TrainError:0.031752314, TrainErrorChange:1.5277416E-5, ValidationError:0.3486362, Accuracy: 0.9111111
Epoch:363, Time:0ms, TrainError:0.031757448, TrainErrorChange:5.13345E-6, ValidationError:0.35149276, Accuracy: 0.9111111
Epoch:364, Time:1ms, TrainError:0.031754818, TrainErrorChange:-2.630055E-6, ValidationError:0.35440302, Accuracy: 0.9111111
Epoch:365, Time:0ms, TrainError:0.031746663, TrainErrorChange:-8.1546605E-6, ValidationError:0.35737297, Accuracy: 0.9111111
Epoch:366, Time:0ms, TrainError:0.03173373, TrainErrorChange:-1.2934208E-5, ValidationError:0.3604267, Accuracy: 0.9111111
Epoch:367, Time:1ms, TrainError:0.031717572, TrainErrorChange:-1.6156584E-5, ValidationError:0.36358494, Accuracy: 0.9111111
Epoch:368, Time:0ms, TrainError:0.031699114, TrainErrorChange:-1.8458813E-5, ValidationError:0.366851, Accuracy: 0.9111111
Epoch:369, Time:0ms, TrainError:0.031678718, TrainErrorChange:-2.0395964E-5, ValidationError:0.37026557, Accuracy: 0.9111111
Epoch:370, Time:0ms, TrainError:0.031657718, TrainErrorChange:-2.0999461E-5, ValidationError:0.3738567, Accuracy: 0.9111111
Epoch:371, Time:0ms, TrainError:0.031637136, TrainErrorChange:-2.0582229E-5, ValidationError:0.37764984, Accuracy: 0.9111111
Epoch:372, Time:0ms, TrainError:0.0316165, TrainErrorChange:-2.0634383E-5, ValidationError:0.38169926, Accuracy: 0.9111111
Epoch:373, Time:0ms, TrainError:0.031597722, TrainErrorChange:-1.8779188E-5, ValidationError:0.38606963, Accuracy: 0.9111111
Epoch:374, Time:0ms, TrainError:0.03158097, TrainErrorChange:-1.675263E-5, ValidationError:0.39083907, Accuracy: 0.9111111
Epoch:375, Time:0ms, TrainError:0.031567387, TrainErrorChange:-1.3582408E-5, ValidationError:0.39616144, Accuracy: 0.9111111
Epoch:376, Time:0ms, TrainError:0.031557936, TrainErrorChange:-9.4510615E-6, ValidationError:0.40224236, Accuracy: 0.9111111
Epoch:377, Time:0ms, TrainError:0.031553943, TrainErrorChange:-3.993511E-6, ValidationError:0.40947995, Accuracy: 0.9111111
Epoch:378, Time:0ms, TrainError:0.031557683, TrainErrorChange:3.7401915E-6, ValidationError:0.41866034, Accuracy: 0.9111111
Epoch:379, Time:0ms, TrainError:0.03157093, TrainErrorChange:1.3247132E-5, ValidationError:0.43174773, Accuracy: 0.9111111
Epoch:380, Time:1ms, TrainError:0.0315955, TrainErrorChange:2.456829E-5, ValidationError:0.4554628, Accuracy: 0.9111111
Epoch:381, Time:0ms, TrainError:0.031718463, TrainErrorChange:1.2296438E-4, ValidationError:0.53616256, Accuracy: 0.9111111
Epoch:382, Time:0ms, TrainError:0.07871722, TrainErrorChange:0.046998754, ValidationError:0.97204745, Accuracy: 0.9111111
Epoch:383, Time:0ms, TrainError:0.25211537, TrainErrorChange:0.17339815, ValidationError:0.3822586, Accuracy: 0.9111111
Epoch:384, Time:0ms, TrainError:0.04057836, TrainErrorChange:-0.211537, ValidationError:0.33806488, Accuracy: 0.9111111
Epoch:385, Time:0ms, TrainError:0.029209938, TrainErrorChange:-0.011368424, ValidationError:0.3482227, Accuracy: 0.9111111

TRAINING COMPLETED
Total Training Time: 207ms
------------------------------------------------------------------------
------------------------------------------------
Classification performance measure

Accuracy: 1.0
Precision: 1.0
F1Score: 1.0
Recall: 1.0

