Loaded 472 images
Epoch:1, Time:22416ms, TotalError:0.45911536, ErrorChange:0.45911536
Epoch:2, Time:20285ms, TotalError:0.20128964, ErrorChange:-0.25782573
Epoch:3, Time:21736ms, TotalError:0.14402927, ErrorChange:-0.057260364
Epoch:4, Time:20444ms, TotalError:0.12862553, ErrorChange:-0.015403748
Epoch:5, Time:20167ms, TotalError:0.122331716, ErrorChange:-0.006293811
Epoch:6, Time:20125ms, TotalError:0.11856746, ErrorChange:-0.0037642568
Epoch:7, Time:20105ms, TotalError:0.115578525, ErrorChange:-0.0029889345
Epoch:8, Time:20190ms, TotalError:0.112859055, ErrorChange:-0.0027194694
Epoch:9, Time:20136ms, TotalError:0.110237904, ErrorChange:-0.0026211515
Epoch:10, Time:20717ms, TotalError:0.10766208, ErrorChange:-0.0025758222
Epoch:11, Time:20242ms, TotalError:0.10509643, ErrorChange:-0.0025656521
Epoch:12, Time:21071ms, TotalError:0.10255477, ErrorChange:-0.0025416613
Epoch:13, Time:20228ms, TotalError:0.10002707, ErrorChange:-0.0025276989
Epoch:14, Time:20213ms, TotalError:0.09748299, ErrorChange:-0.0025440827
Epoch:15, Time:20416ms, TotalError:0.09496712, ErrorChange:-0.0025158674
Epoch:16, Time:20444ms, TotalError:0.09245748, ErrorChange:-0.0025096387
Epoch:17, Time:20793ms, TotalError:0.089930914, ErrorChange:-0.0025265664
Epoch:18, Time:21786ms, TotalError:0.08740036, ErrorChange:-0.0025305524
Epoch:19, Time:21873ms, TotalError:0.08480986, ErrorChange:-0.0025904998
Epoch:20, Time:19980ms, TotalError:0.08220228, ErrorChange:-0.002607584
Epoch:21, Time:19960ms, TotalError:0.0795214, ErrorChange:-0.0026808754
Epoch:22, Time:20225ms, TotalError:0.07690393, ErrorChange:-0.002617471
Epoch:23, Time:21330ms, TotalError:0.07438549, ErrorChange:-0.0025184453
Epoch:24, Time:23382ms, TotalError:0.07193948, ErrorChange:-0.0024460033
Epoch:25, Time:23872ms, TotalError:0.069597736, ErrorChange:-0.0023417473
Epoch:26, Time:22380ms, TotalError:0.067374304, ErrorChange:-0.002223432
Epoch:27, Time:26316ms, TotalError:0.065254055, ErrorChange:-0.002120249
Epoch:28, Time:23838ms, TotalError:0.063231006, ErrorChange:-0.0020230487
Epoch:29, Time:24931ms, TotalError:0.06133979, ErrorChange:-0.0018912181
Epoch:30, Time:23808ms, TotalError:0.059588015, ErrorChange:-0.0017517731
Epoch:31, Time:23163ms, TotalError:0.057924714, ErrorChange:-0.0016633011
Epoch:32, Time:23429ms, TotalError:0.056423906, ErrorChange:-0.0015008077
Epoch:33, Time:20090ms, TotalError:0.054999493, ErrorChange:-0.0014244132
Epoch:34, Time:20653ms, TotalError:0.053696822, ErrorChange:-0.0013026707
Epoch:35, Time:24584ms, TotalError:0.05255211, ErrorChange:-0.0011447109
Epoch:36, Time:20335ms, TotalError:0.051520985, ErrorChange:-0.0010311268
Epoch:37, Time:19930ms, TotalError:0.050521884, ErrorChange:-9.991005E-4
Epoch:38, Time:19891ms, TotalError:0.04959404, ErrorChange:-9.2784315E-4
Epoch:39, Time:19896ms, TotalError:0.048750065, ErrorChange:-8.439757E-4
Epoch:40, Time:19891ms, TotalError:0.047940988, ErrorChange:-8.090772E-4
Epoch:41, Time:19883ms, TotalError:0.04720091, ErrorChange:-7.4007735E-4
Epoch:42, Time:19888ms, TotalError:0.046485253, ErrorChange:-7.1565807E-4
Epoch:43, Time:19910ms, TotalError:0.045791704, ErrorChange:-6.9354847E-4
Epoch:44, Time:19931ms, TotalError:0.04515131, ErrorChange:-6.40396E-4
Epoch:45, Time:20294ms, TotalError:0.044520598, ErrorChange:-6.307103E-4
Epoch:46, Time:19902ms, TotalError:0.04391545, ErrorChange:-6.0514733E-4
Epoch:47, Time:19891ms, TotalError:0.04336196, ErrorChange:-5.5348873E-4
Epoch:48, Time:20072ms, TotalError:0.042825583, ErrorChange:-5.363785E-4
Epoch:49, Time:26981ms, TotalError:0.04231006, ErrorChange:-5.155243E-4
Epoch:50, Time:25647ms, TotalError:0.041788638, ErrorChange:-5.2142143E-4
Epoch:51, Time:20745ms, TotalError:0.04130661, ErrorChange:-4.820265E-4
Epoch:52, Time:21701ms, TotalError:0.04082645, ErrorChange:-4.8016012E-4
Epoch:53, Time:22098ms, TotalError:0.040350717, ErrorChange:-4.7573447E-4
Epoch:54, Time:20453ms, TotalError:0.03988215, ErrorChange:-4.68567E-4
Epoch:55, Time:21514ms, TotalError:0.03940159, ErrorChange:-4.8055872E-4
Epoch:56, Time:20105ms, TotalError:0.038961675, ErrorChange:-4.399158E-4
Epoch:57, Time:20751ms, TotalError:0.038519584, ErrorChange:-4.4209138E-4
Epoch:58, Time:20087ms, TotalError:0.038084194, ErrorChange:-4.3538958E-4
Epoch:59, Time:19893ms, TotalError:0.03764743, ErrorChange:-4.367642E-4
Epoch:60, Time:20080ms, TotalError:0.037218746, ErrorChange:-4.2868406E-4
Epoch:61, Time:19992ms, TotalError:0.036789972, ErrorChange:-4.2877346E-4
Epoch:62, Time:21162ms, TotalError:0.03636747, ErrorChange:-4.225038E-4
Epoch:63, Time:21207ms, TotalError:0.03594263, ErrorChange:-4.2483956E-4
Epoch:64, Time:22364ms, TotalError:0.03555327, ErrorChange:-3.893599E-4
Epoch:65, Time:21192ms, TotalError:0.03513629, ErrorChange:-4.169792E-4
Epoch:66, Time:20648ms, TotalError:0.034696367, ErrorChange:-4.3992326E-4
Epoch:67, Time:20742ms, TotalError:0.034342002, ErrorChange:-3.543645E-4
Epoch:68, Time:20632ms, TotalError:0.03391929, ErrorChange:-4.2271242E-4
Epoch:69, Time:20257ms, TotalError:0.0335304, ErrorChange:-3.888905E-4
Epoch:70, Time:20142ms, TotalError:0.033121645, ErrorChange:-4.0875375E-4
Epoch:71, Time:20131ms, TotalError:0.032750692, ErrorChange:-3.7095323E-4
Epoch:72, Time:20042ms, TotalError:0.03235899, ErrorChange:-3.917031E-4
Epoch:73, Time:20033ms, TotalError:0.03197123, ErrorChange:-3.8775802E-4
Epoch:74, Time:20150ms, TotalError:0.031586237, ErrorChange:-3.8499385E-4
Epoch:75, Time:20233ms, TotalError:0.031208007, ErrorChange:-3.782306E-4
Epoch:76, Time:21690ms, TotalError:0.03083312, ErrorChange:-3.7488714E-4
Epoch:77, Time:21957ms, TotalError:0.03046023, ErrorChange:-3.7289038E-4
Epoch:78, Time:20497ms, TotalError:0.030090628, ErrorChange:-3.6960095E-4
Epoch:79, Time:20027ms, TotalError:0.029722495, ErrorChange:-3.681332E-4
Total Training Time: 1668363ms
Loaded 472 images
Epoch:1, Time:13633ms, TotalError:0.5414045, ErrorChange:0.5414045
Epoch:2, Time:13168ms, TotalError:0.29651594, ErrorChange:-0.24488854
Epoch:3, Time:13019ms, TotalError:0.2006909, ErrorChange:-0.09582505
Epoch:4, Time:13030ms, TotalError:0.16605577, ErrorChange:-0.034635127
Epoch:5, Time:13076ms, TotalError:0.15172814, ErrorChange:-0.01432763
Epoch:6, Time:13014ms, TotalError:0.14447816, ErrorChange:-0.007249981
Epoch:7, Time:13009ms, TotalError:0.13991447, ErrorChange:-0.004563689
Epoch:8, Time:13019ms, TotalError:0.13662069, ErrorChange:-0.0032937825
Epoch:9, Time:13032ms, TotalError:0.1338421, ErrorChange:-0.0027785897
Epoch:10, Time:13024ms, TotalError:0.13131468, ErrorChange:-0.0025274158
Epoch:11, Time:13018ms, TotalError:0.12891191, ErrorChange:-0.0024027675
Epoch:12, Time:13022ms, TotalError:0.12656343, ErrorChange:-0.0023484826
Epoch:13, Time:13023ms, TotalError:0.12422269, ErrorChange:-0.0023407415
Epoch:14, Time:13070ms, TotalError:0.121830836, ErrorChange:-0.0023918524
Epoch:15, Time:13019ms, TotalError:0.119431034, ErrorChange:-0.0023998022
Epoch:16, Time:13021ms, TotalError:0.117084555, ErrorChange:-0.0023464784
Epoch:17, Time:13011ms, TotalError:0.11475361, ErrorChange:-0.002330944
Epoch:18, Time:13278ms, TotalError:0.112444066, ErrorChange:-0.0023095459
Epoch:19, Time:13016ms, TotalError:0.11011479, ErrorChange:-0.002329275
Epoch:20, Time:13004ms, TotalError:0.107861914, ErrorChange:-0.0022528768
Epoch:21, Time:12998ms, TotalError:0.1055779, ErrorChange:-0.0022840127
Epoch:22, Time:12988ms, TotalError:0.10331584, ErrorChange:-0.0022620633
Epoch:23, Time:13157ms, TotalError:0.1010373, ErrorChange:-0.0022785366
Epoch:24, Time:12985ms, TotalError:0.09872933, ErrorChange:-0.0023079738
Epoch:25, Time:12986ms, TotalError:0.096457556, ErrorChange:-0.0022717714
Epoch:26, Time:13027ms, TotalError:0.094161406, ErrorChange:-0.0022961497
Epoch:27, Time:12968ms, TotalError:0.09187486, ErrorChange:-0.002286546
Epoch:28, Time:12986ms, TotalError:0.08963585, ErrorChange:-0.0022390112
Epoch:29, Time:12982ms, TotalError:0.08744432, ErrorChange:-0.0021915287
Epoch:30, Time:13025ms, TotalError:0.08532366, ErrorChange:-0.0021206588
Epoch:31, Time:13014ms, TotalError:0.08325864, ErrorChange:-0.0020650253
Epoch:32, Time:13026ms, TotalError:0.08125921, ErrorChange:-0.001999423
Epoch:33, Time:13007ms, TotalError:0.07929327, ErrorChange:-0.00196594
Epoch:34, Time:13018ms, TotalError:0.07736852, ErrorChange:-0.0019247532
Epoch:35, Time:12997ms, TotalError:0.07547083, ErrorChange:-0.0018976927
Epoch:36, Time:12993ms, TotalError:0.07370524, ErrorChange:-0.0017655864
Epoch:37, Time:13004ms, TotalError:0.07201979, ErrorChange:-0.001685448
Epoch:38, Time:13002ms, TotalError:0.07053048, ErrorChange:-0.0014893115
Epoch:39, Time:12996ms, TotalError:0.06911002, ErrorChange:-0.0014204606
Epoch:40, Time:12996ms, TotalError:0.06779009, ErrorChange:-0.00131993
Epoch:41, Time:13338ms, TotalError:0.066491954, ErrorChange:-0.001298137
Epoch:42, Time:12992ms, TotalError:0.06534374, ErrorChange:-0.0011482164
Epoch:43, Time:13002ms, TotalError:0.064223915, ErrorChange:-0.0011198223
Epoch:44, Time:12982ms, TotalError:0.06321975, ErrorChange:-0.0010041669
Epoch:45, Time:12986ms, TotalError:0.062241007, ErrorChange:-9.787418E-4
Epoch:46, Time:12985ms, TotalError:0.061301038, ErrorChange:-9.39969E-4
Epoch:47, Time:12992ms, TotalError:0.060494106, ErrorChange:-8.069314E-4
Epoch:48, Time:13119ms, TotalError:0.059719596, ErrorChange:-7.745102E-4
Total Training Time: 626119ms
Loading images...
Loaded 1000 images
Creating neural network...
Training neural network
Loading images...
Loaded 100 images
Creating neural network...
Training neural network
Epoch:1, Time:19582ms, TotalError:2.379366, ErrorChange:2.379366
Epoch:2, Time:18456ms, TotalError:2.3370848, ErrorChange:-0.04228115
Epoch:3, Time:18602ms, TotalError:2.3159852, ErrorChange:-0.021099567
Loading images...
Loaded 100 images
Creating neural network...
Training neural network
Epoch:1, Time:3987ms, TotalError:2.2974274, ErrorChange:2.2974274
Epoch:2, Time:3542ms, TotalError:2.2304273, ErrorChange:-0.06700015
Epoch:3, Time:3547ms, TotalError:2.1631176, ErrorChange:-0.06730962
Epoch:4, Time:3538ms, TotalError:2.0971036, ErrorChange:-0.06601405
Epoch:5, Time:3578ms, TotalError:2.0289884, ErrorChange:-0.068115234
Epoch:6, Time:3578ms, TotalError:1.9626837, ErrorChange:-0.06630468
Epoch:7, Time:3567ms, TotalError:1.8947538, ErrorChange:-0.067929864
Epoch:8, Time:3626ms, TotalError:1.818523, ErrorChange:-0.076230764
Epoch:9, Time:3589ms, TotalError:1.741469, ErrorChange:-0.077054024
Epoch:10, Time:3517ms, TotalError:1.6638217, ErrorChange:-0.07764733
Epoch:11, Time:3517ms, TotalError:1.5816399, ErrorChange:-0.08218181
Epoch:12, Time:3551ms, TotalError:1.4999063, ErrorChange:-0.081733584
Epoch:13, Time:3530ms, TotalError:1.4177277, ErrorChange:-0.08217859
Epoch:14, Time:4371ms, TotalError:1.336538, ErrorChange:-0.08118975
Epoch:15, Time:3695ms, TotalError:1.2599063, ErrorChange:-0.076631665
Epoch:16, Time:3541ms, TotalError:1.1811008, ErrorChange:-0.07880545
Epoch:17, Time:3526ms, TotalError:1.1075613, ErrorChange:-0.073539495
Epoch:18, Time:3536ms, TotalError:1.0382273, ErrorChange:-0.06933403
Epoch:19, Time:3529ms, TotalError:0.9724589, ErrorChange:-0.06576842
Epoch:20, Time:3524ms, TotalError:0.9059324, ErrorChange:-0.06652647
Epoch:21, Time:3528ms, TotalError:0.84489965, ErrorChange:-0.061032772
Epoch:22, Time:3558ms, TotalError:0.7885501, ErrorChange:-0.056349576
Epoch:23, Time:3532ms, TotalError:0.73234737, ErrorChange:-0.05620271
Epoch:24, Time:3531ms, TotalError:0.684642, ErrorChange:-0.047705352
Epoch:25, Time:3529ms, TotalError:0.6335546, ErrorChange:-0.05108744
Epoch:26, Time:3530ms, TotalError:0.59156007, ErrorChange:-0.041994512
Epoch:27, Time:3697ms, TotalError:0.54550415, ErrorChange:-0.046055913
Epoch:28, Time:3529ms, TotalError:0.5068515, ErrorChange:-0.03865266
Epoch:29, Time:3537ms, TotalError:0.4707958, ErrorChange:-0.036055684
Epoch:30, Time:3532ms, TotalError:0.43509486, ErrorChange:-0.035700947
Epoch:31, Time:3521ms, TotalError:0.40370047, ErrorChange:-0.031394392
Epoch:32, Time:3540ms, TotalError:0.3742962, ErrorChange:-0.029404283
Epoch:33, Time:3528ms, TotalError:0.34879294, ErrorChange:-0.025503248
Epoch:34, Time:3514ms, TotalError:0.32427222, ErrorChange:-0.024520725
Epoch:35, Time:3524ms, TotalError:0.3018536, ErrorChange:-0.022418618
Epoch:36, Time:3523ms, TotalError:0.28138304, ErrorChange:-0.02047056
Epoch:37, Time:3518ms, TotalError:0.26314798, ErrorChange:-0.018235058
Epoch:38, Time:3524ms, TotalError:0.24556336, ErrorChange:-0.017584622
Epoch:39, Time:3521ms, TotalError:0.23021923, ErrorChange:-0.015344128
Epoch:40, Time:3526ms, TotalError:0.21538651, ErrorChange:-0.01483272
Epoch:41, Time:3518ms, TotalError:0.20215435, ErrorChange:-0.013232157
Epoch:42, Time:3522ms, TotalError:0.19000849, ErrorChange:-0.012145862
Epoch:43, Time:3521ms, TotalError:0.17884079, ErrorChange:-0.011167705
Epoch:44, Time:3520ms, TotalError:0.1680111, ErrorChange:-0.010829687
Epoch:45, Time:3525ms, TotalError:0.15886721, ErrorChange:-0.009143889
Epoch:46, Time:3527ms, TotalError:0.14970542, ErrorChange:-0.009161785
Epoch:47, Time:3531ms, TotalError:0.14155857, ErrorChange:-0.008146852
Epoch:48, Time:3527ms, TotalError:0.13386056, ErrorChange:-0.0076980144
Epoch:49, Time:3536ms, TotalError:0.12668931, ErrorChange:-0.0071712434
Epoch:50, Time:3528ms, TotalError:0.12034639, ErrorChange:-0.006342925
Epoch:51, Time:3522ms, TotalError:0.11409103, ErrorChange:-0.0062553585
Epoch:52, Time:3536ms, TotalError:0.10837057, ErrorChange:-0.005720459
Epoch:53, Time:3532ms, TotalError:0.10308474, ErrorChange:-0.0052858293
Epoch:54, Time:3526ms, TotalError:0.09811604, ErrorChange:-0.004968703
Epoch:55, Time:3524ms, TotalError:0.09343733, ErrorChange:-0.0046787113
Epoch:56, Time:3524ms, TotalError:0.08912087, ErrorChange:-0.0043164566
Epoch:57, Time:3524ms, TotalError:0.08503269, ErrorChange:-0.0040881857
Epoch:58, Time:3526ms, TotalError:0.08129583, ErrorChange:-0.0037368536
Epoch:59, Time:3597ms, TotalError:0.07788925, ErrorChange:-0.0034065843
Epoch:60, Time:3532ms, TotalError:0.074431956, ErrorChange:-0.003457293
Epoch:61, Time:3521ms, TotalError:0.07139868, ErrorChange:-0.003033273
Epoch:62, Time:3535ms, TotalError:0.068431996, ErrorChange:-0.002966687
Epoch:63, Time:3521ms, TotalError:0.065778725, ErrorChange:-0.002653271
Epoch:64, Time:3520ms, TotalError:0.0631309, ErrorChange:-0.0026478246
Epoch:65, Time:3513ms, TotalError:0.06078806, ErrorChange:-0.0023428388
Epoch:66, Time:3521ms, TotalError:0.05855129, ErrorChange:-0.0022367723
Epoch:67, Time:3515ms, TotalError:0.05632611, ErrorChange:-0.0022251792
Epoch:68, Time:3517ms, TotalError:0.054382175, ErrorChange:-0.0019439347
Epoch:69, Time:3519ms, TotalError:0.05243092, ErrorChange:-0.0019512549
Epoch:70, Time:3524ms, TotalError:0.050694555, ErrorChange:-0.0017363653
Epoch:71, Time:3524ms, TotalError:0.049017258, ErrorChange:-0.001677297
Epoch:72, Time:3526ms, TotalError:0.04738735, ErrorChange:-0.0016299076
Epoch:73, Time:3522ms, TotalError:0.045884974, ErrorChange:-0.001502376
Epoch:74, Time:3508ms, TotalError:0.04445731, ErrorChange:-0.0014276654
Epoch:75, Time:3513ms, TotalError:0.043076474, ErrorChange:-0.0013808347
Epoch:76, Time:3574ms, TotalError:0.04184118, ErrorChange:-0.0012352951
Epoch:77, Time:3519ms, TotalError:0.040582594, ErrorChange:-0.0012585856
Epoch:78, Time:3514ms, TotalError:0.03942627, ErrorChange:-0.0011563227
Epoch:79, Time:3504ms, TotalError:0.03829957, ErrorChange:-0.0011266991
Epoch:80, Time:3515ms, TotalError:0.03725741, ErrorChange:-0.0010421611
Epoch:81, Time:3516ms, TotalError:0.036246568, ErrorChange:-0.0010108426
Epoch:82, Time:3515ms, TotalError:0.035292257, ErrorChange:-9.5431134E-4
Epoch:83, Time:3518ms, TotalError:0.03438982, ErrorChange:-9.024367E-4
Epoch:84, Time:3515ms, TotalError:0.033523165, ErrorChange:-8.6665526E-4
Epoch:85, Time:3510ms, TotalError:0.032675177, ErrorChange:-8.4798783E-4
Epoch:86, Time:3511ms, TotalError:0.03187532, ErrorChange:-7.998571E-4
Epoch:87, Time:3511ms, TotalError:0.031109303, ErrorChange:-7.6601654E-4
Epoch:88, Time:3509ms, TotalError:0.030376377, ErrorChange:-7.3292665E-4
Epoch:89, Time:3510ms, TotalError:0.029671373, ErrorChange:-7.0500374E-4
Total Training Time: 315847ms
Loading images...
Loaded 100 images
Creating neural network...
Training neural network
Epoch:1, Time:16053ms, TotalError:2.3081307, ErrorChange:2.3081307
Epoch:2, Time:15431ms, TotalError:2.217787, ErrorChange:-0.090343714
Epoch:3, Time:15399ms, TotalError:2.0866234, ErrorChange:-0.1311636
Epoch:4, Time:15402ms, TotalError:1.9455463, ErrorChange:-0.14107716
Epoch:5, Time:15405ms, TotalError:1.7697213, ErrorChange:-0.175825
Epoch:6, Time:15414ms, TotalError:1.5390848, ErrorChange:-0.23063648
Epoch:7, Time:15407ms, TotalError:1.2720379, ErrorChange:-0.26704693
Epoch:8, Time:15394ms, TotalError:1.0260305, ErrorChange:-0.24600732
Epoch:9, Time:15507ms, TotalError:0.76580256, ErrorChange:-0.26022798
Epoch:10, Time:15694ms, TotalError:0.5285374, ErrorChange:-0.23726517
Epoch:11, Time:15579ms, TotalError:0.34586906, ErrorChange:-0.18266833
Epoch:12, Time:15827ms, TotalError:0.21681845, ErrorChange:-0.12905061
Epoch:13, Time:15812ms, TotalError:0.14808884, ErrorChange:-0.06872961
Epoch:14, Time:15904ms, TotalError:0.10429683, ErrorChange:-0.04379201
Epoch:15, Time:15590ms, TotalError:0.07194374, ErrorChange:-0.032353096
Epoch:16, Time:15864ms, TotalError:0.05615155, ErrorChange:-0.015792187
Epoch:17, Time:15620ms, TotalError:0.04387054, ErrorChange:-0.012281012
Epoch:18, Time:15742ms, TotalError:0.03513909, ErrorChange:-0.008731447
Epoch:19, Time:15538ms, TotalError:0.029460143, ErrorChange:-0.005678948
Total Training Time: 296602ms
Loading images...
Loaded 100 images
Creating neural network...
Training neural network
Loading images...
Loaded 100 images
Creating neural network...
Training neural network
Epoch:1, Time:62897ms, TotalError:2.392594, ErrorChange:2.392594
Epoch:2, Time:62669ms, TotalError:2.31281, ErrorChange:-0.079784155
Epoch:3, Time:56185ms, TotalError:2.2847278, ErrorChange:-0.028082132
Epoch:4, Time:51938ms, TotalError:2.2675488, ErrorChange:-0.017179012
Epoch:5, Time:48751ms, TotalError:2.2549179, ErrorChange:-0.0126309395
Epoch:6, Time:47557ms, TotalError:2.2433567, ErrorChange:-0.011561155
Epoch:7, Time:48481ms, TotalError:2.2339687, ErrorChange:-0.00938797
Epoch:8, Time:52303ms, TotalError:2.2252548, ErrorChange:-0.008713961
Training convolutional network with MNIST data set
Loading images...
Training convolutional network with MNIST data set
Loading images...
Training convolutional network with MNIST data set
Loading images...
Loaded 100 images
Creating neural network...
Training neural network
Epoch:1, Time:2239ms, TotalError:2.3458555, ErrorChange:2.3458555
Epoch:2, Time:1679ms, TotalError:2.288772, ErrorChange:-0.05708337
Epoch:3, Time:1639ms, TotalError:2.2655163, ErrorChange:-0.023255825
Epoch:4, Time:1636ms, TotalError:2.2546651, ErrorChange:-0.010851145
Epoch:5, Time:1674ms, TotalError:2.248426, ErrorChange:-0.006239176
Epoch:6, Time:1688ms, TotalError:2.244529, ErrorChange:-0.0038969517
Epoch:1, Time:165ms, TotalError:0.98617107, ErrorChange:0.98617107
Epoch:2, Time:5ms, TotalError:0.56684905, ErrorChange:-0.419322
Epoch:3, Time:3ms, TotalError:0.47430757, ErrorChange:-0.092541486
Epoch:4, Time:2ms, TotalError:0.43474224, ErrorChange:-0.039565325
Epoch:5, Time:2ms, TotalError:0.3976069, ErrorChange:-0.037135333
Epoch:6, Time:4ms, TotalError:0.35278296, ErrorChange:-0.044823945
Epoch:7, Time:3ms, TotalError:0.32370105, ErrorChange:-0.02908191
Epoch:8, Time:2ms, TotalError:0.2968173, ErrorChange:-0.026883751
Epoch:9, Time:3ms, TotalError:0.27444074, ErrorChange:-0.022376567
Epoch:10, Time:2ms, TotalError:0.2664059, ErrorChange:-0.008034825
Epoch:11, Time:22ms, TotalError:0.24106698, ErrorChange:-0.025338933
Epoch:12, Time:3ms, TotalError:0.23361664, ErrorChange:-0.007450342
Epoch:13, Time:2ms, TotalError:0.22774726, ErrorChange:-0.0058693737
Epoch:14, Time:3ms, TotalError:0.27521393, ErrorChange:0.047466666
Epoch:15, Time:2ms, TotalError:0.25940025, ErrorChange:-0.015813679
Epoch:16, Time:3ms, TotalError:0.24314135, ErrorChange:-0.016258895
Epoch:17, Time:2ms, TotalError:0.24309821, ErrorChange:-4.313886E-5
Epoch:18, Time:2ms, TotalError:0.24348494, ErrorChange:3.8672984E-4
Epoch:19, Time:3ms, TotalError:0.23920338, ErrorChange:-0.0042815655
Epoch:20, Time:2ms, TotalError:0.23201606, ErrorChange:-0.007187322
Epoch:21, Time:3ms, TotalError:0.22448763, ErrorChange:-0.0075284243
Epoch:22, Time:3ms, TotalError:0.21896566, ErrorChange:-0.005521968
Epoch:23, Time:2ms, TotalError:0.2166994, ErrorChange:-0.002266258
Epoch:24, Time:2ms, TotalError:0.21277352, ErrorChange:-0.0039258897
Epoch:25, Time:3ms, TotalError:0.2104142, ErrorChange:-0.0023593158
Epoch:26, Time:2ms, TotalError:0.20969418, ErrorChange:-7.200241E-4
Epoch:27, Time:2ms, TotalError:0.21077237, ErrorChange:0.0010781884
Epoch:28, Time:2ms, TotalError:0.2127338, ErrorChange:0.0019614398
Epoch:29, Time:3ms, TotalError:0.21401219, ErrorChange:0.0012783855
Epoch:30, Time:2ms, TotalError:0.21498832, ErrorChange:9.7613037E-4
Epoch:31, Time:2ms, TotalError:0.21555808, ErrorChange:5.697608E-4
Epoch:32, Time:3ms, TotalError:0.2158382, ErrorChange:2.8011203E-4
Epoch:33, Time:3ms, TotalError:0.21583441, ErrorChange:-3.784895E-6
Epoch:34, Time:2ms, TotalError:0.21567217, ErrorChange:-1.6224384E-4
Epoch:35, Time:2ms, TotalError:0.21533701, ErrorChange:-3.3515692E-4
Epoch:36, Time:3ms, TotalError:0.21489336, ErrorChange:-4.4365227E-4
Epoch:37, Time:2ms, TotalError:0.21428534, ErrorChange:-6.080121E-4
Epoch:38, Time:2ms, TotalError:0.21351016, ErrorChange:-7.751882E-4
Epoch:39, Time:2ms, TotalError:0.2124527, ErrorChange:-0.0010574609
Epoch:40, Time:2ms, TotalError:0.21101348, ErrorChange:-0.0014392138
Epoch:41, Time:1ms, TotalError:0.20905149, ErrorChange:-0.0019619912
Epoch:42, Time:1ms, TotalError:0.20649567, ErrorChange:-0.0025558174
Epoch:43, Time:1ms, TotalError:0.20338178, ErrorChange:-0.0031138957
Epoch:44, Time:2ms, TotalError:0.19990188, ErrorChange:-0.003479898
Epoch:45, Time:1ms, TotalError:0.19660427, ErrorChange:-0.003297612
Epoch:46, Time:2ms, TotalError:0.19443612, ErrorChange:-0.0021681488
Epoch:47, Time:1ms, TotalError:0.19429654, ErrorChange:-1.3957918E-4
Epoch:48, Time:2ms, TotalError:0.19677038, ErrorChange:0.002473846
Epoch:49, Time:1ms, TotalError:0.1995585, ErrorChange:0.0027881116
Epoch:50, Time:2ms, TotalError:0.19568536, ErrorChange:-0.0038731396
Epoch:51, Time:1ms, TotalError:0.18625401, ErrorChange:-0.009431347
Epoch:52, Time:2ms, TotalError:0.17010103, ErrorChange:-0.016152978
Epoch:53, Time:1ms, TotalError:0.22349173, ErrorChange:0.053390697
Epoch:54, Time:1ms, TotalError:0.23275371, ErrorChange:0.009261981
Epoch:55, Time:1ms, TotalError:0.23336625, ErrorChange:6.1254203E-4
Epoch:56, Time:2ms, TotalError:0.16534816, ErrorChange:-0.06801809
Epoch:57, Time:1ms, TotalError:0.24138467, ErrorChange:0.07603651
Epoch:58, Time:1ms, TotalError:0.18328318, ErrorChange:-0.05810149
Epoch:59, Time:2ms, TotalError:0.15133964, ErrorChange:-0.031943545
Epoch:60, Time:1ms, TotalError:0.28143358, ErrorChange:0.13009395
Epoch:61, Time:1ms, TotalError:0.17339061, ErrorChange:-0.10804297
Epoch:62, Time:2ms, TotalError:0.17570789, ErrorChange:0.0023172796
Epoch:63, Time:1ms, TotalError:0.2951131, ErrorChange:0.119405195
Epoch:64, Time:1ms, TotalError:0.18073192, ErrorChange:-0.114381164
Epoch:65, Time:1ms, TotalError:0.17224349, ErrorChange:-0.008488432
Epoch:66, Time:1ms, TotalError:0.29098225, ErrorChange:0.118738756
Epoch:67, Time:1ms, TotalError:0.17911154, ErrorChange:-0.111870706
Epoch:68, Time:1ms, TotalError:0.15763602, ErrorChange:-0.021475524
Epoch:69, Time:1ms, TotalError:0.31597805, ErrorChange:0.15834203
Epoch:70, Time:1ms, TotalError:0.13875142, ErrorChange:-0.17722663
Epoch:71, Time:1ms, TotalError:0.23215458, ErrorChange:0.09340316
Epoch:72, Time:1ms, TotalError:0.16968524, ErrorChange:-0.062469333
Epoch:73, Time:1ms, TotalError:0.20429884, ErrorChange:0.034613594
Epoch:74, Time:1ms, TotalError:0.25651264, ErrorChange:0.052213803
Epoch:75, Time:3ms, TotalError:0.1504474, ErrorChange:-0.10606524
Epoch:76, Time:1ms, TotalError:0.19980109, ErrorChange:0.04935369
Epoch:77, Time:1ms, TotalError:0.22803895, ErrorChange:0.028237864
Epoch:78, Time:1ms, TotalError:0.16046284, ErrorChange:-0.06757611
Epoch:79, Time:1ms, TotalError:0.20166224, ErrorChange:0.0411994
Epoch:80, Time:1ms, TotalError:0.26272932, ErrorChange:0.061067075
Epoch:81, Time:1ms, TotalError:0.14402421, ErrorChange:-0.11870511
Epoch:82, Time:1ms, TotalError:0.20066999, ErrorChange:0.05664578
Epoch:83, Time:1ms, TotalError:0.1950286, ErrorChange:-0.005641386
Epoch:84, Time:1ms, TotalError:0.18538988, ErrorChange:-0.009638727
Epoch:85, Time:1ms, TotalError:0.13598183, ErrorChange:-0.04940805
Epoch:86, Time:1ms, TotalError:0.2153897, ErrorChange:0.07940787
Epoch:87, Time:1ms, TotalError:0.12912816, ErrorChange:-0.08626154
Epoch:88, Time:1ms, TotalError:0.16976923, ErrorChange:0.04064107
Epoch:89, Time:1ms, TotalError:0.17737809, ErrorChange:0.0076088607
Epoch:90, Time:0ms, TotalError:0.17736398, ErrorChange:-1.41114E-5
Epoch:91, Time:1ms, TotalError:0.14603095, ErrorChange:-0.03133303
Epoch:92, Time:1ms, TotalError:0.1466125, ErrorChange:5.815476E-4
Epoch:93, Time:1ms, TotalError:0.16663146, ErrorChange:0.020018965
Epoch:94, Time:1ms, TotalError:0.21727853, ErrorChange:0.050647065
Epoch:95, Time:1ms, TotalError:0.14195618, ErrorChange:-0.075322345
Epoch:96, Time:0ms, TotalError:0.13369116, ErrorChange:-0.008265018
Epoch:97, Time:1ms, TotalError:0.21596847, ErrorChange:0.08227731
Epoch:98, Time:1ms, TotalError:0.14284445, ErrorChange:-0.07312402
Epoch:99, Time:1ms, TotalError:0.1468262, ErrorChange:0.0039817393
Epoch:100, Time:1ms, TotalError:0.16101786, ErrorChange:0.014191672
Epoch:101, Time:0ms, TotalError:0.24001782, ErrorChange:0.07899995
Epoch:102, Time:0ms, TotalError:0.13980332, ErrorChange:-0.100214496
Epoch:103, Time:1ms, TotalError:0.18218045, ErrorChange:0.04237713
Epoch:104, Time:1ms, TotalError:0.15751305, ErrorChange:-0.024667397
Epoch:105, Time:1ms, TotalError:0.12951206, ErrorChange:-0.028000996
Epoch:106, Time:1ms, TotalError:0.17951305, ErrorChange:0.050000995
Epoch:107, Time:1ms, TotalError:0.14230591, ErrorChange:-0.03720714
Epoch:108, Time:1ms, TotalError:0.14224468, ErrorChange:-6.122887E-5
Epoch:109, Time:1ms, TotalError:0.16554469, ErrorChange:0.023300007
Epoch:110, Time:1ms, TotalError:0.1492873, ErrorChange:-0.01625739
Epoch:111, Time:1ms, TotalError:0.131406, ErrorChange:-0.017881304
Epoch:112, Time:1ms, TotalError:0.16171992, ErrorChange:0.030313924
Epoch:113, Time:1ms, TotalError:0.15681353, ErrorChange:-0.004906386
Epoch:114, Time:1ms, TotalError:0.14088298, ErrorChange:-0.015930548
Epoch:115, Time:1ms, TotalError:0.14934382, ErrorChange:0.008460835
Epoch:116, Time:1ms, TotalError:0.15080918, ErrorChange:0.0014653653
Epoch:117, Time:1ms, TotalError:0.143637, ErrorChange:-0.007172182
Epoch:118, Time:0ms, TotalError:0.15251346, ErrorChange:0.008876458
Epoch:119, Time:0ms, TotalError:0.14233014, ErrorChange:-0.010183319
Epoch:120, Time:0ms, TotalError:0.14437291, ErrorChange:0.0020427704
Epoch:121, Time:0ms, TotalError:0.14678916, ErrorChange:0.002416253
Epoch:122, Time:0ms, TotalError:0.14872538, ErrorChange:0.0019362122
Epoch:123, Time:0ms, TotalError:0.1432574, ErrorChange:-0.005467981
Epoch:124, Time:0ms, TotalError:0.1480723, ErrorChange:0.004814908
Epoch:125, Time:1ms, TotalError:0.145733, ErrorChange:-0.0023393035
Epoch:126, Time:1ms, TotalError:0.13677885, ErrorChange:-0.008954152
Epoch:127, Time:0ms, TotalError:0.16246492, ErrorChange:0.02568607
Epoch:128, Time:0ms, TotalError:0.12940508, ErrorChange:-0.033059835
Epoch:129, Time:1ms, TotalError:0.13106677, ErrorChange:0.0016616881
Epoch:130, Time:0ms, TotalError:0.15775731, ErrorChange:0.026690543
Epoch:131, Time:1ms, TotalError:0.1281196, ErrorChange:-0.02963771
Epoch:132, Time:0ms, TotalError:0.12921794, ErrorChange:0.0010983348
Epoch:133, Time:0ms, TotalError:0.15668644, ErrorChange:0.027468503
Epoch:134, Time:0ms, TotalError:0.12688857, ErrorChange:-0.029797867
Epoch:135, Time:0ms, TotalError:0.14605209, ErrorChange:0.01916352
Epoch:136, Time:0ms, TotalError:0.13199319, ErrorChange:-0.014058903
Epoch:137, Time:0ms, TotalError:0.16148321, ErrorChange:0.029490024
Epoch:138, Time:0ms, TotalError:0.1282597, ErrorChange:-0.03322351
Epoch:139, Time:1ms, TotalError:0.13888378, ErrorChange:0.010624081
Epoch:140, Time:1ms, TotalError:0.14292149, ErrorChange:0.004037708
Epoch:141, Time:1ms, TotalError:0.134646, ErrorChange:-0.008275494
Epoch:142, Time:1ms, TotalError:0.14049399, ErrorChange:0.0058479905
Epoch:143, Time:1ms, TotalError:0.13425693, ErrorChange:-0.00623706
Epoch:144, Time:1ms, TotalError:0.18398108, ErrorChange:0.049724147
Epoch:145, Time:1ms, TotalError:0.1253321, ErrorChange:-0.058648974
Epoch:146, Time:1ms, TotalError:0.12381006, ErrorChange:-0.0015220419
Epoch:147, Time:1ms, TotalError:0.1304139, ErrorChange:0.0066038445
Epoch:148, Time:1ms, TotalError:0.13595036, ErrorChange:0.005536452
Epoch:149, Time:1ms, TotalError:0.18960658, ErrorChange:0.05365622
Epoch:150, Time:1ms, TotalError:0.12238768, ErrorChange:-0.0672189
Epoch:151, Time:1ms, TotalError:0.1234108, ErrorChange:0.0010231212
Epoch:152, Time:1ms, TotalError:0.1269497, ErrorChange:0.0035388991
Epoch:153, Time:1ms, TotalError:0.13689993, ErrorChange:0.0099502355
Epoch:154, Time:1ms, TotalError:0.13562094, ErrorChange:-0.0012789965
Epoch:155, Time:0ms, TotalError:0.30747488, ErrorChange:0.17185394
Epoch:156, Time:0ms, TotalError:0.12782373, ErrorChange:-0.17965116
Epoch:157, Time:0ms, TotalError:0.11871507, ErrorChange:-0.009108655
Epoch:158, Time:0ms, TotalError:0.12486797, ErrorChange:0.006152898
Epoch:159, Time:1ms, TotalError:0.12154226, ErrorChange:-0.0033257082
Epoch:160, Time:1ms, TotalError:0.118586384, ErrorChange:-0.0029558763
Epoch:161, Time:1ms, TotalError:0.140273, ErrorChange:0.021686621
Epoch:162, Time:1ms, TotalError:0.13499032, ErrorChange:-0.005282685
Epoch:163, Time:1ms, TotalError:0.12108335, ErrorChange:-0.013906971
Epoch:164, Time:1ms, TotalError:0.4553835, ErrorChange:0.33430016
Epoch:165, Time:1ms, TotalError:0.12074614, ErrorChange:-0.33463737
Epoch:166, Time:0ms, TotalError:0.11588511, ErrorChange:-0.0048610345
Epoch:167, Time:1ms, TotalError:0.1155684, ErrorChange:-3.1670928E-4
Epoch:168, Time:0ms, TotalError:0.12263537, ErrorChange:0.0070669726
Epoch:169, Time:1ms, TotalError:0.118769884, ErrorChange:-0.0038654879
Epoch:170, Time:1ms, TotalError:0.116313845, ErrorChange:-0.0024560392
Epoch:171, Time:1ms, TotalError:0.31931528, ErrorChange:0.20300144
Epoch:172, Time:1ms, TotalError:0.1146822, ErrorChange:-0.20463309
Epoch:173, Time:1ms, TotalError:0.1161703, ErrorChange:0.0014881045
Epoch:174, Time:1ms, TotalError:0.11720904, ErrorChange:0.0010387376
Epoch:175, Time:1ms, TotalError:0.11458754, ErrorChange:-0.0026215017
Epoch:176, Time:1ms, TotalError:0.11079159, ErrorChange:-0.0037959516
Epoch:177, Time:0ms, TotalError:0.38472673, ErrorChange:0.27393514
Epoch:178, Time:0ms, TotalError:0.11755233, ErrorChange:-0.2671744
Epoch:179, Time:0ms, TotalError:0.4044373, ErrorChange:0.28688496
Epoch:180, Time:0ms, TotalError:0.29662067, ErrorChange:-0.10781664
Epoch:181, Time:1ms, TotalError:0.123050444, ErrorChange:-0.17357022
Epoch:182, Time:1ms, TotalError:0.113371946, ErrorChange:-0.009678498
Epoch:183, Time:1ms, TotalError:0.11265902, ErrorChange:-7.129237E-4
Epoch:184, Time:1ms, TotalError:0.11033985, ErrorChange:-0.002319172
Epoch:185, Time:1ms, TotalError:0.11192835, ErrorChange:0.001588501
Epoch:186, Time:1ms, TotalError:0.10818885, ErrorChange:-0.0037394986
Epoch:187, Time:1ms, TotalError:0.11049834, ErrorChange:0.0023094863
Epoch:188, Time:1ms, TotalError:0.115655, ErrorChange:0.0051566586
Epoch:189, Time:1ms, TotalError:0.37738, ErrorChange:0.261725
Epoch:190, Time:0ms, TotalError:0.110098474, ErrorChange:-0.26728153
Epoch:191, Time:0ms, TotalError:0.11709031, ErrorChange:0.0069918334
Epoch:192, Time:0ms, TotalError:0.110543124, ErrorChange:-0.006547183
Epoch:193, Time:0ms, TotalError:0.11138048, ErrorChange:8.3735585E-4
Epoch:194, Time:0ms, TotalError:0.109738134, ErrorChange:-0.0016423464
Epoch:195, Time:0ms, TotalError:0.1080649, ErrorChange:-0.0016732365
Epoch:196, Time:0ms, TotalError:0.11155304, ErrorChange:0.0034881458
Epoch:197, Time:1ms, TotalError:0.11799416, ErrorChange:0.0064411163
Epoch:198, Time:1ms, TotalError:0.115094915, ErrorChange:-0.0028992444
Epoch:199, Time:0ms, TotalError:0.108925104, ErrorChange:-0.006169811
Epoch:200, Time:1ms, TotalError:0.10874666, ErrorChange:-1.784414E-4
Epoch:201, Time:1ms, TotalError:0.10741365, ErrorChange:-0.0013330132
Epoch:202, Time:1ms, TotalError:0.108064, ErrorChange:6.5035373E-4
Epoch:203, Time:1ms, TotalError:0.10846608, ErrorChange:4.0207803E-4
Epoch:204, Time:1ms, TotalError:0.1131439, ErrorChange:0.004677817
Epoch:205, Time:0ms, TotalError:0.10761266, ErrorChange:-0.0055312365
Epoch:206, Time:1ms, TotalError:0.46902117, ErrorChange:0.3614085
Epoch:207, Time:1ms, TotalError:0.308369, ErrorChange:-0.16065216
Epoch:208, Time:1ms, TotalError:0.29722267, ErrorChange:-0.011146337
Epoch:209, Time:1ms, TotalError:0.13658495, ErrorChange:-0.16063772
Epoch:210, Time:1ms, TotalError:0.29865077, ErrorChange:0.16206582
Epoch:211, Time:1ms, TotalError:0.12593302, ErrorChange:-0.17271775
Epoch:212, Time:1ms, TotalError:0.11278175, ErrorChange:-0.013151273
Epoch:213, Time:1ms, TotalError:0.10619716, ErrorChange:-0.0065845847
Epoch:214, Time:0ms, TotalError:0.112588055, ErrorChange:0.006390892
Epoch:215, Time:0ms, TotalError:0.10345929, ErrorChange:-0.009128764
Epoch:216, Time:0ms, TotalError:0.10375619, ErrorChange:2.968982E-4
Epoch:217, Time:0ms, TotalError:0.24534945, ErrorChange:0.14159326
Epoch:218, Time:0ms, TotalError:0.106027104, ErrorChange:-0.13932234
Epoch:219, Time:0ms, TotalError:0.105943225, ErrorChange:-8.3878636E-5
Epoch:220, Time:1ms, TotalError:0.10664802, ErrorChange:7.047951E-4
Epoch:221, Time:1ms, TotalError:0.107674204, ErrorChange:0.0010261834
Epoch:222, Time:1ms, TotalError:0.108074054, ErrorChange:3.998503E-4
Epoch:223, Time:1ms, TotalError:0.11447927, ErrorChange:0.0064052194
Epoch:224, Time:1ms, TotalError:0.12865824, ErrorChange:0.0141789615
Epoch:225, Time:1ms, TotalError:0.107819185, ErrorChange:-0.02083905
Epoch:226, Time:1ms, TotalError:0.11212974, ErrorChange:0.0043105558
Epoch:227, Time:1ms, TotalError:0.10758673, ErrorChange:-0.004543014
Epoch:228, Time:1ms, TotalError:0.11136363, ErrorChange:0.0037769005
Epoch:229, Time:1ms, TotalError:0.5182467, ErrorChange:0.4068831
Epoch:230, Time:1ms, TotalError:0.27721977, ErrorChange:-0.24102694
Epoch:231, Time:1ms, TotalError:0.28884995, ErrorChange:0.0116301775
Epoch:232, Time:1ms, TotalError:0.12734264, ErrorChange:-0.16150731
Epoch:233, Time:1ms, TotalError:0.10951783, ErrorChange:-0.017824814
Epoch:234, Time:1ms, TotalError:0.103846416, ErrorChange:-0.0056714118
Epoch:235, Time:1ms, TotalError:0.109473035, ErrorChange:0.005626619
Epoch:236, Time:1ms, TotalError:0.10722901, ErrorChange:-0.0022440255
Epoch:237, Time:1ms, TotalError:0.11299049, ErrorChange:0.005761482
Epoch:238, Time:0ms, TotalError:0.15915763, ErrorChange:0.046167143
Epoch:239, Time:1ms, TotalError:0.11058344, ErrorChange:-0.048574194
Epoch:240, Time:1ms, TotalError:0.22884229, ErrorChange:0.11825885
Epoch:241, Time:1ms, TotalError:0.11476649, ErrorChange:-0.114075795
Epoch:242, Time:1ms, TotalError:0.10338675, ErrorChange:-0.011379741
Epoch:243, Time:0ms, TotalError:0.12584776, ErrorChange:0.022461005
Epoch:244, Time:1ms, TotalError:0.13410108, ErrorChange:0.008253321
Epoch:245, Time:1ms, TotalError:0.139879, ErrorChange:0.0057779253
Epoch:246, Time:0ms, TotalError:0.106382735, ErrorChange:-0.033496268
Epoch:247, Time:1ms, TotalError:0.3978072, ErrorChange:0.29142448
Epoch:248, Time:1ms, TotalError:0.11572583, ErrorChange:-0.28208137
Epoch:249, Time:1ms, TotalError:0.106199354, ErrorChange:-0.009526476
Epoch:250, Time:0ms, TotalError:0.11023241, ErrorChange:0.004033059
Epoch:251, Time:0ms, TotalError:0.10997432, ErrorChange:-2.5809556E-4
Epoch:252, Time:0ms, TotalError:0.11096179, ErrorChange:9.874701E-4
Epoch:253, Time:1ms, TotalError:0.11876321, ErrorChange:0.007801421
Epoch:254, Time:1ms, TotalError:0.10351485, ErrorChange:-0.015248358
Epoch:255, Time:0ms, TotalError:0.10590168, ErrorChange:0.0023868307
Epoch:256, Time:2ms, TotalError:0.10990604, ErrorChange:0.0040043592
Epoch:257, Time:0ms, TotalError:0.11757439, ErrorChange:0.007668346
Epoch:258, Time:0ms, TotalError:0.1137161, ErrorChange:-0.0038582832
Epoch:259, Time:1ms, TotalError:0.10848138, ErrorChange:-0.005234726
Epoch:260, Time:1ms, TotalError:0.116916716, ErrorChange:0.008435339
Epoch:261, Time:1ms, TotalError:0.10350534, ErrorChange:-0.013411373
Epoch:262, Time:1ms, TotalError:0.112008125, ErrorChange:0.008502781
Epoch:263, Time:1ms, TotalError:0.10629656, ErrorChange:-0.005711563
Epoch:264, Time:1ms, TotalError:0.13805763, ErrorChange:0.031761073
Epoch:265, Time:0ms, TotalError:0.12014155, ErrorChange:-0.017916083
Epoch:266, Time:0ms, TotalError:0.12604874, ErrorChange:0.005907193
Epoch:267, Time:0ms, TotalError:0.1472815, ErrorChange:0.021232754
Epoch:268, Time:1ms, TotalError:0.10926418, ErrorChange:-0.038017318
Epoch:269, Time:1ms, TotalError:0.12548877, ErrorChange:0.016224593
Epoch:270, Time:1ms, TotalError:0.10282369, ErrorChange:-0.022665083
Epoch:271, Time:1ms, TotalError:0.106364906, ErrorChange:0.0035412163
Epoch:272, Time:1ms, TotalError:0.11517873, ErrorChange:0.008813821
Epoch:273, Time:1ms, TotalError:0.11204824, ErrorChange:-0.003130488
Epoch:274, Time:1ms, TotalError:0.122004315, ErrorChange:0.009956077
Epoch:275, Time:1ms, TotalError:0.12753946, ErrorChange:0.0055351406
Epoch:276, Time:0ms, TotalError:0.13328286, ErrorChange:0.0057433993
Epoch:277, Time:0ms, TotalError:0.117205806, ErrorChange:-0.01607705
Epoch:278, Time:0ms, TotalError:0.10918244, ErrorChange:-0.008023366
Epoch:279, Time:0ms, TotalError:0.103571884, ErrorChange:-0.0056105554
Epoch:280, Time:0ms, TotalError:0.119084306, ErrorChange:0.015512422
Epoch:281, Time:0ms, TotalError:0.10755145, ErrorChange:-0.011532858
Epoch:282, Time:1ms, TotalError:0.1058217, ErrorChange:-0.0017297491
Epoch:283, Time:1ms, TotalError:0.17742373, ErrorChange:0.07160203
Epoch:284, Time:1ms, TotalError:0.11774884, ErrorChange:-0.05967489
Epoch:285, Time:1ms, TotalError:0.108306475, ErrorChange:-0.009442367
Epoch:286, Time:1ms, TotalError:0.10398249, ErrorChange:-0.0043239817
Epoch:287, Time:1ms, TotalError:0.10375927, ErrorChange:-2.2322685E-4
Epoch:288, Time:0ms, TotalError:0.10571135, ErrorChange:0.0019520819
Epoch:289, Time:0ms, TotalError:0.11624155, ErrorChange:0.010530204
Epoch:290, Time:0ms, TotalError:0.12366349, ErrorChange:0.0074219406
Epoch:291, Time:0ms, TotalError:0.13121442, ErrorChange:0.0075509325
Epoch:292, Time:0ms, TotalError:0.13066155, ErrorChange:-5.528778E-4
Epoch:293, Time:1ms, TotalError:0.13979617, ErrorChange:0.00913462
Epoch:294, Time:1ms, TotalError:0.10703089, ErrorChange:-0.032765277
Epoch:295, Time:1ms, TotalError:0.11394319, ErrorChange:0.0069122985
Epoch:296, Time:1ms, TotalError:0.109908536, ErrorChange:-0.0040346533
Epoch:297, Time:1ms, TotalError:0.15403382, ErrorChange:0.04412529
Epoch:298, Time:1ms, TotalError:0.10826151, ErrorChange:-0.045772314
Epoch:299, Time:0ms, TotalError:0.14416334, ErrorChange:0.03590183
Epoch:300, Time:0ms, TotalError:0.108065136, ErrorChange:-0.036098205
Epoch:301, Time:0ms, TotalError:0.1292421, ErrorChange:0.021176971
Epoch:302, Time:0ms, TotalError:0.11846988, ErrorChange:-0.010772228
Epoch:303, Time:1ms, TotalError:0.122749984, ErrorChange:0.0042801052
Epoch:304, Time:1ms, TotalError:0.13113438, ErrorChange:0.008384392
Epoch:305, Time:1ms, TotalError:0.121520154, ErrorChange:-0.009614222
Epoch:306, Time:1ms, TotalError:0.12109311, ErrorChange:-4.2704493E-4
Epoch:307, Time:1ms, TotalError:0.12312113, ErrorChange:0.0020280182
Epoch:308, Time:1ms, TotalError:0.11202919, ErrorChange:-0.01109194
Epoch:309, Time:0ms, TotalError:0.110516615, ErrorChange:-0.0015125722
Epoch:310, Time:0ms, TotalError:0.118320405, ErrorChange:0.0078037903
Epoch:311, Time:0ms, TotalError:0.12366929, ErrorChange:0.0053488836
Epoch:312, Time:0ms, TotalError:0.10729975, ErrorChange:-0.016369537
Epoch:313, Time:0ms, TotalError:0.106151916, ErrorChange:-0.0011478364
Epoch:314, Time:1ms, TotalError:0.19092432, ErrorChange:0.0847724
Epoch:315, Time:1ms, TotalError:0.12753348, ErrorChange:-0.063390836
Epoch:316, Time:1ms, TotalError:0.12624522, ErrorChange:-0.001288265
Epoch:317, Time:1ms, TotalError:0.12361276, ErrorChange:-0.002632454
Epoch:318, Time:1ms, TotalError:0.117089264, ErrorChange:-0.0065234974
Epoch:319, Time:0ms, TotalError:0.099992484, ErrorChange:-0.01709678
Total Training Time: 722ms
Epoch:1, Time:167ms, TotalError:1.0109922, ErrorChange:1.0109922
Epoch:2, Time:15ms, TotalError:0.58706844, ErrorChange:-0.42392373
Epoch:3, Time:10ms, TotalError:0.43795455, ErrorChange:-0.1491139
Epoch:4, Time:4ms, TotalError:0.35909405, ErrorChange:-0.07886049
Epoch:5, Time:4ms, TotalError:0.30616128, ErrorChange:-0.05293277
Epoch:6, Time:3ms, TotalError:0.2711868, ErrorChange:-0.034974486
Epoch:7, Time:3ms, TotalError:0.24793448, ErrorChange:-0.023252323
Epoch:8, Time:3ms, TotalError:0.23184237, ErrorChange:-0.016092107
Epoch:9, Time:2ms, TotalError:0.22016382, ErrorChange:-0.011678547
Epoch:10, Time:2ms, TotalError:0.21127626, ErrorChange:-0.008887559
Epoch:11, Time:2ms, TotalError:0.20418094, ErrorChange:-0.007095322
Epoch:12, Time:2ms, TotalError:0.19824101, ErrorChange:-0.0059399307
Epoch:13, Time:2ms, TotalError:0.19304608, ErrorChange:-0.005194932
Epoch:14, Time:2ms, TotalError:0.18833768, ErrorChange:-0.0047083944
Epoch:15, Time:1ms, TotalError:0.18396379, ErrorChange:-0.004373893
Epoch:16, Time:2ms, TotalError:0.17984706, ErrorChange:-0.004116729
Epoch:17, Time:1ms, TotalError:0.17595981, ErrorChange:-0.003887251
Epoch:18, Time:2ms, TotalError:0.17230168, ErrorChange:-0.0036581308
Epoch:19, Time:1ms, TotalError:0.16888241, ErrorChange:-0.0034192652
Epoch:20, Time:2ms, TotalError:0.16570887, ErrorChange:-0.003173545
Epoch:21, Time:2ms, TotalError:0.1627778, ErrorChange:-0.0029310733
Epoch:22, Time:2ms, TotalError:0.16007438, ErrorChange:-0.0027034134
Epoch:23, Time:2ms, TotalError:0.15757683, ErrorChange:-0.0024975538
Epoch:24, Time:2ms, TotalError:0.15526111, ErrorChange:-0.002315715
Epoch:25, Time:1ms, TotalError:0.15310524, ErrorChange:-0.0021558702
Epoch:26, Time:2ms, TotalError:0.1510899, ErrorChange:-0.0020153373
Epoch:27, Time:2ms, TotalError:0.1491993, ErrorChange:-0.0018905997
Epoch:28, Time:1ms, TotalError:0.1474211, ErrorChange:-0.0017782003
Epoch:29, Time:2ms, TotalError:0.14574449, ErrorChange:-0.001676619
Epoch:30, Time:2ms, TotalError:0.14416109, ErrorChange:-0.0015833974
Epoch:31, Time:3ms, TotalError:0.14266323, ErrorChange:-0.0014978647
Epoch:32, Time:2ms, TotalError:0.1412448, ErrorChange:-0.0014184266
Epoch:33, Time:3ms, TotalError:0.13989991, ErrorChange:-0.0013448894
Epoch:34, Time:3ms, TotalError:0.13862361, ErrorChange:-0.0012762994
Epoch:35, Time:2ms, TotalError:0.13741107, ErrorChange:-0.0012125373
Epoch:36, Time:1ms, TotalError:0.13625796, ErrorChange:-0.0011531115
Epoch:37, Time:2ms, TotalError:0.1351604, ErrorChange:-0.0010975599
Epoch:38, Time:2ms, TotalError:0.13411456, ErrorChange:-0.001045838
Epoch:39, Time:2ms, TotalError:0.13311692, ErrorChange:-9.976476E-4
Epoch:40, Time:1ms, TotalError:0.13216406, ErrorChange:-9.5285475E-4
Epoch:41, Time:2ms, TotalError:0.13125317, ErrorChange:-9.108931E-4
Epoch:42, Time:2ms, TotalError:0.13038117, ErrorChange:-8.7200105E-4
Epoch:43, Time:2ms, TotalError:0.1295454, ErrorChange:-8.357614E-4
Epoch:44, Time:3ms, TotalError:0.12874343, ErrorChange:-8.019805E-4
Epoch:45, Time:2ms, TotalError:0.1279727, ErrorChange:-7.7071786E-4
Epoch:46, Time:3ms, TotalError:0.12723131, ErrorChange:-7.413924E-4
Epoch:47, Time:2ms, TotalError:0.12651722, ErrorChange:-7.1409345E-4
Epoch:48, Time:1ms, TotalError:0.12582844, ErrorChange:-6.887764E-4
Epoch:49, Time:2ms, TotalError:0.12516333, ErrorChange:-6.6511333E-4
Epoch:50, Time:2ms, TotalError:0.12452025, ErrorChange:-6.4308196E-4
Epoch:51, Time:1ms, TotalError:0.12389785, ErrorChange:-6.2239915E-4
Epoch:52, Time:1ms, TotalError:0.1232947, ErrorChange:-6.0314685E-4
Epoch:53, Time:1ms, TotalError:0.12270957, ErrorChange:-5.8513135E-4
Epoch:54, Time:2ms, TotalError:0.1221415, ErrorChange:-5.680695E-4
Epoch:55, Time:2ms, TotalError:0.12158922, ErrorChange:-5.5228174E-4
Epoch:56, Time:3ms, TotalError:0.121051885, ErrorChange:-5.373359E-4
Epoch:57, Time:3ms, TotalError:0.120528676, ErrorChange:-5.232096E-4
Epoch:58, Time:2ms, TotalError:0.12001862, ErrorChange:-5.100593E-4
Epoch:59, Time:2ms, TotalError:0.119521074, ErrorChange:-4.975423E-4
Epoch:60, Time:3ms, TotalError:0.119035475, ErrorChange:-4.8559904E-4
Epoch:61, Time:3ms, TotalError:0.11856101, ErrorChange:-4.7446787E-4
Epoch:62, Time:3ms, TotalError:0.11809706, ErrorChange:-4.6394765E-4
Epoch:63, Time:3ms, TotalError:0.11764322, ErrorChange:-4.5383722E-4
Epoch:64, Time:3ms, TotalError:0.11719907, ErrorChange:-4.4415146E-4
Epoch:65, Time:2ms, TotalError:0.11676397, ErrorChange:-4.35099E-4
Epoch:66, Time:2ms, TotalError:0.11633764, ErrorChange:-4.2632967E-4
Epoch:67, Time:2ms, TotalError:0.11591961, ErrorChange:-4.1802973E-4
Epoch:68, Time:4ms, TotalError:0.11550963, ErrorChange:-4.099831E-4
Epoch:69, Time:1ms, TotalError:0.11510713, ErrorChange:-4.0250272E-4
Epoch:70, Time:1ms, TotalError:0.114712015, ErrorChange:-3.9511174E-4
Epoch:71, Time:1ms, TotalError:0.11432395, ErrorChange:-3.880635E-4
Epoch:72, Time:1ms, TotalError:0.1139427, ErrorChange:-3.8125366E-4
Epoch:73, Time:1ms, TotalError:0.113567814, ErrorChange:-3.748834E-4
Epoch:74, Time:1ms, TotalError:0.11319927, ErrorChange:-3.6854297E-4
Epoch:75, Time:1ms, TotalError:0.11283684, ErrorChange:-3.624335E-4
Epoch:76, Time:1ms, TotalError:0.112480246, ErrorChange:-3.5659224E-4
Epoch:77, Time:1ms, TotalError:0.11212922, ErrorChange:-3.5102665E-4
Epoch:78, Time:1ms, TotalError:0.111783735, ErrorChange:-3.4548342E-4
Epoch:79, Time:1ms, TotalError:0.11144356, ErrorChange:-3.401786E-4
Epoch:80, Time:0ms, TotalError:0.111108534, ErrorChange:-3.350228E-4
Epoch:81, Time:1ms, TotalError:0.11077848, ErrorChange:-3.3005327E-4
Epoch:82, Time:2ms, TotalError:0.11045346, ErrorChange:-3.2502413E-4
Epoch:83, Time:17ms, TotalError:0.11013302, ErrorChange:-3.2043457E-4
Epoch:84, Time:1ms, TotalError:0.10981715, ErrorChange:-3.1587481E-4
Epoch:85, Time:1ms, TotalError:0.1095059, ErrorChange:-3.11248E-4
Epoch:86, Time:1ms, TotalError:0.109199, ErrorChange:-3.0689687E-4
Epoch:87, Time:1ms, TotalError:0.10889623, ErrorChange:-3.0276924E-4
Epoch:88, Time:1ms, TotalError:0.108597785, ErrorChange:-2.984479E-4
Epoch:89, Time:1ms, TotalError:0.108303405, ErrorChange:-2.943799E-4
Epoch:90, Time:1ms, TotalError:0.108012974, ErrorChange:-2.9043108E-4
Epoch:91, Time:1ms, TotalError:0.10772641, ErrorChange:-2.8656423E-4
Epoch:92, Time:1ms, TotalError:0.10744373, ErrorChange:-2.8268248E-4
Epoch:93, Time:4ms, TotalError:0.10716465, ErrorChange:-2.790764E-4
Epoch:94, Time:1ms, TotalError:0.10688941, ErrorChange:-2.7523935E-4
Epoch:95, Time:1ms, TotalError:0.106617585, ErrorChange:-2.7182698E-4
Epoch:96, Time:1ms, TotalError:0.1063494, ErrorChange:-2.6818365E-4
Epoch:97, Time:1ms, TotalError:0.106084615, ErrorChange:-2.6478618E-4
Epoch:98, Time:0ms, TotalError:0.10582322, ErrorChange:-2.6139617E-4
Epoch:99, Time:1ms, TotalError:0.105565205, ErrorChange:-2.580136E-4
Epoch:100, Time:1ms, TotalError:0.10531044, ErrorChange:-2.5476515E-4
Epoch:101, Time:1ms, TotalError:0.10505883, ErrorChange:-2.5161356E-4
Epoch:102, Time:1ms, TotalError:0.10481044, ErrorChange:-2.4838746E-4
Epoch:103, Time:1ms, TotalError:0.1045651, ErrorChange:-2.4534017E-4
Epoch:104, Time:1ms, TotalError:0.104322895, ErrorChange:-2.4220347E-4
Epoch:105, Time:1ms, TotalError:0.10408358, ErrorChange:-2.3931265E-4
Epoch:106, Time:1ms, TotalError:0.103847295, ErrorChange:-2.3628771E-4
Epoch:107, Time:1ms, TotalError:0.10361388, ErrorChange:-2.3341179E-4
Epoch:108, Time:1ms, TotalError:0.10338339, ErrorChange:-2.3049116E-4
Epoch:109, Time:1ms, TotalError:0.103155784, ErrorChange:-2.2760779E-4
Epoch:110, Time:1ms, TotalError:0.102930896, ErrorChange:-2.2488832E-4
Epoch:111, Time:1ms, TotalError:0.10270875, ErrorChange:-2.2214651E-4
Epoch:112, Time:1ms, TotalError:0.102489285, ErrorChange:-2.194643E-4
Epoch:113, Time:2ms, TotalError:0.10227241, ErrorChange:-2.168715E-4
Epoch:114, Time:1ms, TotalError:0.10205826, ErrorChange:-2.1415204E-4
Epoch:115, Time:1ms, TotalError:0.10184673, ErrorChange:-2.1152943E-4
Epoch:116, Time:2ms, TotalError:0.10163773, ErrorChange:-2.0900369E-4
Epoch:117, Time:1ms, TotalError:0.101431206, ErrorChange:-2.0652264E-4
Epoch:118, Time:1ms, TotalError:0.10122726, ErrorChange:-2.0394474E-4
Epoch:119, Time:1ms, TotalError:0.10102579, ErrorChange:-2.0147115E-4
Epoch:120, Time:3ms, TotalError:0.10082664, ErrorChange:-1.9914657E-4
Epoch:121, Time:1ms, TotalError:0.100629866, ErrorChange:-1.9677728E-4
Epoch:122, Time:1ms, TotalError:0.1004355, ErrorChange:-1.943633E-4
Epoch:123, Time:1ms, TotalError:0.1002435, ErrorChange:-1.9200146E-4
Epoch:124, Time:1ms, TotalError:0.10005384, ErrorChange:-1.8966198E-4
Epoch:125, Time:3ms, TotalError:0.099866375, ErrorChange:-1.8746406E-4
Total Training Time: 562ms
Epoch:1, Time:149ms, TotalError:1.1418246, ErrorChange:1.1418246
Epoch:2, Time:8ms, TotalError:0.9200789, ErrorChange:-0.22174573
Epoch:3, Time:6ms, TotalError:0.5849198, ErrorChange:-0.33515906
Epoch:4, Time:4ms, TotalError:0.44952244, ErrorChange:-0.13539737
Epoch:5, Time:3ms, TotalError:0.37809408, ErrorChange:-0.07142836
Epoch:6, Time:2ms, TotalError:0.32890514, ErrorChange:-0.04918894
Epoch:7, Time:2ms, TotalError:0.29464898, ErrorChange:-0.03425616
Epoch:8, Time:1ms, TotalError:0.2703631, ErrorChange:-0.024285883
Epoch:9, Time:2ms, TotalError:0.25262257, ErrorChange:-0.017740518
Epoch:10, Time:1ms, TotalError:0.2393154, ErrorChange:-0.013307169
Epoch:11, Time:18ms, TotalError:0.22898026, ErrorChange:-0.010335147
Epoch:12, Time:2ms, TotalError:0.22060339, ErrorChange:-0.008376867
Epoch:13, Time:1ms, TotalError:0.21352024, ErrorChange:-0.0070831478
Epoch:14, Time:2ms, TotalError:0.207328, ErrorChange:-0.006192237
Epoch:15, Time:1ms, TotalError:0.2017943, ErrorChange:-0.00553371
Epoch:16, Time:2ms, TotalError:0.1967661, ErrorChange:-0.005028203
Epoch:17, Time:2ms, TotalError:0.1921183, ErrorChange:-0.0046477914
Epoch:18, Time:2ms, TotalError:0.18775661, ErrorChange:-0.004361689
Epoch:19, Time:2ms, TotalError:0.18363221, ErrorChange:-0.004124403
Epoch:20, Time:1ms, TotalError:0.17973801, ErrorChange:-0.003894195
Epoch:21, Time:2ms, TotalError:0.17608592, ErrorChange:-0.0036520958
Epoch:22, Time:2ms, TotalError:0.17268546, ErrorChange:-0.00340046
Epoch:23, Time:2ms, TotalError:0.16953395, ErrorChange:-0.0031515062
Epoch:24, Time:2ms, TotalError:0.1666176, ErrorChange:-0.002916351
Epoch:25, Time:1ms, TotalError:0.16391596, ErrorChange:-0.0027016401
Epoch:26, Time:2ms, TotalError:0.16140696, ErrorChange:-0.002508998
Epoch:27, Time:1ms, TotalError:0.15906991, ErrorChange:-0.0023370534
Epoch:28, Time:2ms, TotalError:0.15688583, ErrorChange:-0.002184078
Epoch:29, Time:1ms, TotalError:0.15483879, ErrorChange:-0.002047047
Epoch:30, Time:2ms, TotalError:0.15291539, ErrorChange:-0.0019233972
Epoch:31, Time:1ms, TotalError:0.15110365, ErrorChange:-0.0018117428
Epoch:32, Time:1ms, TotalError:0.14939414, ErrorChange:-0.0017095059
Epoch:33, Time:2ms, TotalError:0.14777838, ErrorChange:-0.0016157627
Epoch:34, Time:1ms, TotalError:0.14624941, ErrorChange:-0.0015289634
Epoch:35, Time:1ms, TotalError:0.14480045, ErrorChange:-0.0014489591
Epoch:36, Time:2ms, TotalError:0.14342593, ErrorChange:-0.0013745278
Epoch:37, Time:2ms, TotalError:0.14212047, ErrorChange:-0.0013054609
Epoch:38, Time:1ms, TotalError:0.14087924, ErrorChange:-0.001241222
Epoch:39, Time:2ms, TotalError:0.1396979, ErrorChange:-0.0011813492
Epoch:40, Time:2ms, TotalError:0.1385721, ErrorChange:-0.0011257976
Epoch:41, Time:1ms, TotalError:0.13749813, ErrorChange:-0.0010739714
Epoch:42, Time:1ms, TotalError:0.13647228, ErrorChange:-0.0010258406
Epoch:43, Time:1ms, TotalError:0.13549142, ErrorChange:-9.808689E-4
Epoch:44, Time:2ms, TotalError:0.13455233, ErrorChange:-9.390861E-4
Epoch:45, Time:1ms, TotalError:0.13365236, ErrorChange:-8.9997053E-4
Epoch:46, Time:1ms, TotalError:0.13278879, ErrorChange:-8.63567E-4
Epoch:47, Time:1ms, TotalError:0.13195932, ErrorChange:-8.2947314E-4
Epoch:48, Time:1ms, TotalError:0.13116193, ErrorChange:-7.9739094E-4
Epoch:49, Time:1ms, TotalError:0.13039438, ErrorChange:-7.675439E-4
Epoch:50, Time:1ms, TotalError:0.12965512, ErrorChange:-7.392615E-4
Epoch:51, Time:1ms, TotalError:0.1289423, ErrorChange:-7.1282685E-4
Epoch:52, Time:1ms, TotalError:0.12825426, ErrorChange:-6.880313E-4
Epoch:53, Time:1ms, TotalError:0.12758985, ErrorChange:-6.64413E-4
Epoch:54, Time:1ms, TotalError:0.12694749, ErrorChange:-6.4235926E-4
Epoch:55, Time:1ms, TotalError:0.12632607, ErrorChange:-6.214231E-4
Epoch:56, Time:1ms, TotalError:0.12572472, ErrorChange:-6.0135126E-4
Epoch:57, Time:1ms, TotalError:0.12514198, ErrorChange:-5.827397E-4
Epoch:58, Time:1ms, TotalError:0.124577165, ErrorChange:-5.648136E-4
Epoch:59, Time:1ms, TotalError:0.12402943, ErrorChange:-5.477369E-4
Epoch:60, Time:1ms, TotalError:0.12349768, ErrorChange:-5.3174794E-4
Epoch:61, Time:1ms, TotalError:0.1229814, ErrorChange:-5.1628053E-4
Epoch:62, Time:1ms, TotalError:0.12247968, ErrorChange:-5.017221E-4
Epoch:63, Time:0ms, TotalError:0.121992275, ErrorChange:-4.8740208E-4
Epoch:64, Time:1ms, TotalError:0.12151793, ErrorChange:-4.7434866E-4
Epoch:65, Time:1ms, TotalError:0.12105655, ErrorChange:-4.613772E-4
Epoch:66, Time:1ms, TotalError:0.12060737, ErrorChange:-4.491806E-4
Epoch:67, Time:1ms, TotalError:0.12016982, ErrorChange:-4.3755025E-4
Epoch:68, Time:1ms, TotalError:0.119743586, ErrorChange:-4.2623281E-4
Epoch:69, Time:1ms, TotalError:0.11932807, ErrorChange:-4.1551888E-4
Epoch:70, Time:1ms, TotalError:0.118922934, ErrorChange:-4.0513277E-4
Epoch:71, Time:1ms, TotalError:0.11852753, ErrorChange:-3.954023E-4
Epoch:72, Time:1ms, TotalError:0.118141875, ErrorChange:-3.8565695E-4
Epoch:73, Time:1ms, TotalError:0.11776516, ErrorChange:-3.7671626E-4
Epoch:74, Time:1ms, TotalError:0.11739722, ErrorChange:-3.6793947E-4
Epoch:75, Time:1ms, TotalError:0.11703775, ErrorChange:-3.5946816E-4
Epoch:76, Time:0ms, TotalError:0.11668641, ErrorChange:-3.5133958E-4
Epoch:77, Time:1ms, TotalError:0.11634283, ErrorChange:-3.4358352E-4
Epoch:78, Time:1ms, TotalError:0.11600651, ErrorChange:-3.363192E-4
Epoch:79, Time:1ms, TotalError:0.11567767, ErrorChange:-3.2883883E-4
Epoch:80, Time:0ms, TotalError:0.11535544, ErrorChange:-3.2223016E-4
Epoch:81, Time:1ms, TotalError:0.11503995, ErrorChange:-3.1548738E-4
Epoch:82, Time:0ms, TotalError:0.11473087, ErrorChange:-3.090799E-4
Epoch:83, Time:1ms, TotalError:0.11442765, ErrorChange:-3.0322373E-4
Epoch:84, Time:1ms, TotalError:0.11413067, ErrorChange:-2.9698014E-4
Epoch:85, Time:1ms, TotalError:0.11383899, ErrorChange:-2.9167533E-4
Epoch:86, Time:1ms, TotalError:0.11355287, ErrorChange:-2.8612465E-4
Epoch:87, Time:0ms, TotalError:0.11327189, ErrorChange:-2.809763E-4
Epoch:88, Time:1ms, TotalError:0.11299602, ErrorChange:-2.7587265E-4
Epoch:89, Time:1ms, TotalError:0.11272502, ErrorChange:-2.7099997E-4
Epoch:90, Time:0ms, TotalError:0.11245844, ErrorChange:-2.6658177E-4
Epoch:91, Time:1ms, TotalError:0.11219635, ErrorChange:-2.6208907E-4
Epoch:92, Time:1ms, TotalError:0.11193867, ErrorChange:-2.5767833E-4
Epoch:93, Time:1ms, TotalError:0.1116851, ErrorChange:-2.5357306E-4
Epoch:94, Time:1ms, TotalError:0.1114354, ErrorChange:-2.4969876E-4
Epoch:95, Time:0ms, TotalError:0.11118959, ErrorChange:-2.4580956E-4
Epoch:96, Time:1ms, TotalError:0.11094759, ErrorChange:-2.4200231E-4
Epoch:97, Time:1ms, TotalError:0.11070901, ErrorChange:-2.3857504E-4
Epoch:98, Time:0ms, TotalError:0.110474035, ErrorChange:-2.3497641E-4
Epoch:99, Time:1ms, TotalError:0.11024227, ErrorChange:-2.3176521E-4
Epoch:100, Time:0ms, TotalError:0.11001374, ErrorChange:-2.2853166E-4
Epoch:101, Time:1ms, TotalError:0.10978834, ErrorChange:-2.2539496E-4
Epoch:102, Time:0ms, TotalError:0.109565824, ErrorChange:-2.2251904E-4
Epoch:103, Time:1ms, TotalError:0.1093465, ErrorChange:-2.1932274E-4
Epoch:104, Time:1ms, TotalError:0.10912968, ErrorChange:-2.1681935E-4
Epoch:105, Time:1ms, TotalError:0.10891589, ErrorChange:-2.1379441E-4
Epoch:106, Time:0ms, TotalError:0.10870476, ErrorChange:-2.111271E-4
Epoch:107, Time:1ms, TotalError:0.10849592, ErrorChange:-2.0883977E-4
Epoch:108, Time:0ms, TotalError:0.108289786, ErrorChange:-2.0613521E-4
Epoch:109, Time:1ms, TotalError:0.10808609, ErrorChange:-2.0369887E-4
Epoch:110, Time:1ms, TotalError:0.10788466, ErrorChange:-2.0142645E-4
Epoch:111, Time:1ms, TotalError:0.10768547, ErrorChange:-1.9919127E-4
Epoch:112, Time:1ms, TotalError:0.107488476, ErrorChange:-1.9699335E-4
Epoch:113, Time:1ms, TotalError:0.10729378, ErrorChange:-1.9469857E-4
Epoch:114, Time:1ms, TotalError:0.10710077, ErrorChange:-1.9300729E-4
Epoch:115, Time:1ms, TotalError:0.1069099, ErrorChange:-1.9086897E-4
Epoch:116, Time:1ms, TotalError:0.106720895, ErrorChange:-1.8900633E-4
Epoch:117, Time:1ms, TotalError:0.10653364, ErrorChange:-1.8725544E-4
Epoch:118, Time:1ms, TotalError:0.10634801, ErrorChange:-1.8563122E-4
Epoch:119, Time:0ms, TotalError:0.106164046, ErrorChange:-1.8396229E-4
Epoch:120, Time:1ms, TotalError:0.10598162, ErrorChange:-1.8242747E-4
Epoch:121, Time:0ms, TotalError:0.10580042, ErrorChange:-1.8119812E-4
Epoch:122, Time:1ms, TotalError:0.1056205, ErrorChange:-1.7991662E-4
Epoch:123, Time:1ms, TotalError:0.10544195, ErrorChange:-1.7855316E-4
Epoch:124, Time:1ms, TotalError:0.10526414, ErrorChange:-1.778081E-4
Epoch:125, Time:5ms, TotalError:0.10508765, ErrorChange:-1.7648935E-4
Epoch:126, Time:0ms, TotalError:0.104911536, ErrorChange:-1.7611682E-4
Epoch:127, Time:0ms, TotalError:0.10473645, ErrorChange:-1.7508864E-4
Epoch:128, Time:1ms, TotalError:0.10456149, ErrorChange:-1.7495453E-4
Epoch:129, Time:1ms, TotalError:0.10438715, ErrorChange:-1.7434359E-4
Epoch:130, Time:1ms, TotalError:0.10421282, ErrorChange:-1.7432868E-4
Epoch:131, Time:1ms, TotalError:0.10403879, ErrorChange:-1.7403066E-4
Epoch:132, Time:1ms, TotalError:0.1038646, ErrorChange:-1.7418712E-4
Epoch:133, Time:1ms, TotalError:0.10368998, ErrorChange:-1.7461926E-4
Epoch:134, Time:0ms, TotalError:0.103514805, ErrorChange:-1.7517805E-4
Epoch:135, Time:0ms, TotalError:0.10333948, ErrorChange:-1.7532706E-4
Epoch:136, Time:0ms, TotalError:0.10316306, ErrorChange:-1.7641485E-4
Epoch:137, Time:0ms, TotalError:0.102985896, ErrorChange:-1.7716736E-4
Epoch:138, Time:0ms, TotalError:0.10280819, ErrorChange:-1.777038E-4
Epoch:139, Time:1ms, TotalError:0.10262935, ErrorChange:-1.7884374E-4
Epoch:140, Time:1ms, TotalError:0.10244924, ErrorChange:-1.8011034E-4
Epoch:141, Time:1ms, TotalError:0.102268, ErrorChange:-1.8123537E-4
Epoch:142, Time:1ms, TotalError:0.10208587, ErrorChange:-1.8212944E-4
Epoch:143, Time:0ms, TotalError:0.10190287, ErrorChange:-1.8300116E-4
Epoch:144, Time:0ms, TotalError:0.10171847, ErrorChange:-1.8440187E-4
Epoch:145, Time:1ms, TotalError:0.10153334, ErrorChange:-1.8513203E-4
Epoch:146, Time:1ms, TotalError:0.10134705, ErrorChange:-1.8628687E-4
Epoch:147, Time:1ms, TotalError:0.10116079, ErrorChange:-1.8626451E-4
Epoch:148, Time:0ms, TotalError:0.10097369, ErrorChange:-1.8709898E-4
Epoch:149, Time:1ms, TotalError:0.100786276, ErrorChange:-1.874119E-4
Epoch:150, Time:1ms, TotalError:0.10059934, ErrorChange:-1.8693507E-4
Epoch:151, Time:1ms, TotalError:0.10041226, ErrorChange:-1.8708408E-4
Epoch:152, Time:1ms, TotalError:0.10022572, ErrorChange:-1.8654019E-4
Epoch:153, Time:0ms, TotalError:0.1000403, ErrorChange:-1.8541515E-4
Epoch:154, Time:1ms, TotalError:0.099855766, ErrorChange:-1.8453598E-4
Total Training Time: 501ms
