Training convolutional network with MNIST data set
Creating image data set...
Loaded 10 labels
Loaded 2000 images
Number of images by label/class
0 : 191
1 : 213
2 : 195
3 : 197
4 : 213
5 : 174
6 : 201
7 : 199
8 : 199
9 : 208
Splitting data set: [0.7, 0.3]
------------------------------------------------
CREATING NEURAL NETWORK
------------------------------------------------
Input Layer { width:28, height:28, depth:3 }
Convolutional Layer { filter width:3, filter height: 3, channels: 6, stride: 1, activation: RELU}
Max Pooling Layer { filter width:2, filter height: 2, stride:2}
Convolutional Layer { filter width:3, filter height: 3, channels: 12, stride: 1, activation: RELU}
Max Pooling Layer { filter width:2, filter height: 2, stride:2}
Fully Connected Layer { width:40 activation:RELU}
Fully Connected Layer { width:30 activation:RELU}
Fully Connected Layer { width:20 activation:RELU}
Output Layer { width:10, activation:SOFTMAX}

Training convolutional network with MNIST data set
Creating image data set...
Loaded 10 labels
Loaded 2000 images
Number of images by label/class
0 : 191
1 : 213
2 : 195
3 : 197
4 : 213
5 : 174
6 : 201
7 : 199
8 : 199
9 : 208
Splitting data set: [0.7, 0.3]
------------------------------------------------
CREATING NEURAL NETWORK
------------------------------------------------
Input Layer { width:28, height:28, depth:3 }
Convolutional Layer { filter width:3, filter height: 3, channels: 6, stride: 1, activation: RELU}
Max Pooling Layer { filter width:2, filter height: 2, stride:2}
Convolutional Layer { filter width:3, filter height: 3, channels: 12, stride: 1, activation: RELU}
Max Pooling Layer { filter width:2, filter height: 2, stride:2}
Fully Connected Layer { width:40 activation:RELU}
Fully Connected Layer { width:30 activation:RELU}
Fully Connected Layer { width:20 activation:RELU}
Output Layer { width:10, activation:SOFTMAX}

Splitting data set: [0.8, 0.2]
------------------------------------------------------------------------
TRAINING NEURAL NETWORK
------------------------------------------------------------------------
Epoch:1, Time:4529ms, TrainError:2.2470124, TrainErrorChange:2.2470124, Train Accuracy: 0.0, Validation Error:2.0384755, Validation Accuracy: 0.0
Epoch:2, Time:4488ms, TrainError:1.5915744, TrainErrorChange:-0.65543795, Train Accuracy: 0.29577094, Validation Error:1.2582296, Validation Accuracy: 0.3152871
Epoch:3, Time:4457ms, TrainError:0.97238714, TrainErrorChange:-0.6191873, Train Accuracy: 0.4184169, Validation Error:1.0408486, Validation Accuracy: 0.43576613
Epoch:4, Time:4403ms, TrainError:0.721356, TrainErrorChange:-0.25103116, Train Accuracy: 0.5153715, Validation Error:0.8970225, Validation Accuracy: 0.5078608
Epoch:5, Time:4346ms, TrainError:0.5453714, TrainErrorChange:-0.17598456, Train Accuracy: 0.5538991, Validation Error:0.8423433, Validation Accuracy: 0.5696701
Epoch:6, Time:4245ms, TrainError:0.42345676, TrainErrorChange:-0.121914655, Train Accuracy: 0.64519614, Validation Error:0.7530848, Validation Accuracy: 0.5937687
Epoch:7, Time:4385ms, TrainError:0.34178808, TrainErrorChange:-0.081668675, Train Accuracy: 0.6832172, Validation Error:0.72057176, Validation Accuracy: 0.6231202
Epoch:8, Time:4466ms, TrainError:0.2756889, TrainErrorChange:-0.0660992, Train Accuracy: 0.70882976, Validation Error:0.7140715, Validation Accuracy: 0.63228303
Epoch:9, Time:4485ms, TrainError:0.23451132, TrainErrorChange:-0.04117757, Train Accuracy: 0.69511276, Validation Error:0.75337166, Validation Accuracy: 0.6302959
Epoch:10, Time:4349ms, TrainError:0.19209035, TrainErrorChange:-0.04242097, Train Accuracy: 0.7348644, Validation Error:0.7407037, Validation Accuracy: 0.65644294
Epoch:11, Time:4456ms, TrainError:0.15278369, TrainErrorChange:-0.039306656, Train Accuracy: 0.7756344, Validation Error:0.72805816, Validation Accuracy: 0.67731404
Epoch:12, Time:4448ms, TrainError:0.11823412, TrainErrorChange:-0.03454957, Train Accuracy: 0.8268692, Validation Error:0.67330974, Validation Accuracy: 0.69276226
Epoch:13, Time:4390ms, TrainError:0.09167538, TrainErrorChange:-0.026558742, Train Accuracy: 0.796454, Validation Error:0.7539595, Validation Accuracy: 0.68178207
Epoch:14, Time:4658ms, TrainError:0.072508276, TrainErrorChange:-0.019167103, Train Accuracy: 0.81060773, Validation Error:0.75500125, Validation Accuracy: 0.72367173
Epoch:15, Time:6118ms, TrainError:0.06126879, TrainErrorChange:-0.011239484, Train Accuracy: 0.84366, Validation Error:0.7595, Validation Accuracy: 0.71466064
Epoch:16, Time:7152ms, TrainError:0.050241776, TrainErrorChange:-0.011027016, Train Accuracy: 0.9601325, Validation Error:0.6144256, Validation Accuracy: 0.7856336
Epoch:17, Time:4476ms, TrainError:0.04339414, TrainErrorChange:-0.006847635, Train Accuracy: 0.945354, Validation Error:0.688309, Validation Accuracy: 0.7589707
Epoch:18, Time:4427ms, TrainError:0.029179484, TrainErrorChange:-0.014214657, Train Accuracy: 0.9415188, Validation Error:0.7526463, Validation Accuracy: 0.7867771

TRAINING COMPLETED
Total Training Time: 117098ms
------------------------------------------------------------------------
------------------------------------------------
Classification performance measure

TOTAL AVERAGE
Accuracy: 0.7715076
Precision: 0.8785588
F1Score: 0.8785588
Recall: 0.8785588

By Class
Class 0:
TrueNegative: 0.0
Accuracy: 0.8405797
FalsePositive: 4.0
FalseNegative: 7.0
Precision: 0.9354839
F1Score: 0.9354839
TruePositive: 58.0
Recall: 0.9354839

----------------
Class 1:
TrueNegative: 0.0
Accuracy: 0.85057473
FalsePositive: 9.0
FalseNegative: 4.0
Precision: 0.8915663
F1Score: 0.8915663
TruePositive: 74.0
Recall: 0.8915663

----------------
Class 2:
TrueNegative: 0.0
Accuracy: 0.7741935
FalsePositive: 4.0
FalseNegative: 10.0
Precision: 0.9230769
F1Score: 0.9230769
TruePositive: 48.0
Recall: 0.9230769

----------------
Class 3:
TrueNegative: 0.0
Accuracy: 0.6769231
FalsePositive: 15.0
FalseNegative: 6.0
Precision: 0.7457627
F1Score: 0.7457627
TruePositive: 44.0
Recall: 0.7457627

----------------
Class 4:
TrueNegative: 0.0
Accuracy: 0.8548387
FalsePositive: 1.0
FalseNegative: 8.0
Precision: 0.9814815
F1Score: 0.98148143
TruePositive: 53.0
Recall: 0.9814815

----------------
Class 5:
TrueNegative: 0.0
Accuracy: 0.72602737
FalsePositive: 7.0
FalseNegative: 13.0
Precision: 0.8833333
F1Score: 0.8833333
TruePositive: 53.0
Recall: 0.8833333

----------------
Class 6:
TrueNegative: 0.0
Accuracy: 0.84615386
FalsePositive: 6.0
FalseNegative: 4.0
Precision: 0.90163934
F1Score: 0.9016394
TruePositive: 55.0
Recall: 0.90163934

----------------
Class 7:
TrueNegative: 0.0
Accuracy: 0.71666664
FalsePositive: 3.0
FalseNegative: 14.0
Precision: 0.9347826
F1Score: 0.9347826
TruePositive: 43.0
Recall: 0.9347826

----------------
Class 8:
TrueNegative: 0.0
Accuracy: 0.70689654
FalsePositive: 11.0
FalseNegative: 6.0
Precision: 0.78846157
F1Score: 0.7884615
TruePositive: 41.0
Recall: 0.78846157

----------------
Class 9:
TrueNegative: 0.0
Accuracy: 0.7222222
FalsePositive: 13.0
FalseNegative: 7.0
Precision: 0.8
F1Score: 0.8000001
TruePositive: 52.0
Recall: 0.8

----------------
CONFUSION MATRIX
          none      0      1      2      3      4      5      6      7      8      9
   none      0      0      0      0      0      0      0      0      0      0      0
      0      2     58      0      0      0      0      2      0      0      2      1
      1      0      0     74      2      2      0      0      0      0      0      0
      2      0      0      0     48      4      1      0      2      1      2      0
      3      0      0      0      1     44      0      3      0      1      0      1
      4      0      0      0      0      0     53      0      2      0      0      6
      5      1      1      4      0      3      0     53      1      0      3      0
      6      0      1      0      0      0      0      0     55      0      3      0
      7      1      2      1      0      3      0      2      0     43      0      5
      8      2      0      0      0      3      0      0      1      0     41      0
      9      0      0      4      1      0      0      0      0      1      1     52

