Loading images...
Loaded 93 images
Creating neural network...
Training neural network
Epoch:1, Time:592ms, TotalError:28.570953, ErrorChange:28.570953
Epoch:2, Time:462ms, TotalError:3.4619944, ErrorChange:-25.10896
Epoch:3, Time:432ms, TotalError:1.8769101, ErrorChange:-1.5850843
Epoch:4, Time:438ms, TotalError:1.4912786, ErrorChange:-0.38563144
Epoch:5, Time:430ms, TotalError:1.3075656, ErrorChange:-0.18371308
Epoch:6, Time:435ms, TotalError:1.1993887, ErrorChange:-0.10817683
Epoch:7, Time:436ms, TotalError:1.1263074, ErrorChange:-0.073081374
Epoch:8, Time:438ms, TotalError:1.0728637, ErrorChange:-0.05344367
Epoch:9, Time:452ms, TotalError:1.0309438, ErrorChange:-0.041919947
Epoch:10, Time:436ms, TotalError:0.99660635, ErrorChange:-0.0343374
Epoch:11, Time:434ms, TotalError:0.9675801, ErrorChange:-0.02902627
Epoch:12, Time:438ms, TotalError:0.9423845, ErrorChange:-0.025195599
Epoch:13, Time:436ms, TotalError:NaN, ErrorChange:NaN
Epoch:14, Time:438ms, TotalError:NaN, ErrorChange:NaN
Epoch:15, Time:434ms, TotalError:NaN, ErrorChange:NaN
Epoch:16, Time:436ms, TotalError:NaN, ErrorChange:NaN
Epoch:17, Time:434ms, TotalError:NaN, ErrorChange:NaN
Epoch:18, Time:444ms, TotalError:NaN, ErrorChange:NaN
Epoch:19, Time:437ms, TotalError:NaN, ErrorChange:NaN
Epoch:20, Time:440ms, TotalError:NaN, ErrorChange:NaN
Epoch:21, Time:440ms, TotalError:NaN, ErrorChange:NaN
Epoch:22, Time:438ms, TotalError:NaN, ErrorChange:NaN
Epoch:23, Time:436ms, TotalError:NaN, ErrorChange:NaN
Epoch:24, Time:437ms, TotalError:NaN, ErrorChange:NaN
Epoch:25, Time:439ms, TotalError:NaN, ErrorChange:NaN
Epoch:26, Time:436ms, TotalError:NaN, ErrorChange:NaN
Epoch:27, Time:434ms, TotalError:NaN, ErrorChange:NaN
Loading images...
Loaded 93 images
Creating neural network...
Training neural network
Epoch:1, Time:631ms, TotalError:0.30721456, ErrorChange:0.30721456
Epoch:2, Time:443ms, TotalError:0.037225746, ErrorChange:-0.2699888
Epoch:3, Time:473ms, TotalError:0.02018183, ErrorChange:-0.017043917
Epoch:4, Time:444ms, TotalError:0.016035255, ErrorChange:-0.004146574
Total Training Time: 1993ms
Loaded 19 images
Epoch:1, Time:401ms, TotalError:0.713213, ErrorChange:0.713213
Epoch:2, Time:218ms, TotalError:0.70929533, ErrorChange:-0.003917694
Epoch:3, Time:223ms, TotalError:0.7062898, ErrorChange:-0.0030055046
Epoch:4, Time:214ms, TotalError:0.70337325, ErrorChange:-0.0029165745
Epoch:5, Time:217ms, TotalError:0.700943, ErrorChange:-0.0024302602
Epoch:6, Time:218ms, TotalError:0.69882697, ErrorChange:-0.0021160245
Epoch:7, Time:217ms, TotalError:0.6968174, ErrorChange:-0.0020095706
Epoch:8, Time:215ms, TotalError:0.69551903, ErrorChange:-0.001298368
Epoch:9, Time:217ms, TotalError:0.6944281, ErrorChange:-0.0010909438
Epoch:10, Time:214ms, TotalError:0.69341165, ErrorChange:-0.001016438
Epoch:11, Time:220ms, TotalError:0.692509, ErrorChange:-9.0265274E-4
Epoch:12, Time:218ms, TotalError:0.69159275, ErrorChange:-9.162426E-4
Epoch:13, Time:217ms, TotalError:0.69076955, ErrorChange:-8.2319975E-4
Epoch:14, Time:215ms, TotalError:0.6899633, ErrorChange:-8.0627203E-4
Epoch:15, Time:216ms, TotalError:0.68920374, ErrorChange:-7.59542E-4
Epoch:16, Time:216ms, TotalError:0.6884333, ErrorChange:-7.7044964E-4
Epoch:17, Time:217ms, TotalError:0.68755007, ErrorChange:-8.832216E-4
Epoch:18, Time:217ms, TotalError:0.6868328, ErrorChange:-7.172823E-4
Epoch:19, Time:215ms, TotalError:0.6860479, ErrorChange:-7.8487396E-4
Epoch:20, Time:221ms, TotalError:0.68518525, ErrorChange:-8.62658E-4
Epoch:21, Time:218ms, TotalError:0.6842091, ErrorChange:-9.7614527E-4
Epoch:22, Time:215ms, TotalError:0.6830062, ErrorChange:-0.0012028813
Epoch:23, Time:215ms, TotalError:0.6816515, ErrorChange:-0.001354754
Epoch:24, Time:215ms, TotalError:0.6800784, ErrorChange:-0.0015730858
Epoch:25, Time:215ms, TotalError:0.6788329, ErrorChange:-0.0012454987
Epoch:26, Time:215ms, TotalError:0.6774958, ErrorChange:-0.001337111
Epoch:27, Time:215ms, TotalError:0.6761104, ErrorChange:-0.0013853908
Epoch:28, Time:214ms, TotalError:0.6746887, ErrorChange:-0.00142169
Epoch:29, Time:215ms, TotalError:0.6730503, ErrorChange:-0.0016384125
Epoch:30, Time:217ms, TotalError:0.6710774, ErrorChange:-0.0019729137
Epoch:31, Time:218ms, TotalError:0.66893137, ErrorChange:-0.0021460056
Epoch:32, Time:219ms, TotalError:0.6664951, ErrorChange:-0.0024362803
Epoch:33, Time:213ms, TotalError:0.6636027, ErrorChange:-0.002892375
Epoch:34, Time:215ms, TotalError:0.66011095, ErrorChange:-0.0034917593
Epoch:35, Time:213ms, TotalError:0.65633756, ErrorChange:-0.0037733912
Epoch:36, Time:212ms, TotalError:0.6518077, ErrorChange:-0.004529834
Epoch:37, Time:214ms, TotalError:0.6462712, ErrorChange:-0.0055364966
Epoch:38, Time:214ms, TotalError:0.63997924, ErrorChange:-0.0062919855
Epoch:39, Time:215ms, TotalError:0.63268965, ErrorChange:-0.0072895885
Epoch:40, Time:212ms, TotalError:0.62406045, ErrorChange:-0.008629203
Epoch:41, Time:213ms, TotalError:0.61419475, ErrorChange:-0.009865701
Epoch:42, Time:214ms, TotalError:0.60265046, ErrorChange:-0.011544287
Epoch:43, Time:217ms, TotalError:0.58832973, ErrorChange:-0.014320731
Epoch:44, Time:214ms, TotalError:0.57059205, ErrorChange:-0.017737687
Epoch:45, Time:214ms, TotalError:0.55215687, ErrorChange:-0.01843518
Epoch:46, Time:214ms, TotalError:0.5320703, ErrorChange:-0.020086586
Epoch:47, Time:212ms, TotalError:0.5098576, ErrorChange:-0.022212684
Epoch:48, Time:215ms, TotalError:0.48838982, ErrorChange:-0.021467775
Epoch:49, Time:221ms, TotalError:0.46991745, ErrorChange:-0.018472373
Epoch:50, Time:217ms, TotalError:0.45228064, ErrorChange:-0.017636806
Epoch:51, Time:216ms, TotalError:0.43565676, ErrorChange:-0.016623884
Epoch:52, Time:225ms, TotalError:0.42079726, ErrorChange:-0.014859498
Epoch:53, Time:215ms, TotalError:0.4060484, ErrorChange:-0.014748871
Epoch:54, Time:224ms, TotalError:0.39244795, ErrorChange:-0.013600439
Epoch:55, Time:215ms, TotalError:0.3793075, ErrorChange:-0.01314044
Epoch:56, Time:215ms, TotalError:0.36404088, ErrorChange:-0.015266627
Epoch:57, Time:216ms, TotalError:0.3484495, ErrorChange:-0.015591383
Epoch:58, Time:214ms, TotalError:0.33275896, ErrorChange:-0.015690535
Epoch:59, Time:215ms, TotalError:0.31691512, ErrorChange:-0.015843838
Epoch:60, Time:214ms, TotalError:0.30288467, ErrorChange:-0.014030457
Epoch:61, Time:215ms, TotalError:0.2894561, ErrorChange:-0.013428569
Epoch:62, Time:218ms, TotalError:0.27690086, ErrorChange:-0.012555242
Epoch:63, Time:215ms, TotalError:0.26517442, ErrorChange:-0.011726439
Epoch:64, Time:213ms, TotalError:0.2540484, ErrorChange:-0.011126012
Epoch:65, Time:216ms, TotalError:0.24468924, ErrorChange:-0.009359166
Epoch:66, Time:220ms, TotalError:0.2351467, ErrorChange:-0.00954254
Epoch:67, Time:217ms, TotalError:0.22600397, ErrorChange:-0.009142727
Epoch:68, Time:225ms, TotalError:0.21813077, ErrorChange:-0.007873207
Epoch:69, Time:215ms, TotalError:0.21016535, ErrorChange:-0.007965416
Epoch:70, Time:217ms, TotalError:0.20354615, ErrorChange:-0.0066192
Epoch:71, Time:216ms, TotalError:0.19692202, ErrorChange:-0.0066241324
Epoch:72, Time:216ms, TotalError:0.19125944, ErrorChange:-0.0056625754
Epoch:73, Time:215ms, TotalError:0.18547826, ErrorChange:-0.0057811886
Epoch:74, Time:215ms, TotalError:0.18071686, ErrorChange:-0.004761398
Epoch:75, Time:217ms, TotalError:0.17573911, ErrorChange:-0.004977748
Epoch:76, Time:217ms, TotalError:0.17094426, ErrorChange:-0.004794851
Epoch:77, Time:215ms, TotalError:0.16669533, ErrorChange:-0.004248932
Epoch:78, Time:217ms, TotalError:0.1628131, ErrorChange:-0.0038822293
Epoch:79, Time:215ms, TotalError:0.15867548, ErrorChange:-0.0041376203
Epoch:80, Time:218ms, TotalError:0.15491123, ErrorChange:-0.003764242
Epoch:81, Time:217ms, TotalError:0.1514747, ErrorChange:-0.0034365356
Epoch:82, Time:214ms, TotalError:0.14785907, ErrorChange:-0.0036156327
Epoch:83, Time:217ms, TotalError:0.14479911, ErrorChange:-0.0030599535
Epoch:84, Time:216ms, TotalError:0.1414239, ErrorChange:-0.0033752173
Epoch:85, Time:219ms, TotalError:0.1388533, ErrorChange:-0.0025705993
Epoch:86, Time:217ms, TotalError:0.1357471, ErrorChange:-0.0031061918
Epoch:87, Time:217ms, TotalError:0.13306753, ErrorChange:-0.0026795715
Epoch:88, Time:219ms, TotalError:0.13016038, ErrorChange:-0.002907157
Epoch:89, Time:219ms, TotalError:0.12780784, ErrorChange:-0.0023525357
Epoch:90, Time:216ms, TotalError:0.124965206, ErrorChange:-0.002842635
Epoch:91, Time:217ms, TotalError:0.12234508, ErrorChange:-0.0026201233
Epoch:92, Time:216ms, TotalError:0.12020395, ErrorChange:-0.002141133
Epoch:93, Time:214ms, TotalError:0.117682695, ErrorChange:-0.0025212541
Epoch:94, Time:216ms, TotalError:0.115348354, ErrorChange:-0.0023343414
Epoch:95, Time:213ms, TotalError:0.1128818, ErrorChange:-0.002466552
Epoch:96, Time:214ms, TotalError:0.11091265, ErrorChange:-0.0019691512
Epoch:97, Time:218ms, TotalError:0.108607866, ErrorChange:-0.002304785
Epoch:98, Time:216ms, TotalError:0.106404014, ErrorChange:-0.002203852
Epoch:99, Time:213ms, TotalError:0.10446654, ErrorChange:-0.0019374713
Epoch:100, Time:216ms, TotalError:0.10231934, ErrorChange:-0.0021472052
Epoch:101, Time:214ms, TotalError:0.10052409, ErrorChange:-0.0017952472
Epoch:102, Time:212ms, TotalError:0.09823168, ErrorChange:-0.0022924095
Epoch:103, Time:221ms, TotalError:0.09686627, ErrorChange:-0.0013654083
Epoch:104, Time:216ms, TotalError:0.094808534, ErrorChange:-0.0020577386
Epoch:105, Time:213ms, TotalError:0.093084596, ErrorChange:-0.0017239377
Epoch:106, Time:218ms, TotalError:0.091482185, ErrorChange:-0.0016024113
Epoch:107, Time:223ms, TotalError:0.08945429, ErrorChange:-0.0020278916
Epoch:108, Time:217ms, TotalError:0.08834241, ErrorChange:-0.00111188
Epoch:109, Time:213ms, TotalError:0.08639903, ErrorChange:-0.0019433796
Epoch:110, Time:268ms, TotalError:0.08484781, ErrorChange:-0.0015512258
Epoch:111, Time:257ms, TotalError:0.08323723, ErrorChange:-0.0016105771
Epoch:112, Time:241ms, TotalError:0.08172249, ErrorChange:-0.0015147403
Epoch:113, Time:217ms, TotalError:0.080230474, ErrorChange:-0.001492016
Epoch:114, Time:213ms, TotalError:0.07863333, ErrorChange:-0.0015971437
Epoch:115, Time:214ms, TotalError:0.07765144, ErrorChange:-9.818897E-4
Epoch:116, Time:214ms, TotalError:0.076135844, ErrorChange:-0.0015155971
Epoch:117, Time:214ms, TotalError:0.07477073, ErrorChange:-0.0013651103
Epoch:118, Time:214ms, TotalError:0.07349667, ErrorChange:-0.0012740642
Epoch:119, Time:216ms, TotalError:0.07236668, ErrorChange:-0.0011299923
Epoch:120, Time:213ms, TotalError:0.07121482, ErrorChange:-0.0011518598
Epoch:121, Time:213ms, TotalError:0.07005566, ErrorChange:-0.0011591539
Epoch:122, Time:214ms, TotalError:0.06901075, ErrorChange:-0.0010449141
Epoch:123, Time:213ms, TotalError:0.06735769, ErrorChange:-0.0016530603
Epoch:124, Time:236ms, TotalError:0.065304585, ErrorChange:-0.0020531043
Epoch:125, Time:250ms, TotalError:0.06343861, ErrorChange:-0.0018659756
Epoch:126, Time:215ms, TotalError:0.061941605, ErrorChange:-0.0014970042
Epoch:127, Time:213ms, TotalError:0.060236342, ErrorChange:-0.0017052628
Epoch:128, Time:217ms, TotalError:0.058864556, ErrorChange:-0.001371786
Epoch:129, Time:221ms, TotalError:0.05739479, ErrorChange:-0.0014697649
Epoch:130, Time:213ms, TotalError:0.056079112, ErrorChange:-0.0013156794
Epoch:131, Time:214ms, TotalError:0.05467224, ErrorChange:-0.0014068708
Epoch:132, Time:213ms, TotalError:0.053500604, ErrorChange:-0.0011716373
Epoch:133, Time:219ms, TotalError:0.052232016, ErrorChange:-0.001268588
Epoch:134, Time:213ms, TotalError:0.051031724, ErrorChange:-0.0012002923
Epoch:135, Time:221ms, TotalError:0.049881052, ErrorChange:-0.0011506714
Epoch:136, Time:219ms, TotalError:0.04877055, ErrorChange:-0.0011105016
Epoch:137, Time:220ms, TotalError:0.04769783, ErrorChange:-0.0010727197
Epoch:138, Time:218ms, TotalError:0.04667456, ErrorChange:-0.0010232702
Epoch:139, Time:227ms, TotalError:0.045686778, ErrorChange:-9.877831E-4
Epoch:140, Time:217ms, TotalError:0.044730064, ErrorChange:-9.5671415E-4
Epoch:141, Time:220ms, TotalError:0.043797206, ErrorChange:-9.328574E-4
Epoch:142, Time:218ms, TotalError:0.042899817, ErrorChange:-8.973889E-4
Epoch:143, Time:219ms, TotalError:0.042032205, ErrorChange:-8.6761266E-4
Epoch:144, Time:254ms, TotalError:0.041191142, ErrorChange:-8.410625E-4
Epoch:145, Time:215ms, TotalError:0.040378094, ErrorChange:-8.1304833E-4
Epoch:146, Time:218ms, TotalError:0.03959352, ErrorChange:-7.845722E-4
Epoch:147, Time:220ms, TotalError:0.03883363, ErrorChange:-7.5989217E-4
Epoch:148, Time:233ms, TotalError:0.0380856, ErrorChange:-7.4803084E-4
Epoch:149, Time:219ms, TotalError:0.037366364, ErrorChange:-7.1923435E-4
Epoch:150, Time:220ms, TotalError:0.036660958, ErrorChange:-7.0540607E-4
Epoch:151, Time:215ms, TotalError:0.03598127, ErrorChange:-6.7968667E-4
Epoch:152, Time:226ms, TotalError:0.03531489, ErrorChange:-6.663799E-4
Epoch:153, Time:218ms, TotalError:0.034672305, ErrorChange:-6.425865E-4
Epoch:154, Time:219ms, TotalError:0.03403389, ErrorChange:-6.384142E-4
Epoch:155, Time:215ms, TotalError:0.033428144, ErrorChange:-6.057471E-4
Epoch:156, Time:224ms, TotalError:0.032839656, ErrorChange:-5.8848783E-4
Epoch:157, Time:221ms, TotalError:0.032269944, ErrorChange:-5.6971237E-4
Epoch:158, Time:216ms, TotalError:0.031718124, ErrorChange:-5.518198E-4
Epoch:159, Time:216ms, TotalError:0.031180287, ErrorChange:-5.378369E-4
Epoch:160, Time:214ms, TotalError:0.03068183, ErrorChange:-4.984569E-4
Epoch:161, Time:217ms, TotalError:0.030201083, ErrorChange:-4.8074685E-4
Epoch:162, Time:224ms, TotalError:0.029728275, ErrorChange:-4.7280826E-4
Epoch:163, Time:214ms, TotalError:0.029272057, ErrorChange:-4.5621768E-4
Epoch:164, Time:219ms, TotalError:0.02882516, ErrorChange:-4.46897E-4
Epoch:165, Time:218ms, TotalError:0.028388001, ErrorChange:-4.371591E-4
Epoch:166, Time:217ms, TotalError:0.027968058, ErrorChange:-4.1994266E-4
Epoch:167, Time:218ms, TotalError:0.027555063, ErrorChange:-4.12995E-4
Epoch:168, Time:218ms, TotalError:0.027150217, ErrorChange:-4.0484592E-4
Epoch:169, Time:218ms, TotalError:0.026756607, ErrorChange:-3.9361045E-4
Epoch:170, Time:226ms, TotalError:0.026373882, ErrorChange:-3.8272515E-4
Epoch:171, Time:214ms, TotalError:0.025997853, ErrorChange:-3.7602894E-4
Epoch:172, Time:217ms, TotalError:0.025628543, ErrorChange:-3.6931038E-4
Epoch:173, Time:215ms, TotalError:0.025269927, ErrorChange:-3.5861507E-4
Epoch:174, Time:220ms, TotalError:0.024919078, ErrorChange:-3.508497E-4
Epoch:175, Time:217ms, TotalError:0.024574459, ErrorChange:-3.4461915E-4
Epoch:176, Time:217ms, TotalError:0.024239771, ErrorChange:-3.3468753E-4
Epoch:177, Time:217ms, TotalError:0.02391167, ErrorChange:-3.2810122E-4
Epoch:178, Time:216ms, TotalError:0.02359196, ErrorChange:-3.1971E-4
Epoch:179, Time:237ms, TotalError:0.02327801, ErrorChange:-3.139507E-4
Epoch:180, Time:239ms, TotalError:0.022972872, ErrorChange:-3.0513667E-4
Epoch:181, Time:234ms, TotalError:0.022672579, ErrorChange:-3.002938E-4
Epoch:182, Time:216ms, TotalError:0.022377718, ErrorChange:-2.9486045E-4
Epoch:183, Time:215ms, TotalError:0.022090375, ErrorChange:-2.8734282E-4
Epoch:184, Time:215ms, TotalError:0.021807905, ErrorChange:-2.8247014E-4
Epoch:185, Time:218ms, TotalError:0.021530483, ErrorChange:-2.7742237E-4
Epoch:186, Time:216ms, TotalError:0.021261984, ErrorChange:-2.6849844E-4
Epoch:187, Time:216ms, TotalError:0.02099977, ErrorChange:-2.6221387E-4
Epoch:188, Time:218ms, TotalError:0.020740751, ErrorChange:-2.5901943E-4
Epoch:189, Time:218ms, TotalError:0.020488167, ErrorChange:-2.52584E-4
Epoch:190, Time:217ms, TotalError:0.020238513, ErrorChange:-2.4965405E-4
Epoch:191, Time:218ms, TotalError:0.0199936, ErrorChange:-2.4491362E-4
Epoch:192, Time:217ms, TotalError:0.019751862, ErrorChange:-2.4173781E-4
Epoch:193, Time:215ms, TotalError:0.019518213, ErrorChange:-2.3364834E-4
Epoch:194, Time:215ms, TotalError:0.019285543, ErrorChange:-2.3267046E-4
Epoch:195, Time:218ms, TotalError:0.019061973, ErrorChange:-2.2356957E-4
Epoch:196, Time:216ms, TotalError:0.018837556, ErrorChange:-2.2441708E-4
Epoch:197, Time:217ms, TotalError:0.018616755, ErrorChange:-2.2080168E-4
Epoch:198, Time:221ms, TotalError:0.018402228, ErrorChange:-2.1452643E-4
Epoch:199, Time:226ms, TotalError:0.018189738, ErrorChange:-2.1249056E-4
Epoch:200, Time:218ms, TotalError:0.017979218, ErrorChange:-2.1051988E-4
Epoch:201, Time:240ms, TotalError:0.01777716, ErrorChange:-2.0205788E-4
Epoch:202, Time:236ms, TotalError:0.017579373, ErrorChange:-1.9778684E-4
Epoch:203, Time:291ms, TotalError:0.017379105, ErrorChange:-2.0026788E-4
Epoch:204, Time:213ms, TotalError:0.017185358, ErrorChange:-1.9374676E-4
Epoch:205, Time:214ms, TotalError:0.01699499, ErrorChange:-1.9036792E-4
Epoch:206, Time:215ms, TotalError:0.016806288, ErrorChange:-1.8870272E-4
Epoch:207, Time:216ms, TotalError:0.016621206, ErrorChange:-1.8508174E-4
Epoch:208, Time:216ms, TotalError:0.016439745, ErrorChange:-1.8146075E-4
Epoch:209, Time:214ms, TotalError:0.016262805, ErrorChange:-1.7694011E-4
Epoch:210, Time:215ms, TotalError:0.01608862, ErrorChange:-1.7418526E-4
Epoch:211, Time:214ms, TotalError:0.015914368, ErrorChange:-1.7425232E-4
Epoch:212, Time:218ms, TotalError:0.015744455, ErrorChange:-1.6991235E-4
Epoch:213, Time:215ms, TotalError:0.015576902, ErrorChange:-1.6755331E-4
Epoch:214, Time:216ms, TotalError:0.015412864, ErrorChange:-1.6403757E-4
Epoch:215, Time:217ms, TotalError:0.015250062, ErrorChange:-1.6280264E-4
Epoch:216, Time:221ms, TotalError:0.0150904935, ErrorChange:-1.5956815E-4
Epoch:217, Time:217ms, TotalError:0.0149352485, ErrorChange:-1.5524495E-4
Epoch:218, Time:214ms, TotalError:0.014781303, ErrorChange:-1.5394576E-4
Epoch:219, Time:215ms, TotalError:0.014629408, ErrorChange:-1.5189499E-4
Epoch:220, Time:217ms, TotalError:0.014481844, ErrorChange:-1.475634E-4
Epoch:221, Time:235ms, TotalError:0.014335027, ErrorChange:-1.4681742E-4
Epoch:222, Time:216ms, TotalError:0.014190428, ErrorChange:-1.44599E-4
Epoch:223, Time:219ms, TotalError:0.014048315, ErrorChange:-1.421133E-4
Epoch:224, Time:223ms, TotalError:0.013909387, ErrorChange:-1.3892725E-4
Epoch:225, Time:220ms, TotalError:0.0137618715, ErrorChange:-1.4751591E-4
Epoch:226, Time:218ms, TotalError:0.013617625, ErrorChange:-1.4424603E-4
Epoch:227, Time:215ms, TotalError:0.013472999, ErrorChange:-1.4462601E-4
Epoch:228, Time:214ms, TotalError:0.0133352075, ErrorChange:-1.3779197E-4
Epoch:229, Time:216ms, TotalError:0.013196363, ErrorChange:-1.3884436E-4
Epoch:230, Time:216ms, TotalError:0.013059304, ErrorChange:-1.3705902E-4
Epoch:231, Time:217ms, TotalError:0.012923889, ErrorChange:-1.3541523E-4
Epoch:232, Time:216ms, TotalError:0.012791601, ErrorChange:-1.3228785E-4
Epoch:233, Time:217ms, TotalError:0.012660796, ErrorChange:-1.3080519E-4
Epoch:234, Time:217ms, TotalError:0.012532204, ErrorChange:-1.2859143E-4
Epoch:235, Time:216ms, TotalError:0.012406516, ErrorChange:-1.256885E-4
Epoch:236, Time:214ms, TotalError:0.012281406, ErrorChange:-1.2511015E-4
Epoch:237, Time:215ms, TotalError:0.012157219, ErrorChange:-1.2418628E-4
Epoch:238, Time:215ms, TotalError:0.012038045, ErrorChange:-1.1917483E-4
Epoch:239, Time:216ms, TotalError:0.011917873, ErrorChange:-1.20171346E-4
Epoch:240, Time:216ms, TotalError:0.011799003, ErrorChange:-1.1887029E-4
Epoch:241, Time:216ms, TotalError:0.011682448, ErrorChange:-1.1655502E-4
Epoch:242, Time:216ms, TotalError:0.011566761, ErrorChange:-1.1568703E-4
Epoch:243, Time:219ms, TotalError:0.011452968, ErrorChange:-1.1379272E-4
Epoch:244, Time:218ms, TotalError:0.011340882, ErrorChange:-1.12086535E-4
Epoch:245, Time:217ms, TotalError:0.011229225, ErrorChange:-1.1165626E-4
Epoch:246, Time:216ms, TotalError:0.011120752, ErrorChange:-1.08473E-4
Epoch:247, Time:218ms, TotalError:0.0110119805, ErrorChange:-1.0877196E-4
Epoch:248, Time:216ms, TotalError:0.010907523, ErrorChange:-1.0445714E-4
Epoch:249, Time:217ms, TotalError:0.010802775, ErrorChange:-1.04748644E-4
Epoch:250, Time:212ms, TotalError:0.010699134, ErrorChange:-1.0364037E-4
Epoch:251, Time:217ms, TotalError:0.010597999, ErrorChange:-1.0113511E-4
Epoch:252, Time:218ms, TotalError:0.01049762, ErrorChange:-1.0037888E-4
Epoch:253, Time:217ms, TotalError:0.010398418, ErrorChange:-9.920262E-5
Epoch:254, Time:215ms, TotalError:0.0103018535, ErrorChange:-9.656418E-5
Epoch:255, Time:219ms, TotalError:0.010206025, ErrorChange:-9.5828436E-5
Epoch:256, Time:215ms, TotalError:0.010110152, ErrorChange:-9.587314E-5
Epoch:257, Time:215ms, TotalError:0.010019543, ErrorChange:-9.0609305E-5
Epoch:258, Time:219ms, TotalError:0.009927928, ErrorChange:-9.16142E-5
Total Training Time: 56588ms
Loaded 472 images
Epoch:1, Time:5396ms, TotalError:0.25581536, ErrorChange:0.25581536
Epoch:2, Time:5233ms, TotalError:0.08765973, ErrorChange:-0.16815563
Epoch:3, Time:5208ms, TotalError:0.070707686, ErrorChange:-0.016952045
Epoch:4, Time:5219ms, TotalError:0.059603844, ErrorChange:-0.011103842
Epoch:5, Time:5214ms, TotalError:0.05335525, ErrorChange:-0.0062485933
Epoch:6, Time:5212ms, TotalError:0.049839232, ErrorChange:-0.0035160184
Epoch:7, Time:5205ms, TotalError:0.046800356, ErrorChange:-0.0030388758
Epoch:8, Time:5216ms, TotalError:0.04482625, ErrorChange:-0.0019741058
Epoch:9, Time:5213ms, TotalError:0.042707734, ErrorChange:-0.0021185167
Epoch:10, Time:5305ms, TotalError:0.040773295, ErrorChange:-0.001934439
Epoch:11, Time:5219ms, TotalError:0.039271683, ErrorChange:-0.0015016124
Epoch:12, Time:5391ms, TotalError:0.038007256, ErrorChange:-0.0012644269
Epoch:13, Time:5435ms, TotalError:0.036690716, ErrorChange:-0.00131654
Epoch:14, Time:5364ms, TotalError:0.03521007, ErrorChange:-0.0014806464
Epoch:15, Time:5305ms, TotalError:0.03412301, ErrorChange:-0.0010870583
Epoch:16, Time:5256ms, TotalError:0.032747224, ErrorChange:-0.001375787
Epoch:17, Time:5290ms, TotalError:0.031411115, ErrorChange:-0.0013361089
Epoch:18, Time:5257ms, TotalError:0.030304732, ErrorChange:-0.0011063833
Epoch:19, Time:5218ms, TotalError:0.028932938, ErrorChange:-0.0013717934
Epoch:20, Time:5213ms, TotalError:NaN, ErrorChange:NaN
Epoch:21, Time:5222ms, TotalError:NaN, ErrorChange:NaN
Loaded 472 images
Epoch:1, Time:5512ms, TotalError:0.25581536, ErrorChange:0.25581536
Epoch:2, Time:5367ms, TotalError:0.08765973, ErrorChange:-0.16815563
Epoch:3, Time:5290ms, TotalError:0.070707686, ErrorChange:-0.016952045
Epoch:4, Time:5467ms, TotalError:0.059603844, ErrorChange:-0.011103842
Epoch:5, Time:5362ms, TotalError:0.05335525, ErrorChange:-0.0062485933
Epoch:6, Time:5347ms, TotalError:0.049839232, ErrorChange:-0.0035160184
Epoch:7, Time:5280ms, TotalError:0.046800356, ErrorChange:-0.0030388758
Epoch:8, Time:5288ms, TotalError:0.04482625, ErrorChange:-0.0019741058
Epoch:9, Time:5197ms, TotalError:0.042707734, ErrorChange:-0.0021185167
Epoch:10, Time:5221ms, TotalError:0.040773295, ErrorChange:-0.001934439
Epoch:11, Time:5304ms, TotalError:0.039271683, ErrorChange:-0.0015016124
Epoch:12, Time:5277ms, TotalError:0.038007256, ErrorChange:-0.0012644269
Epoch:13, Time:5195ms, TotalError:0.036690716, ErrorChange:-0.00131654
Epoch:14, Time:5209ms, TotalError:0.03521007, ErrorChange:-0.0014806464
Epoch:15, Time:5205ms, TotalError:0.03412301, ErrorChange:-0.0010870583
Epoch:16, Time:5199ms, TotalError:0.032747224, ErrorChange:-0.001375787
Epoch:17, Time:5204ms, TotalError:0.031411115, ErrorChange:-0.0013361089
Epoch:18, Time:5195ms, TotalError:0.030304732, ErrorChange:-0.0011063833
Epoch:19, Time:5195ms, TotalError:0.028932938, ErrorChange:-0.0013717934
Total Training Time: 100322ms
Loading images...
Loaded 24 images
Creating neural network...
Training neural network
Epoch:1, Time:2853ms, TotalError:1.9994215, ErrorChange:1.9994215
Epoch:2, Time:2490ms, TotalError:1.9778023, ErrorChange:-0.0216192
Epoch:3, Time:2488ms, TotalError:1.9554771, ErrorChange:-0.022325158
Epoch:4, Time:2486ms, TotalError:1.9295341, ErrorChange:-0.02594304
Epoch:5, Time:2482ms, TotalError:1.8980641, ErrorChange:-0.03146994
Epoch:6, Time:2485ms, TotalError:1.8615915, ErrorChange:-0.03647268
Epoch:7, Time:2482ms, TotalError:1.8150486, ErrorChange:-0.046542883
Epoch:8, Time:2487ms, TotalError:1.7547373, ErrorChange:-0.060311317
Epoch:9, Time:2477ms, TotalError:1.6785736, ErrorChange:-0.07616365
Epoch:10, Time:2492ms, TotalError:1.5833831, ErrorChange:-0.095190525
Epoch:11, Time:2485ms, TotalError:1.4704123, ErrorChange:-0.11297083
Epoch:12, Time:2521ms, TotalError:1.344766, ErrorChange:-0.12564623
Epoch:13, Time:2570ms, TotalError:1.2014998, ErrorChange:-0.1432662
Epoch:14, Time:2577ms, TotalError:1.0582539, ErrorChange:-0.14324594
Epoch:15, Time:2570ms, TotalError:0.923986, ErrorChange:-0.13426787
Epoch:16, Time:2491ms, TotalError:0.7984081, ErrorChange:-0.12557793
Epoch:17, Time:2482ms, TotalError:0.7100337, ErrorChange:-0.08837438
Epoch:18, Time:2487ms, TotalError:0.6301144, ErrorChange:-0.07991934
Epoch:19, Time:2512ms, TotalError:0.56112444, ErrorChange:-0.06898993
Epoch:20, Time:2503ms, TotalError:0.51169497, ErrorChange:-0.049429476
Epoch:21, Time:2502ms, TotalError:0.4749767, ErrorChange:-0.03671828
Epoch:22, Time:2485ms, TotalError:0.4447433, ErrorChange:-0.030233383
Epoch:23, Time:2481ms, TotalError:0.4296683, ErrorChange:-0.015074998
Epoch:24, Time:2484ms, TotalError:0.41405332, ErrorChange:-0.015614986
Epoch:25, Time:2490ms, TotalError:0.40756205, ErrorChange:-0.0064912736
Epoch:26, Time:2529ms, TotalError:0.40049088, ErrorChange:-0.007071167
Epoch:27, Time:2504ms, TotalError:0.39815426, ErrorChange:-0.0023366213
Epoch:28, Time:2499ms, TotalError:0.39563668, ErrorChange:-0.002517581
Epoch:29, Time:2507ms, TotalError:0.39509082, ErrorChange:-5.4585934E-4
Epoch:30, Time:2518ms, TotalError:0.39501083, ErrorChange:-7.998943E-5
Loading images...
Loaded 24 images
Creating neural network...
Training neural network
Epoch:1, Time:2715ms, TotalError:1.9994215, ErrorChange:1.9994215
Epoch:2, Time:2487ms, TotalError:1.9778023, ErrorChange:-0.0216192
Epoch:3, Time:2497ms, TotalError:1.9554771, ErrorChange:-0.022325158
Epoch:4, Time:2496ms, TotalError:1.9295341, ErrorChange:-0.02594304
Epoch:5, Time:2489ms, TotalError:1.8980641, ErrorChange:-0.03146994
Epoch:6, Time:2489ms, TotalError:1.8615915, ErrorChange:-0.03647268
Epoch:7, Time:2491ms, TotalError:1.8150486, ErrorChange:-0.046542883
Epoch:8, Time:2494ms, TotalError:1.7547373, ErrorChange:-0.060311317
Epoch:9, Time:2493ms, TotalError:1.6785736, ErrorChange:-0.07616365
Epoch:10, Time:2499ms, TotalError:1.5833831, ErrorChange:-0.095190525
Epoch:11, Time:2497ms, TotalError:1.4704123, ErrorChange:-0.11297083
Epoch:12, Time:2497ms, TotalError:1.344766, ErrorChange:-0.12564623
Epoch:13, Time:2487ms, TotalError:1.2014998, ErrorChange:-0.1432662
Epoch:14, Time:2500ms, TotalError:1.0582539, ErrorChange:-0.14324594
Epoch:15, Time:2502ms, TotalError:0.923986, ErrorChange:-0.13426787
Epoch:16, Time:2491ms, TotalError:0.7984081, ErrorChange:-0.12557793
Epoch:17, Time:2499ms, TotalError:0.7100337, ErrorChange:-0.08837438
Epoch:18, Time:2494ms, TotalError:0.6301144, ErrorChange:-0.07991934
Epoch:19, Time:2490ms, TotalError:0.56112444, ErrorChange:-0.06898993
Epoch:20, Time:2495ms, TotalError:0.51169497, ErrorChange:-0.049429476
Epoch:21, Time:2555ms, TotalError:0.4749767, ErrorChange:-0.03671828
Epoch:22, Time:2577ms, TotalError:0.4447433, ErrorChange:-0.030233383
Epoch:23, Time:2573ms, TotalError:0.4296683, ErrorChange:-0.015074998
Epoch:24, Time:2540ms, TotalError:0.41405332, ErrorChange:-0.015614986
Epoch:25, Time:2490ms, TotalError:0.40756205, ErrorChange:-0.0064912736
Epoch:26, Time:2496ms, TotalError:0.40049088, ErrorChange:-0.007071167
Epoch:27, Time:2493ms, TotalError:0.39815426, ErrorChange:-0.0023366213
Total Training Time: 67833ms
