Training convolutional network with MNIST data set
Loading images...
Loaded 10 labels
Loaded 1000 images
Splitting data set: [0.65, 0.35]
Creating neural network...
Training neural network
------------------------------------------------------------------------------------------------------------------------------------------------
TRAINING NEURAL NETWORK
------------------------------------------------------------------------------------------------------------------------------------------------
Epoch:1, Time:23029ms, TrainError:2.854504, TrainErrorChange:2.854504, TrainAccuracy: 0.0
Epoch:2, Time:19080ms, TrainError:2.5907764, TrainErrorChange:-0.26372766, TrainAccuracy: 0.0
Epoch:3, Time:17040ms, TrainError:2.3757315, TrainErrorChange:-0.21504498, TrainAccuracy: 0.0
Epoch:4, Time:17489ms, TrainError:2.2120512, TrainErrorChange:-0.16368032, TrainAccuracy: 0.028169015
Epoch:5, Time:16861ms, TrainError:1.7208515, TrainErrorChange:-0.4911996, TrainAccuracy: 0.18136235
Epoch:6, Time:16672ms, TrainError:0.9484692, TrainErrorChange:-0.7723823, TrainAccuracy: 0.55082905

TRAINING COMPLETED
Total Training Time: 132166ms
------------------------------------------------------------------------
------------------------------------------------
Classification performance measure

TOTAL AVERAGE
Accuracy: 0.5167097
Precision: 0.8899881
F1Score: 0.8899881
Recall: 0.8899881

By Class
Class 0:
TrueNegative: 0.0
Accuracy: 0.8378378
FalsePositive: 5.0
FalseNegative: 1.0
Precision: 0.8611111
F1Score: 0.8611111
TruePositive: 31.0
Recall: 0.8611111

----------------
Class 1:
TrueNegative: 0.0
Accuracy: 0.9318182
FalsePositive: 2.0
FalseNegative: 1.0
Precision: 0.95348835
F1Score: 0.95348835
TruePositive: 41.0
Recall: 0.95348835

----------------
Class 2:
TrueNegative: 0.0
Accuracy: 0.5
FalsePositive: 2.0
FalseNegative: 16.0
Precision: 0.9
F1Score: 0.9
TruePositive: 18.0
Recall: 0.9

----------------
Class 3:
TrueNegative: 0.0
Accuracy: 0.41666666
FalsePositive: 0.0
FalseNegative: 21.0
Precision: 1.0
F1Score: 1.0
TruePositive: 15.0
Recall: 1.0

----------------
Class 4:
TrueNegative: 0.0
Accuracy: 0.5409836
FalsePositive: 27.0
FalseNegative: 1.0
Precision: 0.55
F1Score: 0.55
TruePositive: 33.0
Recall: 0.55

----------------
Class 5:
TrueNegative: 0.0
Accuracy: 0.20833333
FalsePositive: 0.0
FalseNegative: 19.0
Precision: 1.0
F1Score: 1.0
TruePositive: 5.0
Recall: 1.0

----------------
Class 6:
TrueNegative: 0.0
Accuracy: 0.77272725
FalsePositive: 8.0
FalseNegative: 2.0
Precision: 0.8095238
F1Score: 0.8095238
TruePositive: 34.0
Recall: 0.8095238

----------------
Class 7:
TrueNegative: 0.0
Accuracy: 0.62857145
FalsePositive: 2.0
FalseNegative: 11.0
Precision: 0.9166667
F1Score: 0.9166667
TruePositive: 22.0
Recall: 0.9166667

----------------
Class 8:
TrueNegative: 0.0
Accuracy: 0.2857143
FalsePositive: 1.0
FalseNegative: 24.0
Precision: 0.90909094
F1Score: 0.90909094
TruePositive: 10.0
Recall: 0.90909094

----------------
Class 9:
TrueNegative: 0.0
Accuracy: 0.044444446
FalsePositive: 0.0
FalseNegative: 43.0
Precision: 1.0
F1Score: 1.0
TruePositive: 2.0
Recall: 1.0

----------------
Loading images...
Loaded 4 labels
Loaded 784 images
Splitting data set: [0.7, 0.3]
Creating neural network...
------------------------------------------------------------------------------------------------------------------------------------------------
TRAINING NEURAL NETWORK
------------------------------------------------------------------------------------------------------------------------------------------------
Epoch:1, Time:21363ms, TrainError:1.2802361, TrainErrorChange:1.2802361, TrainAccuracy: 0.63231725
Epoch:2, Time:21159ms, TrainError:1.2767808, TrainErrorChange:-0.0034552813, TrainAccuracy: 0.63231725
Epoch:3, Time:20849ms, TrainError:1.2781543, TrainErrorChange:0.0013734102, TrainAccuracy: 0.63231725
Epoch:4, Time:20817ms, TrainError:1.297592, TrainErrorChange:0.01943779, TrainAccuracy: 0.63231725
Training convolutional network with MNIST data set
Loading images...
Loaded 10 labels
Training convolutional network with MNIST data set
Loading images...
Loaded 10 labels
Loaded 5000 images
Splitting data set: [0.65, 0.35]
Creating neural network...
Training neural network
------------------------------------------------------------------------------------------------------------------------------------------------
TRAINING NEURAL NETWORK
------------------------------------------------------------------------------------------------------------------------------------------------
Training convolutional network with MNIST data set
Loading images...
Loaded 10 labels
Loaded 1000 images
Splitting data set: [0.65, 0.35]
Creating neural network...
Training neural network
------------------------------------------------------------------------------------------------------------------------------------------------
TRAINING NEURAL NETWORK
------------------------------------------------------------------------------------------------------------------------------------------------
Epoch:1, Time:16558ms, TrainError:2.854504, TrainErrorChange:2.854504, TrainAccuracy: 0.0
Epoch:2, Time:15997ms, TrainError:2.5907764, TrainErrorChange:-0.26372766, TrainAccuracy: 0.0
Epoch:3, Time:16085ms, TrainError:2.3757315, TrainErrorChange:-0.21504498, TrainAccuracy: 0.0
Training convolutional network with MNIST data set
Creating image data set...
Loaded 10 labels
Loaded 2000 images
Number of images by label/class
0 : 191
1 : 213
2 : 195
3 : 197
4 : 213
5 : 174
6 : 201
7 : 199
8 : 199
9 : 208
Splitting data set: [0.7, 0.3]
------------------------------------------------
CREATING NEURAL NETWORK
------------------------------------------------
Input Layer { width:28, height:28, depth:3 }
Convolutional Layer { filter width:3, filter height: 3, channels: 6, stride: 1, activation: RELU}
Max Pooling Layer { filter width:2, filter height: 2, stride:2}
Convolutional Layer { filter width:3, filter height: 3, channels: 12, stride: 1, activation: RELU}
Max Pooling Layer { filter width:2, filter height: 2, stride:2}
Fully Connected Layer { width:40 activation:RELU}
Fully Connected Layer { width:30 activation:RELU}
Fully Connected Layer { width:20 activation:RELU}
Output Layer { width:10, activation:SOFTMAX}

Splitting data set: [0.8, 0.2]
------------------------------------------------------------------------------------------------------------------------------------------------
TRAINING NEURAL NETWORK
------------------------------------------------------------------------------------------------------------------------------------------------
Epoch:1, Time:2637ms, TrainError:2.301844, TrainErrorChange:2.301844, TrainAccuracy: 0.0, ValError:2.2599196, ValAccuracy: 0.0
Epoch:2, Time:2374ms, TrainError:2.2186756, TrainErrorChange:-0.08316827, TrainAccuracy: 0.0, ValError:2.153716, ValAccuracy: 0.0
Epoch:3, Time:2243ms, TrainError:1.9953552, TrainErrorChange:-0.22332036, TrainAccuracy: 0.0, ValError:1.7646426, ValAccuracy: 0.0
Epoch:4, Time:2305ms, TrainError:1.6102467, TrainErrorChange:-0.3851086, TrainAccuracy: 0.20368774, ValError:1.3711306, ValAccuracy: 0.20451394
Epoch:5, Time:2242ms, TrainError:1.2209266, TrainErrorChange:-0.38932002, TrainAccuracy: 0.34093356, ValError:1.1449876, ValAccuracy: 0.34583777
Epoch:6, Time:2237ms, TrainError:0.9951781, TrainErrorChange:-0.22574854, TrainAccuracy: 0.37173146, ValError:1.113999, ValAccuracy: 0.38244158
Epoch:7, Time:2228ms, TrainError:0.82427436, TrainErrorChange:-0.17090374, TrainAccuracy: 0.46914667, ValError:0.9712096, ValAccuracy: 0.49729323
Epoch:8, Time:2221ms, TrainError:0.6910556, TrainErrorChange:-0.13321877, TrainAccuracy: 0.56424415, ValError:0.82242435, ValAccuracy: 0.5603193
Epoch:9, Time:2236ms, TrainError:0.59418356, TrainErrorChange:-0.09687203, TrainAccuracy: 0.6117739, ValError:0.74172944, ValAccuracy: 0.6155414
Epoch:10, Time:2268ms, TrainError:0.5200923, TrainErrorChange:-0.074091256, TrainAccuracy: 0.6689736, ValError:0.6609773, ValAccuracy: 0.6500488
Epoch:11, Time:2268ms, TrainError:0.4527464, TrainErrorChange:-0.06734592, TrainAccuracy: 0.7279137, ValError:0.60477597, ValAccuracy: 0.6906249
Epoch:12, Time:2274ms, TrainError:0.39676967, TrainErrorChange:-0.05597672, TrainAccuracy: 0.7554847, ValError:0.596475, ValAccuracy: 0.7013835
Epoch:13, Time:2428ms, TrainError:0.340075, TrainErrorChange:-0.056694686, TrainAccuracy: 0.78076845, ValError:0.5542945, ValAccuracy: 0.7204799
Epoch:14, Time:2468ms, TrainError:0.30101404, TrainErrorChange:-0.03906095, TrainAccuracy: 0.77378196, ValError:0.6007961, ValAccuracy: 0.69248563
Epoch:15, Time:2747ms, TrainError:0.26558942, TrainErrorChange:-0.03542462, TrainAccuracy: 0.8513629, ValError:0.50891674, ValAccuracy: 0.73799044
Epoch:16, Time:2475ms, TrainError:0.247607, TrainErrorChange:-0.017982423, TrainAccuracy: 0.81950796, ValError:0.5413974, ValAccuracy: 0.73572356
Epoch:17, Time:2923ms, TrainError:0.1918274, TrainErrorChange:-0.05577959, TrainAccuracy: 0.8809559, ValError:0.4704847, ValAccuracy: 0.7835015
Epoch:18, Time:2406ms, TrainError:0.17310636, TrainErrorChange:-0.018721044, TrainAccuracy: 0.9043387, ValError:0.4211266, ValAccuracy: 0.80000764
Epoch:19, Time:2274ms, TrainError:0.1445084, TrainErrorChange:-0.028597951, TrainAccuracy: 0.84139603, ValError:0.55975753, ValAccuracy: 0.7497385
Epoch:20, Time:2560ms, TrainError:0.12990725, TrainErrorChange:-0.014601156, TrainAccuracy: 0.8384512, ValError:0.5731745, ValAccuracy: 0.73979557
Epoch:21, Time:2328ms, TrainError:0.13061722, TrainErrorChange:7.099658E-4, TrainAccuracy: 0.91053534, ValError:0.5280524, ValAccuracy: 0.7626519
Epoch:22, Time:2500ms, TrainError:0.091334075, TrainErrorChange:-0.03928314, TrainAccuracy: 0.9100984, ValError:0.5156542, ValAccuracy: 0.76929796
Epoch:23, Time:2506ms, TrainError:0.08581703, TrainErrorChange:-0.005517043, TrainAccuracy: 0.9260491, ValError:0.51083326, ValAccuracy: 0.8015685
Epoch:24, Time:2953ms, TrainError:0.09498006, TrainErrorChange:0.0091630295, TrainAccuracy: 0.9471776, ValError:0.45603037, ValAccuracy: 0.8052105
Epoch:25, Time:2290ms, TrainError:0.06587544, TrainErrorChange:-0.02910462, TrainAccuracy: 0.9085501, ValError:0.665566, ValAccuracy: 0.7729707
Epoch:26, Time:2321ms, TrainError:0.04559261, TrainErrorChange:-0.020282831, TrainAccuracy: 0.8638746, ValError:0.6754627, ValAccuracy: 0.75342405
Epoch:27, Time:2468ms, TrainError:0.0289325, TrainErrorChange:-0.01666011, TrainAccuracy: 0.95945346, ValError:0.509918, ValAccuracy: 0.8218926

TRAINING COMPLETED
Total Training Time: 91636ms
------------------------------------------------------------------------
------------------------------------------------
Classification performance measure

TOTAL AVERAGE
Accuracy: 0.8186654
Precision: 0.90946233
F1Score: 0.90946233
Recall: 0.90946233

By Class
Class 0:
TrueNegative: 0.0
Accuracy: 0.8636364
FalsePositive: 1.0
FalseNegative: 8.0
Precision: 0.98275864
F1Score: 0.98275864
TruePositive: 57.0
Recall: 0.98275864

----------------
Class 1:
TrueNegative: 0.0
Accuracy: 0.925
FalsePositive: 2.0
FalseNegative: 4.0
Precision: 0.9736842
F1Score: 0.9736842
TruePositive: 74.0
Recall: 0.9736842

----------------
Class 2:
TrueNegative: 0.0
Accuracy: 0.7352941
FalsePositive: 10.0
FalseNegative: 8.0
Precision: 0.8333333
F1Score: 0.8333333
TruePositive: 50.0
Recall: 0.8333333

----------------
Class 3:
TrueNegative: 0.0
Accuracy: 0.76666665
FalsePositive: 10.0
FalseNegative: 4.0
Precision: 0.8214286
F1Score: 0.8214286
TruePositive: 46.0
Recall: 0.8214286

----------------
Class 4:
TrueNegative: 0.0
Accuracy: 0.9354839
FalsePositive: 1.0
FalseNegative: 3.0
Precision: 0.9830508
F1Score: 0.9830508
TruePositive: 58.0
Recall: 0.9830508

----------------
Class 5:
TrueNegative: 0.0
Accuracy: 0.76
FalsePositive: 9.0
FalseNegative: 9.0
Precision: 0.8636364
F1Score: 0.8636364
TruePositive: 57.0
Recall: 0.8636364

----------------
Class 6:
TrueNegative: 0.0
Accuracy: 0.95
FalsePositive: 1.0
FalseNegative: 2.0
Precision: 0.98275864
F1Score: 0.98275864
TruePositive: 57.0
Recall: 0.98275864

----------------
Class 7:
TrueNegative: 0.0
Accuracy: 0.76666665
FalsePositive: 3.0
FalseNegative: 11.0
Precision: 0.93877554
F1Score: 0.93877554
TruePositive: 46.0
Recall: 0.93877554

----------------
Class 8:
TrueNegative: 0.0
Accuracy: 0.6603774
FalsePositive: 6.0
FalseNegative: 12.0
Precision: 0.85365856
F1Score: 0.85365856
TruePositive: 35.0
Recall: 0.85365856

----------------
Class 9:
TrueNegative: 0.0
Accuracy: 0.8235294
FalsePositive: 9.0
FalseNegative: 3.0
Precision: 0.86153847
F1Score: 0.86153847
TruePositive: 56.0
Recall: 0.86153847

----------------
CONFUSION MATRIX
          none      0      1      2      3      4      5      6      7      8      9
   none      0      0      0      0      0      0      0      0      0      0      0
      0      3     57      0      1      0      1      2      0      1      0      0
      1      0      0     74      2      1      0      0      0      0      1      0
      2      1      0      0     50      2      0      0      1      1      3      0
      3      1      0      0      1     46      0      2      0      0      0      0
      4      1      0      0      1      0     58      0      0      0      0      1
      5      1      0      2      2      0      0     57      0      0      2      2
      6      1      1      0      0      0      0      0     57      0      0      0
      7      2      0      0      0      1      0      2      0     46      0      6
      8      2      0      0      2      6      0      2      0      0     35      0
      9      0      0      0      1      0      0      1      0      1      0     56

Training convolutional network with MNIST data set
Creating image data set...
Loaded 10 labels
Loaded 2000 images
Number of images by label/class
0 : 191
1 : 213
2 : 195
3 : 197
4 : 213
5 : 174
6 : 201
7 : 199
8 : 199
9 : 208
Splitting data set: [0.7, 0.3]
------------------------------------------------
CREATING NEURAL NETWORK
------------------------------------------------
Input Layer { width:28, height:28, depth:3 }
Convolutional Layer { filter width:3, filter height: 3, channels: 6, stride: 1, activation: RELU}
Max Pooling Layer { filter width:2, filter height: 2, stride:2}
Convolutional Layer { filter width:3, filter height: 3, channels: 12, stride: 1, activation: RELU}
Max Pooling Layer { filter width:2, filter height: 2, stride:2}
Fully Connected Layer { width:40 activation:RELU}
Fully Connected Layer { width:30 activation:RELU}
Fully Connected Layer { width:20 activation:RELU}
Output Layer { width:10, activation:SOFTMAX}

Splitting data set: [0.8, 0.2]
------------------------------------------------------------------------------------------------------------------------------------------------
TRAINING NEURAL NETWORK
------------------------------------------------------------------------------------------------------------------------------------------------
Epoch:1, Time:5645ms, TrainError:2.3295734, TrainErrorChange:2.3295734, TrainAccuracy: 0.0, ValError:2.3371773, ValAccuracy: 0.0
Epoch:2, Time:11813ms, TrainError:2.3245811, TrainErrorChange:-0.0049922466, TrainAccuracy: 0.0, ValError:2.3371727, ValAccuracy: 0.0
Epoch:3, Time:11696ms, TrainError:2.324581, TrainErrorChange:-2.3841858E-7, TrainAccuracy: 0.0, ValError:2.3371727, ValAccuracy: 0.0
Epoch:4, Time:11743ms, TrainError:2.324581, TrainErrorChange:0.0, TrainAccuracy: 0.0, ValError:2.3371727, ValAccuracy: 0.0
Epoch:5, Time:11745ms, TrainError:2.324581, TrainErrorChange:0.0, TrainAccuracy: 0.0, ValError:2.3371727, ValAccuracy: 0.0
Epoch:6, Time:11550ms, TrainError:2.324581, TrainErrorChange:0.0, TrainAccuracy: 0.0, ValError:2.3371727, ValAccuracy: 0.0
Epoch:7, Time:11649ms, TrainError:2.324581, TrainErrorChange:0.0, TrainAccuracy: 0.0, ValError:2.3371727, ValAccuracy: 0.0
Epoch:8, Time:12012ms, TrainError:2.324581, TrainErrorChange:0.0, TrainAccuracy: 0.0, ValError:2.3371727, ValAccuracy: 0.0
Epoch:9, Time:11612ms, TrainError:2.324581, TrainErrorChange:0.0, TrainAccuracy: 0.0, ValError:2.3371727, ValAccuracy: 0.0
Epoch:10, Time:11628ms, TrainError:2.324581, TrainErrorChange:0.0, TrainAccuracy: 0.0, ValError:2.3371727, ValAccuracy: 0.0
Training convolutional network with MNIST data set
Creating image data set...
Loaded 10 labels
Loaded 2000 images
Number of images by label/class
0 : 191
1 : 213
2 : 195
3 : 197
4 : 213
5 : 174
6 : 201
7 : 199
8 : 199
9 : 208
Splitting data set: [0.7, 0.3]
------------------------------------------------
CREATING NEURAL NETWORK
------------------------------------------------
Input Layer { width:28, height:28, depth:3 }
Convolutional Layer { filter width:3, filter height: 3, channels: 6, stride: 1, activation: RELU}
Max Pooling Layer { filter width:2, filter height: 2, stride:2}
Convolutional Layer { filter width:3, filter height: 3, channels: 12, stride: 1, activation: RELU}
Max Pooling Layer { filter width:2, filter height: 2, stride:2}
Fully Connected Layer { width:40 activation:RELU}
Fully Connected Layer { width:30 activation:RELU}
Fully Connected Layer { width:20 activation:RELU}
Output Layer { width:10, activation:SOFTMAX}

Splitting data set: [0.8, 0.2]
------------------------------------------------------------------------------------------------------------------------------------------------
TRAINING NEURAL NETWORK
------------------------------------------------------------------------------------------------------------------------------------------------
Epoch:1, Time:3276ms, TrainError:2.301844, TrainErrorChange:2.301844, TrainAccuracy: 0.0, ValError:2.2599196, ValAccuracy: 0.0
Epoch:2, Time:3493ms, TrainError:2.2186756, TrainErrorChange:-0.08316827, TrainAccuracy: 0.0, ValError:2.153716, ValAccuracy: 0.0
Epoch:3, Time:2252ms, TrainError:1.9953552, TrainErrorChange:-0.22332036, TrainAccuracy: 0.0, ValError:1.7646426, ValAccuracy: 0.0
Epoch:4, Time:2252ms, TrainError:1.6102467, TrainErrorChange:-0.3851086, TrainAccuracy: 0.20368774, ValError:1.3711306, ValAccuracy: 0.20451394
Epoch:5, Time:2237ms, TrainError:1.2209266, TrainErrorChange:-0.38932002, TrainAccuracy: 0.34093356, ValError:1.1449876, ValAccuracy: 0.34583777
Epoch:6, Time:2306ms, TrainError:0.9951781, TrainErrorChange:-0.22574854, TrainAccuracy: 0.37173146, ValError:1.113999, ValAccuracy: 0.38244158
Epoch:7, Time:2237ms, TrainError:0.82427436, TrainErrorChange:-0.17090374, TrainAccuracy: 0.46914667, ValError:0.9712096, ValAccuracy: 0.49729323
Epoch:8, Time:2220ms, TrainError:0.6910556, TrainErrorChange:-0.13321877, TrainAccuracy: 0.56424415, ValError:0.82242435, ValAccuracy: 0.5603193
Epoch:9, Time:2305ms, TrainError:0.59418356, TrainErrorChange:-0.09687203, TrainAccuracy: 0.6117739, ValError:0.74172944, ValAccuracy: 0.6155414
Epoch:10, Time:2353ms, TrainError:0.5200923, TrainErrorChange:-0.074091256, TrainAccuracy: 0.6689736, ValError:0.6609773, ValAccuracy: 0.6500488
Epoch:11, Time:2283ms, TrainError:0.4527464, TrainErrorChange:-0.06734592, TrainAccuracy: 0.7279137, ValError:0.60477597, ValAccuracy: 0.6906249
Epoch:12, Time:2274ms, TrainError:0.39676967, TrainErrorChange:-0.05597672, TrainAccuracy: 0.7554847, ValError:0.596475, ValAccuracy: 0.7013835
Epoch:13, Time:2242ms, TrainError:0.340075, TrainErrorChange:-0.056694686, TrainAccuracy: 0.78076845, ValError:0.5542945, ValAccuracy: 0.7204799
Epoch:14, Time:2236ms, TrainError:0.30101404, TrainErrorChange:-0.03906095, TrainAccuracy: 0.77378196, ValError:0.6007961, ValAccuracy: 0.69248563
Epoch:15, Time:2267ms, TrainError:0.26558942, TrainErrorChange:-0.03542462, TrainAccuracy: 0.8513629, ValError:0.50891674, ValAccuracy: 0.73799044
Epoch:16, Time:2268ms, TrainError:0.247607, TrainErrorChange:-0.017982423, TrainAccuracy: 0.81950796, ValError:0.5413974, ValAccuracy: 0.73572356
Epoch:17, Time:2283ms, TrainError:0.1918274, TrainErrorChange:-0.05577959, TrainAccuracy: 0.8809559, ValError:0.4704847, ValAccuracy: 0.7835015
Epoch:18, Time:2267ms, TrainError:0.17310636, TrainErrorChange:-0.018721044, TrainAccuracy: 0.9043387, ValError:0.4211266, ValAccuracy: 0.80000764
Epoch:19, Time:2274ms, TrainError:0.1445084, TrainErrorChange:-0.028597951, TrainAccuracy: 0.84139603, ValError:0.55975753, ValAccuracy: 0.7497385
Epoch:20, Time:2290ms, TrainError:0.12990725, TrainErrorChange:-0.014601156, TrainAccuracy: 0.8384512, ValError:0.5731745, ValAccuracy: 0.73979557
Epoch:21, Time:2327ms, TrainError:0.13061722, TrainErrorChange:7.099658E-4, TrainAccuracy: 0.91053534, ValError:0.5280524, ValAccuracy: 0.7626519
Epoch:22, Time:2289ms, TrainError:0.091334075, TrainErrorChange:-0.03928314, TrainAccuracy: 0.9100984, ValError:0.5156542, ValAccuracy: 0.76929796
Epoch:23, Time:2283ms, TrainError:0.08581703, TrainErrorChange:-0.005517043, TrainAccuracy: 0.9260491, ValError:0.51083326, ValAccuracy: 0.8015685
Epoch:24, Time:2305ms, TrainError:0.09498006, TrainErrorChange:0.0091630295, TrainAccuracy: 0.9471776, ValError:0.45603037, ValAccuracy: 0.8052105
Epoch:25, Time:2321ms, TrainError:0.06587544, TrainErrorChange:-0.02910462, TrainAccuracy: 0.9085501, ValError:0.665566, ValAccuracy: 0.7729707
Epoch:26, Time:2290ms, TrainError:0.04559261, TrainErrorChange:-0.020282831, TrainAccuracy: 0.8638746, ValError:0.6754627, ValAccuracy: 0.75342405
Epoch:27, Time:2406ms, TrainError:0.0289325, TrainErrorChange:-0.01666011, TrainAccuracy: 0.95945346, ValError:0.509918, ValAccuracy: 0.8218926
Epoch:28, Time:2306ms, TrainError:0.025265457, TrainErrorChange:-0.0036670435, TrainAccuracy: 0.971413, ValError:0.49892938, ValAccuracy: 0.8067198
Epoch:29, Time:2289ms, TrainError:0.013197948, TrainErrorChange:-0.012067509, TrainAccuracy: 0.98436034, ValError:0.45038518, ValAccuracy: 0.82860565

TRAINING COMPLETED
Total Training Time: 96626ms
------------------------------------------------------------------------
------------------------------------------------
Classification performance measure

TOTAL AVERAGE
Accuracy: 0.8190099
Precision: 0.9047612
F1Score: 0.9047612
Recall: 0.9047612

By Class
Class 0:
TrueNegative: 0.0
Accuracy: 0.8405797
FalsePositive: 4.0
FalseNegative: 7.0
Precision: 0.9354839
F1Score: 0.9354839
TruePositive: 58.0
Recall: 0.9354839

----------------
Class 1:
TrueNegative: 0.0
Accuracy: 0.925
FalsePositive: 2.0
FalseNegative: 4.0
Precision: 0.9736842
F1Score: 0.9736842
TruePositive: 74.0
Recall: 0.9736842

----------------
Class 2:
TrueNegative: 0.0
Accuracy: 0.765625
FalsePositive: 6.0
FalseNegative: 9.0
Precision: 0.8909091
F1Score: 0.8909091
TruePositive: 49.0
Recall: 0.8909091

----------------
Class 3:
TrueNegative: 0.0
Accuracy: 0.7758621
FalsePositive: 8.0
FalseNegative: 5.0
Precision: 0.8490566
F1Score: 0.84905666
TruePositive: 45.0
Recall: 0.8490566

----------------
Class 4:
TrueNegative: 0.0
Accuracy: 0.9516129
FalsePositive: 1.0
FalseNegative: 2.0
Precision: 0.98333335
F1Score: 0.98333335
TruePositive: 59.0
Recall: 0.98333335

----------------
Class 5:
TrueNegative: 0.0
Accuracy: 0.74025977
FalsePositive: 11.0
FalseNegative: 9.0
Precision: 0.8382353
F1Score: 0.8382353
TruePositive: 57.0
Recall: 0.8382353

----------------
Class 6:
TrueNegative: 0.0
Accuracy: 0.9354839
FalsePositive: 3.0
FalseNegative: 1.0
Precision: 0.9508197
F1Score: 0.9508197
TruePositive: 58.0
Recall: 0.9508197

----------------
Class 7:
TrueNegative: 0.0
Accuracy: 0.7741935
FalsePositive: 5.0
FalseNegative: 9.0
Precision: 0.9056604
F1Score: 0.9056604
TruePositive: 48.0
Recall: 0.9056604

----------------
Class 8:
TrueNegative: 0.0
Accuracy: 0.6481481
FalsePositive: 7.0
FalseNegative: 12.0
Precision: 0.8333333
F1Score: 0.8333333
TruePositive: 35.0
Recall: 0.8333333

----------------
Class 9:
TrueNegative: 0.0
Accuracy: 0.8333333
FalsePositive: 7.0
FalseNegative: 4.0
Precision: 0.88709676
F1Score: 0.8870968
TruePositive: 55.0
Recall: 0.88709676

----------------
CONFUSION MATRIX
          none      0      1      2      3      4      5      6      7      8      9
   none      0      0      0      0      0      0      0      0      0      0      0
      0      1     58      0      0      0      1      3      0      1      1      0
      1      0      0     74      2      1      0      0      0      0      1      0
      2      2      1      0     49      1      0      0      1      1      3      0
      3      1      0      0      1     45      0      2      0      1      0      0
      4      1      0      0      1      0     59      0      0      0      0      0
      5      0      2      2      0      0      0     57      1      0      2      2
      6      0      1      0      0      0      0      0     58      0      0      0
      7      1      0      0      0      1      0      2      0     48      0      5
      8      2      0      0      1      5      0      3      1      0     35      0
      9      0      0      0      1      0      0      1      0      2      0     55

Training convolutional network with MNIST data set
Creating image data set...
Loaded 10 labels
Loaded 2000 images
Number of images by label/class
0 : 191
1 : 213
2 : 195
3 : 197
4 : 213
5 : 174
6 : 201
7 : 199
8 : 199
9 : 208
Splitting data set: [0.7, 0.3]
------------------------------------------------
CREATING NEURAL NETWORK
------------------------------------------------
Input Layer { width:28, height:28, depth:3 }
Convolutional Layer { filter width:3, filter height: 3, channels: 6, stride: 1, activation: TANH}
Max Pooling Layer { filter width:2, filter height: 2, stride:2}
Convolutional Layer { filter width:3, filter height: 3, channels: 12, stride: 1, activation: TANH}
Max Pooling Layer { filter width:2, filter height: 2, stride:2}
Fully Connected Layer { width:40 activation:TANH}
Fully Connected Layer { width:30 activation:TANH}
Fully Connected Layer { width:20 activation:TANH}
Output Layer { width:10, activation:SOFTMAX}

Splitting data set: [0.8, 0.2]
------------------------------------------------------------------------------------------------------------------------------------------------
TRAINING NEURAL NETWORK
------------------------------------------------------------------------------------------------------------------------------------------------
Epoch:1, Time:3577ms, TrainError:2.3323867, TrainErrorChange:2.3323867, TrainAccuracy: 0.0, ValError:2.2792785, ValAccuracy: 0.0
Epoch:2, Time:2521ms, TrainError:2.1649873, TrainErrorChange:-0.1673994, TrainAccuracy: 0.0, ValError:2.0459096, ValAccuracy: 0.0
Epoch:3, Time:2469ms, TrainError:1.6956775, TrainErrorChange:-0.4693098, TrainAccuracy: 0.101196006, ValError:1.589089, ValAccuracy: 0.10081585
Epoch:4, Time:2474ms, TrainError:1.2830287, TrainErrorChange:-0.4126488, TrainAccuracy: 0.21311787, ValError:1.5395621, ValAccuracy: 0.19377685
Epoch:5, Time:2474ms, TrainError:0.97818387, TrainErrorChange:-0.30484486, TrainAccuracy: 0.3306958, ValError:1.3192183, ValAccuracy: 0.33740777
Epoch:6, Time:2443ms, TrainError:0.77062654, TrainErrorChange:-0.20755732, TrainAccuracy: 0.45648098, ValError:1.0514113, ValAccuracy: 0.4226842
Epoch:7, Time:2568ms, TrainError:0.6331848, TrainErrorChange:-0.13744175, TrainAccuracy: 0.55875695, ValError:0.84241873, ValAccuracy: 0.5334789
Epoch:8, Time:2491ms, TrainError:0.5303635, TrainErrorChange:-0.10282129, TrainAccuracy: 0.6573219, ValError:0.68090606, ValAccuracy: 0.60619533
Epoch:9, Time:2437ms, TrainError:0.45047984, TrainErrorChange:-0.079883665, TrainAccuracy: 0.72403663, ValError:0.5825147, ValAccuracy: 0.67609924
Epoch:10, Time:2538ms, TrainError:0.38742688, TrainErrorChange:-0.06305295, TrainAccuracy: 0.76941633, ValError:0.5216362, ValAccuracy: 0.72081316
Epoch:11, Time:2484ms, TrainError:0.33707994, TrainErrorChange:-0.05034694, TrainAccuracy: 0.8106386, ValError:0.47224241, ValAccuracy: 0.74784744
Epoch:12, Time:2506ms, TrainError:0.29504278, TrainErrorChange:-0.04203716, TrainAccuracy: 0.85172224, ValError:0.44382796, ValAccuracy: 0.77757514
Epoch:13, Time:2621ms, TrainError:0.25777346, TrainErrorChange:-0.037269324, TrainAccuracy: 0.867062, ValError:0.43148538, ValAccuracy: 0.77227855
Epoch:14, Time:2553ms, TrainError:0.22444268, TrainErrorChange:-0.033330783, TrainAccuracy: 0.8810933, ValError:0.42306387, ValAccuracy: 0.796318
Epoch:15, Time:2553ms, TrainError:0.1951904, TrainErrorChange:-0.029252276, TrainAccuracy: 0.88839304, ValError:0.41766348, ValAccuracy: 0.80487454
Epoch:16, Time:2521ms, TrainError:0.1693293, TrainErrorChange:-0.0258611, TrainAccuracy: 0.8967616, ValError:0.41404966, ValAccuracy: 0.81076205
Epoch:17, Time:2484ms, TrainError:0.1458758, TrainErrorChange:-0.023453504, TrainAccuracy: 0.9174, ValError:0.41111502, ValAccuracy: 0.8197711
Epoch:18, Time:2559ms, TrainError:0.12455669, TrainErrorChange:-0.021319106, TrainAccuracy: 0.92985314, ValError:0.40973926, ValAccuracy: 0.8197711
Epoch:19, Time:2506ms, TrainError:0.106031545, TrainErrorChange:-0.018525146, TrainAccuracy: 0.941658, ValError:0.41009155, ValAccuracy: 0.8180442
Epoch:20, Time:2490ms, TrainError:0.090575315, TrainErrorChange:-0.015456229, TrainAccuracy: 0.94857675, ValError:0.4107363, ValAccuracy: 0.81887025
Epoch:21, Time:2492ms, TrainError:0.07744574, TrainErrorChange:-0.013129577, TrainAccuracy: 0.9579436, ValError:0.41239074, ValAccuracy: 0.8124528
Epoch:22, Time:2490ms, TrainError:0.06616606, TrainErrorChange:-0.01127968, TrainAccuracy: 0.96580505, ValError:0.4142452, ValAccuracy: 0.8151013
Epoch:23, Time:2537ms, TrainError:0.056558203, TrainErrorChange:-0.009607855, TrainAccuracy: 0.9714934, ValError:0.41581967, ValAccuracy: 0.8151013
Epoch:24, Time:2468ms, TrainError:0.04855532, TrainErrorChange:-0.008002885, TrainAccuracy: 0.9756859, ValError:0.4171092, ValAccuracy: 0.8292834
Epoch:25, Time:2506ms, TrainError:0.04191076, TrainErrorChange:-0.006644558, TrainAccuracy: 0.97931707, ValError:0.41812262, ValAccuracy: 0.8230814
Epoch:26, Time:2491ms, TrainError:0.03628291, TrainErrorChange:-0.005627852, TrainAccuracy: 0.9843809, ValError:0.4191232, ValAccuracy: 0.8219597
Epoch:27, Time:2484ms, TrainError:0.031502314, TrainErrorChange:-0.0047805943, TrainAccuracy: 0.98778284, ValError:0.4205496, ValAccuracy: 0.8180062
Epoch:28, Time:2475ms, TrainError:0.027321268, TrainErrorChange:-0.004181046, TrainAccuracy: 0.98861617, ValError:0.42286187, ValAccuracy: 0.8218132
Epoch:29, Time:2591ms, TrainError:0.02382351, TrainErrorChange:-0.003497757, TrainAccuracy: 0.991264, ValError:0.42559877, ValAccuracy: 0.8286656
Epoch:30, Time:2499ms, TrainError:0.02097813, TrainErrorChange:-0.0028453805, TrainAccuracy: 0.99833995, ValError:0.42810985, ValAccuracy: 0.8308608
Epoch:31, Time:2491ms, TrainError:0.018788714, TrainErrorChange:-0.0021894164, TrainAccuracy: 0.99833995, ValError:0.430427, ValAccuracy: 0.82836074

TRAINING COMPLETED
Total Training Time: 115478ms
------------------------------------------------------------------------
------------------------------------------------
Classification performance measure

TOTAL AVERAGE
Accuracy: 0.8037241
Precision: 0.90119284
F1Score: 0.90119284
Recall: 0.90119284

By Class
Class 0:
TrueNegative: 0.0
Accuracy: 0.85714287
FalsePositive: 5.0
FalseNegative: 5.0
Precision: 0.9230769
F1Score: 0.9230769
TruePositive: 60.0
Recall: 0.9230769

----------------
Class 1:
TrueNegative: 0.0
Accuracy: 0.8902439
FalsePositive: 4.0
FalseNegative: 5.0
Precision: 0.9480519
F1Score: 0.9480519
TruePositive: 73.0
Recall: 0.9480519

----------------
Class 2:
TrueNegative: 0.0
Accuracy: 0.73913044
FalsePositive: 11.0
FalseNegative: 7.0
Precision: 0.82258064
F1Score: 0.82258064
TruePositive: 51.0
Recall: 0.82258064

----------------
Class 3:
TrueNegative: 0.0
Accuracy: 0.69491524
FalsePositive: 9.0
FalseNegative: 9.0
Precision: 0.82
F1Score: 0.82
TruePositive: 41.0
Recall: 0.82

----------------
Class 4:
TrueNegative: 0.0
Accuracy: 0.9354839
FalsePositive: 1.0
FalseNegative: 3.0
Precision: 0.9830508
F1Score: 0.9830508
TruePositive: 58.0
Recall: 0.9830508

----------------
Class 5:
TrueNegative: 0.0
Accuracy: 0.75342464
FalsePositive: 7.0
FalseNegative: 11.0
Precision: 0.88709676
F1Score: 0.8870968
TruePositive: 55.0
Recall: 0.88709676

----------------
Class 6:
TrueNegative: 0.0
Accuracy: 0.9032258
FalsePositive: 3.0
FalseNegative: 3.0
Precision: 0.9491525
F1Score: 0.9491525
TruePositive: 56.0
Recall: 0.9491525

----------------
Class 7:
TrueNegative: 0.0
Accuracy: 0.74242425
FalsePositive: 9.0
FalseNegative: 8.0
Precision: 0.8448276
F1Score: 0.8448276
TruePositive: 49.0
Recall: 0.8448276

----------------
Class 8:
TrueNegative: 0.0
Accuracy: 0.74
FalsePositive: 3.0
FalseNegative: 10.0
Precision: 0.925
F1Score: 0.925
TruePositive: 37.0
Recall: 0.925

----------------
Class 9:
TrueNegative: 0.0
Accuracy: 0.78125
FalsePositive: 5.0
FalseNegative: 9.0
Precision: 0.90909094
F1Score: 0.90909094
TruePositive: 50.0
Recall: 0.90909094

----------------
CONFUSION MATRIX
          none      0      1      2      3      4      5      6      7      8      9
   none      0      0      0      0      0      0      0      0      0      0      0
      0      0     60      0      1      1      0      2      1      0      0      0
      1      2      0     73      3      0      0      0      0      0      0      0
      2      2      2      0     51      0      0      0      1      2      0      0
      3      3      0      0      2     41      0      2      0      2      0      0
      4      0      0      0      0      0     58      0      1      0      1      1
      5      1      1      3      2      2      1     55      0      0      1      0
      6      0      1      1      0      0      0      0     56      0      1      0
      7      0      1      0      0      2      0      1      0     49      0      4
      8      3      0      0      2      4      0      1      0      0     37      0
      9      2      0      0      1      0      0      1      0      5      0     50

Training convolutional network with MNIST data set
Loading images...
Loaded 10 labels
Loaded 1000 images
Splitting data set: [0.65, 0.35]
Creating neural network...
Training neural network
------------------------------------------------------------------------------------------------------------------------------------------------
TRAINING NEURAL NETWORK
------------------------------------------------------------------------------------------------------------------------------------------------
Epoch:1, Time:17184ms, TrainError:2.854504, TrainErrorChange:2.854504, TrainAccuracy: 0.0
Epoch:2, Time:16022ms, TrainError:2.5907764, TrainErrorChange:-0.26372766, TrainAccuracy: 0.0
Epoch:3, Time:16952ms, TrainError:2.3757315, TrainErrorChange:-0.21504498, TrainAccuracy: 0.0
Epoch:4, Time:15978ms, TrainError:2.2120512, TrainErrorChange:-0.16368032, TrainAccuracy: 0.028169015
Epoch:5, Time:15723ms, TrainError:1.7208515, TrainErrorChange:-0.4911996, TrainAccuracy: 0.18136235
Epoch:6, Time:15854ms, TrainError:0.9484692, TrainErrorChange:-0.7723823, TrainAccuracy: 0.55082905
Epoch:7, Time:17937ms, TrainError:0.58933383, TrainErrorChange:-0.3591354, TrainAccuracy: 0.71433246
Epoch:8, Time:16940ms, TrainError:0.43599528, TrainErrorChange:-0.15333855, TrainAccuracy: 0.7890221
Epoch:9, Time:17196ms, TrainError:0.34961262, TrainErrorChange:-0.08638266, TrainAccuracy: 0.8479799
Epoch:10, Time:16138ms, TrainError:0.29130152, TrainErrorChange:-0.058311105, TrainAccuracy: 0.8714259
Epoch:11, Time:16254ms, TrainError:0.2448372, TrainErrorChange:-0.046464324, TrainAccuracy: 0.8939725
Epoch:12, Time:16292ms, TrainError:0.20714198, TrainErrorChange:-0.037695214, TrainAccuracy: 0.91579455
Epoch:13, Time:16269ms, TrainError:0.17547847, TrainErrorChange:-0.031663507, TrainAccuracy: 0.92139685
Epoch:14, Time:16209ms, TrainError:0.14709947, TrainErrorChange:-0.028379008, TrainAccuracy: 0.92598116
Epoch:15, Time:16772ms, TrainError:0.122078784, TrainErrorChange:-0.025020681, TrainAccuracy: 0.9317991
Epoch:16, Time:16317ms, TrainError:0.10147901, TrainErrorChange:-0.020599775, TrainAccuracy: 0.93478453
Epoch:17, Time:17025ms, TrainError:0.08480366, TrainErrorChange:-0.016675346, TrainAccuracy: 0.9351152

TRAINING COMPLETED
Total Training Time: 334046ms
------------------------------------------------------------------------
------------------------------------------------
Classification performance measure

TOTAL AVERAGE
Accuracy: 0.8088063
Precision: 0.9046982
F1Score: 0.9046981
Recall: 0.9046982

By Class
Class 0:
TrueNegative: 0.0
Accuracy: 0.90625
FalsePositive: 0.0
FalseNegative: 3.0
Precision: 1.0
F1Score: 1.0
TruePositive: 29.0
Recall: 1.0

----------------
Class 1:
TrueNegative: 0.0
Accuracy: 0.90909094
FalsePositive: 2.0
FalseNegative: 2.0
Precision: 0.95238096
F1Score: 0.95238096
TruePositive: 40.0
Recall: 0.95238096

----------------
Class 2:
TrueNegative: 0.0
Accuracy: 0.75609756
FalsePositive: 7.0
FalseNegative: 3.0
Precision: 0.81578946
F1Score: 0.81578946
TruePositive: 31.0
Recall: 0.81578946

----------------
Class 3:
TrueNegative: 0.0
Accuracy: 0.71794873
FalsePositive: 3.0
FalseNegative: 8.0
Precision: 0.9032258
F1Score: 0.9032258
TruePositive: 28.0
Recall: 0.9032258

----------------
Class 4:
TrueNegative: 0.0
Accuracy: 0.74418604
FalsePositive: 9.0
FalseNegative: 2.0
Precision: 0.7804878
F1Score: 0.7804877
TruePositive: 32.0
Recall: 0.7804878

----------------
Class 5:
TrueNegative: 0.0
Accuracy: 0.8214286
FalsePositive: 4.0
FalseNegative: 1.0
Precision: 0.8518519
F1Score: 0.8518519
TruePositive: 23.0
Recall: 0.8518519

----------------
Class 6:
TrueNegative: 0.0
Accuracy: 0.9444444
FalsePositive: 0.0
FalseNegative: 2.0
Precision: 1.0
F1Score: 1.0
TruePositive: 34.0
Recall: 1.0

----------------
Class 7:
TrueNegative: 0.0
Accuracy: 0.85294116
FalsePositive: 1.0
FalseNegative: 4.0
Precision: 0.96666664
F1Score: 0.96666664
TruePositive: 29.0
Recall: 0.96666664

----------------
Class 8:
TrueNegative: 0.0
Accuracy: 0.6756757
FalsePositive: 3.0
FalseNegative: 9.0
Precision: 0.89285713
F1Score: 0.89285713
TruePositive: 25.0
Recall: 0.89285713

----------------
Class 9:
TrueNegative: 0.0
Accuracy: 0.76
FalsePositive: 5.0
FalseNegative: 7.0
Precision: 0.88372093
F1Score: 0.88372093
TruePositive: 38.0
Recall: 0.88372093

----------------
