Training convolutional network with MNIST data set
Loading images...
Loaded 5000 images
Creating neural network...
Training neural network
------------------------------------------------------------------------
TRAINING NEURAL NETWORK
------------------------------------------------------------------------
Epoch:1, Time:4726ms, TrainError:1.1576974, TrainErrorChange:1.1576974, Accuracy: 0.96990776
Training convolutional network with MNIST data set
Loading images...
Loaded 1000 images
Creating neural network...
Training neural network
------------------------------------------------------------------------
TRAINING NEURAL NETWORK
------------------------------------------------------------------------
Epoch:1, Time:1101ms, TrainError:2.1435082, TrainErrorChange:2.1435082, Accuracy: 0.9252308
Epoch:2, Time:897ms, TrainError:1.4278629, TrainErrorChange:-0.7156453, Accuracy: 0.9452308
Epoch:3, Time:905ms, TrainError:0.8594598, TrainErrorChange:-0.56840307, Accuracy: 0.9639999
Epoch:4, Time:895ms, TrainError:0.59475064, TrainErrorChange:-0.26470917, Accuracy: 0.9729231
Epoch:5, Time:904ms, TrainError:0.45326248, TrainErrorChange:-0.14148816, Accuracy: 0.98061544
Epoch:6, Time:900ms, TrainError:0.3592471, TrainErrorChange:-0.09401539, Accuracy: 0.98492306
Epoch:7, Time:897ms, TrainError:0.2887994, TrainErrorChange:-0.07044768, Accuracy: 0.98769236
Epoch:8, Time:910ms, TrainError:0.23482114, TrainErrorChange:-0.053978264, Accuracy: 0.9889231
Epoch:9, Time:902ms, TrainError:0.18699428, TrainErrorChange:-0.047826856, Accuracy: 0.9919999
Epoch:10, Time:903ms, TrainError:0.14586262, TrainErrorChange:-0.04113166, Accuracy: 0.9947691
Epoch:11, Time:893ms, TrainError:0.112729624, TrainErrorChange:-0.033133, Accuracy: 0.9953847
Epoch:12, Time:892ms, TrainError:0.086249314, TrainErrorChange:-0.02648031, Accuracy: 0.9953847
Epoch:13, Time:895ms, TrainError:0.06701251, TrainErrorChange:-0.019236803, Accuracy: 0.996
Epoch:14, Time:916ms, TrainError:0.053182844, TrainErrorChange:-0.013829667, Accuracy: 0.9966155
Epoch:15, Time:907ms, TrainError:0.043730088, TrainErrorChange:-0.0094527565, Accuracy: 0.9972308
Epoch:16, Time:910ms, TrainError:0.036708508, TrainErrorChange:-0.00702158, Accuracy: 0.99753845
Epoch:17, Time:898ms, TrainError:0.03139598, TrainErrorChange:-0.0053125285, Accuracy: 0.99784625
Epoch:18, Time:900ms, TrainError:0.027323928, TrainErrorChange:-0.0040720515, Accuracy: 0.99784625

TRAINING COMPLETED
Total Training Time: 24748ms
------------------------------------------------------------------------
------------------------------------------------
Classification performance measure

TOTAL AVERAGE
Accuracy: 0.9702857
Precision: 0.8638617
F1Score: 0.85424346
Recall: 0.8519966

By Class
Class 0:
TrueNegative: 316.0
Accuracy: 0.98571426
FalsePositive: 4.0
FalseNegative: 1.0
Precision: 0.8787879
F1Score: 0.9206349
TruePositive: 29.0
Recall: 0.96666664

----------------
Class 1:
TrueNegative: 307.0
Accuracy: 0.9771429
FalsePositive: 4.0
FalseNegative: 4.0
Precision: 0.8974359
F1Score: 0.8974359
TruePositive: 35.0
Recall: 0.8974359

----------------
Class 2:
TrueNegative: 315.0
Accuracy: 0.9742857
FalsePositive: 2.0
FalseNegative: 7.0
Precision: 0.9285714
F1Score: 0.852459
TruePositive: 26.0
Recall: 0.7878788

----------------
Class 3:
TrueNegative: 316.0
Accuracy: 0.9771429
FalsePositive: 3.0
FalseNegative: 5.0
Precision: 0.8965517
F1Score: 0.8666666
TruePositive: 26.0
Recall: 0.83870965

----------------
Class 4:
TrueNegative: 308.0
Accuracy: 0.9742857
FalsePositive: 4.0
FalseNegative: 5.0
Precision: 0.8918919
F1Score: 0.88
TruePositive: 33.0
Recall: 0.8684211

----------------
Class 5:
TrueNegative: 312.0
Accuracy: 0.9771429
FalsePositive: 3.0
FalseNegative: 5.0
Precision: 0.90909094
F1Score: 0.88235295
TruePositive: 30.0
Recall: 0.85714287

----------------
Class 6:
TrueNegative: 315.0
Accuracy: 0.9771429
FalsePositive: 0.0
FalseNegative: 8.0
Precision: 1.0
F1Score: 0.87096775
TruePositive: 27.0
Recall: 0.7714286

----------------
Class 7:
TrueNegative: 307.0
Accuracy: 0.9628571
FalsePositive: 7.0
FalseNegative: 6.0
Precision: 0.8108108
F1Score: 0.8219178
TruePositive: 30.0
Recall: 0.8333333

----------------
Class 8:
TrueNegative: 301.0
Accuracy: 0.94857144
FalsePositive: 13.0
FalseNegative: 5.0
Precision: 0.70454544
F1Score: 0.775
TruePositive: 31.0
Recall: 0.8611111

----------------
Class 9:
TrueNegative: 301.0
Accuracy: 0.94857144
FalsePositive: 12.0
FalseNegative: 6.0
Precision: 0.7209302
F1Score: 0.77500004
TruePositive: 31.0
Recall: 0.8378378

----------------
Training convolutional network with MNIST data set
Loading images...
Loaded 1000 images
Creating neural network...
Training neural network
------------------------------------------------------------------------
TRAINING NEURAL NETWORK
------------------------------------------------------------------------
Epoch:1, Time:1201ms, TrainError:1.9078565, TrainErrorChange:1.9078565, Accuracy: 0.9215385
Epoch:2, Time:989ms, TrainError:1.1363132, TrainErrorChange:-0.77154326, Accuracy: 0.955077
Epoch:3, Time:997ms, TrainError:0.7721927, TrainErrorChange:-0.36412048, Accuracy: 0.97046155
Epoch:4, Time:989ms, TrainError:0.5808538, TrainErrorChange:-0.1913389, Accuracy: 0.97784615
Epoch:5, Time:1003ms, TrainError:0.45965543, TrainErrorChange:-0.121198386, Accuracy: 0.9827692
Epoch:6, Time:980ms, TrainError:0.37275478, TrainErrorChange:-0.08690065, Accuracy: 0.9873847
Epoch:7, Time:985ms, TrainError:0.30462185, TrainErrorChange:-0.06813294, Accuracy: 0.9913846
Epoch:8, Time:978ms, TrainError:0.24904016, TrainErrorChange:-0.05558169, Accuracy: 0.99446154
Epoch:9, Time:978ms, TrainError:0.20402001, TrainErrorChange:-0.04502015, Accuracy: 0.9966153
Epoch:10, Time:993ms, TrainError:0.1683275, TrainErrorChange:-0.035692513, Accuracy: 0.9966153
Epoch:11, Time:979ms, TrainError:0.14005719, TrainErrorChange:-0.028270304, Accuracy: 0.99753845
Epoch:12, Time:981ms, TrainError:0.1174028, TrainErrorChange:-0.022654392, Accuracy: 0.99753845
Epoch:13, Time:991ms, TrainError:0.099040024, TrainErrorChange:-0.018362775, Accuracy: 0.99846154
Epoch:14, Time:984ms, TrainError:0.08406679, TrainErrorChange:-0.014973231, Accuracy: 0.99907696
Epoch:15, Time:1006ms, TrainError:0.071847096, TrainErrorChange:-0.012219697, Accuracy: 0.9996923
Epoch:16, Time:983ms, TrainError:0.061886203, TrainErrorChange:-0.009960894, Accuracy: 0.9996923
Epoch:17, Time:974ms, TrainError:0.053776164, TrainErrorChange:-0.008110039, Accuracy: 0.9996923
Epoch:18, Time:988ms, TrainError:0.04717252, TrainErrorChange:-0.0066036433, Accuracy: 0.9996923
Epoch:19, Time:976ms, TrainError:0.041780837, TrainErrorChange:-0.0053916834, Accuracy: 1.0
Epoch:20, Time:994ms, TrainError:0.037348747, TrainErrorChange:-0.0044320896, Accuracy: 1.0
Epoch:21, Time:971ms, TrainError:0.03366857, TrainErrorChange:-0.003680177, Accuracy: 1.0
Epoch:22, Time:1016ms, TrainError:0.03057823, TrainErrorChange:-0.0030903406, Accuracy: 1.0
Epoch:23, Time:1078ms, TrainError:0.02795429, TrainErrorChange:-0.00262394, Accuracy: 1.0

TRAINING COMPLETED
Total Training Time: 38423ms
------------------------------------------------------------------------
------------------------------------------------
Classification performance measure

TOTAL AVERAGE
Accuracy: 0.97085714
Precision: 0.85805035
F1Score: 0.8540996
Recall: 0.8534187

By Class
Class 0:
TrueNegative: 317.0
Accuracy: 0.9885714
FalsePositive: 3.0
FalseNegative: 1.0
Precision: 0.90625
F1Score: 0.9354838
TruePositive: 29.0
Recall: 0.96666664

----------------
Class 1:
TrueNegative: 305.0
Accuracy: 0.98
FalsePositive: 6.0
FalseNegative: 1.0
Precision: 0.8636364
F1Score: 0.9156627
TruePositive: 38.0
Recall: 0.974359

----------------
Class 2:
TrueNegative: 313.0
Accuracy: 0.9714286
FalsePositive: 4.0
FalseNegative: 6.0
Precision: 0.87096775
F1Score: 0.84374994
TruePositive: 27.0
Recall: 0.8181818

----------------
Class 3:
TrueNegative: 317.0
Accuracy: 0.9742857
FalsePositive: 2.0
FalseNegative: 7.0
Precision: 0.9230769
F1Score: 0.8421053
TruePositive: 24.0
Recall: 0.7741935

----------------
Class 4:
TrueNegative: 307.0
Accuracy: 0.9742857
FalsePositive: 5.0
FalseNegative: 4.0
Precision: 0.8717949
F1Score: 0.88311684
TruePositive: 34.0
Recall: 0.8947368

----------------
Class 5:
TrueNegative: 309.0
Accuracy: 0.9685714
FalsePositive: 6.0
FalseNegative: 5.0
Precision: 0.8333333
F1Score: 0.8450704
TruePositive: 30.0
Recall: 0.85714287

----------------
Class 6:
TrueNegative: 311.0
Accuracy: 0.9657143
FalsePositive: 4.0
FalseNegative: 8.0
Precision: 0.87096775
F1Score: 0.8181818
TruePositive: 27.0
Recall: 0.7714286

----------------
Class 7:
TrueNegative: 308.0
Accuracy: 0.9657143
FalsePositive: 6.0
FalseNegative: 6.0
Precision: 0.8333333
F1Score: 0.8333333
TruePositive: 30.0
Recall: 0.8333333

----------------
Class 8:
TrueNegative: 309.0
Accuracy: 0.9685714
FalsePositive: 5.0
FalseNegative: 6.0
Precision: 0.85714287
F1Score: 0.8450704
TruePositive: 30.0
Recall: 0.8333333

----------------
Class 9:
TrueNegative: 303.0
Accuracy: 0.9514286
FalsePositive: 10.0
FalseNegative: 7.0
Precision: 0.75
F1Score: 0.77922076
TruePositive: 30.0
Recall: 0.8108108

----------------
Loading images...
Loaded 1000 images
Creating neural network...
Training neural network
------------------------------------------------------------------------
TRAINING NEURAL NETWORK
------------------------------------------------------------------------
Epoch:1, Time:37202ms, TrainError:2.4175978, TrainErrorChange:2.4175978, Accuracy: 0.8242424
Epoch:2, Time:38590ms, TrainError:2.3191953, TrainErrorChange:-0.0984025, Accuracy: 0.8215151
Epoch:3, Time:173035ms, TrainError:2.3087835, TrainErrorChange:-0.010411739, Accuracy: 0.8242424
Epoch:4, Time:187172ms, TrainError:2.3023908, TrainErrorChange:-0.0063927174, Accuracy: 0.8242424
Epoch:5, Time:186598ms, TrainError:2.300789, TrainErrorChange:-0.001601696, Accuracy: 0.8242424
Epoch:6, Time:178763ms, TrainError:2.3003857, TrainErrorChange:-4.0340424E-4, Accuracy: 0.8242424
Epoch:7, Time:186221ms, TrainError:2.300292, TrainErrorChange:-9.36985E-5, Accuracy: 0.8242424
Epoch:8, Time:181026ms, TrainError:2.300279, TrainErrorChange:-1.3113022E-5, Accuracy: 0.8242424
Epoch:9, Time:187036ms, TrainError:2.3002818, TrainErrorChange:2.861023E-6, Accuracy: 0.8242424
Epoch:10, Time:199449ms, TrainError:2.3002877, TrainErrorChange:5.9604645E-6, Accuracy: 0.8242424
Epoch:11, Time:185286ms, TrainError:2.3002896, TrainErrorChange:1.9073486E-6, Accuracy: 0.8242424
Epoch:12, Time:180285ms, TrainError:2.3002934, TrainErrorChange:3.8146973E-6, Accuracy: 0.8242424
Epoch:13, Time:180641ms, TrainError:2.3002944, TrainErrorChange:9.536743E-7, Accuracy: 0.8242424
Epoch:14, Time:180180ms, TrainError:2.300295, TrainErrorChange:7.1525574E-7, Accuracy: 0.8242424
Epoch:15, Time:180199ms, TrainError:2.3002973, TrainErrorChange:2.1457672E-6, Accuracy: 0.8242424
Epoch:16, Time:182466ms, TrainError:2.3002982, TrainErrorChange:9.536743E-7, Accuracy: 0.8242424
Epoch:17, Time:179294ms, TrainError:2.3002968, TrainErrorChange:-1.4305115E-6, Accuracy: 0.8242424
